;  LST file generated by mikroListExporter - v.2.0 
; Date/Time: 26.11.2016 0:51:07
;----------------------------------------------

;Address Opcode 	ASM
0x0000	0x2843      	GOTO       67
_____DoICP:
;__Lib_System.c,6 :: 		
;__Lib_System.c,9 :: 		
0x0003	0x1283      	BCF        STATUS, 5
0x0004	0x1303      	BCF        STATUS, 6
0x0005	0x0821      	MOVF       ___DoICPAddr+1, 0
0x0006	0x008A      	MOVWF      PCLATH
;__Lib_System.c,10 :: 		
0x0007	0x0820      	MOVF       ___DoICPAddr, 0
0x0008	0x0082      	MOVWF      PCL
;__Lib_System.c,12 :: 		
L_end_____DoICP:
0x0009	0x0008      	RETURN
; end of _____DoICP
_EEPROM_Write:
;__Lib_EEPROM.c,16 :: 		
;__Lib_EEPROM.c,20 :: 		
L_EEPROM_Write0:
0x000A	0x1683      	BSF        STATUS, 5
0x000B	0x1703      	BSF        STATUS, 6
0x000C	0x1C8C      	BTFSS      EECON1, 1
0x000D	0x2810      	GOTO       L_EEPROM_Write1
0x000E	0x0000      	NOP
0x000F	0x280A      	GOTO       L_EEPROM_Write0
L_EEPROM_Write1:
;__Lib_EEPROM.c,21 :: 		
0x0010	0x1283      	BCF        STATUS, 5
0x0011	0x1303      	BCF        STATUS, 6
0x0012	0x082C      	MOVF       FARG_EEPROM_Write_Address, 0
0x0013	0x1703      	BSF        STATUS, 6
0x0014	0x008D      	MOVWF      EEADR
;__Lib_EEPROM.c,22 :: 		
0x0015	0x1303      	BCF        STATUS, 6
0x0016	0x082D      	MOVF       FARG_EEPROM_Write_data_, 0
0x0017	0x1703      	BSF        STATUS, 6
0x0018	0x008C      	MOVWF      EEDATA
;__Lib_EEPROM.c,23 :: 		
0x0019	0x1683      	BSF        STATUS, 5
0x001A	0x138C      	BCF        EECON1, 7
;__Lib_EEPROM.c,24 :: 		
0x001B	0x150C      	BSF        EECON1, 2
;__Lib_EEPROM.c,26 :: 		
0x001C	0x080B      	MOVF       INTCON, 0
0x001D	0x00F0      	MOVWF      R0
;__Lib_EEPROM.c,29 :: 		
0x001E	0x138B      	BCF        INTCON, 7
;__Lib_EEPROM.c,30 :: 		
0x001F	0x3055      	MOVLW      85
0x0020	0x008D      	MOVWF      EECON2
;__Lib_EEPROM.c,31 :: 		
0x0021	0x30AA      	MOVLW      170
0x0022	0x008D      	MOVWF      EECON2
;__Lib_EEPROM.c,32 :: 		
0x0023	0x148C      	BSF        EECON1, 1
;__Lib_EEPROM.c,36 :: 		
0x0024	0x1BF0      	BTFSC      R0, 7
0x0025	0x2828      	GOTO       L__EEPROM_Write4
0x0026	0x138B      	BCF        INTCON, 7
0x0027	0x2829      	GOTO       L__EEPROM_Write5
L__EEPROM_Write4:
0x0028	0x178B      	BSF        INTCON, 7
L__EEPROM_Write5:
;__Lib_EEPROM.c,37 :: 		
0x0029	0x110C      	BCF        EECON1, 2
;__Lib_EEPROM.c,38 :: 		
L_end_EEPROM_Write:
0x002A	0x0008      	RETURN
; end of _EEPROM_Write
_EEPROM_Read:
;__Lib_EEPROM.c,4 :: 		
;__Lib_EEPROM.c,5 :: 		
0x002B	0x1283      	BCF        STATUS, 5
0x002C	0x1303      	BCF        STATUS, 6
0x002D	0x082C      	MOVF       FARG_EEPROM_Read_Address, 0
0x002E	0x1703      	BSF        STATUS, 6
0x002F	0x008D      	MOVWF      EEADR
;__Lib_EEPROM.c,6 :: 		
0x0030	0x1683      	BSF        STATUS, 5
0x0031	0x138C      	BCF        EECON1, 7
;__Lib_EEPROM.c,12 :: 		
0x0032	0x140C      	BSF        EECON1, 0
;__Lib_EEPROM.c,13 :: 		
0x0033	0x1283      	BCF        STATUS, 5
0x0034	0x080C      	MOVF       EEDATA, 0
0x0035	0x00F0      	MOVWF      R0
;__Lib_EEPROM.c,14 :: 		
L_end_EEPROM_Read:
0x0036	0x0008      	RETURN
; end of _EEPROM_Read
___CC2DW:
;__Lib_System.c,134 :: 		
;__Lib_System.c,137 :: 		
_CC2D_Loop1:
;__Lib_System.c,139 :: 		
0x0037	0x2003      	CALL       _____DoICP
0x0038	0x118A      	BCF        PCLATH, 3
0x0039	0x120A      	BCF        PCLATH, 4
;__Lib_System.c,141 :: 		
0x003A	0x0080      	MOVWF      INDF
;__Lib_System.c,142 :: 		
0x003B	0x0A84      	INCF       FSR, 1
;__Lib_System.c,143 :: 		
0x003C	0x0AA0      	INCF       ___DoICPAddr, 1
;__Lib_System.c,145 :: 		
0x003D	0x1903      	BTFSC      STATUS, 2
;__Lib_System.c,146 :: 		
0x003E	0x0AA1      	INCF       ___DoICPAddr+1, 1
;__Lib_System.c,147 :: 		
0x003F	0x03F0      	DECF       R0, 1
;__Lib_System.c,149 :: 		
0x0040	0x1D03      	BTFSS      STATUS, 2
;__Lib_System.c,150 :: 		
0x0041	0x2837      	GOTO       _CC2D_Loop1
;__Lib_System.c,152 :: 		
L_end___CC2DW:
0x0042	0x0008      	RETURN
; end of ___CC2DW
_main:
;ZADACA2.c,3 :: 		void main() {
;ZADACA2.c,6 :: 		int P=0b01110011;
0x0043	0x3073      	MOVLW      115
0x0044	0x1283      	BCF        STATUS, 5
0x0045	0x1303      	BCF        STATUS, 6
0x0046	0x00A4      	MOVWF      main_P_L0
0x0047	0x3000      	MOVLW      0
0x0048	0x00A5      	MOVWF      main_P_L0+1
0x0049	0x3077      	MOVLW      119
0x004A	0x00A6      	MOVWF      main_A_L0
0x004B	0x3000      	MOVLW      0
0x004C	0x00A7      	MOVWF      main_A_L0+1
0x004D	0x3079      	MOVLW      121
0x004E	0x00A8      	MOVWF      main_E_L0
0x004F	0x3000      	MOVLW      0
0x0050	0x00A9      	MOVWF      main_E_L0+1
0x0051	0x01AA      	CLRF       main_value_L0
0x0052	0x01AB      	CLRF       main_value_L0+1
;ZADACA2.c,10 :: 		ANSEL=0;
0x0053	0x1683      	BSF        STATUS, 5
0x0054	0x1703      	BSF        STATUS, 6
0x0055	0x0188      	CLRF       ANSEL
;ZADACA2.c,11 :: 		ANSELH=0;
0x0056	0x0189      	CLRF       ANSELH
;ZADACA2.c,12 :: 		TRISD.B1=1;
0x0057	0x1303      	BCF        STATUS, 6
0x0058	0x1488      	BSF        TRISD, 1
;ZADACA2.c,13 :: 		TRISB=0x00;
0x0059	0x0186      	CLRF       TRISB
;ZADACA2.c,14 :: 		TRISA=0b11111111;
0x005A	0x30FF      	MOVLW      255
0x005B	0x0085      	MOVWF      TRISA
;ZADACA2.c,15 :: 		EEPROM_Write(0x22,12);
0x005C	0x3022      	MOVLW      34
0x005D	0x1283      	BCF        STATUS, 5
0x005E	0x00AC      	MOVWF      FARG_EEPROM_Write_Address
0x005F	0x300C      	MOVLW      12
0x0060	0x00AD      	MOVWF      FARG_EEPROM_Write_data_
0x0061	0x200A      	CALL       _EEPROM_Write
;ZADACA2.c,18 :: 		while(1){
L_main0:
;ZADACA2.c,19 :: 		clock=EEPROM_Read(0x22);
0x0062	0x3022      	MOVLW      34
0x0063	0x1283      	BCF        STATUS, 5
0x0064	0x1303      	BCF        STATUS, 6
0x0065	0x00AC      	MOVWF      FARG_EEPROM_Read_Address
0x0066	0x202B      	CALL       _EEPROM_Read
0x0067	0x0870      	MOVF       R0, 0
0x0068	0x1303      	BCF        STATUS, 6
0x0069	0x00A2      	MOVWF      main_clock_L0
0x006A	0x01A3      	CLRF       main_clock_L0+1
;ZADACA2.c,20 :: 		while(prekinuvac==0){
L_main2:
0x006B	0x1888      	BTFSC      PORTD, 1
0x006C	0x288D      	GOTO       L_main3
;ZADACA2.c,21 :: 		value=PORTA;
0x006D	0x0805      	MOVF       PORTA, 0
0x006E	0x00AA      	MOVWF      main_value_L0
0x006F	0x01AB      	CLRF       main_value_L0+1
;ZADACA2.c,22 :: 		value=value>>1;
0x0070	0x0CAB      	RRF        main_value_L0+1, 1
0x0071	0x0CAA      	RRF        main_value_L0, 1
0x0072	0x13AB      	BCF        main_value_L0+1, 7
0x0073	0x1B2B      	BTFSC      main_value_L0+1, 6
0x0074	0x17AB      	BSF        main_value_L0+1, 7
;ZADACA2.c,23 :: 		value=value<<3;
0x0075	0x3003      	MOVLW      3
0x0076	0x00F0      	MOVWF      R0
0x0077	0x0870      	MOVF       R0, 0
L__main26:
0x0078	0x1903      	BTFSC      STATUS, 2
0x0079	0x287F      	GOTO       L__main27
0x007A	0x0DAA      	RLF        main_value_L0, 1
0x007B	0x0DAB      	RLF        main_value_L0+1, 1
0x007C	0x102A      	BCF        main_value_L0, 0
0x007D	0x3EFF      	ADDLW      255
0x007E	0x2878      	GOTO       L__main26
L__main27:
;ZADACA2.c,24 :: 		value=value>>3;
0x007F	0x3003      	MOVLW      3
0x0080	0x00F0      	MOVWF      R0
0x0081	0x0870      	MOVF       R0, 0
L__main28:
0x0082	0x1903      	BTFSC      STATUS, 2
0x0083	0x288B      	GOTO       L__main29
0x0084	0x0CAB      	RRF        main_value_L0+1, 1
0x0085	0x0CAA      	RRF        main_value_L0, 1
0x0086	0x13AB      	BCF        main_value_L0+1, 7
0x0087	0x1B2B      	BTFSC      main_value_L0+1, 6
0x0088	0x17AB      	BSF        main_value_L0+1, 7
0x0089	0x3EFF      	ADDLW      255
0x008A	0x2882      	GOTO       L__main28
L__main29:
;ZADACA2.c,25 :: 		PORTB=0;
0x008B	0x0186      	CLRF       PORTB
;ZADACA2.c,26 :: 		}
0x008C	0x286B      	GOTO       L_main2
L_main3:
;ZADACA2.c,27 :: 		while(prekinuvac==1)
L_main4:
0x008D	0x1C88      	BTFSS      PORTD, 1
0x008E	0x294B      	GOTO       L_main5
;ZADACA2.c,29 :: 		value=PORTA;
0x008F	0x0805      	MOVF       PORTA, 0
0x0090	0x00AA      	MOVWF      main_value_L0
0x0091	0x01AB      	CLRF       main_value_L0+1
;ZADACA2.c,30 :: 		value=value>>1;
0x0092	0x082A      	MOVF       main_value_L0, 0
0x0093	0x00F1      	MOVWF      R1
0x0094	0x082B      	MOVF       main_value_L0+1, 0
0x0095	0x00F2      	MOVWF      R1+1
0x0096	0x0CF2      	RRF        R1+1, 1
0x0097	0x0CF1      	RRF        R1, 1
0x0098	0x13F2      	BCF        R1+1, 7
0x0099	0x1B72      	BTFSC      R1+1, 6
0x009A	0x17F2      	BSF        R1+1, 7
0x009B	0x0871      	MOVF       R1, 0
0x009C	0x00AA      	MOVWF      main_value_L0
0x009D	0x0872      	MOVF       R1+1, 0
0x009E	0x00AB      	MOVWF      main_value_L0+1
;ZADACA2.c,31 :: 		value=value<<3;
0x009F	0x3003      	MOVLW      3
0x00A0	0x00F0      	MOVWF      R0
0x00A1	0x0871      	MOVF       R1, 0
0x00A2	0x00F3      	MOVWF      R3
0x00A3	0x0872      	MOVF       R1+1, 0
0x00A4	0x00F4      	MOVWF      R3+1
0x00A5	0x0870      	MOVF       R0, 0
L__main30:
0x00A6	0x1903      	BTFSC      STATUS, 2
0x00A7	0x28AD      	GOTO       L__main31
0x00A8	0x0DF3      	RLF        R3, 1
0x00A9	0x0DF4      	RLF        R3+1, 1
0x00AA	0x1073      	BCF        R3, 0
0x00AB	0x3EFF      	ADDLW      255
0x00AC	0x28A6      	GOTO       L__main30
L__main31:
0x00AD	0x0873      	MOVF       R3, 0
0x00AE	0x00AA      	MOVWF      main_value_L0
0x00AF	0x0874      	MOVF       R3+1, 0
0x00B0	0x00AB      	MOVWF      main_value_L0+1
;ZADACA2.c,32 :: 		value=value>>3;
0x00B1	0x3003      	MOVLW      3
0x00B2	0x00F0      	MOVWF      R0
0x00B3	0x0873      	MOVF       R3, 0
0x00B4	0x00F1      	MOVWF      R1
0x00B5	0x0874      	MOVF       R3+1, 0
0x00B6	0x00F2      	MOVWF      R1+1
0x00B7	0x0870      	MOVF       R0, 0
L__main32:
0x00B8	0x1903      	BTFSC      STATUS, 2
0x00B9	0x28C1      	GOTO       L__main33
0x00BA	0x0CF2      	RRF        R1+1, 1
0x00BB	0x0CF1      	RRF        R1, 1
0x00BC	0x13F2      	BCF        R1+1, 7
0x00BD	0x1B72      	BTFSC      R1+1, 6
0x00BE	0x17F2      	BSF        R1+1, 7
0x00BF	0x3EFF      	ADDLW      255
0x00C0	0x28B8      	GOTO       L__main32
L__main33:
0x00C1	0x0871      	MOVF       R1, 0
0x00C2	0x00AA      	MOVWF      main_value_L0
0x00C3	0x0872      	MOVF       R1+1, 0
0x00C4	0x00AB      	MOVWF      main_value_L0+1
;ZADACA2.c,33 :: 		if(value>=0&&value<=12){
0x00C5	0x3080      	MOVLW      128
0x00C6	0x0672      	XORWF      R1+1, 0
0x00C7	0x00F0      	MOVWF      R0
0x00C8	0x3080      	MOVLW      128
0x00C9	0x0270      	SUBWF      R0, 0
0x00CA	0x1D03      	BTFSS      STATUS, 2
0x00CB	0x28CE      	GOTO       L__main34
0x00CC	0x3000      	MOVLW      0
0x00CD	0x0271      	SUBWF      R1, 0
L__main34:
0x00CE	0x1C03      	BTFSS      STATUS, 0
0x00CF	0x28F9      	GOTO       L_main8
0x00D0	0x3080      	MOVLW      128
0x00D1	0x00F0      	MOVWF      R0
0x00D2	0x3080      	MOVLW      128
0x00D3	0x062B      	XORWF      main_value_L0+1, 0
0x00D4	0x0270      	SUBWF      R0, 0
0x00D5	0x1D03      	BTFSS      STATUS, 2
0x00D6	0x28D9      	GOTO       L__main35
0x00D7	0x082A      	MOVF       main_value_L0, 0
0x00D8	0x3C0C      	SUBLW      12
L__main35:
0x00D9	0x1C03      	BTFSS      STATUS, 0
0x00DA	0x28F9      	GOTO       L_main8
L__main24:
;ZADACA2.c,34 :: 		if(value==clock){
0x00DB	0x082B      	MOVF       main_value_L0+1, 0
0x00DC	0x0623      	XORWF      main_clock_L0+1, 0
0x00DD	0x1D03      	BTFSS      STATUS, 2
0x00DE	0x28E1      	GOTO       L__main36
0x00DF	0x0822      	MOVF       main_clock_L0, 0
0x00E0	0x062A      	XORWF      main_value_L0, 0
L__main36:
0x00E1	0x1D03      	BTFSS      STATUS, 2
0x00E2	0x28F6      	GOTO       L_main9
;ZADACA2.c,35 :: 		PORTB=A;
0x00E3	0x0826      	MOVF       main_A_L0, 0
0x00E4	0x0086      	MOVWF      PORTB
;ZADACA2.c,36 :: 		DELAY_ms(15);
0x00E5	0x3027      	MOVLW      39
0x00E6	0x00FC      	MOVWF      R12
0x00E7	0x30F5      	MOVLW      245
0x00E8	0x00FD      	MOVWF      R13
L_main10:
0x00E9	0x0BFD      	DECFSZ     R13, 1
0x00EA	0x28E9      	GOTO       L_main10
0x00EB	0x0BFC      	DECFSZ     R12, 1
0x00EC	0x28E9      	GOTO       L_main10
;ZADACA2.c,37 :: 		PORTB=0;
0x00ED	0x0186      	CLRF       PORTB
;ZADACA2.c,38 :: 		DELAY_ms(15);
0x00EE	0x3027      	MOVLW      39
0x00EF	0x00FC      	MOVWF      R12
0x00F0	0x30F5      	MOVLW      245
0x00F1	0x00FD      	MOVWF      R13
L_main11:
0x00F2	0x0BFD      	DECFSZ     R13, 1
0x00F3	0x28F2      	GOTO       L_main11
0x00F4	0x0BFC      	DECFSZ     R12, 1
0x00F5	0x28F2      	GOTO       L_main11
;ZADACA2.c,39 :: 		}
L_main9:
;ZADACA2.c,40 :: 		PORTB=A;
0x00F6	0x0826      	MOVF       main_A_L0, 0
0x00F7	0x0086      	MOVWF      PORTB
;ZADACA2.c,41 :: 		}
0x00F8	0x294A      	GOTO       L_main12
L_main8:
;ZADACA2.c,42 :: 		else if(value>=13&&value<=23){
0x00F9	0x3080      	MOVLW      128
0x00FA	0x062B      	XORWF      main_value_L0+1, 0
0x00FB	0x00F0      	MOVWF      R0
0x00FC	0x3080      	MOVLW      128
0x00FD	0x0270      	SUBWF      R0, 0
0x00FE	0x1D03      	BTFSS      STATUS, 2
0x00FF	0x2902      	GOTO       L__main37
0x0100	0x300D      	MOVLW      13
0x0101	0x022A      	SUBWF      main_value_L0, 0
L__main37:
0x0102	0x1C03      	BTFSS      STATUS, 0
0x0103	0x292D      	GOTO       L_main15
0x0104	0x3080      	MOVLW      128
0x0105	0x00F0      	MOVWF      R0
0x0106	0x3080      	MOVLW      128
0x0107	0x062B      	XORWF      main_value_L0+1, 0
0x0108	0x0270      	SUBWF      R0, 0
0x0109	0x1D03      	BTFSS      STATUS, 2
0x010A	0x290D      	GOTO       L__main38
0x010B	0x082A      	MOVF       main_value_L0, 0
0x010C	0x3C17      	SUBLW      23
L__main38:
0x010D	0x1C03      	BTFSS      STATUS, 0
0x010E	0x292D      	GOTO       L_main15
L__main23:
;ZADACA2.c,43 :: 		if(value==clock){
0x010F	0x082B      	MOVF       main_value_L0+1, 0
0x0110	0x0623      	XORWF      main_clock_L0+1, 0
0x0111	0x1D03      	BTFSS      STATUS, 2
0x0112	0x2915      	GOTO       L__main39
0x0113	0x0822      	MOVF       main_clock_L0, 0
0x0114	0x062A      	XORWF      main_value_L0, 0
L__main39:
0x0115	0x1D03      	BTFSS      STATUS, 2
0x0116	0x292A      	GOTO       L_main16
;ZADACA2.c,44 :: 		PORTB=P;
0x0117	0x0824      	MOVF       main_P_L0, 0
0x0118	0x0086      	MOVWF      PORTB
;ZADACA2.c,45 :: 		DELAY_ms(15);
0x0119	0x3027      	MOVLW      39
0x011A	0x00FC      	MOVWF      R12
0x011B	0x30F5      	MOVLW      245
0x011C	0x00FD      	MOVWF      R13
L_main17:
0x011D	0x0BFD      	DECFSZ     R13, 1
0x011E	0x291D      	GOTO       L_main17
0x011F	0x0BFC      	DECFSZ     R12, 1
0x0120	0x291D      	GOTO       L_main17
;ZADACA2.c,46 :: 		PORTB=0;
0x0121	0x0186      	CLRF       PORTB
;ZADACA2.c,47 :: 		DELAY_ms(15);
0x0122	0x3027      	MOVLW      39
0x0123	0x00FC      	MOVWF      R12
0x0124	0x30F5      	MOVLW      245
0x0125	0x00FD      	MOVWF      R13
L_main18:
0x0126	0x0BFD      	DECFSZ     R13, 1
0x0127	0x2926      	GOTO       L_main18
0x0128	0x0BFC      	DECFSZ     R12, 1
0x0129	0x2926      	GOTO       L_main18
;ZADACA2.c,48 :: 		}
L_main16:
;ZADACA2.c,49 :: 		PORTB=P;
0x012A	0x0824      	MOVF       main_P_L0, 0
0x012B	0x0086      	MOVWF      PORTB
;ZADACA2.c,50 :: 		}
0x012C	0x294A      	GOTO       L_main19
L_main15:
;ZADACA2.c,52 :: 		if(value==clock){
0x012D	0x082B      	MOVF       main_value_L0+1, 0
0x012E	0x0623      	XORWF      main_clock_L0+1, 0
0x012F	0x1D03      	BTFSS      STATUS, 2
0x0130	0x2933      	GOTO       L__main40
0x0131	0x0822      	MOVF       main_clock_L0, 0
0x0132	0x062A      	XORWF      main_value_L0, 0
L__main40:
0x0133	0x1D03      	BTFSS      STATUS, 2
0x0134	0x2948      	GOTO       L_main20
;ZADACA2.c,53 :: 		PORTB=E;
0x0135	0x0828      	MOVF       main_E_L0, 0
0x0136	0x0086      	MOVWF      PORTB
;ZADACA2.c,54 :: 		DELAY_ms(15);
0x0137	0x3027      	MOVLW      39
0x0138	0x00FC      	MOVWF      R12
0x0139	0x30F5      	MOVLW      245
0x013A	0x00FD      	MOVWF      R13
L_main21:
0x013B	0x0BFD      	DECFSZ     R13, 1
0x013C	0x293B      	GOTO       L_main21
0x013D	0x0BFC      	DECFSZ     R12, 1
0x013E	0x293B      	GOTO       L_main21
;ZADACA2.c,55 :: 		PORTB=0;
0x013F	0x0186      	CLRF       PORTB
;ZADACA2.c,56 :: 		DELAY_ms(15);
0x0140	0x3027      	MOVLW      39
0x0141	0x00FC      	MOVWF      R12
0x0142	0x30F5      	MOVLW      245
0x0143	0x00FD      	MOVWF      R13
L_main22:
0x0144	0x0BFD      	DECFSZ     R13, 1
0x0145	0x2944      	GOTO       L_main22
0x0146	0x0BFC      	DECFSZ     R12, 1
0x0147	0x2944      	GOTO       L_main22
;ZADACA2.c,57 :: 		}
L_main20:
;ZADACA2.c,58 :: 		PORTB=E;
0x0148	0x0828      	MOVF       main_E_L0, 0
0x0149	0x0086      	MOVWF      PORTB
;ZADACA2.c,59 :: 		}
L_main19:
L_main12:
;ZADACA2.c,60 :: 		}
0x014A	0x288D      	GOTO       L_main4
L_main5:
;ZADACA2.c,62 :: 		}
0x014B	0x2862      	GOTO       L_main0
;ZADACA2.c,63 :: 		}
L_end_main:
0x014C	0x294C      	GOTO       $+0
; end of _main
Symbol List:
//** Routines locations **
//ADDRESS    SIZE    PROCEDURE
//----------------------------------------------
0x0003       [7]    _____DoICP
0x000A      [33]    _EEPROM_Write
0x002B      [12]    _EEPROM_Read
0x0037      [12]    ___CC2DW
0x0043     [266]    _main
//** Variables locations ** 
//ADDRESS    SIZE    VARIABLE
//----------------------------------------------
0x0000       [1]    INDF
0x0002       [1]    PCL
0x0003       [1]    STATUS
0x0004       [1]    FSR
0x0005       [1]    PORTA
0x0006       [1]    PORTB
0x0008       [1]    PORTD
0x0008       [0]    prekinuvac
0x000A       [1]    PCLATH
0x000B       [1]    INTCON
0x0020       [2]    ___DoICPAddr
0x0022       [2]    main_clock_L0
0x0024       [2]    main_P_L0
0x0026       [2]    main_A_L0
0x0028       [2]    main_E_L0
0x002A       [2]    main_value_L0
0x002C       [1]    FARG_EEPROM_Read_Address
0x002C       [1]    FARG_EEPROM_Write_Address
0x002D       [1]    FARG_EEPROM_Write_data_
0x0070       [1]    R0
0x0071       [1]    R1
0x0072       [1]    R2
0x0073       [1]    R3
0x0074       [1]    R4
0x0075       [1]    R5
0x0076       [1]    R6
0x0077       [1]    R7
0x0078       [1]    R8
0x0079       [1]    R9
0x007A       [1]    R10
0x007B       [1]    R11
0x007C       [1]    R12
0x007D       [1]    R13
0x007E       [1]    R14
0x007F       [1]    R15
0x0085       [1]    TRISA
0x0086       [1]    TRISB
0x0088       [1]    TRISD
0x010C       [1]    EEDATA
0x010D       [1]    EEADR
0x0188       [1]    ANSEL
0x0189       [1]    ANSELH
0x018C       [1]    EECON1
0x018D       [1]    EECON2
