;  LST file generated by mikroListExporter - v.2.0 
; Date/Time: 21.12.2016 18:52:30
;----------------------------------------------

;Address Opcode 	ASM
0x0000	0x29B6      	GOTO       438
_Delay_50us:
;__Lib_Delays.c,19 :: 		void Delay_50us() {
;__Lib_Delays.c,20 :: 		Delay_us(50);
0x0003	0x3021      	MOVLW      33
0x0004	0x1283      	BCF        STATUS, 5
0x0005	0x1303      	BCF        STATUS, 6
0x0006	0x00FD      	MOVWF      R13
L_Delay_50us2:
0x0007	0x0BFD      	DECFSZ     R13, 1
0x0008	0x2807      	GOTO       L_Delay_50us2
;__Lib_Delays.c,21 :: 		}
L_end_Delay_50us:
0x0009	0x0008      	RETURN
; end of _Delay_50us
_Delay_1us:
;__Lib_Delays.c,7 :: 		void Delay_1us() {
;__Lib_Delays.c,8 :: 		Delay_us(1);
0x000A	0x0000      	NOP
0x000B	0x0000      	NOP
;__Lib_Delays.c,9 :: 		}
L_end_Delay_1us:
0x000C	0x0008      	RETURN
; end of _Delay_1us
_Delay_5500us:
;__Lib_Delays.c,31 :: 		void Delay_5500us() {
;__Lib_Delays.c,32 :: 		Delay_us(5500);
0x000D	0x300F      	MOVLW      15
0x000E	0x1283      	BCF        STATUS, 5
0x000F	0x1303      	BCF        STATUS, 6
0x0010	0x00FC      	MOVWF      R12
0x0011	0x3047      	MOVLW      71
0x0012	0x00FD      	MOVWF      R13
L_Delay_5500us5:
0x0013	0x0BFD      	DECFSZ     R13, 1
0x0014	0x2813      	GOTO       L_Delay_5500us5
0x0015	0x0BFC      	DECFSZ     R12, 1
0x0016	0x2813      	GOTO       L_Delay_5500us5
0x0017	0x0000      	NOP
0x0018	0x0000      	NOP
;__Lib_Delays.c,33 :: 		}
L_end_Delay_5500us:
0x0019	0x0008      	RETURN
; end of _Delay_5500us
_Lcd_Cmd:
;__Lib_Lcd.c,18 :: 		
;__Lib_Lcd.c,20 :: 		
0x001A	0x1283      	BCF        STATUS, 5
0x001B	0x1303      	BCF        STATUS, 6
0x001C	0x1BEF      	BTFSC      FARG_Lcd_Cmd_out_char, 7
0x001D	0x2820      	GOTO       L__Lcd_Cmd21
0x001E	0x1186      	BCF        LCD_D7, BitPos(LCD_D7+0)
0x001F	0x2821      	GOTO       L__Lcd_Cmd22
L__Lcd_Cmd21:
0x0020	0x1586      	BSF        LCD_D7, BitPos(LCD_D7+0)
L__Lcd_Cmd22:
;__Lib_Lcd.c,21 :: 		
0x0021	0x1B6F      	BTFSC      FARG_Lcd_Cmd_out_char, 6
0x0022	0x2825      	GOTO       L__Lcd_Cmd23
0x0023	0x1106      	BCF        LCD_D6, BitPos(LCD_D6+0)
0x0024	0x2826      	GOTO       L__Lcd_Cmd24
L__Lcd_Cmd23:
0x0025	0x1506      	BSF        LCD_D6, BitPos(LCD_D6+0)
L__Lcd_Cmd24:
;__Lib_Lcd.c,22 :: 		
0x0026	0x1AEF      	BTFSC      FARG_Lcd_Cmd_out_char, 5
0x0027	0x282A      	GOTO       L__Lcd_Cmd25
0x0028	0x1086      	BCF        LCD_D5, BitPos(LCD_D5+0)
0x0029	0x282B      	GOTO       L__Lcd_Cmd26
L__Lcd_Cmd25:
0x002A	0x1486      	BSF        LCD_D5, BitPos(LCD_D5+0)
L__Lcd_Cmd26:
;__Lib_Lcd.c,23 :: 		
0x002B	0x1A6F      	BTFSC      FARG_Lcd_Cmd_out_char, 4
0x002C	0x282F      	GOTO       L__Lcd_Cmd27
0x002D	0x1006      	BCF        LCD_D4, BitPos(LCD_D4+0)
0x002E	0x2830      	GOTO       L__Lcd_Cmd28
L__Lcd_Cmd27:
0x002F	0x1406      	BSF        LCD_D4, BitPos(LCD_D4+0)
L__Lcd_Cmd28:
;__Lib_Lcd.c,25 :: 		
0x0030	0x1824      	BTFSC      __Lib_Lcd_cmd_status, BitPos(__Lib_Lcd_cmd_status+0)
0x0031	0x2834      	GOTO       L__Lcd_Cmd29
0x0032	0x1606      	BSF        LCD_RS, BitPos(LCD_RS+0)
0x0033	0x2835      	GOTO       L__Lcd_Cmd30
L__Lcd_Cmd29:
0x0034	0x1206      	BCF        LCD_RS, BitPos(LCD_RS+0)
L__Lcd_Cmd30:
;__Lib_Lcd.c,28 :: 		
0x0035	0x1686      	BSF        LCD_EN, BitPos(LCD_EN+0)
;__Lib_Lcd.c,29 :: 		
0x0036	0x200A      	CALL       _Delay_1us
;__Lib_Lcd.c,30 :: 		
0x0037	0x1286      	BCF        LCD_EN, BitPos(LCD_EN+0)
;__Lib_Lcd.c,33 :: 		
0x0038	0x19EF      	BTFSC      FARG_Lcd_Cmd_out_char, 3
0x0039	0x283C      	GOTO       L__Lcd_Cmd31
0x003A	0x1186      	BCF        LCD_D7, BitPos(LCD_D7+0)
0x003B	0x283D      	GOTO       L__Lcd_Cmd32
L__Lcd_Cmd31:
0x003C	0x1586      	BSF        LCD_D7, BitPos(LCD_D7+0)
L__Lcd_Cmd32:
;__Lib_Lcd.c,34 :: 		
0x003D	0x196F      	BTFSC      FARG_Lcd_Cmd_out_char, 2
0x003E	0x2841      	GOTO       L__Lcd_Cmd33
0x003F	0x1106      	BCF        LCD_D6, BitPos(LCD_D6+0)
0x0040	0x2842      	GOTO       L__Lcd_Cmd34
L__Lcd_Cmd33:
0x0041	0x1506      	BSF        LCD_D6, BitPos(LCD_D6+0)
L__Lcd_Cmd34:
;__Lib_Lcd.c,35 :: 		
0x0042	0x18EF      	BTFSC      FARG_Lcd_Cmd_out_char, 1
0x0043	0x2846      	GOTO       L__Lcd_Cmd35
0x0044	0x1086      	BCF        LCD_D5, BitPos(LCD_D5+0)
0x0045	0x2847      	GOTO       L__Lcd_Cmd36
L__Lcd_Cmd35:
0x0046	0x1486      	BSF        LCD_D5, BitPos(LCD_D5+0)
L__Lcd_Cmd36:
;__Lib_Lcd.c,36 :: 		
0x0047	0x186F      	BTFSC      FARG_Lcd_Cmd_out_char, 0
0x0048	0x284B      	GOTO       L__Lcd_Cmd37
0x0049	0x1006      	BCF        LCD_D4, BitPos(LCD_D4+0)
0x004A	0x284C      	GOTO       L__Lcd_Cmd38
L__Lcd_Cmd37:
0x004B	0x1406      	BSF        LCD_D4, BitPos(LCD_D4+0)
L__Lcd_Cmd38:
;__Lib_Lcd.c,38 :: 		
0x004C	0x1824      	BTFSC      __Lib_Lcd_cmd_status, BitPos(__Lib_Lcd_cmd_status+0)
0x004D	0x2850      	GOTO       L__Lcd_Cmd39
0x004E	0x1606      	BSF        LCD_RS, BitPos(LCD_RS+0)
0x004F	0x2851      	GOTO       L__Lcd_Cmd40
L__Lcd_Cmd39:
0x0050	0x1206      	BCF        LCD_RS, BitPos(LCD_RS+0)
L__Lcd_Cmd40:
;__Lib_Lcd.c,40 :: 		
0x0051	0x1686      	BSF        LCD_EN, BitPos(LCD_EN+0)
;__Lib_Lcd.c,41 :: 		
0x0052	0x200A      	CALL       _Delay_1us
;__Lib_Lcd.c,42 :: 		
0x0053	0x1286      	BCF        LCD_EN, BitPos(LCD_EN+0)
;__Lib_Lcd.c,44 :: 		
0x0054	0x1C24      	BTFSS      __Lib_Lcd_cmd_status, BitPos(__Lib_Lcd_cmd_status+0)
0x0055	0x2858      	GOTO       L_Lcd_Cmd0
;__Lib_Lcd.c,45 :: 		
0x0056	0x200D      	CALL       _Delay_5500us
0x0057	0x2859      	GOTO       L_Lcd_Cmd1
L_Lcd_Cmd0:
;__Lib_Lcd.c,47 :: 		
0x0058	0x2003      	CALL       _Delay_50us
L_Lcd_Cmd1:
;__Lib_Lcd.c,48 :: 		
L_end_Lcd_Cmd:
0x0059	0x0008      	RETURN
; end of _Lcd_Cmd
_____DoICP:
;__Lib_System.c,6 :: 		
;__Lib_System.c,9 :: 		
0x005A	0x1283      	BCF        STATUS, 5
0x005B	0x1303      	BCF        STATUS, 6
0x005C	0x0826      	MOVF       ___DoICPAddr+1, 0
0x005D	0x008A      	MOVWF      PCLATH
;__Lib_System.c,10 :: 		
0x005E	0x0825      	MOVF       ___DoICPAddr, 0
0x005F	0x0082      	MOVWF      PCL
;__Lib_System.c,12 :: 		
L_end_____DoICP:
0x0060	0x0008      	RETURN
; end of _____DoICP
_Lcd_Chr_CP:
;__Lib_Lcd.c,50 :: 		
;__Lib_Lcd.c,52 :: 		
0x0061	0x1283      	BCF        STATUS, 5
0x0062	0x1303      	BCF        STATUS, 6
0x0063	0x1024      	BCF        __Lib_Lcd_cmd_status, BitPos(__Lib_Lcd_cmd_status+0)
;__Lib_Lcd.c,53 :: 		
0x0064	0x086E      	MOVF       FARG_Lcd_Chr_CP_out_char, 0
0x0065	0x00EF      	MOVWF      FARG_Lcd_Cmd_out_char
0x0066	0x201A      	CALL       _Lcd_Cmd
;__Lib_Lcd.c,54 :: 		
0x0067	0x1424      	BSF        __Lib_Lcd_cmd_status, BitPos(__Lib_Lcd_cmd_status+0)
;__Lib_Lcd.c,55 :: 		
L_end_Lcd_Chr_CP:
0x0068	0x0008      	RETURN
; end of _Lcd_Chr_CP
_isupper:
;__Lib_CType.c,8 :: 		
;__Lib_CType.c,9 :: 		
0x0069	0x1283      	BCF        STATUS, 5
0x006A	0x1303      	BCF        STATUS, 6
0x006B	0x086E      	MOVF       FARG_isupper_character, 0
0x006C	0x3C5A      	SUBLW      90
0x006D	0x1C03      	BTFSS      STATUS, 0
0x006E	0x2876      	GOTO       L_isupper3
0x006F	0x3041      	MOVLW      65
0x0070	0x026E      	SUBWF      FARG_isupper_character, 0
0x0071	0x1C03      	BTFSS      STATUS, 0
0x0072	0x2876      	GOTO       L_isupper3
0x0073	0x3001      	MOVLW      1
0x0074	0x00F0      	MOVWF      R0
0x0075	0x2877      	GOTO       L_isupper2
L_isupper3:
0x0076	0x01F0      	CLRF       R0
L_isupper2:
;__Lib_CType.c,10 :: 		
L_end_isupper:
0x0077	0x0008      	RETURN
; end of _isupper
_islower:
;__Lib_CType.c,3 :: 		
;__Lib_CType.c,4 :: 		
0x0078	0x1283      	BCF        STATUS, 5
0x0079	0x1303      	BCF        STATUS, 6
0x007A	0x086E      	MOVF       FARG_islower_character, 0
0x007B	0x3C7A      	SUBLW      122
0x007C	0x1C03      	BTFSS      STATUS, 0
0x007D	0x2885      	GOTO       L_islower1
0x007E	0x3061      	MOVLW      97
0x007F	0x026E      	SUBWF      FARG_islower_character, 0
0x0080	0x1C03      	BTFSS      STATUS, 0
0x0081	0x2885      	GOTO       L_islower1
0x0082	0x3001      	MOVLW      1
0x0083	0x00F0      	MOVWF      R0
0x0084	0x2886      	GOTO       L_islower0
L_islower1:
0x0085	0x01F0      	CLRF       R0
L_islower0:
;__Lib_CType.c,5 :: 		
L_end_islower:
0x0086	0x0008      	RETURN
; end of _islower
_Lcd_Out:
;__Lib_Lcd.c,184 :: 		
;__Lib_Lcd.c,187 :: 		
0x0087	0x2899      	GOTO       L_Lcd_Out11
;__Lib_Lcd.c,188 :: 		
L_Lcd_Out13:
0x0088	0x3080      	MOVLW      128
0x0089	0x1283      	BCF        STATUS, 5
0x008A	0x1303      	BCF        STATUS, 6
0x008B	0x00EA      	MOVWF      FARG_Lcd_Out_row
0x008C	0x28AC      	GOTO       L_Lcd_Out12
;__Lib_Lcd.c,189 :: 		
L_Lcd_Out14:
0x008D	0x30C0      	MOVLW      192
0x008E	0x00EA      	MOVWF      FARG_Lcd_Out_row
0x008F	0x28AC      	GOTO       L_Lcd_Out12
;__Lib_Lcd.c,190 :: 		
L_Lcd_Out15:
0x0090	0x3094      	MOVLW      148
0x0091	0x00EA      	MOVWF      FARG_Lcd_Out_row
0x0092	0x28AC      	GOTO       L_Lcd_Out12
;__Lib_Lcd.c,191 :: 		
L_Lcd_Out16:
0x0093	0x30D4      	MOVLW      212
0x0094	0x00EA      	MOVWF      FARG_Lcd_Out_row
0x0095	0x28AC      	GOTO       L_Lcd_Out12
;__Lib_Lcd.c,192 :: 		
L_Lcd_Out17:
0x0096	0x3080      	MOVLW      128
0x0097	0x00EA      	MOVWF      FARG_Lcd_Out_row
;__Lib_Lcd.c,193 :: 		
0x0098	0x28AC      	GOTO       L_Lcd_Out12
L_Lcd_Out11:
0x0099	0x1283      	BCF        STATUS, 5
0x009A	0x1303      	BCF        STATUS, 6
0x009B	0x086A      	MOVF       FARG_Lcd_Out_row, 0
0x009C	0x3A01      	XORLW      1
0x009D	0x1903      	BTFSC      STATUS, 2
0x009E	0x2888      	GOTO       L_Lcd_Out13
0x009F	0x086A      	MOVF       FARG_Lcd_Out_row, 0
0x00A0	0x3A02      	XORLW      2
0x00A1	0x1903      	BTFSC      STATUS, 2
0x00A2	0x288D      	GOTO       L_Lcd_Out14
0x00A3	0x086A      	MOVF       FARG_Lcd_Out_row, 0
0x00A4	0x3A03      	XORLW      3
0x00A5	0x1903      	BTFSC      STATUS, 2
0x00A6	0x2890      	GOTO       L_Lcd_Out15
0x00A7	0x086A      	MOVF       FARG_Lcd_Out_row, 0
0x00A8	0x3A04      	XORLW      4
0x00A9	0x1903      	BTFSC      STATUS, 2
0x00AA	0x2893      	GOTO       L_Lcd_Out16
0x00AB	0x2896      	GOTO       L_Lcd_Out17
L_Lcd_Out12:
;__Lib_Lcd.c,194 :: 		
0x00AC	0x036B      	DECF       FARG_Lcd_Out_column, 0
0x00AD	0x00F0      	MOVWF      R0
0x00AE	0x086A      	MOVF       FARG_Lcd_Out_row, 0
0x00AF	0x07F0      	ADDWF      R0, 1
0x00B0	0x0870      	MOVF       R0, 0
0x00B1	0x00EA      	MOVWF      FARG_Lcd_Out_row
;__Lib_Lcd.c,196 :: 		
0x00B2	0x0870      	MOVF       R0, 0
0x00B3	0x00EF      	MOVWF      FARG_Lcd_Cmd_out_char
0x00B4	0x201A      	CALL       _Lcd_Cmd
;__Lib_Lcd.c,197 :: 		
0x00B5	0x1024      	BCF        __Lib_Lcd_cmd_status, BitPos(__Lib_Lcd_cmd_status+0)
;__Lib_Lcd.c,198 :: 		
0x00B6	0x01ED      	CLRF       Lcd_Out_i_L0
;__Lib_Lcd.c,199 :: 		
L_Lcd_Out18:
0x00B7	0x086D      	MOVF       Lcd_Out_i_L0, 0
0x00B8	0x076C      	ADDWF      FARG_Lcd_Out_text, 0
0x00B9	0x0084      	MOVWF      FSR
0x00BA	0x0800      	MOVF       INDF, 0
0x00BB	0x1903      	BTFSC      STATUS, 2
0x00BC	0x28C5      	GOTO       L_Lcd_Out19
;__Lib_Lcd.c,200 :: 		
0x00BD	0x086D      	MOVF       Lcd_Out_i_L0, 0
0x00BE	0x076C      	ADDWF      FARG_Lcd_Out_text, 0
0x00BF	0x0084      	MOVWF      FSR
0x00C0	0x0800      	MOVF       INDF, 0
0x00C1	0x00EE      	MOVWF      FARG_Lcd_Chr_CP_out_char
0x00C2	0x2061      	CALL       _Lcd_Chr_CP
0x00C3	0x0AED      	INCF       Lcd_Out_i_L0, 1
0x00C4	0x28B7      	GOTO       L_Lcd_Out18
L_Lcd_Out19:
;__Lib_Lcd.c,201 :: 		
0x00C5	0x1424      	BSF        __Lib_Lcd_cmd_status, BitPos(__Lib_Lcd_cmd_status+0)
;__Lib_Lcd.c,202 :: 		
L_end_Lcd_Out:
0x00C6	0x0008      	RETURN
; end of _Lcd_Out
_isalpha:
;__Lib_CType.c,13 :: 		
;__Lib_CType.c,14 :: 		
0x00C7	0x1283      	BCF        STATUS, 5
0x00C8	0x1303      	BCF        STATUS, 6
0x00C9	0x086A      	MOVF       FARG_isalpha_character, 0
0x00CA	0x00EE      	MOVWF      FARG_islower_character
0x00CB	0x2078      	CALL       _islower
0x00CC	0x0870      	MOVF       R0, 0
0x00CD	0x1D03      	BTFSS      STATUS, 2
0x00CE	0x28D7      	GOTO       L_isalpha5
0x00CF	0x086A      	MOVF       FARG_isalpha_character, 0
0x00D0	0x00EE      	MOVWF      FARG_isupper_character
0x00D1	0x2069      	CALL       _isupper
0x00D2	0x0870      	MOVF       R0, 0
0x00D3	0x1D03      	BTFSS      STATUS, 2
0x00D4	0x28D7      	GOTO       L_isalpha5
0x00D5	0x01F0      	CLRF       R0
0x00D6	0x28D9      	GOTO       L_isalpha4
L_isalpha5:
0x00D7	0x3001      	MOVLW      1
0x00D8	0x00F0      	MOVWF      R0
L_isalpha4:
;__Lib_CType.c,15 :: 		
L_end_isalpha:
0x00D9	0x0008      	RETURN
; end of _isalpha
_UART1_Read:
;__Lib_UART_c67.c,21 :: 		
;__Lib_UART_c67.c,24 :: 		
0x00DA	0x1283      	BCF        STATUS, 5
0x00DB	0x1303      	BCF        STATUS, 6
0x00DC	0x081A      	MOVF       RCREG, 0
0x00DD	0x00F1      	MOVWF      R1
;__Lib_UART_c67.c,25 :: 		
0x00DE	0x1C98      	BTFSS      RCSTA, 1
0x00DF	0x28E2      	GOTO       L_UART1_Read2
;__Lib_UART_c67.c,26 :: 		
0x00E0	0x1218      	BCF        RCSTA, 4
;__Lib_UART_c67.c,27 :: 		
0x00E1	0x1618      	BSF        RCSTA, 4
;__Lib_UART_c67.c,28 :: 		
L_UART1_Read2:
;__Lib_UART_c67.c,29 :: 		
0x00E2	0x0871      	MOVF       R1, 0
0x00E3	0x00F0      	MOVWF      R0
;__Lib_UART_c67.c,30 :: 		
L_end_UART1_Read:
0x00E4	0x0008      	RETURN
; end of _UART1_Read
_UART1_Data_Ready:
;__Lib_UART_c67.c,16 :: 		
;__Lib_UART_c67.c,17 :: 		
0x00E5	0x3000      	MOVLW      0
0x00E6	0x1283      	BCF        STATUS, 5
0x00E7	0x1303      	BCF        STATUS, 6
0x00E8	0x1A8C      	BTFSC      PIR1, 5
0x00E9	0x3001      	MOVLW      1
0x00EA	0x00F0      	MOVWF      R0
;__Lib_UART_c67.c,18 :: 		
L_end_UART1_Data_Ready:
0x00EB	0x0008      	RETURN
; end of _UART1_Data_Ready
___CC2DW:
;__Lib_System.c,134 :: 		
;__Lib_System.c,137 :: 		
_CC2D_Loop1:
;__Lib_System.c,139 :: 		
0x00EC	0x205A      	CALL       _____DoICP
0x00ED	0x118A      	BCF        PCLATH, 3
0x00EE	0x120A      	BCF        PCLATH, 4
;__Lib_System.c,141 :: 		
0x00EF	0x0080      	MOVWF      INDF
;__Lib_System.c,142 :: 		
0x00F0	0x0A84      	INCF       FSR, 1
;__Lib_System.c,143 :: 		
0x00F1	0x0AA5      	INCF       ___DoICPAddr, 1
;__Lib_System.c,145 :: 		
0x00F2	0x1903      	BTFSC      STATUS, 2
;__Lib_System.c,146 :: 		
0x00F3	0x0AA6      	INCF       ___DoICPAddr+1, 1
;__Lib_System.c,147 :: 		
0x00F4	0x03F0      	DECF       R0, 1
;__Lib_System.c,149 :: 		
0x00F5	0x1D03      	BTFSS      STATUS, 2
;__Lib_System.c,150 :: 		
0x00F6	0x28EC      	GOTO       _CC2D_Loop1
;__Lib_System.c,152 :: 		
L_end___CC2DW:
0x00F7	0x0008      	RETURN
; end of ___CC2DW
_Lcd_Init:
;__Lib_Lcd.c,84 :: 		
;__Lib_Lcd.c,86 :: 		
0x00F8	0x1683      	BSF        STATUS, 5
0x00F9	0x1303      	BCF        STATUS, 6
0x00FA	0x1286      	BCF        LCD_EN_Direction, BitPos(LCD_EN_Direction+0)
;__Lib_Lcd.c,87 :: 		
0x00FB	0x1206      	BCF        LCD_RS_Direction, BitPos(LCD_RS_Direction+0)
;__Lib_Lcd.c,88 :: 		
0x00FC	0x1006      	BCF        LCD_D4_Direction, BitPos(LCD_D4_Direction+0)
;__Lib_Lcd.c,89 :: 		
0x00FD	0x1086      	BCF        LCD_D5_Direction, BitPos(LCD_D5_Direction+0)
;__Lib_Lcd.c,90 :: 		
0x00FE	0x1106      	BCF        LCD_D6_Direction, BitPos(LCD_D6_Direction+0)
;__Lib_Lcd.c,91 :: 		
0x00FF	0x1186      	BCF        LCD_D7_Direction, BitPos(LCD_D7_Direction+0)
;__Lib_Lcd.c,93 :: 		
0x0100	0x1283      	BCF        STATUS, 5
0x0101	0x1286      	BCF        LCD_EN, BitPos(LCD_EN+0)
;__Lib_Lcd.c,94 :: 		
0x0102	0x1206      	BCF        LCD_RS, BitPos(LCD_RS+0)
;__Lib_Lcd.c,95 :: 		
0x0103	0x1186      	BCF        LCD_D7, BitPos(LCD_D7+0)
;__Lib_Lcd.c,96 :: 		
0x0104	0x1106      	BCF        LCD_D6, BitPos(LCD_D6+0)
;__Lib_Lcd.c,97 :: 		
0x0105	0x1086      	BCF        LCD_D5, BitPos(LCD_D5+0)
;__Lib_Lcd.c,98 :: 		
0x0106	0x1006      	BCF        LCD_D4, BitPos(LCD_D4+0)
;__Lib_Lcd.c,100 :: 		
0x0107	0x200D      	CALL       _Delay_5500us
;__Lib_Lcd.c,101 :: 		
0x0108	0x200D      	CALL       _Delay_5500us
;__Lib_Lcd.c,102 :: 		
0x0109	0x200D      	CALL       _Delay_5500us
;__Lib_Lcd.c,105 :: 		
0x010A	0x1486      	BSF        LCD_D5, BitPos(LCD_D5+0)
;__Lib_Lcd.c,106 :: 		
0x010B	0x1406      	BSF        LCD_D4, BitPos(LCD_D4+0)
;__Lib_Lcd.c,107 :: 		
0x010C	0x1686      	BSF        LCD_EN, BitPos(LCD_EN+0)
;__Lib_Lcd.c,108 :: 		
0x010D	0x200A      	CALL       _Delay_1us
;__Lib_Lcd.c,109 :: 		
0x010E	0x1286      	BCF        LCD_EN, BitPos(LCD_EN+0)
;__Lib_Lcd.c,110 :: 		
0x010F	0x200D      	CALL       _Delay_5500us
;__Lib_Lcd.c,112 :: 		
0x0110	0x1686      	BSF        LCD_EN, BitPos(LCD_EN+0)
;__Lib_Lcd.c,113 :: 		
0x0111	0x200A      	CALL       _Delay_1us
;__Lib_Lcd.c,114 :: 		
0x0112	0x1286      	BCF        LCD_EN, BitPos(LCD_EN+0)
;__Lib_Lcd.c,115 :: 		
0x0113	0x200D      	CALL       _Delay_5500us
;__Lib_Lcd.c,117 :: 		
0x0114	0x1686      	BSF        LCD_EN, BitPos(LCD_EN+0)
;__Lib_Lcd.c,118 :: 		
0x0115	0x200A      	CALL       _Delay_1us
;__Lib_Lcd.c,119 :: 		
0x0116	0x1286      	BCF        LCD_EN, BitPos(LCD_EN+0)
;__Lib_Lcd.c,120 :: 		
0x0117	0x200D      	CALL       _Delay_5500us
;__Lib_Lcd.c,123 :: 		
0x0118	0x1006      	BCF        LCD_D4, BitPos(LCD_D4+0)
;__Lib_Lcd.c,124 :: 		
0x0119	0x1686      	BSF        LCD_EN, BitPos(LCD_EN+0)
;__Lib_Lcd.c,125 :: 		
0x011A	0x200A      	CALL       _Delay_1us
;__Lib_Lcd.c,126 :: 		
0x011B	0x1286      	BCF        LCD_EN, BitPos(LCD_EN+0)
;__Lib_Lcd.c,127 :: 		
0x011C	0x200D      	CALL       _Delay_5500us
;__Lib_Lcd.c,130 :: 		
0x011D	0x1686      	BSF        LCD_EN, BitPos(LCD_EN+0)
;__Lib_Lcd.c,131 :: 		
0x011E	0x200A      	CALL       _Delay_1us
;__Lib_Lcd.c,132 :: 		
0x011F	0x1286      	BCF        LCD_EN, BitPos(LCD_EN+0)
;__Lib_Lcd.c,134 :: 		
0x0120	0x1086      	BCF        LCD_D5, BitPos(LCD_D5+0)
;__Lib_Lcd.c,135 :: 		
0x0121	0x1586      	BSF        LCD_D7, BitPos(LCD_D7+0)
;__Lib_Lcd.c,136 :: 		
0x0122	0x1686      	BSF        LCD_EN, BitPos(LCD_EN+0)
;__Lib_Lcd.c,137 :: 		
0x0123	0x200A      	CALL       _Delay_1us
;__Lib_Lcd.c,138 :: 		
0x0124	0x1286      	BCF        LCD_EN, BitPos(LCD_EN+0)
;__Lib_Lcd.c,139 :: 		
0x0125	0x200D      	CALL       _Delay_5500us
;__Lib_Lcd.c,142 :: 		
0x0126	0x1186      	BCF        LCD_D7, BitPos(LCD_D7+0)
;__Lib_Lcd.c,143 :: 		
0x0127	0x1406      	BSF        LCD_D4, BitPos(LCD_D4+0)
;__Lib_Lcd.c,144 :: 		
0x0128	0x1686      	BSF        LCD_EN, BitPos(LCD_EN+0)
;__Lib_Lcd.c,145 :: 		
0x0129	0x200A      	CALL       _Delay_1us
;__Lib_Lcd.c,146 :: 		
0x012A	0x1286      	BCF        LCD_EN, BitPos(LCD_EN+0)
;__Lib_Lcd.c,148 :: 		
0x012B	0x1006      	BCF        LCD_D4, BitPos(LCD_D4+0)
;__Lib_Lcd.c,149 :: 		
0x012C	0x1686      	BSF        LCD_EN, BitPos(LCD_EN+0)
;__Lib_Lcd.c,150 :: 		
0x012D	0x200A      	CALL       _Delay_1us
;__Lib_Lcd.c,151 :: 		
0x012E	0x1286      	BCF        LCD_EN, BitPos(LCD_EN+0)
;__Lib_Lcd.c,152 :: 		
0x012F	0x200D      	CALL       _Delay_5500us
;__Lib_Lcd.c,155 :: 		
0x0130	0x1686      	BSF        LCD_EN, BitPos(LCD_EN+0)
;__Lib_Lcd.c,156 :: 		
0x0131	0x200A      	CALL       _Delay_1us
;__Lib_Lcd.c,157 :: 		
0x0132	0x1286      	BCF        LCD_EN, BitPos(LCD_EN+0)
;__Lib_Lcd.c,159 :: 		
0x0133	0x1406      	BSF        LCD_D4, BitPos(LCD_D4+0)
;__Lib_Lcd.c,160 :: 		
0x0134	0x1686      	BSF        LCD_EN, BitPos(LCD_EN+0)
;__Lib_Lcd.c,161 :: 		
0x0135	0x200A      	CALL       _Delay_1us
;__Lib_Lcd.c,162 :: 		
0x0136	0x1286      	BCF        LCD_EN, BitPos(LCD_EN+0)
;__Lib_Lcd.c,163 :: 		
0x0137	0x200D      	CALL       _Delay_5500us
;__Lib_Lcd.c,166 :: 		
0x0138	0x1006      	BCF        LCD_D4, BitPos(LCD_D4+0)
;__Lib_Lcd.c,167 :: 		
0x0139	0x1686      	BSF        LCD_EN, BitPos(LCD_EN+0)
;__Lib_Lcd.c,168 :: 		
0x013A	0x200A      	CALL       _Delay_1us
;__Lib_Lcd.c,169 :: 		
0x013B	0x1286      	BCF        LCD_EN, BitPos(LCD_EN+0)
;__Lib_Lcd.c,171 :: 		
0x013C	0x1586      	BSF        LCD_D7, BitPos(LCD_D7+0)
;__Lib_Lcd.c,172 :: 		
0x013D	0x1506      	BSF        LCD_D6, BitPos(LCD_D6+0)
;__Lib_Lcd.c,173 :: 		
0x013E	0x1486      	BSF        LCD_D5, BitPos(LCD_D5+0)
;__Lib_Lcd.c,174 :: 		
0x013F	0x1406      	BSF        LCD_D4, BitPos(LCD_D4+0)
;__Lib_Lcd.c,175 :: 		
0x0140	0x1686      	BSF        LCD_EN, BitPos(LCD_EN+0)
;__Lib_Lcd.c,176 :: 		
0x0141	0x200A      	CALL       _Delay_1us
;__Lib_Lcd.c,177 :: 		
0x0142	0x1286      	BCF        LCD_EN, BitPos(LCD_EN+0)
;__Lib_Lcd.c,179 :: 		
0x0143	0x200D      	CALL       _Delay_5500us
;__Lib_Lcd.c,181 :: 		
0x0144	0x1424      	BSF        __Lib_Lcd_cmd_status, BitPos(__Lib_Lcd_cmd_status+0)
;__Lib_Lcd.c,182 :: 		
L_end_Lcd_Init:
0x0145	0x0008      	RETURN
; end of _Lcd_Init
_Mul_16X16_U:
;__Lib_Math.c,136 :: 		
;__Lib_Math.c,143 :: 		
0x0146	0x1283      	BCF        STATUS, 5
;__Lib_Math.c,144 :: 		
0x0147	0x1303      	BCF        STATUS, 6
;__Lib_Math.c,145 :: 		
0x0148	0x01FB      	CLRF       R11
;__Lib_Math.c,146 :: 		
0x0149	0x01FA      	CLRF       R10
;__Lib_Math.c,147 :: 		
0x014A	0x01F9      	CLRF       R9
;__Lib_Math.c,148 :: 		
0x014B	0x3080      	MOVLW      128
;__Lib_Math.c,149 :: 		
0x014C	0x00F8      	MOVWF      R8
;__Lib_Math.c,150 :: 		
0x014D	0x0CF1      	RRF        R1, 1
;__Lib_Math.c,151 :: 		
0x014E	0x0CF0      	RRF        R0, 1
;__Lib_Math.c,152 :: 		
0x014F	0x1C03      	BTFSS      STATUS, 0
;__Lib_Math.c,153 :: 		
0x0150	0x295A      	GOTO       $+10
;__Lib_Math.c,154 :: 		
0x0151	0x0874      	MOVF       R4, 0
;__Lib_Math.c,155 :: 		
0x0152	0x07F9      	ADDWF      R9, 1
;__Lib_Math.c,156 :: 		
0x0153	0x0875      	MOVF       R5, 0
;__Lib_Math.c,157 :: 		
0x0154	0x1803      	BTFSC      STATUS, 0
;__Lib_Math.c,158 :: 		
0x0155	0x0F75      	INCFSZ     R5, 0
;__Lib_Math.c,159 :: 		
0x0156	0x07FA      	ADDWF      R10, 1
;__Lib_Math.c,160 :: 		
0x0157	0x1803      	BTFSC      STATUS, 0
;__Lib_Math.c,161 :: 		
0x0158	0x0AFB      	INCF       R11, 1
;__Lib_Math.c,162 :: 		
0x0159	0x1003      	BCF        STATUS, 0
;__Lib_Math.c,163 :: 		
0x015A	0x1FF0      	BTFSS      R0, 7
;__Lib_Math.c,164 :: 		
0x015B	0x2962      	GOTO       $+7
;__Lib_Math.c,165 :: 		
0x015C	0x0874      	MOVF       R4, 0
;__Lib_Math.c,166 :: 		
0x015D	0x07FA      	ADDWF      R10, 1
;__Lib_Math.c,167 :: 		
0x015E	0x0875      	MOVF       R5, 0
;__Lib_Math.c,168 :: 		
0x015F	0x1803      	BTFSC      STATUS, 0
;__Lib_Math.c,169 :: 		
0x0160	0x0F75      	INCFSZ     R5, 0
;__Lib_Math.c,170 :: 		
0x0161	0x07FB      	ADDWF      R11, 1
;__Lib_Math.c,171 :: 		
0x0162	0x0CFB      	RRF        R11, 1
;__Lib_Math.c,172 :: 		
0x0163	0x0CFA      	RRF        R10, 1
;__Lib_Math.c,173 :: 		
0x0164	0x0CF9      	RRF        R9, 1
;__Lib_Math.c,174 :: 		
0x0165	0x0CF8      	RRF        R8, 1
;__Lib_Math.c,175 :: 		
0x0166	0x1C03      	BTFSS      STATUS, 0
;__Lib_Math.c,176 :: 		
0x0167	0x294D      	GOTO       $-26
;__Lib_Math.c,177 :: 		
0x0168	0x087B      	MOVF       R11, 0
;__Lib_Math.c,178 :: 		
0x0169	0x00F3      	MOVWF      R3
;__Lib_Math.c,179 :: 		
0x016A	0x087A      	MOVF       R10, 0
;__Lib_Math.c,180 :: 		
0x016B	0x00F2      	MOVWF      R2
;__Lib_Math.c,181 :: 		
0x016C	0x0879      	MOVF       R9, 0
;__Lib_Math.c,182 :: 		
0x016D	0x00F1      	MOVWF      R1
;__Lib_Math.c,183 :: 		
0x016E	0x0878      	MOVF       R8, 0
;__Lib_Math.c,184 :: 		
0x016F	0x00F0      	MOVWF      R0
;__Lib_Math.c,187 :: 		
L_end_Mul_16X16_U:
0x0170	0x0008      	RETURN
; end of _Mul_16X16_U
_Lcd_Chr:
;__Lib_Lcd.c,65 :: 		
;__Lib_Lcd.c,66 :: 		
0x0171	0x2983      	GOTO       L_Lcd_Chr4
;__Lib_Lcd.c,67 :: 		
L_Lcd_Chr6:
0x0172	0x3080      	MOVLW      128
0x0173	0x1283      	BCF        STATUS, 5
0x0174	0x1303      	BCF        STATUS, 6
0x0175	0x00EA      	MOVWF      FARG_Lcd_Chr_row
0x0176	0x2996      	GOTO       L_Lcd_Chr5
;__Lib_Lcd.c,68 :: 		
L_Lcd_Chr7:
0x0177	0x30C0      	MOVLW      192
0x0178	0x00EA      	MOVWF      FARG_Lcd_Chr_row
0x0179	0x2996      	GOTO       L_Lcd_Chr5
;__Lib_Lcd.c,69 :: 		
L_Lcd_Chr8:
0x017A	0x3094      	MOVLW      148
0x017B	0x00EA      	MOVWF      FARG_Lcd_Chr_row
0x017C	0x2996      	GOTO       L_Lcd_Chr5
;__Lib_Lcd.c,70 :: 		
L_Lcd_Chr9:
0x017D	0x30D4      	MOVLW      212
0x017E	0x00EA      	MOVWF      FARG_Lcd_Chr_row
0x017F	0x2996      	GOTO       L_Lcd_Chr5
;__Lib_Lcd.c,71 :: 		
L_Lcd_Chr10:
0x0180	0x3080      	MOVLW      128
0x0181	0x00EA      	MOVWF      FARG_Lcd_Chr_row
;__Lib_Lcd.c,72 :: 		
0x0182	0x2996      	GOTO       L_Lcd_Chr5
L_Lcd_Chr4:
0x0183	0x1283      	BCF        STATUS, 5
0x0184	0x1303      	BCF        STATUS, 6
0x0185	0x086A      	MOVF       FARG_Lcd_Chr_row, 0
0x0186	0x3A01      	XORLW      1
0x0187	0x1903      	BTFSC      STATUS, 2
0x0188	0x2972      	GOTO       L_Lcd_Chr6
0x0189	0x086A      	MOVF       FARG_Lcd_Chr_row, 0
0x018A	0x3A02      	XORLW      2
0x018B	0x1903      	BTFSC      STATUS, 2
0x018C	0x2977      	GOTO       L_Lcd_Chr7
0x018D	0x086A      	MOVF       FARG_Lcd_Chr_row, 0
0x018E	0x3A03      	XORLW      3
0x018F	0x1903      	BTFSC      STATUS, 2
0x0190	0x297A      	GOTO       L_Lcd_Chr8
0x0191	0x086A      	MOVF       FARG_Lcd_Chr_row, 0
0x0192	0x3A04      	XORLW      4
0x0193	0x1903      	BTFSC      STATUS, 2
0x0194	0x297D      	GOTO       L_Lcd_Chr9
0x0195	0x2980      	GOTO       L_Lcd_Chr10
L_Lcd_Chr5:
;__Lib_Lcd.c,74 :: 		
0x0196	0x036B      	DECF       FARG_Lcd_Chr_column, 0
0x0197	0x00F0      	MOVWF      R0
0x0198	0x086A      	MOVF       FARG_Lcd_Chr_row, 0
0x0199	0x07F0      	ADDWF      R0, 1
0x019A	0x0870      	MOVF       R0, 0
0x019B	0x00EA      	MOVWF      FARG_Lcd_Chr_row
;__Lib_Lcd.c,76 :: 		
0x019C	0x1424      	BSF        __Lib_Lcd_cmd_status, BitPos(__Lib_Lcd_cmd_status+0)
;__Lib_Lcd.c,77 :: 		
0x019D	0x0870      	MOVF       R0, 0
0x019E	0x00EF      	MOVWF      FARG_Lcd_Cmd_out_char
0x019F	0x201A      	CALL       _Lcd_Cmd
;__Lib_Lcd.c,79 :: 		
0x01A0	0x1024      	BCF        __Lib_Lcd_cmd_status, BitPos(__Lib_Lcd_cmd_status+0)
;__Lib_Lcd.c,80 :: 		
0x01A1	0x086C      	MOVF       FARG_Lcd_Chr_out_char, 0
0x01A2	0x00EF      	MOVWF      FARG_Lcd_Cmd_out_char
0x01A3	0x201A      	CALL       _Lcd_Cmd
;__Lib_Lcd.c,81 :: 		
0x01A4	0x1424      	BSF        __Lib_Lcd_cmd_status, BitPos(__Lib_Lcd_cmd_status+0)
;__Lib_Lcd.c,82 :: 		
L_end_Lcd_Chr:
0x01A5	0x0008      	RETURN
; end of _Lcd_Chr
_UART1_Init:
;__Lib_UART_c67.c,2 :: 		
;__Lib_UART_c67.c,5 :: 		
0x01A6	0x1683      	BSF        STATUS, 5
0x01A7	0x1303      	BCF        STATUS, 6
0x01A8	0x1698      	BSF        TXSTA, 5
;__Lib_UART_c67.c,6 :: 		
0x01A9	0x3090      	MOVLW      144
0x01AA	0x1283      	BCF        STATUS, 5
0x01AB	0x0098      	MOVWF      RCSTA
;__Lib_UART_c67.c,7 :: 		
0x01AC	0x1683      	BSF        STATUS, 5
0x01AD	0x1787      	BSF        TRISC7_bit, BitPos(TRISC7_bit+0)
;__Lib_UART_c67.c,8 :: 		
0x01AE	0x1307      	BCF        TRISC6_bit, BitPos(TRISC6_bit+0)
;__Lib_UART_c67.c,10 :: 		
L_UART1_Init0:
0x01AF	0x1283      	BCF        STATUS, 5
0x01B0	0x1E8C      	BTFSS      PIR1, 5
0x01B1	0x29B5      	GOTO       L_UART1_Init1
;__Lib_UART_c67.c,11 :: 		
0x01B2	0x081A      	MOVF       RCREG, 0
0x01B3	0x00F0      	MOVWF      R0
0x01B4	0x29AF      	GOTO       L_UART1_Init0
L_UART1_Init1:
;__Lib_UART_c67.c,12 :: 		
L_end_UART1_Init:
0x01B5	0x0008      	RETURN
; end of _UART1_Init
_main:
0x01B6	0x304F      	MOVLW      79
0x01B7	0x1283      	BCF        STATUS, 5
0x01B8	0x1303      	BCF        STATUS, 6
0x01B9	0x00A0      	MOVWF      ?lstr1_Lab7_Cetvrtok
0x01BA	0x3055      	MOVLW      85
0x01BB	0x00A1      	MOVWF      33
0x01BC	0x3054      	MOVLW      84
0x01BD	0x00A2      	MOVWF      34
0x01BE	0x01A3      	CLRF       35
;Lab7_Cetvrtok.c,19 :: 		void main() {
;Lab7_Cetvrtok.c,20 :: 		ANSEL = 0;
0x01BF	0x1683      	BSF        STATUS, 5
0x01C0	0x1703      	BSF        STATUS, 6
0x01C1	0x0188      	CLRF       ANSEL
;Lab7_Cetvrtok.c,21 :: 		ANSELH = 0;
0x01C2	0x0189      	CLRF       ANSELH
;Lab7_Cetvrtok.c,22 :: 		C1ON_bit = 0;
0x01C3	0x1283      	BCF        STATUS, 5
0x01C4	0x1387      	BCF        C1ON_bit, BitPos(C1ON_bit+0)
;Lab7_Cetvrtok.c,23 :: 		C2ON_bit = 0;
0x01C5	0x1388      	BCF        C2ON_bit, BitPos(C2ON_bit+0)
;Lab7_Cetvrtok.c,24 :: 		i=0;
0x01C6	0x1303      	BCF        STATUS, 6
0x01C7	0x01E6      	CLRF       _i
0x01C8	0x01E7      	CLRF       _i+1
;Lab7_Cetvrtok.c,25 :: 		j=0;
0x01C9	0x01E4      	CLRF       _j
0x01CA	0x01E5      	CLRF       _j+1
;Lab7_Cetvrtok.c,26 :: 		Lcd_Init();
0x01CB	0x20F8      	CALL       _Lcd_Init
;Lab7_Cetvrtok.c,27 :: 		Lcd_Cmd(_LCD_CLEAR);
0x01CC	0x3001      	MOVLW      1
0x01CD	0x00EF      	MOVWF      FARG_Lcd_Cmd_out_char
0x01CE	0x201A      	CALL       _Lcd_Cmd
;Lab7_Cetvrtok.c,28 :: 		Lcd_Cmd(_LCD_CURSOR_OFF);
0x01CF	0x300C      	MOVLW      12
0x01D0	0x00EF      	MOVWF      FARG_Lcd_Cmd_out_char
0x01D1	0x201A      	CALL       _Lcd_Cmd
;Lab7_Cetvrtok.c,29 :: 		UART1_Init(9600);
0x01D2	0x3033      	MOVLW      51
0x01D3	0x1683      	BSF        STATUS, 5
0x01D4	0x0099      	MOVWF      SPBRG
0x01D5	0x1518      	BSF        TXSTA, 2
0x01D6	0x21A6      	CALL       _UART1_Init
;Lab7_Cetvrtok.c,30 :: 		Delay_ms(50);
0x01D7	0x3082      	MOVLW      130
0x01D8	0x00FC      	MOVWF      R12
0x01D9	0x30DD      	MOVLW      221
0x01DA	0x00FD      	MOVWF      R13
L_main0:
0x01DB	0x0BFD      	DECFSZ     R13, 1
0x01DC	0x29DB      	GOTO       L_main0
0x01DD	0x0BFC      	DECFSZ     R12, 1
0x01DE	0x29DB      	GOTO       L_main0
0x01DF	0x0000      	NOP
0x01E0	0x0000      	NOP
;Lab7_Cetvrtok.c,31 :: 		while (1) {
L_main1:
;Lab7_Cetvrtok.c,32 :: 		if (UART1_Data_Ready()) {
0x01E1	0x20E5      	CALL       _UART1_Data_Ready
0x01E2	0x0870      	MOVF       R0, 0
0x01E3	0x1903      	BTFSC      STATUS, 2
0x01E4	0x2AD3      	GOTO       L_main3
;Lab7_Cetvrtok.c,33 :: 		uart_rd = UART1_Read();
0x01E5	0x20DA      	CALL       _UART1_Read
0x01E6	0x0870      	MOVF       R0, 0
0x01E7	0x00A7      	MOVWF      _uart_rd
;Lab7_Cetvrtok.c,35 :: 		if(isAlpha(uart_rd)){
0x01E8	0x0870      	MOVF       R0, 0
0x01E9	0x00EA      	MOVWF      FARG_isalpha_character
0x01EA	0x20C7      	CALL       _isalpha
0x01EB	0x0870      	MOVF       R0, 0
0x01EC	0x1903      	BTFSC      STATUS, 2
0x01ED	0x29F7      	GOTO       L_main4
;Lab7_Cetvrtok.c,37 :: 		zbor[j++]=uart_rd;
0x01EE	0x0864      	MOVF       _j, 0
0x01EF	0x3E5A      	ADDLW      _zbor
0x01F0	0x0084      	MOVWF      FSR
0x01F1	0x0827      	MOVF       _uart_rd, 0
0x01F2	0x0080      	MOVWF      INDF
0x01F3	0x0AE4      	INCF       _j, 1
0x01F4	0x1903      	BTFSC      STATUS, 2
0x01F5	0x0AE5      	INCF       _j+1, 1
;Lab7_Cetvrtok.c,38 :: 		}
0x01F6	0x2AD3      	GOTO       L_main5
L_main4:
;Lab7_Cetvrtok.c,40 :: 		if(uart_rd==' '){
0x01F7	0x0827      	MOVF       _uart_rd, 0
0x01F8	0x3A20      	XORLW      32
0x01F9	0x1D03      	BTFSS      STATUS, 2
0x01FA	0x2A62      	GOTO       L_main6
;Lab7_Cetvrtok.c,41 :: 		Lcd_Cmd(_LCD_CLEAR);
0x01FB	0x3001      	MOVLW      1
0x01FC	0x00EF      	MOVWF      FARG_Lcd_Cmd_out_char
0x01FD	0x201A      	CALL       _Lcd_Cmd
;Lab7_Cetvrtok.c,42 :: 		Lcd_Cmd(_LCD_CURSOR_OFF);
0x01FE	0x300C      	MOVLW      12
0x01FF	0x00EF      	MOVWF      FARG_Lcd_Cmd_out_char
0x0200	0x201A      	CALL       _Lcd_Cmd
;Lab7_Cetvrtok.c,43 :: 		for(j=0;j<10;j++){
0x0201	0x01E4      	CLRF       _j
0x0202	0x01E5      	CLRF       _j+1
L_main7:
0x0203	0x3080      	MOVLW      128
0x0204	0x0665      	XORWF      _j+1, 0
0x0205	0x00F0      	MOVWF      R0
0x0206	0x3080      	MOVLW      128
0x0207	0x0270      	SUBWF      R0, 0
0x0208	0x1D03      	BTFSS      STATUS, 2
0x0209	0x2A0C      	GOTO       L__main31
0x020A	0x300A      	MOVLW      10
0x020B	0x0264      	SUBWF      _j, 0
L__main31:
0x020C	0x1803      	BTFSC      STATUS, 0
0x020D	0x2A29      	GOTO       L_main8
;Lab7_Cetvrtok.c,44 :: 		strings[i][j]=zbor[j];}
0x020E	0x300A      	MOVLW      10
0x020F	0x00F0      	MOVWF      R0
0x0210	0x3000      	MOVLW      0
0x0211	0x00F1      	MOVWF      R0+1
0x0212	0x0866      	MOVF       _i, 0
0x0213	0x00F4      	MOVWF      R4
0x0214	0x0867      	MOVF       _i+1, 0
0x0215	0x00F5      	MOVWF      R4+1
0x0216	0x2146      	CALL       _Mul_16X16_U
0x0217	0x3028      	MOVLW      _strings
0x0218	0x07F0      	ADDWF      R0, 1
0x0219	0x0864      	MOVF       _j, 0
0x021A	0x0770      	ADDWF      R0, 0
0x021B	0x00F1      	MOVWF      R1
0x021C	0x0864      	MOVF       _j, 0
0x021D	0x3E5A      	ADDLW      _zbor
0x021E	0x0084      	MOVWF      FSR
0x021F	0x0800      	MOVF       INDF, 0
0x0220	0x00F0      	MOVWF      R0
0x0221	0x0871      	MOVF       R1, 0
0x0222	0x0084      	MOVWF      FSR
0x0223	0x0870      	MOVF       R0, 0
0x0224	0x0080      	MOVWF      INDF
;Lab7_Cetvrtok.c,43 :: 		for(j=0;j<10;j++){
0x0225	0x0AE4      	INCF       _j, 1
0x0226	0x1903      	BTFSC      STATUS, 2
0x0227	0x0AE5      	INCF       _j+1, 1
;Lab7_Cetvrtok.c,44 :: 		strings[i][j]=zbor[j];}
0x0228	0x2A03      	GOTO       L_main7
L_main8:
;Lab7_Cetvrtok.c,45 :: 		Lcd_Out(1,1,strings[i]);
0x0229	0x3001      	MOVLW      1
0x022A	0x00EA      	MOVWF      FARG_Lcd_Out_row
0x022B	0x3001      	MOVLW      1
0x022C	0x00EB      	MOVWF      FARG_Lcd_Out_column
0x022D	0x300A      	MOVLW      10
0x022E	0x00F0      	MOVWF      R0
0x022F	0x3000      	MOVLW      0
0x0230	0x00F1      	MOVWF      R0+1
0x0231	0x0866      	MOVF       _i, 0
0x0232	0x00F4      	MOVWF      R4
0x0233	0x0867      	MOVF       _i+1, 0
0x0234	0x00F5      	MOVWF      R4+1
0x0235	0x2146      	CALL       _Mul_16X16_U
0x0236	0x0870      	MOVF       R0, 0
0x0237	0x3E28      	ADDLW      _strings
0x0238	0x00EC      	MOVWF      FARG_Lcd_Out_text
0x0239	0x2087      	CALL       _Lcd_Out
;Lab7_Cetvrtok.c,46 :: 		Delay_ms(100);
0x023A	0x3002      	MOVLW      2
0x023B	0x00FB      	MOVWF      R11
0x023C	0x3004      	MOVLW      4
0x023D	0x00FC      	MOVWF      R12
0x023E	0x30BA      	MOVLW      186
0x023F	0x00FD      	MOVWF      R13
L_main10:
0x0240	0x0BFD      	DECFSZ     R13, 1
0x0241	0x2A40      	GOTO       L_main10
0x0242	0x0BFC      	DECFSZ     R12, 1
0x0243	0x2A40      	GOTO       L_main10
0x0244	0x0BFB      	DECFSZ     R11, 1
0x0245	0x2A40      	GOTO       L_main10
0x0246	0x0000      	NOP
;Lab7_Cetvrtok.c,47 :: 		for(j = 0; j < 10;  ++j )
0x0247	0x01E4      	CLRF       _j
0x0248	0x01E5      	CLRF       _j+1
L_main11:
0x0249	0x3080      	MOVLW      128
0x024A	0x0665      	XORWF      _j+1, 0
0x024B	0x00F0      	MOVWF      R0
0x024C	0x3080      	MOVLW      128
0x024D	0x0270      	SUBWF      R0, 0
0x024E	0x1D03      	BTFSS      STATUS, 2
0x024F	0x2A52      	GOTO       L__main32
0x0250	0x300A      	MOVLW      10
0x0251	0x0264      	SUBWF      _j, 0
L__main32:
0x0252	0x1803      	BTFSC      STATUS, 0
0x0253	0x2A5C      	GOTO       L_main12
;Lab7_Cetvrtok.c,48 :: 		zbor[j] = (char)0;
0x0254	0x0864      	MOVF       _j, 0
0x0255	0x3E5A      	ADDLW      _zbor
0x0256	0x0084      	MOVWF      FSR
0x0257	0x0180      	CLRF       INDF
;Lab7_Cetvrtok.c,47 :: 		for(j = 0; j < 10;  ++j )
0x0258	0x0AE4      	INCF       _j, 1
0x0259	0x1903      	BTFSC      STATUS, 2
0x025A	0x0AE5      	INCF       _j+1, 1
;Lab7_Cetvrtok.c,48 :: 		zbor[j] = (char)0;
0x025B	0x2A49      	GOTO       L_main11
L_main12:
;Lab7_Cetvrtok.c,49 :: 		i++;
0x025C	0x0AE6      	INCF       _i, 1
0x025D	0x1903      	BTFSC      STATUS, 2
0x025E	0x0AE7      	INCF       _i+1, 1
;Lab7_Cetvrtok.c,50 :: 		j=0;
0x025F	0x01E4      	CLRF       _j
0x0260	0x01E5      	CLRF       _j+1
;Lab7_Cetvrtok.c,51 :: 		}
0x0261	0x2AD3      	GOTO       L_main14
L_main6:
;Lab7_Cetvrtok.c,52 :: 		else if(uart_rd=='.'){
0x0262	0x0827      	MOVF       _uart_rd, 0
0x0263	0x3A2E      	XORLW      46
0x0264	0x1D03      	BTFSS      STATUS, 2
0x0265	0x2ABC      	GOTO       L_main15
;Lab7_Cetvrtok.c,53 :: 		Lcd_Cmd(_LCD_CLEAR);
0x0266	0x3001      	MOVLW      1
0x0267	0x00EF      	MOVWF      FARG_Lcd_Cmd_out_char
0x0268	0x201A      	CALL       _Lcd_Cmd
;Lab7_Cetvrtok.c,54 :: 		Lcd_Cmd(_LCD_CURSOR_OFF);
0x0269	0x300C      	MOVLW      12
0x026A	0x00EF      	MOVWF      FARG_Lcd_Cmd_out_char
0x026B	0x201A      	CALL       _Lcd_Cmd
;Lab7_Cetvrtok.c,55 :: 		for(j=0;j<10;j++){
0x026C	0x01E4      	CLRF       _j
0x026D	0x01E5      	CLRF       _j+1
L_main16:
0x026E	0x3080      	MOVLW      128
0x026F	0x0665      	XORWF      _j+1, 0
0x0270	0x00F0      	MOVWF      R0
0x0271	0x3080      	MOVLW      128
0x0272	0x0270      	SUBWF      R0, 0
0x0273	0x1D03      	BTFSS      STATUS, 2
0x0274	0x2A77      	GOTO       L__main33
0x0275	0x300A      	MOVLW      10
0x0276	0x0264      	SUBWF      _j, 0
L__main33:
0x0277	0x1803      	BTFSC      STATUS, 0
0x0278	0x2A94      	GOTO       L_main17
;Lab7_Cetvrtok.c,56 :: 		strings[i][j]=zbor[j];}
0x0279	0x300A      	MOVLW      10
0x027A	0x00F0      	MOVWF      R0
0x027B	0x3000      	MOVLW      0
0x027C	0x00F1      	MOVWF      R0+1
0x027D	0x0866      	MOVF       _i, 0
0x027E	0x00F4      	MOVWF      R4
0x027F	0x0867      	MOVF       _i+1, 0
0x0280	0x00F5      	MOVWF      R4+1
0x0281	0x2146      	CALL       _Mul_16X16_U
0x0282	0x3028      	MOVLW      _strings
0x0283	0x07F0      	ADDWF      R0, 1
0x0284	0x0864      	MOVF       _j, 0
0x0285	0x0770      	ADDWF      R0, 0
0x0286	0x00F1      	MOVWF      R1
0x0287	0x0864      	MOVF       _j, 0
0x0288	0x3E5A      	ADDLW      _zbor
0x0289	0x0084      	MOVWF      FSR
0x028A	0x0800      	MOVF       INDF, 0
0x028B	0x00F0      	MOVWF      R0
0x028C	0x0871      	MOVF       R1, 0
0x028D	0x0084      	MOVWF      FSR
0x028E	0x0870      	MOVF       R0, 0
0x028F	0x0080      	MOVWF      INDF
;Lab7_Cetvrtok.c,55 :: 		for(j=0;j<10;j++){
0x0290	0x0AE4      	INCF       _j, 1
0x0291	0x1903      	BTFSC      STATUS, 2
0x0292	0x0AE5      	INCF       _j+1, 1
;Lab7_Cetvrtok.c,56 :: 		strings[i][j]=zbor[j];}
0x0293	0x2A6E      	GOTO       L_main16
L_main17:
;Lab7_Cetvrtok.c,57 :: 		Delay_ms(100);
0x0294	0x3002      	MOVLW      2
0x0295	0x00FB      	MOVWF      R11
0x0296	0x3004      	MOVLW      4
0x0297	0x00FC      	MOVWF      R12
0x0298	0x30BA      	MOVLW      186
0x0299	0x00FD      	MOVWF      R13
L_main19:
0x029A	0x0BFD      	DECFSZ     R13, 1
0x029B	0x2A9A      	GOTO       L_main19
0x029C	0x0BFC      	DECFSZ     R12, 1
0x029D	0x2A9A      	GOTO       L_main19
0x029E	0x0BFB      	DECFSZ     R11, 1
0x029F	0x2A9A      	GOTO       L_main19
0x02A0	0x0000      	NOP
;Lab7_Cetvrtok.c,58 :: 		for(j = 0; j < 10;  ++j )
0x02A1	0x01E4      	CLRF       _j
0x02A2	0x01E5      	CLRF       _j+1
L_main20:
0x02A3	0x3080      	MOVLW      128
0x02A4	0x0665      	XORWF      _j+1, 0
0x02A5	0x00F0      	MOVWF      R0
0x02A6	0x3080      	MOVLW      128
0x02A7	0x0270      	SUBWF      R0, 0
0x02A8	0x1D03      	BTFSS      STATUS, 2
0x02A9	0x2AAC      	GOTO       L__main34
0x02AA	0x300A      	MOVLW      10
0x02AB	0x0264      	SUBWF      _j, 0
L__main34:
0x02AC	0x1803      	BTFSC      STATUS, 0
0x02AD	0x2AB6      	GOTO       L_main21
;Lab7_Cetvrtok.c,59 :: 		zbor[j] = (char)0;
0x02AE	0x0864      	MOVF       _j, 0
0x02AF	0x3E5A      	ADDLW      _zbor
0x02B0	0x0084      	MOVWF      FSR
0x02B1	0x0180      	CLRF       INDF
;Lab7_Cetvrtok.c,58 :: 		for(j = 0; j < 10;  ++j )
0x02B2	0x0AE4      	INCF       _j, 1
0x02B3	0x1903      	BTFSC      STATUS, 2
0x02B4	0x0AE5      	INCF       _j+1, 1
;Lab7_Cetvrtok.c,59 :: 		zbor[j] = (char)0;
0x02B5	0x2AA3      	GOTO       L_main20
L_main21:
;Lab7_Cetvrtok.c,60 :: 		i++;
0x02B6	0x0AE6      	INCF       _i, 1
0x02B7	0x1903      	BTFSC      STATUS, 2
0x02B8	0x0AE7      	INCF       _i+1, 1
;Lab7_Cetvrtok.c,61 :: 		j=0;
0x02B9	0x01E4      	CLRF       _j
0x02BA	0x01E5      	CLRF       _j+1
;Lab7_Cetvrtok.c,62 :: 		break;
0x02BB	0x2AD4      	GOTO       L_main2
;Lab7_Cetvrtok.c,63 :: 		}
L_main15:
;Lab7_Cetvrtok.c,65 :: 		for(j = 0; j < 10;  ++j )
0x02BC	0x01E4      	CLRF       _j
0x02BD	0x01E5      	CLRF       _j+1
L_main24:
0x02BE	0x3080      	MOVLW      128
0x02BF	0x0665      	XORWF      _j+1, 0
0x02C0	0x00F0      	MOVWF      R0
0x02C1	0x3080      	MOVLW      128
0x02C2	0x0270      	SUBWF      R0, 0
0x02C3	0x1D03      	BTFSS      STATUS, 2
0x02C4	0x2AC7      	GOTO       L__main35
0x02C5	0x300A      	MOVLW      10
0x02C6	0x0264      	SUBWF      _j, 0
L__main35:
0x02C7	0x1803      	BTFSC      STATUS, 0
0x02C8	0x2AD1      	GOTO       L_main25
;Lab7_Cetvrtok.c,66 :: 		zbor[j] = (char)0;
0x02C9	0x0864      	MOVF       _j, 0
0x02CA	0x3E5A      	ADDLW      _zbor
0x02CB	0x0084      	MOVWF      FSR
0x02CC	0x0180      	CLRF       INDF
;Lab7_Cetvrtok.c,65 :: 		for(j = 0; j < 10;  ++j )
0x02CD	0x0AE4      	INCF       _j, 1
0x02CE	0x1903      	BTFSC      STATUS, 2
0x02CF	0x0AE5      	INCF       _j+1, 1
;Lab7_Cetvrtok.c,66 :: 		zbor[j] = (char)0;
0x02D0	0x2ABE      	GOTO       L_main24
L_main25:
;Lab7_Cetvrtok.c,67 :: 		j=0;
0x02D1	0x01E4      	CLRF       _j
0x02D2	0x01E5      	CLRF       _j+1
;Lab7_Cetvrtok.c,68 :: 		}
L_main14:
;Lab7_Cetvrtok.c,70 :: 		}
L_main5:
;Lab7_Cetvrtok.c,71 :: 		}
L_main3:
;Lab7_Cetvrtok.c,72 :: 		}
0x02D3	0x29E1      	GOTO       L_main1
L_main2:
;Lab7_Cetvrtok.c,73 :: 		Lcd_Cmd(_LCD_CLEAR);
0x02D4	0x3001      	MOVLW      1
0x02D5	0x00EF      	MOVWF      FARG_Lcd_Cmd_out_char
0x02D6	0x201A      	CALL       _Lcd_Cmd
;Lab7_Cetvrtok.c,74 :: 		Lcd_Cmd(_LCD_CURSOR_OFF);
0x02D7	0x300C      	MOVLW      12
0x02D8	0x00EF      	MOVWF      FARG_Lcd_Cmd_out_char
0x02D9	0x201A      	CALL       _Lcd_Cmd
;Lab7_Cetvrtok.c,75 :: 		Lcd_Out(1,1,"OUT");
0x02DA	0x3001      	MOVLW      1
0x02DB	0x00EA      	MOVWF      FARG_Lcd_Out_row
0x02DC	0x3001      	MOVLW      1
0x02DD	0x00EB      	MOVWF      FARG_Lcd_Out_column
0x02DE	0x3020      	MOVLW      ?lstr1_Lab7_Cetvrtok
0x02DF	0x00EC      	MOVWF      FARG_Lcd_Out_text
0x02E0	0x2087      	CALL       _Lcd_Out
;Lab7_Cetvrtok.c,76 :: 		brZborovi=i-1;
0x02E1	0x3001      	MOVLW      1
0x02E2	0x0266      	SUBWF      _i, 0
0x02E3	0x00E8      	MOVWF      _brZborovi
0x02E4	0x3000      	MOVLW      0
0x02E5	0x1C03      	BTFSS      STATUS, 0
0x02E6	0x3E01      	ADDLW      1
0x02E7	0x0267      	SUBWF      _i+1, 0
0x02E8	0x00E9      	MOVWF      _brZborovi+1
;Lab7_Cetvrtok.c,77 :: 		for(j=0;j<20;i++){
0x02E9	0x01E4      	CLRF       _j
0x02EA	0x01E5      	CLRF       _j+1
L_main27:
0x02EB	0x3080      	MOVLW      128
0x02EC	0x0665      	XORWF      _j+1, 0
0x02ED	0x00F0      	MOVWF      R0
0x02EE	0x3080      	MOVLW      128
0x02EF	0x0270      	SUBWF      R0, 0
0x02F0	0x1D03      	BTFSS      STATUS, 2
0x02F1	0x2AF4      	GOTO       L__main36
0x02F2	0x3014      	MOVLW      20
0x02F3	0x0264      	SUBWF      _j, 0
L__main36:
0x02F4	0x1803      	BTFSC      STATUS, 0
0x02F5	0x2B0A      	GOTO       L_main28
;Lab7_Cetvrtok.c,78 :: 		Lcd_Cmd(_LCD_CLEAR);
0x02F6	0x3001      	MOVLW      1
0x02F7	0x00EF      	MOVWF      FARG_Lcd_Cmd_out_char
0x02F8	0x201A      	CALL       _Lcd_Cmd
;Lab7_Cetvrtok.c,79 :: 		Lcd_Cmd(_LCD_CURSOR_OFF);
0x02F9	0x300C      	MOVLW      12
0x02FA	0x00EF      	MOVWF      FARG_Lcd_Cmd_out_char
0x02FB	0x201A      	CALL       _Lcd_Cmd
;Lab7_Cetvrtok.c,80 :: 		Lcd_Chr(1,j,strings[0][j]);
0x02FC	0x3001      	MOVLW      1
0x02FD	0x00EA      	MOVWF      FARG_Lcd_Chr_row
0x02FE	0x0864      	MOVF       _j, 0
0x02FF	0x00EB      	MOVWF      FARG_Lcd_Chr_column
0x0300	0x0864      	MOVF       _j, 0
0x0301	0x3E28      	ADDLW      _strings
0x0302	0x0084      	MOVWF      FSR
0x0303	0x0800      	MOVF       INDF, 0
0x0304	0x00EC      	MOVWF      FARG_Lcd_Chr_out_char
0x0305	0x2171      	CALL       _Lcd_Chr
;Lab7_Cetvrtok.c,77 :: 		for(j=0;j<20;i++){
0x0306	0x0AE6      	INCF       _i, 1
0x0307	0x1903      	BTFSC      STATUS, 2
0x0308	0x0AE7      	INCF       _i+1, 1
;Lab7_Cetvrtok.c,81 :: 		}
0x0309	0x2AEB      	GOTO       L_main27
L_main28:
;Lab7_Cetvrtok.c,82 :: 		}
L_end_main:
0x030A	0x2B0A      	GOTO       $+0
; end of _main
Symbol List:
//** Routines locations **
//ADDRESS    SIZE    PROCEDURE
//----------------------------------------------
0x0003       [7]    _Delay_50us
0x000A       [3]    _Delay_1us
0x000D      [13]    _Delay_5500us
0x001A      [64]    _Lcd_Cmd
0x005A       [7]    _____DoICP
0x0061       [8]    _Lcd_Chr_CP
0x0069      [15]    _isupper
0x0078      [15]    _islower
0x0087      [64]    _Lcd_Out
0x00C7      [19]    _isalpha
0x00DA      [11]    _UART1_Read
0x00E5       [7]    _UART1_Data_Ready
0x00EC      [12]    ___CC2DW
0x00F8      [78]    _Lcd_Init
0x0146      [43]    _Mul_16X16_U
0x0171      [53]    _Lcd_Chr
0x01A6      [16]    _UART1_Init
0x01B6     [341]    _main
//** Variables locations ** 
//ADDRESS    SIZE    VARIABLE
//----------------------------------------------
0x0000       [1]    INDF
0x0002       [1]    PCL
0x0003       [1]    STATUS
0x0004       [1]    FSR
0x0006       [0]    LCD_EN
0x0006       [0]    LCD_RS
0x0006       [0]    LCD_D4
0x0006       [0]    LCD_D7
0x0006       [0]    LCD_D6
0x0006       [0]    LCD_D5
0x0006       [0]    RB1_bit
0x0006       [0]    RB0_bit
0x0006       [0]    RB2_bit
0x0006       [0]    RB5_bit
0x0006       [0]    RB4_bit
0x0006       [0]    RB3_bit
0x000A       [1]    PCLATH
0x000C       [1]    PIR1
0x0018       [1]    RCSTA
0x001A       [1]    RCREG
0x0020       [4]    ?lstr1_Lab7_Cetvrtok
0x0024       [0]    __Lib_Lcd_cmd_status
0x0025       [2]    ___DoICPAddr
0x0027       [1]    _uart_rd
0x0028      [50]    _strings
0x005A      [10]    _zbor
0x0064       [2]    _j
0x0066       [2]    _i
0x0068       [2]    _brZborovi
0x006A       [1]    FARG_Lcd_Out_row
0x006A       [1]    FARG_isalpha_character
0x006A       [1]    FARG_Lcd_Chr_row
0x006B       [1]    FARG_Lcd_Out_column
0x006B       [1]    FARG_Lcd_Chr_column
0x006C       [1]    FARG_Lcd_Out_text
0x006C       [1]    FARG_Lcd_Chr_out_char
0x006D       [1]    Lcd_Out_i_L0
0x006E       [1]    FARG_islower_character
0x006E       [1]    FARG_isupper_character
0x006E       [1]    FARG_Lcd_Chr_CP_out_char
0x006F       [1]    FARG_Lcd_Cmd_out_char
0x0070       [1]    R0
0x0071       [1]    R1
0x0072       [1]    R2
0x0073       [1]    R3
0x0074       [1]    R4
0x0075       [1]    R5
0x0076       [1]    R6
0x0077       [1]    R7
0x0078       [1]    R8
0x0079       [1]    R9
0x007A       [1]    R10
0x007B       [1]    R11
0x007C       [1]    R12
0x007D       [1]    R13
0x007E       [1]    R14
0x007F       [1]    R15
0x0086       [0]    LCD_D4_Direction
0x0086       [0]    TRISB5_bit
0x0086       [0]    TRISB2_bit
0x0086       [0]    TRISB4_bit
0x0086       [0]    LCD_D5_Direction
0x0086       [0]    TRISB1_bit
0x0086       [0]    LCD_EN_Direction
0x0086       [0]    LCD_D7_Direction
0x0086       [0]    LCD_RS_Direction
0x0086       [0]    TRISB3_bit
0x0086       [0]    LCD_D6_Direction
0x0086       [0]    TRISB0_bit
0x0087       [0]    TRISC6_bit
0x0087       [0]    TRISC7_bit
0x0098       [1]    TXSTA
0x0099       [1]    SPBRG
0x009A       [1]    SPBRGH
0x0107       [0]    C1ON_bit
0x0108       [0]    C2ON_bit
0x0188       [1]    ANSEL
0x0189       [1]    ANSELH
