;  LST file generated by mikroListExporter - v.2.0 
; Date/Time: 15.12.2016 22:17:31
;----------------------------------------------

;Address Opcode 	ASM
0x0000	0x2985      	GOTO       389
_Delay_1us:
;__Lib_Delays.c,7 :: 		void Delay_1us() {
;__Lib_Delays.c,8 :: 		Delay_us(1);
0x0003	0x0000      	NOP
0x0004	0x0000      	NOP
;__Lib_Delays.c,9 :: 		}
L_end_Delay_1us:
0x0005	0x0008      	RETURN
; end of _Delay_1us
_Delay_50us:
;__Lib_Delays.c,19 :: 		void Delay_50us() {
;__Lib_Delays.c,20 :: 		Delay_us(50);
0x0006	0x3021      	MOVLW      33
0x0007	0x1283      	BCF        STATUS, 5
0x0008	0x1303      	BCF        STATUS, 6
0x0009	0x00FD      	MOVWF      R13
L_Delay_50us2:
0x000A	0x0BFD      	DECFSZ     R13, 1
0x000B	0x280A      	GOTO       L_Delay_50us2
;__Lib_Delays.c,21 :: 		}
L_end_Delay_50us:
0x000C	0x0008      	RETURN
; end of _Delay_50us
_Delay_5500us:
;__Lib_Delays.c,31 :: 		void Delay_5500us() {
;__Lib_Delays.c,32 :: 		Delay_us(5500);
0x000D	0x300F      	MOVLW      15
0x000E	0x1283      	BCF        STATUS, 5
0x000F	0x1303      	BCF        STATUS, 6
0x0010	0x00FC      	MOVWF      R12
0x0011	0x3047      	MOVLW      71
0x0012	0x00FD      	MOVWF      R13
L_Delay_5500us5:
0x0013	0x0BFD      	DECFSZ     R13, 1
0x0014	0x2813      	GOTO       L_Delay_5500us5
0x0015	0x0BFC      	DECFSZ     R12, 1
0x0016	0x2813      	GOTO       L_Delay_5500us5
0x0017	0x0000      	NOP
0x0018	0x0000      	NOP
;__Lib_Delays.c,33 :: 		}
L_end_Delay_5500us:
0x0019	0x0008      	RETURN
; end of _Delay_5500us
_Lcd_Cmd:
;__Lib_Lcd.c,18 :: 		
;__Lib_Lcd.c,20 :: 		
0x001A	0x1283      	BCF        STATUS, 5
0x001B	0x1303      	BCF        STATUS, 6
0x001C	0x1BCB      	BTFSC      FARG_Lcd_Cmd_out_char, 7
0x001D	0x2820      	GOTO       L__Lcd_Cmd21
0x001E	0x1186      	BCF        LCD_D7, BitPos(LCD_D7+0)
0x001F	0x2821      	GOTO       L__Lcd_Cmd22
L__Lcd_Cmd21:
0x0020	0x1586      	BSF        LCD_D7, BitPos(LCD_D7+0)
L__Lcd_Cmd22:
;__Lib_Lcd.c,21 :: 		
0x0021	0x1B4B      	BTFSC      FARG_Lcd_Cmd_out_char, 6
0x0022	0x2825      	GOTO       L__Lcd_Cmd23
0x0023	0x1106      	BCF        LCD_D6, BitPos(LCD_D6+0)
0x0024	0x2826      	GOTO       L__Lcd_Cmd24
L__Lcd_Cmd23:
0x0025	0x1506      	BSF        LCD_D6, BitPos(LCD_D6+0)
L__Lcd_Cmd24:
;__Lib_Lcd.c,22 :: 		
0x0026	0x1ACB      	BTFSC      FARG_Lcd_Cmd_out_char, 5
0x0027	0x282A      	GOTO       L__Lcd_Cmd25
0x0028	0x1086      	BCF        LCD_D5, BitPos(LCD_D5+0)
0x0029	0x282B      	GOTO       L__Lcd_Cmd26
L__Lcd_Cmd25:
0x002A	0x1486      	BSF        LCD_D5, BitPos(LCD_D5+0)
L__Lcd_Cmd26:
;__Lib_Lcd.c,23 :: 		
0x002B	0x1A4B      	BTFSC      FARG_Lcd_Cmd_out_char, 4
0x002C	0x282F      	GOTO       L__Lcd_Cmd27
0x002D	0x1006      	BCF        LCD_D4, BitPos(LCD_D4+0)
0x002E	0x2830      	GOTO       L__Lcd_Cmd28
L__Lcd_Cmd27:
0x002F	0x1406      	BSF        LCD_D4, BitPos(LCD_D4+0)
L__Lcd_Cmd28:
;__Lib_Lcd.c,25 :: 		
0x0030	0x1845      	BTFSC      __Lib_Lcd_cmd_status, BitPos(__Lib_Lcd_cmd_status+0)
0x0031	0x2834      	GOTO       L__Lcd_Cmd29
0x0032	0x1606      	BSF        LCD_RS, BitPos(LCD_RS+0)
0x0033	0x2835      	GOTO       L__Lcd_Cmd30
L__Lcd_Cmd29:
0x0034	0x1206      	BCF        LCD_RS, BitPos(LCD_RS+0)
L__Lcd_Cmd30:
;__Lib_Lcd.c,28 :: 		
0x0035	0x1686      	BSF        LCD_EN, BitPos(LCD_EN+0)
;__Lib_Lcd.c,29 :: 		
0x0036	0x2003      	CALL       _Delay_1us
;__Lib_Lcd.c,30 :: 		
0x0037	0x1286      	BCF        LCD_EN, BitPos(LCD_EN+0)
;__Lib_Lcd.c,33 :: 		
0x0038	0x19CB      	BTFSC      FARG_Lcd_Cmd_out_char, 3
0x0039	0x283C      	GOTO       L__Lcd_Cmd31
0x003A	0x1186      	BCF        LCD_D7, BitPos(LCD_D7+0)
0x003B	0x283D      	GOTO       L__Lcd_Cmd32
L__Lcd_Cmd31:
0x003C	0x1586      	BSF        LCD_D7, BitPos(LCD_D7+0)
L__Lcd_Cmd32:
;__Lib_Lcd.c,34 :: 		
0x003D	0x194B      	BTFSC      FARG_Lcd_Cmd_out_char, 2
0x003E	0x2841      	GOTO       L__Lcd_Cmd33
0x003F	0x1106      	BCF        LCD_D6, BitPos(LCD_D6+0)
0x0040	0x2842      	GOTO       L__Lcd_Cmd34
L__Lcd_Cmd33:
0x0041	0x1506      	BSF        LCD_D6, BitPos(LCD_D6+0)
L__Lcd_Cmd34:
;__Lib_Lcd.c,35 :: 		
0x0042	0x18CB      	BTFSC      FARG_Lcd_Cmd_out_char, 1
0x0043	0x2846      	GOTO       L__Lcd_Cmd35
0x0044	0x1086      	BCF        LCD_D5, BitPos(LCD_D5+0)
0x0045	0x2847      	GOTO       L__Lcd_Cmd36
L__Lcd_Cmd35:
0x0046	0x1486      	BSF        LCD_D5, BitPos(LCD_D5+0)
L__Lcd_Cmd36:
;__Lib_Lcd.c,36 :: 		
0x0047	0x184B      	BTFSC      FARG_Lcd_Cmd_out_char, 0
0x0048	0x284B      	GOTO       L__Lcd_Cmd37
0x0049	0x1006      	BCF        LCD_D4, BitPos(LCD_D4+0)
0x004A	0x284C      	GOTO       L__Lcd_Cmd38
L__Lcd_Cmd37:
0x004B	0x1406      	BSF        LCD_D4, BitPos(LCD_D4+0)
L__Lcd_Cmd38:
;__Lib_Lcd.c,38 :: 		
0x004C	0x1845      	BTFSC      __Lib_Lcd_cmd_status, BitPos(__Lib_Lcd_cmd_status+0)
0x004D	0x2850      	GOTO       L__Lcd_Cmd39
0x004E	0x1606      	BSF        LCD_RS, BitPos(LCD_RS+0)
0x004F	0x2851      	GOTO       L__Lcd_Cmd40
L__Lcd_Cmd39:
0x0050	0x1206      	BCF        LCD_RS, BitPos(LCD_RS+0)
L__Lcd_Cmd40:
;__Lib_Lcd.c,40 :: 		
0x0051	0x1686      	BSF        LCD_EN, BitPos(LCD_EN+0)
;__Lib_Lcd.c,41 :: 		
0x0052	0x2003      	CALL       _Delay_1us
;__Lib_Lcd.c,42 :: 		
0x0053	0x1286      	BCF        LCD_EN, BitPos(LCD_EN+0)
;__Lib_Lcd.c,44 :: 		
0x0054	0x1C45      	BTFSS      __Lib_Lcd_cmd_status, BitPos(__Lib_Lcd_cmd_status+0)
0x0055	0x2858      	GOTO       L_Lcd_Cmd0
;__Lib_Lcd.c,45 :: 		
0x0056	0x200D      	CALL       _Delay_5500us
0x0057	0x2859      	GOTO       L_Lcd_Cmd1
L_Lcd_Cmd0:
;__Lib_Lcd.c,47 :: 		
0x0058	0x2006      	CALL       _Delay_50us
L_Lcd_Cmd1:
;__Lib_Lcd.c,48 :: 		
L_end_Lcd_Cmd:
0x0059	0x0008      	RETURN
; end of _Lcd_Cmd
_____DoICP:
;__Lib_System.c,6 :: 		
;__Lib_System.c,9 :: 		
0x005A	0x1283      	BCF        STATUS, 5
0x005B	0x1303      	BCF        STATUS, 6
0x005C	0x0840      	MOVF       ___DoICPAddr+1, 0
0x005D	0x008A      	MOVWF      PCLATH
;__Lib_System.c,10 :: 		
0x005E	0x083F      	MOVF       ___DoICPAddr, 0
0x005F	0x0082      	MOVWF      PCL
;__Lib_System.c,12 :: 		
L_end_____DoICP:
0x0060	0x0008      	RETURN
; end of _____DoICP
_Delay_22us:
;__Lib_Delays.c,15 :: 		void Delay_22us() {
;__Lib_Delays.c,16 :: 		Delay_us(22);
0x0061	0x300E      	MOVLW      14
0x0062	0x1283      	BCF        STATUS, 5
0x0063	0x1303      	BCF        STATUS, 6
0x0064	0x00FD      	MOVWF      R13
L_Delay_22us1:
0x0065	0x0BFD      	DECFSZ     R13, 1
0x0066	0x2865      	GOTO       L_Delay_22us1
0x0067	0x0000      	NOP
;__Lib_Delays.c,17 :: 		}
L_end_Delay_22us:
0x0068	0x0008      	RETURN
; end of _Delay_22us
_Lcd_Chr_CP:
;__Lib_Lcd.c,50 :: 		
;__Lib_Lcd.c,52 :: 		
0x0069	0x1283      	BCF        STATUS, 5
0x006A	0x1303      	BCF        STATUS, 6
0x006B	0x1045      	BCF        __Lib_Lcd_cmd_status, BitPos(__Lib_Lcd_cmd_status+0)
;__Lib_Lcd.c,53 :: 		
0x006C	0x084A      	MOVF       FARG_Lcd_Chr_CP_out_char, 0
0x006D	0x00CB      	MOVWF      FARG_Lcd_Cmd_out_char
0x006E	0x201A      	CALL       _Lcd_Cmd
;__Lib_Lcd.c,54 :: 		
0x006F	0x1445      	BSF        __Lib_Lcd_cmd_status, BitPos(__Lib_Lcd_cmd_status+0)
;__Lib_Lcd.c,55 :: 		
L_end_Lcd_Chr_CP:
0x0070	0x0008      	RETURN
; end of _Lcd_Chr_CP
_Lcd_Out:
;__Lib_Lcd.c,184 :: 		
;__Lib_Lcd.c,187 :: 		
0x0071	0x2883      	GOTO       L_Lcd_Out11
;__Lib_Lcd.c,188 :: 		
L_Lcd_Out13:
0x0072	0x3080      	MOVLW      128
0x0073	0x1283      	BCF        STATUS, 5
0x0074	0x1303      	BCF        STATUS, 6
0x0075	0x00C6      	MOVWF      FARG_Lcd_Out_row
0x0076	0x2896      	GOTO       L_Lcd_Out12
;__Lib_Lcd.c,189 :: 		
L_Lcd_Out14:
0x0077	0x30C0      	MOVLW      192
0x0078	0x00C6      	MOVWF      FARG_Lcd_Out_row
0x0079	0x2896      	GOTO       L_Lcd_Out12
;__Lib_Lcd.c,190 :: 		
L_Lcd_Out15:
0x007A	0x3094      	MOVLW      148
0x007B	0x00C6      	MOVWF      FARG_Lcd_Out_row
0x007C	0x2896      	GOTO       L_Lcd_Out12
;__Lib_Lcd.c,191 :: 		
L_Lcd_Out16:
0x007D	0x30D4      	MOVLW      212
0x007E	0x00C6      	MOVWF      FARG_Lcd_Out_row
0x007F	0x2896      	GOTO       L_Lcd_Out12
;__Lib_Lcd.c,192 :: 		
L_Lcd_Out17:
0x0080	0x3080      	MOVLW      128
0x0081	0x00C6      	MOVWF      FARG_Lcd_Out_row
;__Lib_Lcd.c,193 :: 		
0x0082	0x2896      	GOTO       L_Lcd_Out12
L_Lcd_Out11:
0x0083	0x1283      	BCF        STATUS, 5
0x0084	0x1303      	BCF        STATUS, 6
0x0085	0x0846      	MOVF       FARG_Lcd_Out_row, 0
0x0086	0x3A01      	XORLW      1
0x0087	0x1903      	BTFSC      STATUS, 2
0x0088	0x2872      	GOTO       L_Lcd_Out13
0x0089	0x0846      	MOVF       FARG_Lcd_Out_row, 0
0x008A	0x3A02      	XORLW      2
0x008B	0x1903      	BTFSC      STATUS, 2
0x008C	0x2877      	GOTO       L_Lcd_Out14
0x008D	0x0846      	MOVF       FARG_Lcd_Out_row, 0
0x008E	0x3A03      	XORLW      3
0x008F	0x1903      	BTFSC      STATUS, 2
0x0090	0x287A      	GOTO       L_Lcd_Out15
0x0091	0x0846      	MOVF       FARG_Lcd_Out_row, 0
0x0092	0x3A04      	XORLW      4
0x0093	0x1903      	BTFSC      STATUS, 2
0x0094	0x287D      	GOTO       L_Lcd_Out16
0x0095	0x2880      	GOTO       L_Lcd_Out17
L_Lcd_Out12:
;__Lib_Lcd.c,194 :: 		
0x0096	0x0347      	DECF       FARG_Lcd_Out_column, 0
0x0097	0x00F0      	MOVWF      R0
0x0098	0x0846      	MOVF       FARG_Lcd_Out_row, 0
0x0099	0x07F0      	ADDWF      R0, 1
0x009A	0x0870      	MOVF       R0, 0
0x009B	0x00C6      	MOVWF      FARG_Lcd_Out_row
;__Lib_Lcd.c,196 :: 		
0x009C	0x0870      	MOVF       R0, 0
0x009D	0x00CB      	MOVWF      FARG_Lcd_Cmd_out_char
0x009E	0x201A      	CALL       _Lcd_Cmd
;__Lib_Lcd.c,197 :: 		
0x009F	0x1045      	BCF        __Lib_Lcd_cmd_status, BitPos(__Lib_Lcd_cmd_status+0)
;__Lib_Lcd.c,198 :: 		
0x00A0	0x01C9      	CLRF       Lcd_Out_i_L0
;__Lib_Lcd.c,199 :: 		
L_Lcd_Out18:
0x00A1	0x0849      	MOVF       Lcd_Out_i_L0, 0
0x00A2	0x0748      	ADDWF      FARG_Lcd_Out_text, 0
0x00A3	0x0084      	MOVWF      FSR
0x00A4	0x0800      	MOVF       INDF, 0
0x00A5	0x1903      	BTFSC      STATUS, 2
0x00A6	0x28AF      	GOTO       L_Lcd_Out19
;__Lib_Lcd.c,200 :: 		
0x00A7	0x0849      	MOVF       Lcd_Out_i_L0, 0
0x00A8	0x0748      	ADDWF      FARG_Lcd_Out_text, 0
0x00A9	0x0084      	MOVWF      FSR
0x00AA	0x0800      	MOVF       INDF, 0
0x00AB	0x00CA      	MOVWF      FARG_Lcd_Chr_CP_out_char
0x00AC	0x2069      	CALL       _Lcd_Chr_CP
0x00AD	0x0AC9      	INCF       Lcd_Out_i_L0, 1
0x00AE	0x28A1      	GOTO       L_Lcd_Out18
L_Lcd_Out19:
;__Lib_Lcd.c,201 :: 		
0x00AF	0x1445      	BSF        __Lib_Lcd_cmd_status, BitPos(__Lib_Lcd_cmd_status+0)
;__Lib_Lcd.c,202 :: 		
L_end_Lcd_Out:
0x00B0	0x0008      	RETURN
; end of _Lcd_Out
_UART1_Init:
;__Lib_UART_c67.c,2 :: 		
;__Lib_UART_c67.c,5 :: 		
0x00B1	0x1683      	BSF        STATUS, 5
0x00B2	0x1303      	BCF        STATUS, 6
0x00B3	0x1698      	BSF        TXSTA, 5
;__Lib_UART_c67.c,6 :: 		
0x00B4	0x3090      	MOVLW      144
0x00B5	0x1283      	BCF        STATUS, 5
0x00B6	0x0098      	MOVWF      RCSTA
;__Lib_UART_c67.c,7 :: 		
0x00B7	0x1683      	BSF        STATUS, 5
0x00B8	0x1787      	BSF        TRISC7_bit, BitPos(TRISC7_bit+0)
;__Lib_UART_c67.c,8 :: 		
0x00B9	0x1307      	BCF        TRISC6_bit, BitPos(TRISC6_bit+0)
;__Lib_UART_c67.c,10 :: 		
L_UART1_Init0:
0x00BA	0x1283      	BCF        STATUS, 5
0x00BB	0x1E8C      	BTFSS      PIR1, 5
0x00BC	0x28C0      	GOTO       L_UART1_Init1
;__Lib_UART_c67.c,11 :: 		
0x00BD	0x081A      	MOVF       RCREG, 0
0x00BE	0x00F0      	MOVWF      R0
0x00BF	0x28BA      	GOTO       L_UART1_Init0
L_UART1_Init1:
;__Lib_UART_c67.c,12 :: 		
L_end_UART1_Init:
0x00C0	0x0008      	RETURN
; end of _UART1_Init
___CC2DW:
;__Lib_System.c,134 :: 		
;__Lib_System.c,137 :: 		
_CC2D_Loop1:
;__Lib_System.c,139 :: 		
0x00C1	0x205A      	CALL       _____DoICP
0x00C2	0x118A      	BCF        PCLATH, 3
0x00C3	0x120A      	BCF        PCLATH, 4
;__Lib_System.c,141 :: 		
0x00C4	0x0080      	MOVWF      INDF
;__Lib_System.c,142 :: 		
0x00C5	0x0A84      	INCF       FSR, 1
;__Lib_System.c,143 :: 		
0x00C6	0x0ABF      	INCF       ___DoICPAddr, 1
;__Lib_System.c,145 :: 		
0x00C7	0x1903      	BTFSC      STATUS, 2
;__Lib_System.c,146 :: 		
0x00C8	0x0AC0      	INCF       ___DoICPAddr+1, 1
;__Lib_System.c,147 :: 		
0x00C9	0x03F0      	DECF       R0, 1
;__Lib_System.c,149 :: 		
0x00CA	0x1D03      	BTFSS      STATUS, 2
;__Lib_System.c,150 :: 		
0x00CB	0x28C1      	GOTO       _CC2D_Loop1
;__Lib_System.c,152 :: 		
L_end___CC2DW:
0x00CC	0x0008      	RETURN
; end of ___CC2DW
_isdigit:
;__Lib_CType.c,23 :: 		
;__Lib_CType.c,24 :: 		
0x00CD	0x1283      	BCF        STATUS, 5
0x00CE	0x1303      	BCF        STATUS, 6
0x00CF	0x0846      	MOVF       FARG_isdigit_character, 0
0x00D0	0x3C39      	SUBLW      57
0x00D1	0x1C03      	BTFSS      STATUS, 0
0x00D2	0x28DA      	GOTO       L_isdigit9
0x00D3	0x3030      	MOVLW      48
0x00D4	0x0246      	SUBWF      FARG_isdigit_character, 0
0x00D5	0x1C03      	BTFSS      STATUS, 0
0x00D6	0x28DA      	GOTO       L_isdigit9
0x00D7	0x3001      	MOVLW      1
0x00D8	0x00F0      	MOVWF      R0
0x00D9	0x28DB      	GOTO       L_isdigit8
L_isdigit9:
0x00DA	0x01F0      	CLRF       R0
L_isdigit8:
;__Lib_CType.c,25 :: 		
L_end_isdigit:
0x00DB	0x0008      	RETURN
; end of _isdigit
_UART1_Data_Ready:
;__Lib_UART_c67.c,16 :: 		
;__Lib_UART_c67.c,17 :: 		
0x00DC	0x3000      	MOVLW      0
0x00DD	0x1283      	BCF        STATUS, 5
0x00DE	0x1303      	BCF        STATUS, 6
0x00DF	0x1A8C      	BTFSC      PIR1, 5
0x00E0	0x3001      	MOVLW      1
0x00E1	0x00F0      	MOVWF      R0
;__Lib_UART_c67.c,18 :: 		
L_end_UART1_Data_Ready:
0x00E2	0x0008      	RETURN
; end of _UART1_Data_Ready
_strcmp:
;__Lib_CString.c,115 :: 		
;__Lib_CString.c,117 :: 		
L_strcmp30:
0x00E3	0x1283      	BCF        STATUS, 5
0x00E4	0x1303      	BCF        STATUS, 6
0x00E5	0x0846      	MOVF       FARG_strcmp_s1, 0
0x00E6	0x0084      	MOVWF      FSR
0x00E7	0x0800      	MOVF       INDF, 0
0x00E8	0x1903      	BTFSC      STATUS, 2
0x00E9	0x28F7      	GOTO       L_strcmp31
0x00EA	0x0846      	MOVF       FARG_strcmp_s1, 0
0x00EB	0x0084      	MOVWF      FSR
0x00EC	0x0800      	MOVF       INDF, 0
0x00ED	0x00F1      	MOVWF      R1
0x00EE	0x0847      	MOVF       FARG_strcmp_s2, 0
0x00EF	0x0084      	MOVWF      FSR
0x00F0	0x0871      	MOVF       R1, 0
0x00F1	0x0600      	XORWF      INDF, 0
0x00F2	0x1D03      	BTFSS      STATUS, 2
0x00F3	0x28F7      	GOTO       L_strcmp31
L__strcmp81:
;__Lib_CString.c,118 :: 		
0x00F4	0x0AC6      	INCF       FARG_strcmp_s1, 1
0x00F5	0x0AC7      	INCF       FARG_strcmp_s2, 1
0x00F6	0x28E3      	GOTO       L_strcmp30
L_strcmp31:
;__Lib_CString.c,120 :: 		
0x00F7	0x0846      	MOVF       FARG_strcmp_s1, 0
0x00F8	0x0084      	MOVWF      FSR
0x00F9	0x0800      	MOVF       INDF, 0
0x00FA	0x00F0      	MOVWF      R0
0x00FB	0x0847      	MOVF       FARG_strcmp_s2, 0
0x00FC	0x0084      	MOVWF      FSR
0x00FD	0x0800      	MOVF       INDF, 0
0x00FE	0x02F0      	SUBWF      R0, 1
0x00FF	0x01F1      	CLRF       R0+1
0x0100	0x1C03      	BTFSS      STATUS, 0
0x0101	0x03F1      	DECF       R0+1, 1
;__Lib_CString.c,121 :: 		
L_end_strcmp:
0x0102	0x0008      	RETURN
; end of _strcmp
_Soft_SPI_Write:
;__Lib_SoftSPI.c,21 :: 		
;__Lib_SoftSPI.c,22 :: 		
0x0103	0x3080      	MOVLW      128
0x0104	0x1283      	BCF        STATUS, 5
0x0105	0x1303      	BCF        STATUS, 6
0x0106	0x00C7      	MOVWF      Soft_SPI_Write_i_L0
;__Lib_SoftSPI.c,24 :: 		
0x0107	0x09C6      	COMF       FARG_Soft_SPI_Write_sdata, 1
;__Lib_SoftSPI.c,25 :: 		
L_Soft_SPI_Write0:
0x0108	0x0847      	MOVF       Soft_SPI_Write_i_L0, 0
0x0109	0x1903      	BTFSC      STATUS, 2
0x010A	0x2921      	GOTO       L_Soft_SPI_Write1
;__Lib_SoftSPI.c,26 :: 		
0x010B	0x0847      	MOVF       Soft_SPI_Write_i_L0, 0
0x010C	0x0546      	ANDWF      FARG_Soft_SPI_Write_sdata, 0
0x010D	0x00F1      	MOVWF      R1
0x010E	0x0871      	MOVF       R1, 0
0x010F	0x3001      	MOVLW      1
0x0110	0x1D03      	BTFSS      STATUS, 2
0x0111	0x3000      	MOVLW      0
0x0112	0x00F0      	MOVWF      R0
0x0113	0x1870      	BTFSC      R0, 0
0x0114	0x2917      	GOTO       L__Soft_SPI_Write7
0x0115	0x1285      	BCF        SoftSpi_SDO, BitPos(SoftSpi_SDO+0)
0x0116	0x2918      	GOTO       L__Soft_SPI_Write8
L__Soft_SPI_Write7:
0x0117	0x1685      	BSF        SoftSpi_SDO, BitPos(SoftSpi_SDO+0)
L__Soft_SPI_Write8:
;__Lib_SoftSPI.c,27 :: 		
0x0118	0x2003      	CALL       _Delay_1us
;__Lib_SoftSPI.c,28 :: 		
0x0119	0x2003      	CALL       _Delay_1us
;__Lib_SoftSPI.c,29 :: 		
0x011A	0x1585      	BSF        SoftSpi_CLK, BitPos(SoftSpi_CLK+0)
;__Lib_SoftSPI.c,30 :: 		
0x011B	0x2061      	CALL       _Delay_22us
;__Lib_SoftSPI.c,31 :: 		
0x011C	0x1185      	BCF        SoftSpi_CLK, BitPos(SoftSpi_CLK+0)
;__Lib_SoftSPI.c,32 :: 		
0x011D	0x2061      	CALL       _Delay_22us
;__Lib_SoftSPI.c,33 :: 		
0x011E	0x0CC7      	RRF        Soft_SPI_Write_i_L0, 1
0x011F	0x13C7      	BCF        Soft_SPI_Write_i_L0, 7
;__Lib_SoftSPI.c,34 :: 		
0x0120	0x2908      	GOTO       L_Soft_SPI_Write0
L_Soft_SPI_Write1:
;__Lib_SoftSPI.c,36 :: 		
L_end_Soft_SPI_Write:
0x0121	0x0008      	RETURN
; end of _Soft_SPI_Write
_Soft_SPI_Init:
;__Lib_SoftSPI.c,11 :: 		
;__Lib_SoftSPI.c,12 :: 		
0x0122	0x1683      	BSF        STATUS, 5
0x0123	0x1303      	BCF        STATUS, 6
0x0124	0x1605      	BSF        SoftSpi_SDI_Direction, BitPos(SoftSpi_SDI_Direction+0)
;__Lib_SoftSPI.c,13 :: 		
0x0125	0x1285      	BCF        SoftSpi_SDO_Direction, BitPos(SoftSpi_SDO_Direction+0)
;__Lib_SoftSPI.c,14 :: 		
0x0126	0x1185      	BCF        SoftSpi_CLK_Direction, BitPos(SoftSpi_CLK_Direction+0)
;__Lib_SoftSPI.c,16 :: 		
0x0127	0x1283      	BCF        STATUS, 5
0x0128	0x1205      	BCF        SoftSpi_SDI, BitPos(SoftSpi_SDI+0)
;__Lib_SoftSPI.c,17 :: 		
0x0129	0x1285      	BCF        SoftSpi_SDO, BitPos(SoftSpi_SDO+0)
;__Lib_SoftSPI.c,18 :: 		
0x012A	0x1185      	BCF        SoftSpi_CLK, BitPos(SoftSpi_CLK+0)
;__Lib_SoftSPI.c,19 :: 		
L_end_Soft_SPI_Init:
0x012B	0x0008      	RETURN
; end of _Soft_SPI_Init
_Lcd_Init:
;__Lib_Lcd.c,84 :: 		
;__Lib_Lcd.c,86 :: 		
0x012C	0x1683      	BSF        STATUS, 5
0x012D	0x1303      	BCF        STATUS, 6
0x012E	0x1286      	BCF        LCD_EN_Direction, BitPos(LCD_EN_Direction+0)
;__Lib_Lcd.c,87 :: 		
0x012F	0x1206      	BCF        LCD_RS_Direction, BitPos(LCD_RS_Direction+0)
;__Lib_Lcd.c,88 :: 		
0x0130	0x1006      	BCF        LCD_D4_Direction, BitPos(LCD_D4_Direction+0)
;__Lib_Lcd.c,89 :: 		
0x0131	0x1086      	BCF        LCD_D5_Direction, BitPos(LCD_D5_Direction+0)
;__Lib_Lcd.c,90 :: 		
0x0132	0x1106      	BCF        LCD_D6_Direction, BitPos(LCD_D6_Direction+0)
;__Lib_Lcd.c,91 :: 		
0x0133	0x1186      	BCF        LCD_D7_Direction, BitPos(LCD_D7_Direction+0)
;__Lib_Lcd.c,93 :: 		
0x0134	0x1283      	BCF        STATUS, 5
0x0135	0x1286      	BCF        LCD_EN, BitPos(LCD_EN+0)
;__Lib_Lcd.c,94 :: 		
0x0136	0x1206      	BCF        LCD_RS, BitPos(LCD_RS+0)
;__Lib_Lcd.c,95 :: 		
0x0137	0x1186      	BCF        LCD_D7, BitPos(LCD_D7+0)
;__Lib_Lcd.c,96 :: 		
0x0138	0x1106      	BCF        LCD_D6, BitPos(LCD_D6+0)
;__Lib_Lcd.c,97 :: 		
0x0139	0x1086      	BCF        LCD_D5, BitPos(LCD_D5+0)
;__Lib_Lcd.c,98 :: 		
0x013A	0x1006      	BCF        LCD_D4, BitPos(LCD_D4+0)
;__Lib_Lcd.c,100 :: 		
0x013B	0x200D      	CALL       _Delay_5500us
;__Lib_Lcd.c,101 :: 		
0x013C	0x200D      	CALL       _Delay_5500us
;__Lib_Lcd.c,102 :: 		
0x013D	0x200D      	CALL       _Delay_5500us
;__Lib_Lcd.c,105 :: 		
0x013E	0x1486      	BSF        LCD_D5, BitPos(LCD_D5+0)
;__Lib_Lcd.c,106 :: 		
0x013F	0x1406      	BSF        LCD_D4, BitPos(LCD_D4+0)
;__Lib_Lcd.c,107 :: 		
0x0140	0x1686      	BSF        LCD_EN, BitPos(LCD_EN+0)
;__Lib_Lcd.c,108 :: 		
0x0141	0x2003      	CALL       _Delay_1us
;__Lib_Lcd.c,109 :: 		
0x0142	0x1286      	BCF        LCD_EN, BitPos(LCD_EN+0)
;__Lib_Lcd.c,110 :: 		
0x0143	0x200D      	CALL       _Delay_5500us
;__Lib_Lcd.c,112 :: 		
0x0144	0x1686      	BSF        LCD_EN, BitPos(LCD_EN+0)
;__Lib_Lcd.c,113 :: 		
0x0145	0x2003      	CALL       _Delay_1us
;__Lib_Lcd.c,114 :: 		
0x0146	0x1286      	BCF        LCD_EN, BitPos(LCD_EN+0)
;__Lib_Lcd.c,115 :: 		
0x0147	0x200D      	CALL       _Delay_5500us
;__Lib_Lcd.c,117 :: 		
0x0148	0x1686      	BSF        LCD_EN, BitPos(LCD_EN+0)
;__Lib_Lcd.c,118 :: 		
0x0149	0x2003      	CALL       _Delay_1us
;__Lib_Lcd.c,119 :: 		
0x014A	0x1286      	BCF        LCD_EN, BitPos(LCD_EN+0)
;__Lib_Lcd.c,120 :: 		
0x014B	0x200D      	CALL       _Delay_5500us
;__Lib_Lcd.c,123 :: 		
0x014C	0x1006      	BCF        LCD_D4, BitPos(LCD_D4+0)
;__Lib_Lcd.c,124 :: 		
0x014D	0x1686      	BSF        LCD_EN, BitPos(LCD_EN+0)
;__Lib_Lcd.c,125 :: 		
0x014E	0x2003      	CALL       _Delay_1us
;__Lib_Lcd.c,126 :: 		
0x014F	0x1286      	BCF        LCD_EN, BitPos(LCD_EN+0)
;__Lib_Lcd.c,127 :: 		
0x0150	0x200D      	CALL       _Delay_5500us
;__Lib_Lcd.c,130 :: 		
0x0151	0x1686      	BSF        LCD_EN, BitPos(LCD_EN+0)
;__Lib_Lcd.c,131 :: 		
0x0152	0x2003      	CALL       _Delay_1us
;__Lib_Lcd.c,132 :: 		
0x0153	0x1286      	BCF        LCD_EN, BitPos(LCD_EN+0)
;__Lib_Lcd.c,134 :: 		
0x0154	0x1086      	BCF        LCD_D5, BitPos(LCD_D5+0)
;__Lib_Lcd.c,135 :: 		
0x0155	0x1586      	BSF        LCD_D7, BitPos(LCD_D7+0)
;__Lib_Lcd.c,136 :: 		
0x0156	0x1686      	BSF        LCD_EN, BitPos(LCD_EN+0)
;__Lib_Lcd.c,137 :: 		
0x0157	0x2003      	CALL       _Delay_1us
;__Lib_Lcd.c,138 :: 		
0x0158	0x1286      	BCF        LCD_EN, BitPos(LCD_EN+0)
;__Lib_Lcd.c,139 :: 		
0x0159	0x200D      	CALL       _Delay_5500us
;__Lib_Lcd.c,142 :: 		
0x015A	0x1186      	BCF        LCD_D7, BitPos(LCD_D7+0)
;__Lib_Lcd.c,143 :: 		
0x015B	0x1406      	BSF        LCD_D4, BitPos(LCD_D4+0)
;__Lib_Lcd.c,144 :: 		
0x015C	0x1686      	BSF        LCD_EN, BitPos(LCD_EN+0)
;__Lib_Lcd.c,145 :: 		
0x015D	0x2003      	CALL       _Delay_1us
;__Lib_Lcd.c,146 :: 		
0x015E	0x1286      	BCF        LCD_EN, BitPos(LCD_EN+0)
;__Lib_Lcd.c,148 :: 		
0x015F	0x1006      	BCF        LCD_D4, BitPos(LCD_D4+0)
;__Lib_Lcd.c,149 :: 		
0x0160	0x1686      	BSF        LCD_EN, BitPos(LCD_EN+0)
;__Lib_Lcd.c,150 :: 		
0x0161	0x2003      	CALL       _Delay_1us
;__Lib_Lcd.c,151 :: 		
0x0162	0x1286      	BCF        LCD_EN, BitPos(LCD_EN+0)
;__Lib_Lcd.c,152 :: 		
0x0163	0x200D      	CALL       _Delay_5500us
;__Lib_Lcd.c,155 :: 		
0x0164	0x1686      	BSF        LCD_EN, BitPos(LCD_EN+0)
;__Lib_Lcd.c,156 :: 		
0x0165	0x2003      	CALL       _Delay_1us
;__Lib_Lcd.c,157 :: 		
0x0166	0x1286      	BCF        LCD_EN, BitPos(LCD_EN+0)
;__Lib_Lcd.c,159 :: 		
0x0167	0x1406      	BSF        LCD_D4, BitPos(LCD_D4+0)
;__Lib_Lcd.c,160 :: 		
0x0168	0x1686      	BSF        LCD_EN, BitPos(LCD_EN+0)
;__Lib_Lcd.c,161 :: 		
0x0169	0x2003      	CALL       _Delay_1us
;__Lib_Lcd.c,162 :: 		
0x016A	0x1286      	BCF        LCD_EN, BitPos(LCD_EN+0)
;__Lib_Lcd.c,163 :: 		
0x016B	0x200D      	CALL       _Delay_5500us
;__Lib_Lcd.c,166 :: 		
0x016C	0x1006      	BCF        LCD_D4, BitPos(LCD_D4+0)
;__Lib_Lcd.c,167 :: 		
0x016D	0x1686      	BSF        LCD_EN, BitPos(LCD_EN+0)
;__Lib_Lcd.c,168 :: 		
0x016E	0x2003      	CALL       _Delay_1us
;__Lib_Lcd.c,169 :: 		
0x016F	0x1286      	BCF        LCD_EN, BitPos(LCD_EN+0)
;__Lib_Lcd.c,171 :: 		
0x0170	0x1586      	BSF        LCD_D7, BitPos(LCD_D7+0)
;__Lib_Lcd.c,172 :: 		
0x0171	0x1506      	BSF        LCD_D6, BitPos(LCD_D6+0)
;__Lib_Lcd.c,173 :: 		
0x0172	0x1486      	BSF        LCD_D5, BitPos(LCD_D5+0)
;__Lib_Lcd.c,174 :: 		
0x0173	0x1406      	BSF        LCD_D4, BitPos(LCD_D4+0)
;__Lib_Lcd.c,175 :: 		
0x0174	0x1686      	BSF        LCD_EN, BitPos(LCD_EN+0)
;__Lib_Lcd.c,176 :: 		
0x0175	0x2003      	CALL       _Delay_1us
;__Lib_Lcd.c,177 :: 		
0x0176	0x1286      	BCF        LCD_EN, BitPos(LCD_EN+0)
;__Lib_Lcd.c,179 :: 		
0x0177	0x200D      	CALL       _Delay_5500us
;__Lib_Lcd.c,181 :: 		
0x0178	0x1445      	BSF        __Lib_Lcd_cmd_status, BitPos(__Lib_Lcd_cmd_status+0)
;__Lib_Lcd.c,182 :: 		
L_end_Lcd_Init:
0x0179	0x0008      	RETURN
; end of _Lcd_Init
_UART1_Read:
;__Lib_UART_c67.c,21 :: 		
;__Lib_UART_c67.c,24 :: 		
0x017A	0x1283      	BCF        STATUS, 5
0x017B	0x1303      	BCF        STATUS, 6
0x017C	0x081A      	MOVF       RCREG, 0
0x017D	0x00F1      	MOVWF      R1
;__Lib_UART_c67.c,25 :: 		
0x017E	0x1C98      	BTFSS      RCSTA, 1
0x017F	0x2982      	GOTO       L_UART1_Read2
;__Lib_UART_c67.c,26 :: 		
0x0180	0x1218      	BCF        RCSTA, 4
;__Lib_UART_c67.c,27 :: 		
0x0181	0x1618      	BSF        RCSTA, 4
;__Lib_UART_c67.c,28 :: 		
L_UART1_Read2:
;__Lib_UART_c67.c,29 :: 		
0x0182	0x0871      	MOVF       R1, 0
0x0183	0x00F0      	MOVWF      R0
;__Lib_UART_c67.c,30 :: 		
L_end_UART1_Read:
0x0184	0x0008      	RETURN
; end of _UART1_Read
_main:
;Lab7_Sreda.c,32 :: 		void main() {
;Lab7_Sreda.c,33 :: 		ANSEL = 0;
0x0185	0x1683      	BSF        STATUS, 5
0x0186	0x1703      	BSF        STATUS, 6
0x0187	0x0188      	CLRF       ANSEL
;Lab7_Sreda.c,34 :: 		ANSELH = 0;
0x0188	0x0189      	CLRF       ANSELH
;Lab7_Sreda.c,35 :: 		C1ON_bit = 0;
0x0189	0x1283      	BCF        STATUS, 5
0x018A	0x1387      	BCF        C1ON_bit, BitPos(C1ON_bit+0)
;Lab7_Sreda.c,36 :: 		C2ON_bit = 0;
0x018B	0x1388      	BCF        C2ON_bit, BitPos(C2ON_bit+0)
;Lab7_Sreda.c,37 :: 		counter = 0;
0x018C	0x1303      	BCF        STATUS, 6
0x018D	0x01C2      	CLRF       _counter
0x018E	0x01C3      	CLRF       _counter+1
;Lab7_Sreda.c,38 :: 		sequenceCounter = 0;
0x018F	0x01C1      	CLRF       _sequenceCounter
;Lab7_Sreda.c,39 :: 		i = 0;
0x0190	0x01BA      	CLRF       _i
0x0191	0x01BB      	CLRF       _i+1
;Lab7_Sreda.c,40 :: 		j = 0;
0x0192	0x01B8      	CLRF       _j
0x0193	0x01B9      	CLRF       _j+1
;Lab7_Sreda.c,42 :: 		Soft_SPI_Init();
0x0194	0x2122      	CALL       _Soft_SPI_Init
;Lab7_Sreda.c,44 :: 		Lcd_Init();
0x0195	0x212C      	CALL       _Lcd_Init
;Lab7_Sreda.c,45 :: 		Lcd_Cmd(_LCD_CURSOR_OFF);
0x0196	0x300C      	MOVLW      12
0x0197	0x00CB      	MOVWF      FARG_Lcd_Cmd_out_char
0x0198	0x201A      	CALL       _Lcd_Cmd
;Lab7_Sreda.c,46 :: 		Lcd_Cmd(_LCD_CLEAR);
0x0199	0x3001      	MOVLW      1
0x019A	0x00CB      	MOVWF      FARG_Lcd_Cmd_out_char
0x019B	0x201A      	CALL       _Lcd_Cmd
;Lab7_Sreda.c,48 :: 		UART1_Init(9600);
0x019C	0x3033      	MOVLW      51
0x019D	0x1683      	BSF        STATUS, 5
0x019E	0x0099      	MOVWF      SPBRG
0x019F	0x1518      	BSF        TXSTA, 2
0x01A0	0x20B1      	CALL       _UART1_Init
;Lab7_Sreda.c,49 :: 		Delay_ms(50);
0x01A1	0x3082      	MOVLW      130
0x01A2	0x00FC      	MOVWF      R12
0x01A3	0x30DD      	MOVLW      221
0x01A4	0x00FD      	MOVWF      R13
L_main0:
0x01A5	0x0BFD      	DECFSZ     R13, 1
0x01A6	0x29A5      	GOTO       L_main0
0x01A7	0x0BFC      	DECFSZ     R12, 1
0x01A8	0x29A5      	GOTO       L_main0
0x01A9	0x0000      	NOP
0x01AA	0x0000      	NOP
;Lab7_Sreda.c,50 :: 		while(1)
L_main1:
;Lab7_Sreda.c,52 :: 		if(UART1_Data_Ready())
0x01AB	0x20DC      	CALL       _UART1_Data_Ready
0x01AC	0x0870      	MOVF       R0, 0
0x01AD	0x1903      	BTFSC      STATUS, 2
0x01AE	0x2A27      	GOTO       L_main3
;Lab7_Sreda.c,54 :: 		beingRead = UART1_Read();
0x01AF	0x217A      	CALL       _UART1_Read
0x01B0	0x0870      	MOVF       R0, 0
0x01B1	0x00BC      	MOVWF      _beingRead
;Lab7_Sreda.c,55 :: 		if(counter == 3)
0x01B2	0x3000      	MOVLW      0
0x01B3	0x0643      	XORWF      _counter+1, 0
0x01B4	0x1D03      	BTFSS      STATUS, 2
0x01B5	0x29B8      	GOTO       L__main18
0x01B6	0x3003      	MOVLW      3
0x01B7	0x0642      	XORWF      _counter, 0
L__main18:
0x01B8	0x1D03      	BTFSS      STATUS, 2
0x01B9	0x29FE      	GOTO       L_main4
;Lab7_Sreda.c,57 :: 		if(!isdigit(beingRead))
0x01BA	0x083C      	MOVF       _beingRead, 0
0x01BB	0x00C6      	MOVWF      FARG_isdigit_character
0x01BC	0x20CD      	CALL       _isdigit
0x01BD	0x0870      	MOVF       R0, 0
0x01BE	0x1D03      	BTFSS      STATUS, 2
0x01BF	0x29FD      	GOTO       L_main5
;Lab7_Sreda.c,59 :: 		counter = 0;
0x01C0	0x01C2      	CLRF       _counter
0x01C1	0x01C3      	CLRF       _counter+1
;Lab7_Sreda.c,60 :: 		appendStr[0] = pChar;
0x01C2	0x0844      	MOVF       _pChar, 0
0x01C3	0x00B4      	MOVWF      _appendStr
;Lab7_Sreda.c,61 :: 		appendStr[1] = ppChar;
0x01C4	0x083D      	MOVF       _ppChar, 0
0x01C5	0x00B5      	MOVWF      _appendStr+1
;Lab7_Sreda.c,62 :: 		appendStr[2] = pppChar;
0x01C6	0x083E      	MOVF       _pppChar, 0
0x01C7	0x00B6      	MOVWF      _appendStr+2
;Lab7_Sreda.c,63 :: 		strings[i] = appendStr;
0x01C8	0x083A      	MOVF       _i, 0
0x01C9	0x3E20      	ADDLW      _strings
0x01CA	0x0084      	MOVWF      FSR
0x01CB	0x3034      	MOVLW      _appendStr
0x01CC	0x0080      	MOVWF      INDF
;Lab7_Sreda.c,65 :: 		Lcd_Out(1, 1, appendStr);
0x01CD	0x3001      	MOVLW      1
0x01CE	0x00C6      	MOVWF      FARG_Lcd_Out_row
0x01CF	0x3001      	MOVLW      1
0x01D0	0x00C7      	MOVWF      FARG_Lcd_Out_column
0x01D1	0x3034      	MOVLW      _appendStr
0x01D2	0x00C8      	MOVWF      FARG_Lcd_Out_text
0x01D3	0x2071      	CALL       _Lcd_Out
;Lab7_Sreda.c,67 :: 		i++;
0x01D4	0x0ABA      	INCF       _i, 1
0x01D5	0x1903      	BTFSC      STATUS, 2
0x01D6	0x0ABB      	INCF       _i+1, 1
;Lab7_Sreda.c,68 :: 		sequenceCounter++;
0x01D7	0x0AC1      	INCF       _sequenceCounter, 1
;Lab7_Sreda.c,70 :: 		for(j = 0; j < 20; j++)
0x01D8	0x01B8      	CLRF       _j
0x01D9	0x01B9      	CLRF       _j+1
L_main6:
0x01DA	0x3080      	MOVLW      128
0x01DB	0x0639      	XORWF      _j+1, 0
0x01DC	0x00F0      	MOVWF      R0
0x01DD	0x3080      	MOVLW      128
0x01DE	0x0270      	SUBWF      R0, 0
0x01DF	0x1D03      	BTFSS      STATUS, 2
0x01E0	0x29E3      	GOTO       L__main19
0x01E1	0x3014      	MOVLW      20
0x01E2	0x0238      	SUBWF      _j, 0
L__main19:
0x01E3	0x1803      	BTFSC      STATUS, 0
0x01E4	0x29FD      	GOTO       L_main7
;Lab7_Sreda.c,72 :: 		if(strcmp(strings[j], appendStr) == 0)
0x01E5	0x0838      	MOVF       _j, 0
0x01E6	0x3E20      	ADDLW      _strings
0x01E7	0x0084      	MOVWF      FSR
0x01E8	0x0800      	MOVF       INDF, 0
0x01E9	0x00C6      	MOVWF      FARG_strcmp_s1
0x01EA	0x3034      	MOVLW      _appendStr
0x01EB	0x00C7      	MOVWF      FARG_strcmp_s2
0x01EC	0x20E3      	CALL       _strcmp
0x01ED	0x3000      	MOVLW      0
0x01EE	0x0671      	XORWF      R0+1, 0
0x01EF	0x1D03      	BTFSS      STATUS, 2
0x01F0	0x29F3      	GOTO       L__main20
0x01F1	0x3000      	MOVLW      0
0x01F2	0x0670      	XORWF      R0, 0
L__main20:
0x01F3	0x1D03      	BTFSS      STATUS, 2
0x01F4	0x29F9      	GOTO       L_main9
;Lab7_Sreda.c,74 :: 		Soft_SPI_Write(sequenceCounter);
0x01F5	0x0841      	MOVF       _sequenceCounter, 0
0x01F6	0x00C6      	MOVWF      FARG_Soft_SPI_Write_sdata
0x01F7	0x2103      	CALL       _Soft_SPI_Write
;Lab7_Sreda.c,75 :: 		break;
0x01F8	0x29FD      	GOTO       L_main7
;Lab7_Sreda.c,76 :: 		}
L_main9:
;Lab7_Sreda.c,70 :: 		for(j = 0; j < 20; j++)
0x01F9	0x0AB8      	INCF       _j, 1
0x01FA	0x1903      	BTFSC      STATUS, 2
0x01FB	0x0AB9      	INCF       _j+1, 1
;Lab7_Sreda.c,77 :: 		}
0x01FC	0x29DA      	GOTO       L_main6
L_main7:
;Lab7_Sreda.c,78 :: 		}
L_main5:
;Lab7_Sreda.c,79 :: 		}
0x01FD	0x2A27      	GOTO       L_main10
L_main4:
;Lab7_Sreda.c,82 :: 		if(isdigit(beingRead))
0x01FE	0x083C      	MOVF       _beingRead, 0
0x01FF	0x00C6      	MOVWF      FARG_isdigit_character
0x0200	0x20CD      	CALL       _isdigit
0x0201	0x0870      	MOVF       R0, 0
0x0202	0x1903      	BTFSC      STATUS, 2
0x0203	0x2A27      	GOTO       L_main11
;Lab7_Sreda.c,84 :: 		if(counter == 0)
0x0204	0x3000      	MOVLW      0
0x0205	0x0643      	XORWF      _counter+1, 0
0x0206	0x1D03      	BTFSS      STATUS, 2
0x0207	0x2A0A      	GOTO       L__main21
0x0208	0x3000      	MOVLW      0
0x0209	0x0642      	XORWF      _counter, 0
L__main21:
0x020A	0x1D03      	BTFSS      STATUS, 2
0x020B	0x2A0F      	GOTO       L_main12
;Lab7_Sreda.c,86 :: 		pChar = beingRead;
0x020C	0x083C      	MOVF       _beingRead, 0
0x020D	0x00C4      	MOVWF      _pChar
;Lab7_Sreda.c,87 :: 		}
0x020E	0x2A24      	GOTO       L_main13
L_main12:
;Lab7_Sreda.c,88 :: 		else if(counter == 1)
0x020F	0x3000      	MOVLW      0
0x0210	0x0643      	XORWF      _counter+1, 0
0x0211	0x1D03      	BTFSS      STATUS, 2
0x0212	0x2A15      	GOTO       L__main22
0x0213	0x3001      	MOVLW      1
0x0214	0x0642      	XORWF      _counter, 0
L__main22:
0x0215	0x1D03      	BTFSS      STATUS, 2
0x0216	0x2A1A      	GOTO       L_main14
;Lab7_Sreda.c,90 :: 		ppChar = beingRead;
0x0217	0x083C      	MOVF       _beingRead, 0
0x0218	0x00BD      	MOVWF      _ppChar
;Lab7_Sreda.c,91 :: 		}
0x0219	0x2A24      	GOTO       L_main15
L_main14:
;Lab7_Sreda.c,92 :: 		else if(counter == 2)
0x021A	0x3000      	MOVLW      0
0x021B	0x0643      	XORWF      _counter+1, 0
0x021C	0x1D03      	BTFSS      STATUS, 2
0x021D	0x2A20      	GOTO       L__main23
0x021E	0x3002      	MOVLW      2
0x021F	0x0642      	XORWF      _counter, 0
L__main23:
0x0220	0x1D03      	BTFSS      STATUS, 2
0x0221	0x2A24      	GOTO       L_main16
;Lab7_Sreda.c,94 :: 		pppChar = beingRead;
0x0222	0x083C      	MOVF       _beingRead, 0
0x0223	0x00BE      	MOVWF      _pppChar
;Lab7_Sreda.c,95 :: 		}
L_main16:
L_main15:
L_main13:
;Lab7_Sreda.c,96 :: 		counter++;
0x0224	0x0AC2      	INCF       _counter, 1
0x0225	0x1903      	BTFSC      STATUS, 2
0x0226	0x0AC3      	INCF       _counter+1, 1
;Lab7_Sreda.c,97 :: 		}
L_main11:
;Lab7_Sreda.c,98 :: 		}
L_main10:
;Lab7_Sreda.c,99 :: 		}
L_main3:
;Lab7_Sreda.c,100 :: 		}
0x0227	0x29AB      	GOTO       L_main1
;Lab7_Sreda.c,101 :: 		}
L_end_main:
0x0228	0x2A28      	GOTO       $+0
; end of _main
Symbol List:
//** Routines locations **
//ADDRESS    SIZE    PROCEDURE
//----------------------------------------------
0x0003       [3]    _Delay_1us
0x0006       [7]    _Delay_50us
0x000D      [13]    _Delay_5500us
0x001A      [64]    _Lcd_Cmd
0x005A       [7]    _____DoICP
0x0061       [8]    _Delay_22us
0x0069       [8]    _Lcd_Chr_CP
0x0071      [64]    _Lcd_Out
0x00B1      [16]    _UART1_Init
0x00C1      [12]    ___CC2DW
0x00CD      [15]    _isdigit
0x00DC       [7]    _UART1_Data_Ready
0x00E3      [32]    _strcmp
0x0103      [31]    _Soft_SPI_Write
0x0122      [10]    _Soft_SPI_Init
0x012C      [78]    _Lcd_Init
0x017A      [11]    _UART1_Read
0x0185     [164]    _main
//** Variables locations ** 
//ADDRESS    SIZE    VARIABLE
//----------------------------------------------
0x0000       [1]    INDF
0x0002       [1]    PCL
0x0003       [1]    STATUS
0x0004       [1]    FSR
0x0005       [0]    SoftSpi_SDI
0x0005       [0]    SoftSpi_CLK
0x0005       [0]    SoftSpi_SDO
0x0005       [0]    RA3_bit
0x0005       [0]    RA5_bit
0x0005       [0]    RA4_bit
0x0006       [0]    LCD_D5
0x0006       [0]    LCD_D4
0x0006       [0]    LCD_D6
0x0006       [0]    LCD_EN
0x0006       [0]    LCD_RS
0x0006       [0]    RB2_bit
0x0006       [0]    RB3_bit
0x0006       [0]    RB0_bit
0x0006       [0]    RB1_bit
0x0006       [0]    LCD_D7
0x0006       [0]    RB4_bit
0x0006       [0]    RB5_bit
0x000A       [1]    PCLATH
0x000C       [1]    PIR1
0x0018       [1]    RCSTA
0x001A       [1]    RCREG
0x0020      [20]    _strings
0x0034       [4]    _appendStr
0x0038       [2]    _j
0x003A       [2]    _i
0x003C       [1]    _beingRead
0x003D       [1]    _ppChar
0x003E       [1]    _pppChar
0x003F       [2]    ___DoICPAddr
0x0041       [1]    _sequenceCounter
0x0042       [2]    _counter
0x0044       [1]    _pChar
0x0045       [0]    __Lib_Lcd_cmd_status
0x0046       [1]    FARG_Lcd_Out_row
0x0046       [1]    FARG_isdigit_character
0x0046       [1]    FARG_Soft_SPI_Write_sdata
0x0046       [1]    FARG_strcmp_s1
0x0047       [1]    FARG_strcmp_s2
0x0047       [1]    FARG_Lcd_Out_column
0x0047       [1]    Soft_SPI_Write_i_L0
0x0048       [1]    FARG_Lcd_Out_text
0x0049       [1]    Lcd_Out_i_L0
0x004A       [1]    FARG_Lcd_Chr_CP_out_char
0x004B       [1]    FARG_Lcd_Cmd_out_char
0x0070       [1]    R0
0x0071       [1]    R1
0x0072       [1]    R2
0x0073       [1]    R3
0x0074       [1]    R4
0x0075       [1]    R5
0x0076       [1]    R6
0x0077       [1]    R7
0x0078       [1]    R8
0x0079       [1]    R9
0x007A       [1]    R10
0x007B       [1]    R11
0x007C       [1]    R12
0x007D       [1]    R13
0x007E       [1]    R14
0x007F       [1]    R15
0x0085       [0]    SoftSpi_CLK_Direction
0x0085       [0]    TRISA3_bit
0x0085       [0]    TRISA5_bit
0x0085       [0]    TRISA4_bit
0x0085       [0]    SoftSpi_SDI_Direction
0x0085       [0]    SoftSpi_SDO_Direction
0x0086       [0]    TRISB3_bit
0x0086       [0]    TRISB2_bit
0x0086       [0]    TRISB5_bit
0x0086       [0]    TRISB4_bit
0x0086       [0]    LCD_D4_Direction
0x0086       [0]    LCD_EN_Direction
0x0086       [0]    LCD_D5_Direction
0x0086       [0]    LCD_D7_Direction
0x0086       [0]    LCD_D6_Direction
0x0086       [0]    LCD_RS_Direction
0x0086       [0]    TRISB1_bit
0x0086       [0]    TRISB0_bit
0x0087       [0]    TRISC6_bit
0x0087       [0]    TRISC7_bit
0x0098       [1]    TXSTA
0x0099       [1]    SPBRG
0x009A       [1]    SPBRGH
0x0107       [0]    C1ON_bit
0x0108       [0]    C2ON_bit
0x0188       [1]    ANSEL
0x0189       [1]    ANSELH
