;  LST file generated by mikroListExporter - v.2.0 
; Date/Time: 22.12.2016 18:01:15
;----------------------------------------------

;Address Opcode 	ASM
0x0000	0x2A84      	GOTO       644
_Delay_50us:
;__Lib_Delays.c,19 :: 		void Delay_50us() {
;__Lib_Delays.c,20 :: 		Delay_us(50);
0x0003	0x3021      	MOVLW      33
0x0004	0x1283      	BCF        STATUS, 5
0x0005	0x1303      	BCF        STATUS, 6
0x0006	0x00FD      	MOVWF      R13
L_Delay_50us2:
0x0007	0x0BFD      	DECFSZ     R13, 1
0x0008	0x2807      	GOTO       L_Delay_50us2
;__Lib_Delays.c,21 :: 		}
L_end_Delay_50us:
0x0009	0x0008      	RETURN
; end of _Delay_50us
_Delay_5500us:
;__Lib_Delays.c,31 :: 		void Delay_5500us() {
;__Lib_Delays.c,32 :: 		Delay_us(5500);
0x000A	0x300F      	MOVLW      15
0x000B	0x1283      	BCF        STATUS, 5
0x000C	0x1303      	BCF        STATUS, 6
0x000D	0x00FC      	MOVWF      R12
0x000E	0x3047      	MOVLW      71
0x000F	0x00FD      	MOVWF      R13
L_Delay_5500us5:
0x0010	0x0BFD      	DECFSZ     R13, 1
0x0011	0x2810      	GOTO       L_Delay_5500us5
0x0012	0x0BFC      	DECFSZ     R12, 1
0x0013	0x2810      	GOTO       L_Delay_5500us5
0x0014	0x0000      	NOP
0x0015	0x0000      	NOP
;__Lib_Delays.c,33 :: 		}
L_end_Delay_5500us:
0x0016	0x0008      	RETURN
; end of _Delay_5500us
_Delay_1us:
;__Lib_Delays.c,7 :: 		void Delay_1us() {
;__Lib_Delays.c,8 :: 		Delay_us(1);
0x0017	0x0000      	NOP
0x0018	0x0000      	NOP
;__Lib_Delays.c,9 :: 		}
L_end_Delay_1us:
0x0019	0x0008      	RETURN
; end of _Delay_1us
_Lcd_Cmd:
;__Lib_Lcd.c,18 :: 		
;__Lib_Lcd.c,20 :: 		
0x001A	0x1283      	BCF        STATUS, 5
0x001B	0x1703      	BSF        STATUS, 6
0x001C	0x1B9E      	BTFSC      FARG_Lcd_Cmd_out_char, 7
0x001D	0x2820      	GOTO       L__Lcd_Cmd21
0x001E	0x1186      	BCF        LCD_D7, BitPos(LCD_D7+0)
0x001F	0x2821      	GOTO       L__Lcd_Cmd22
L__Lcd_Cmd21:
0x0020	0x1586      	BSF        LCD_D7, BitPos(LCD_D7+0)
L__Lcd_Cmd22:
;__Lib_Lcd.c,21 :: 		
0x0021	0x1B1E      	BTFSC      FARG_Lcd_Cmd_out_char, 6
0x0022	0x2825      	GOTO       L__Lcd_Cmd23
0x0023	0x1106      	BCF        LCD_D6, BitPos(LCD_D6+0)
0x0024	0x2826      	GOTO       L__Lcd_Cmd24
L__Lcd_Cmd23:
0x0025	0x1506      	BSF        LCD_D6, BitPos(LCD_D6+0)
L__Lcd_Cmd24:
;__Lib_Lcd.c,22 :: 		
0x0026	0x1A9E      	BTFSC      FARG_Lcd_Cmd_out_char, 5
0x0027	0x282A      	GOTO       L__Lcd_Cmd25
0x0028	0x1086      	BCF        LCD_D5, BitPos(LCD_D5+0)
0x0029	0x282B      	GOTO       L__Lcd_Cmd26
L__Lcd_Cmd25:
0x002A	0x1486      	BSF        LCD_D5, BitPos(LCD_D5+0)
L__Lcd_Cmd26:
;__Lib_Lcd.c,23 :: 		
0x002B	0x1A1E      	BTFSC      FARG_Lcd_Cmd_out_char, 4
0x002C	0x282F      	GOTO       L__Lcd_Cmd27
0x002D	0x1006      	BCF        LCD_D4, BitPos(LCD_D4+0)
0x002E	0x2830      	GOTO       L__Lcd_Cmd28
L__Lcd_Cmd27:
0x002F	0x1406      	BSF        LCD_D4, BitPos(LCD_D4+0)
L__Lcd_Cmd28:
;__Lib_Lcd.c,25 :: 		
0x0030	0x1303      	BCF        STATUS, 6
0x0031	0x1856      	BTFSC      __Lib_Lcd_cmd_status, BitPos(__Lib_Lcd_cmd_status+0)
0x0032	0x2835      	GOTO       L__Lcd_Cmd29
0x0033	0x1606      	BSF        LCD_RS, BitPos(LCD_RS+0)
0x0034	0x2836      	GOTO       L__Lcd_Cmd30
L__Lcd_Cmd29:
0x0035	0x1206      	BCF        LCD_RS, BitPos(LCD_RS+0)
L__Lcd_Cmd30:
;__Lib_Lcd.c,28 :: 		
0x0036	0x1686      	BSF        LCD_EN, BitPos(LCD_EN+0)
;__Lib_Lcd.c,29 :: 		
0x0037	0x2017      	CALL       _Delay_1us
;__Lib_Lcd.c,30 :: 		
0x0038	0x1286      	BCF        LCD_EN, BitPos(LCD_EN+0)
;__Lib_Lcd.c,33 :: 		
0x0039	0x1703      	BSF        STATUS, 6
0x003A	0x199E      	BTFSC      FARG_Lcd_Cmd_out_char, 3
0x003B	0x283E      	GOTO       L__Lcd_Cmd31
0x003C	0x1186      	BCF        LCD_D7, BitPos(LCD_D7+0)
0x003D	0x283F      	GOTO       L__Lcd_Cmd32
L__Lcd_Cmd31:
0x003E	0x1586      	BSF        LCD_D7, BitPos(LCD_D7+0)
L__Lcd_Cmd32:
;__Lib_Lcd.c,34 :: 		
0x003F	0x191E      	BTFSC      FARG_Lcd_Cmd_out_char, 2
0x0040	0x2843      	GOTO       L__Lcd_Cmd33
0x0041	0x1106      	BCF        LCD_D6, BitPos(LCD_D6+0)
0x0042	0x2844      	GOTO       L__Lcd_Cmd34
L__Lcd_Cmd33:
0x0043	0x1506      	BSF        LCD_D6, BitPos(LCD_D6+0)
L__Lcd_Cmd34:
;__Lib_Lcd.c,35 :: 		
0x0044	0x189E      	BTFSC      FARG_Lcd_Cmd_out_char, 1
0x0045	0x2848      	GOTO       L__Lcd_Cmd35
0x0046	0x1086      	BCF        LCD_D5, BitPos(LCD_D5+0)
0x0047	0x2849      	GOTO       L__Lcd_Cmd36
L__Lcd_Cmd35:
0x0048	0x1486      	BSF        LCD_D5, BitPos(LCD_D5+0)
L__Lcd_Cmd36:
;__Lib_Lcd.c,36 :: 		
0x0049	0x181E      	BTFSC      FARG_Lcd_Cmd_out_char, 0
0x004A	0x284D      	GOTO       L__Lcd_Cmd37
0x004B	0x1006      	BCF        LCD_D4, BitPos(LCD_D4+0)
0x004C	0x284E      	GOTO       L__Lcd_Cmd38
L__Lcd_Cmd37:
0x004D	0x1406      	BSF        LCD_D4, BitPos(LCD_D4+0)
L__Lcd_Cmd38:
;__Lib_Lcd.c,38 :: 		
0x004E	0x1303      	BCF        STATUS, 6
0x004F	0x1856      	BTFSC      __Lib_Lcd_cmd_status, BitPos(__Lib_Lcd_cmd_status+0)
0x0050	0x2853      	GOTO       L__Lcd_Cmd39
0x0051	0x1606      	BSF        LCD_RS, BitPos(LCD_RS+0)
0x0052	0x2854      	GOTO       L__Lcd_Cmd40
L__Lcd_Cmd39:
0x0053	0x1206      	BCF        LCD_RS, BitPos(LCD_RS+0)
L__Lcd_Cmd40:
;__Lib_Lcd.c,40 :: 		
0x0054	0x1686      	BSF        LCD_EN, BitPos(LCD_EN+0)
;__Lib_Lcd.c,41 :: 		
0x0055	0x2017      	CALL       _Delay_1us
;__Lib_Lcd.c,42 :: 		
0x0056	0x1286      	BCF        LCD_EN, BitPos(LCD_EN+0)
;__Lib_Lcd.c,44 :: 		
0x0057	0x1C56      	BTFSS      __Lib_Lcd_cmd_status, BitPos(__Lib_Lcd_cmd_status+0)
0x0058	0x285B      	GOTO       L_Lcd_Cmd0
;__Lib_Lcd.c,45 :: 		
0x0059	0x200A      	CALL       _Delay_5500us
0x005A	0x285C      	GOTO       L_Lcd_Cmd1
L_Lcd_Cmd0:
;__Lib_Lcd.c,47 :: 		
0x005B	0x2003      	CALL       _Delay_50us
L_Lcd_Cmd1:
;__Lib_Lcd.c,48 :: 		
L_end_Lcd_Cmd:
0x005C	0x0008      	RETURN
; end of _Lcd_Cmd
_Div_16X16_U:
;__Lib_Math.c,215 :: 		
;__Lib_Math.c,222 :: 		
0x005D	0x1283      	BCF        STATUS, 5
;__Lib_Math.c,223 :: 		
0x005E	0x1303      	BCF        STATUS, 6
;__Lib_Math.c,224 :: 		
0x005F	0x01F8      	CLRF       R8
;__Lib_Math.c,225 :: 		
0x0060	0x01F9      	CLRF       R9
;__Lib_Math.c,226 :: 		
0x0061	0x3010      	MOVLW      16
;__Lib_Math.c,227 :: 		
0x0062	0x00FC      	MOVWF      R12
;__Lib_Math.c,228 :: 		
0x0063	0x0D71      	RLF        R1, 0
;__Lib_Math.c,229 :: 		
0x0064	0x0DF8      	RLF        R8, 1
;__Lib_Math.c,230 :: 		
0x0065	0x0DF9      	RLF        R9, 1
;__Lib_Math.c,231 :: 		
0x0066	0x0874      	MOVF       R4, 0
;__Lib_Math.c,232 :: 		
0x0067	0x02F8      	SUBWF      R8, 1
;__Lib_Math.c,233 :: 		
0x0068	0x0875      	MOVF       R5, 0
;__Lib_Math.c,234 :: 		
0x0069	0x1C03      	BTFSS      STATUS, 0
;__Lib_Math.c,235 :: 		
0x006A	0x0F75      	INCFSZ     R5, 0
;__Lib_Math.c,236 :: 		
0x006B	0x02F9      	SUBWF      R9, 1
;__Lib_Math.c,237 :: 		
0x006C	0x1803      	BTFSC      STATUS, 0
;__Lib_Math.c,238 :: 		
0x006D	0x2875      	GOTO       $+8
;__Lib_Math.c,239 :: 		
0x006E	0x0874      	MOVF       R4, 0
;__Lib_Math.c,240 :: 		
0x006F	0x07F8      	ADDWF      R8, 1
;__Lib_Math.c,241 :: 		
0x0070	0x0875      	MOVF       R5, 0
;__Lib_Math.c,242 :: 		
0x0071	0x1803      	BTFSC      STATUS, 0
;__Lib_Math.c,243 :: 		
0x0072	0x0F75      	INCFSZ     R5, 0
;__Lib_Math.c,244 :: 		
0x0073	0x07F9      	ADDWF      R9, 1
;__Lib_Math.c,245 :: 		
0x0074	0x1003      	BCF        STATUS, 0
;__Lib_Math.c,246 :: 		
0x0075	0x0DF0      	RLF        R0, 1
;__Lib_Math.c,247 :: 		
0x0076	0x0DF1      	RLF        R1, 1
;__Lib_Math.c,248 :: 		
0x0077	0x0BFC      	DECFSZ     R12, 1
;__Lib_Math.c,249 :: 		
0x0078	0x2863      	GOTO       $-21
;__Lib_Math.c,251 :: 		
L_end_Div_16X16_U:
0x0079	0x0008      	RETURN
; end of _Div_16X16_U
_Lcd_Chr_CP:
;__Lib_Lcd.c,50 :: 		
;__Lib_Lcd.c,52 :: 		
0x007A	0x1283      	BCF        STATUS, 5
0x007B	0x1303      	BCF        STATUS, 6
0x007C	0x1056      	BCF        __Lib_Lcd_cmd_status, BitPos(__Lib_Lcd_cmd_status+0)
;__Lib_Lcd.c,53 :: 		
0x007D	0x1703      	BSF        STATUS, 6
0x007E	0x0819      	MOVF       FARG_Lcd_Chr_CP_out_char, 0
0x007F	0x009E      	MOVWF      FARG_Lcd_Cmd_out_char
0x0080	0x201A      	CALL       _Lcd_Cmd
;__Lib_Lcd.c,54 :: 		
0x0081	0x1456      	BSF        __Lib_Lcd_cmd_status, BitPos(__Lib_Lcd_cmd_status+0)
;__Lib_Lcd.c,55 :: 		
L_end_Lcd_Chr_CP:
0x0082	0x0008      	RETURN
; end of _Lcd_Chr_CP
_____DoICP:
;__Lib_System.c,6 :: 		
;__Lib_System.c,9 :: 		
0x0083	0x1283      	BCF        STATUS, 5
0x0084	0x1303      	BCF        STATUS, 6
0x0085	0x0839      	MOVF       ___DoICPAddr+1, 0
0x0086	0x008A      	MOVWF      PCLATH
;__Lib_System.c,10 :: 		
0x0087	0x0838      	MOVF       ___DoICPAddr, 0
0x0088	0x0082      	MOVWF      PCL
;__Lib_System.c,12 :: 		
L_end_____DoICP:
0x0089	0x0008      	RETURN
; end of _____DoICP
_WordToStr:
;__Lib_Conversions.c,84 :: 		
;__Lib_Conversions.c,89 :: 		
0x008A	0x1283      	BCF        STATUS, 5
0x008B	0x1703      	BSF        STATUS, 6
0x008C	0x019C      	CLRF       WordToStr_len_L0
L_WordToStr6:
0x008D	0x3005      	MOVLW      5
0x008E	0x021C      	SUBWF      WordToStr_len_L0, 0
0x008F	0x1803      	BTFSC      STATUS, 0
0x0090	0x2898      	GOTO       L_WordToStr7
;__Lib_Conversions.c,90 :: 		
0x0091	0x081C      	MOVF       WordToStr_len_L0, 0
0x0092	0x071B      	ADDWF      FARG_WordToStr_output, 0
0x0093	0x0084      	MOVWF      FSR
0x0094	0x3020      	MOVLW      32
0x0095	0x0080      	MOVWF      INDF
;__Lib_Conversions.c,89 :: 		
0x0096	0x0A9C      	INCF       WordToStr_len_L0, 1
;__Lib_Conversions.c,90 :: 		
0x0097	0x288D      	GOTO       L_WordToStr6
L_WordToStr7:
;__Lib_Conversions.c,91 :: 		
0x0098	0x081C      	MOVF       WordToStr_len_L0, 0
0x0099	0x071B      	ADDWF      FARG_WordToStr_output, 0
0x009A	0x0084      	MOVWF      FSR
0x009B	0x0180      	CLRF       INDF
0x009C	0x039C      	DECF       WordToStr_len_L0, 1
;__Lib_Conversions.c,93 :: 		
L_WordToStr9:
;__Lib_Conversions.c,94 :: 		
0x009D	0x081C      	MOVF       WordToStr_len_L0, 0
0x009E	0x071B      	ADDWF      FARG_WordToStr_output, 0
0x009F	0x009D      	MOVWF      FLOC__WordToStr
0x00A0	0x300A      	MOVLW      10
0x00A1	0x00F4      	MOVWF      R4
0x00A2	0x01F5      	CLRF       R4+1
0x00A3	0x0819      	MOVF       FARG_WordToStr_input, 0
0x00A4	0x00F0      	MOVWF      R0
0x00A5	0x081A      	MOVF       FARG_WordToStr_input+1, 0
0x00A6	0x00F1      	MOVWF      R0+1
0x00A7	0x205D      	CALL       _Div_16X16_U
0x00A8	0x0878      	MOVF       R8, 0
0x00A9	0x00F0      	MOVWF      R0
0x00AA	0x0879      	MOVF       R8+1, 0
0x00AB	0x00F1      	MOVWF      R0+1
0x00AC	0x3030      	MOVLW      48
0x00AD	0x07F0      	ADDWF      R0, 1
0x00AE	0x1703      	BSF        STATUS, 6
0x00AF	0x081D      	MOVF       FLOC__WordToStr, 0
0x00B0	0x0084      	MOVWF      FSR
0x00B1	0x0870      	MOVF       R0, 0
0x00B2	0x0080      	MOVWF      INDF
;__Lib_Conversions.c,95 :: 		
0x00B3	0x300A      	MOVLW      10
0x00B4	0x00F4      	MOVWF      R4
0x00B5	0x01F5      	CLRF       R4+1
0x00B6	0x0819      	MOVF       FARG_WordToStr_input, 0
0x00B7	0x00F0      	MOVWF      R0
0x00B8	0x081A      	MOVF       FARG_WordToStr_input+1, 0
0x00B9	0x00F1      	MOVWF      R0+1
0x00BA	0x205D      	CALL       _Div_16X16_U
0x00BB	0x0870      	MOVF       R0, 0
0x00BC	0x1703      	BSF        STATUS, 6
0x00BD	0x0099      	MOVWF      FARG_WordToStr_input
0x00BE	0x0871      	MOVF       R0+1, 0
0x00BF	0x009A      	MOVWF      FARG_WordToStr_input+1
;__Lib_Conversions.c,96 :: 		
0x00C0	0x3000      	MOVLW      0
0x00C1	0x0671      	XORWF      R0+1, 0
0x00C2	0x1D03      	BTFSS      STATUS, 2
0x00C3	0x28C6      	GOTO       L__WordToStr109
0x00C4	0x3000      	MOVLW      0
0x00C5	0x0670      	XORWF      R0, 0
L__WordToStr109:
0x00C6	0x1D03      	BTFSS      STATUS, 2
0x00C7	0x28C9      	GOTO       L_WordToStr11
;__Lib_Conversions.c,97 :: 		
0x00C8	0x28CB      	GOTO       L_WordToStr10
L_WordToStr11:
;__Lib_Conversions.c,98 :: 		
0x00C9	0x039C      	DECF       WordToStr_len_L0, 1
;__Lib_Conversions.c,99 :: 		
0x00CA	0x289D      	GOTO       L_WordToStr9
L_WordToStr10:
;__Lib_Conversions.c,100 :: 		
L_end_WordToStr:
0x00CB	0x0008      	RETURN
; end of _WordToStr
_Lcd_Chr:
;__Lib_Lcd.c,65 :: 		
;__Lib_Lcd.c,66 :: 		
0x00CC	0x28DE      	GOTO       L_Lcd_Chr4
;__Lib_Lcd.c,67 :: 		
L_Lcd_Chr6:
0x00CD	0x3080      	MOVLW      128
0x00CE	0x1283      	BCF        STATUS, 5
0x00CF	0x1703      	BSF        STATUS, 6
0x00D0	0x0090      	MOVWF      FARG_Lcd_Chr_row
0x00D1	0x28F1      	GOTO       L_Lcd_Chr5
;__Lib_Lcd.c,68 :: 		
L_Lcd_Chr7:
0x00D2	0x30C0      	MOVLW      192
0x00D3	0x0090      	MOVWF      FARG_Lcd_Chr_row
0x00D4	0x28F1      	GOTO       L_Lcd_Chr5
;__Lib_Lcd.c,69 :: 		
L_Lcd_Chr8:
0x00D5	0x3094      	MOVLW      148
0x00D6	0x0090      	MOVWF      FARG_Lcd_Chr_row
0x00D7	0x28F1      	GOTO       L_Lcd_Chr5
;__Lib_Lcd.c,70 :: 		
L_Lcd_Chr9:
0x00D8	0x30D4      	MOVLW      212
0x00D9	0x0090      	MOVWF      FARG_Lcd_Chr_row
0x00DA	0x28F1      	GOTO       L_Lcd_Chr5
;__Lib_Lcd.c,71 :: 		
L_Lcd_Chr10:
0x00DB	0x3080      	MOVLW      128
0x00DC	0x0090      	MOVWF      FARG_Lcd_Chr_row
;__Lib_Lcd.c,72 :: 		
0x00DD	0x28F1      	GOTO       L_Lcd_Chr5
L_Lcd_Chr4:
0x00DE	0x1283      	BCF        STATUS, 5
0x00DF	0x1703      	BSF        STATUS, 6
0x00E0	0x0810      	MOVF       FARG_Lcd_Chr_row, 0
0x00E1	0x3A01      	XORLW      1
0x00E2	0x1903      	BTFSC      STATUS, 2
0x00E3	0x28CD      	GOTO       L_Lcd_Chr6
0x00E4	0x0810      	MOVF       FARG_Lcd_Chr_row, 0
0x00E5	0x3A02      	XORLW      2
0x00E6	0x1903      	BTFSC      STATUS, 2
0x00E7	0x28D2      	GOTO       L_Lcd_Chr7
0x00E8	0x0810      	MOVF       FARG_Lcd_Chr_row, 0
0x00E9	0x3A03      	XORLW      3
0x00EA	0x1903      	BTFSC      STATUS, 2
0x00EB	0x28D5      	GOTO       L_Lcd_Chr8
0x00EC	0x0810      	MOVF       FARG_Lcd_Chr_row, 0
0x00ED	0x3A04      	XORLW      4
0x00EE	0x1903      	BTFSC      STATUS, 2
0x00EF	0x28D8      	GOTO       L_Lcd_Chr9
0x00F0	0x28DB      	GOTO       L_Lcd_Chr10
L_Lcd_Chr5:
;__Lib_Lcd.c,74 :: 		
0x00F1	0x0311      	DECF       FARG_Lcd_Chr_column, 0
0x00F2	0x00F0      	MOVWF      R0
0x00F3	0x0810      	MOVF       FARG_Lcd_Chr_row, 0
0x00F4	0x07F0      	ADDWF      R0, 1
0x00F5	0x0870      	MOVF       R0, 0
0x00F6	0x0090      	MOVWF      FARG_Lcd_Chr_row
;__Lib_Lcd.c,76 :: 		
0x00F7	0x1303      	BCF        STATUS, 6
0x00F8	0x1456      	BSF        __Lib_Lcd_cmd_status, BitPos(__Lib_Lcd_cmd_status+0)
;__Lib_Lcd.c,77 :: 		
0x00F9	0x0870      	MOVF       R0, 0
0x00FA	0x1703      	BSF        STATUS, 6
0x00FB	0x009E      	MOVWF      FARG_Lcd_Cmd_out_char
0x00FC	0x201A      	CALL       _Lcd_Cmd
;__Lib_Lcd.c,79 :: 		
0x00FD	0x1056      	BCF        __Lib_Lcd_cmd_status, BitPos(__Lib_Lcd_cmd_status+0)
;__Lib_Lcd.c,80 :: 		
0x00FE	0x1703      	BSF        STATUS, 6
0x00FF	0x0812      	MOVF       FARG_Lcd_Chr_out_char, 0
0x0100	0x009E      	MOVWF      FARG_Lcd_Cmd_out_char
0x0101	0x201A      	CALL       _Lcd_Cmd
;__Lib_Lcd.c,81 :: 		
0x0102	0x1456      	BSF        __Lib_Lcd_cmd_status, BitPos(__Lib_Lcd_cmd_status+0)
;__Lib_Lcd.c,82 :: 		
L_end_Lcd_Chr:
0x0103	0x0008      	RETURN
; end of _Lcd_Chr
_Mul_16X16_U:
;__Lib_Math.c,136 :: 		
;__Lib_Math.c,143 :: 		
0x0104	0x1283      	BCF        STATUS, 5
;__Lib_Math.c,144 :: 		
0x0105	0x1303      	BCF        STATUS, 6
;__Lib_Math.c,145 :: 		
0x0106	0x01FB      	CLRF       R11
;__Lib_Math.c,146 :: 		
0x0107	0x01FA      	CLRF       R10
;__Lib_Math.c,147 :: 		
0x0108	0x01F9      	CLRF       R9
;__Lib_Math.c,148 :: 		
0x0109	0x3080      	MOVLW      128
;__Lib_Math.c,149 :: 		
0x010A	0x00F8      	MOVWF      R8
;__Lib_Math.c,150 :: 		
0x010B	0x0CF1      	RRF        R1, 1
;__Lib_Math.c,151 :: 		
0x010C	0x0CF0      	RRF        R0, 1
;__Lib_Math.c,152 :: 		
0x010D	0x1C03      	BTFSS      STATUS, 0
;__Lib_Math.c,153 :: 		
0x010E	0x2918      	GOTO       $+10
;__Lib_Math.c,154 :: 		
0x010F	0x0874      	MOVF       R4, 0
;__Lib_Math.c,155 :: 		
0x0110	0x07F9      	ADDWF      R9, 1
;__Lib_Math.c,156 :: 		
0x0111	0x0875      	MOVF       R5, 0
;__Lib_Math.c,157 :: 		
0x0112	0x1803      	BTFSC      STATUS, 0
;__Lib_Math.c,158 :: 		
0x0113	0x0F75      	INCFSZ     R5, 0
;__Lib_Math.c,159 :: 		
0x0114	0x07FA      	ADDWF      R10, 1
;__Lib_Math.c,160 :: 		
0x0115	0x1803      	BTFSC      STATUS, 0
;__Lib_Math.c,161 :: 		
0x0116	0x0AFB      	INCF       R11, 1
;__Lib_Math.c,162 :: 		
0x0117	0x1003      	BCF        STATUS, 0
;__Lib_Math.c,163 :: 		
0x0118	0x1FF0      	BTFSS      R0, 7
;__Lib_Math.c,164 :: 		
0x0119	0x2920      	GOTO       $+7
;__Lib_Math.c,165 :: 		
0x011A	0x0874      	MOVF       R4, 0
;__Lib_Math.c,166 :: 		
0x011B	0x07FA      	ADDWF      R10, 1
;__Lib_Math.c,167 :: 		
0x011C	0x0875      	MOVF       R5, 0
;__Lib_Math.c,168 :: 		
0x011D	0x1803      	BTFSC      STATUS, 0
;__Lib_Math.c,169 :: 		
0x011E	0x0F75      	INCFSZ     R5, 0
;__Lib_Math.c,170 :: 		
0x011F	0x07FB      	ADDWF      R11, 1
;__Lib_Math.c,171 :: 		
0x0120	0x0CFB      	RRF        R11, 1
;__Lib_Math.c,172 :: 		
0x0121	0x0CFA      	RRF        R10, 1
;__Lib_Math.c,173 :: 		
0x0122	0x0CF9      	RRF        R9, 1
;__Lib_Math.c,174 :: 		
0x0123	0x0CF8      	RRF        R8, 1
;__Lib_Math.c,175 :: 		
0x0124	0x1C03      	BTFSS      STATUS, 0
;__Lib_Math.c,176 :: 		
0x0125	0x290B      	GOTO       $-26
;__Lib_Math.c,177 :: 		
0x0126	0x087B      	MOVF       R11, 0
;__Lib_Math.c,178 :: 		
0x0127	0x00F3      	MOVWF      R3
;__Lib_Math.c,179 :: 		
0x0128	0x087A      	MOVF       R10, 0
;__Lib_Math.c,180 :: 		
0x0129	0x00F2      	MOVWF      R2
;__Lib_Math.c,181 :: 		
0x012A	0x0879      	MOVF       R9, 0
;__Lib_Math.c,182 :: 		
0x012B	0x00F1      	MOVWF      R1
;__Lib_Math.c,183 :: 		
0x012C	0x0878      	MOVF       R8, 0
;__Lib_Math.c,184 :: 		
0x012D	0x00F0      	MOVWF      R0
;__Lib_Math.c,187 :: 		
L_end_Mul_16X16_U:
0x012E	0x0008      	RETURN
; end of _Mul_16X16_U
_IntToStr:
;__Lib_Conversions.c,146 :: 		
;__Lib_Conversions.c,152 :: 		
0x012F	0x1283      	BCF        STATUS, 5
0x0130	0x1703      	BSF        STATUS, 6
0x0131	0x0195      	CLRF       IntToStr_negative_L0
0x0132	0x0196      	CLRF       IntToStr_negative_L0+1
;__Lib_Conversions.c,153 :: 		
0x0133	0x0810      	MOVF       FARG_IntToStr_input, 0
0x0134	0x0097      	MOVWF      IntToStr_inword_L0
0x0135	0x0811      	MOVF       FARG_IntToStr_input+1, 0
0x0136	0x0098      	MOVWF      IntToStr_inword_L0+1
;__Lib_Conversions.c,154 :: 		
0x0137	0x3080      	MOVLW      128
0x0138	0x0611      	XORWF      FARG_IntToStr_input+1, 0
0x0139	0x00F0      	MOVWF      R0
0x013A	0x3080      	MOVLW      128
0x013B	0x0270      	SUBWF      R0, 0
0x013C	0x1D03      	BTFSS      STATUS, 2
0x013D	0x2940      	GOTO       L__IntToStr115
0x013E	0x3000      	MOVLW      0
0x013F	0x0210      	SUBWF      FARG_IntToStr_input, 0
L__IntToStr115:
0x0140	0x1803      	BTFSC      STATUS, 0
0x0141	0x294E      	GOTO       L_IntToStr23
;__Lib_Conversions.c,155 :: 		
0x0142	0x3001      	MOVLW      1
0x0143	0x0095      	MOVWF      IntToStr_negative_L0
0x0144	0x3000      	MOVLW      0
0x0145	0x0096      	MOVWF      IntToStr_negative_L0+1
;__Lib_Conversions.c,156 :: 		
0x0146	0x0810      	MOVF       FARG_IntToStr_input, 0
0x0147	0x3C00      	SUBLW      0
0x0148	0x0097      	MOVWF      IntToStr_inword_L0
0x0149	0x0811      	MOVF       FARG_IntToStr_input+1, 0
0x014A	0x1C03      	BTFSS      STATUS, 0
0x014B	0x3E01      	ADDLW      1
0x014C	0x0198      	CLRF       IntToStr_inword_L0+1
0x014D	0x0298      	SUBWF      IntToStr_inword_L0+1, 1
;__Lib_Conversions.c,157 :: 		
L_IntToStr23:
;__Lib_Conversions.c,158 :: 		
0x014E	0x0817      	MOVF       IntToStr_inword_L0, 0
0x014F	0x0099      	MOVWF      FARG_WordToStr_input
0x0150	0x0818      	MOVF       IntToStr_inword_L0+1, 0
0x0151	0x009A      	MOVWF      FARG_WordToStr_input+1
0x0152	0x0812      	MOVF       FARG_IntToStr_output, 0
0x0153	0x009B      	MOVWF      FARG_WordToStr_output
0x0154	0x208A      	CALL       _WordToStr
;__Lib_Conversions.c,160 :: 		
0x0155	0x3006      	MOVLW      6
0x0156	0x0093      	MOVWF      IntToStr_i_L0
0x0157	0x3000      	MOVLW      0
0x0158	0x0094      	MOVWF      IntToStr_i_L0+1
;__Lib_Conversions.c,161 :: 		
L_IntToStr24:
0x0159	0x0814      	MOVF       IntToStr_i_L0+1, 0
0x015A	0x3C00      	SUBLW      0
0x015B	0x1D03      	BTFSS      STATUS, 2
0x015C	0x295F      	GOTO       L__IntToStr116
0x015D	0x0813      	MOVF       IntToStr_i_L0, 0
0x015E	0x3C00      	SUBLW      0
L__IntToStr116:
0x015F	0x1803      	BTFSC      STATUS, 0
0x0160	0x297A      	GOTO       L_IntToStr25
;__Lib_Conversions.c,162 :: 		
0x0161	0x0813      	MOVF       IntToStr_i_L0, 0
0x0162	0x0712      	ADDWF      FARG_IntToStr_output, 0
0x0163	0x00F2      	MOVWF      R2
0x0164	0x3001      	MOVLW      1
0x0165	0x0213      	SUBWF      IntToStr_i_L0, 0
0x0166	0x00F0      	MOVWF      R0
0x0167	0x3000      	MOVLW      0
0x0168	0x1C03      	BTFSS      STATUS, 0
0x0169	0x3E01      	ADDLW      1
0x016A	0x0214      	SUBWF      IntToStr_i_L0+1, 0
0x016B	0x00F1      	MOVWF      R0+1
0x016C	0x0870      	MOVF       R0, 0
0x016D	0x0712      	ADDWF      FARG_IntToStr_output, 0
0x016E	0x0084      	MOVWF      FSR
0x016F	0x0800      	MOVF       INDF, 0
0x0170	0x00F0      	MOVWF      R0
0x0171	0x0872      	MOVF       R2, 0
0x0172	0x0084      	MOVWF      FSR
0x0173	0x0870      	MOVF       R0, 0
0x0174	0x0080      	MOVWF      INDF
;__Lib_Conversions.c,163 :: 		
0x0175	0x3001      	MOVLW      1
0x0176	0x0293      	SUBWF      IntToStr_i_L0, 1
0x0177	0x1C03      	BTFSS      STATUS, 0
0x0178	0x0394      	DECF       IntToStr_i_L0+1, 1
;__Lib_Conversions.c,164 :: 		
0x0179	0x2959      	GOTO       L_IntToStr24
L_IntToStr25:
;__Lib_Conversions.c,165 :: 		
0x017A	0x0812      	MOVF       FARG_IntToStr_output, 0
0x017B	0x0084      	MOVWF      FSR
0x017C	0x3020      	MOVLW      32
0x017D	0x0080      	MOVWF      INDF
;__Lib_Conversions.c,166 :: 		
0x017E	0x0815      	MOVF       IntToStr_negative_L0, 0
0x017F	0x0416      	IORWF      IntToStr_negative_L0+1, 0
0x0180	0x1903      	BTFSC      STATUS, 2
0x0181	0x2998      	GOTO       L_IntToStr26
;__Lib_Conversions.c,167 :: 		
0x0182	0x0193      	CLRF       IntToStr_i_L0
0x0183	0x0194      	CLRF       IntToStr_i_L0+1
;__Lib_Conversions.c,168 :: 		
L_IntToStr27:
0x0184	0x0813      	MOVF       IntToStr_i_L0, 0
0x0185	0x0712      	ADDWF      FARG_IntToStr_output, 0
0x0186	0x0084      	MOVWF      FSR
0x0187	0x0800      	MOVF       INDF, 0
0x0188	0x3A20      	XORLW      32
0x0189	0x1D03      	BTFSS      STATUS, 2
0x018A	0x298F      	GOTO       L_IntToStr28
0x018B	0x0A93      	INCF       IntToStr_i_L0, 1
0x018C	0x1903      	BTFSC      STATUS, 2
0x018D	0x0A94      	INCF       IntToStr_i_L0+1, 1
0x018E	0x2984      	GOTO       L_IntToStr27
L_IntToStr28:
;__Lib_Conversions.c,169 :: 		
0x018F	0x3001      	MOVLW      1
0x0190	0x0293      	SUBWF      IntToStr_i_L0, 1
0x0191	0x1C03      	BTFSS      STATUS, 0
0x0192	0x0394      	DECF       IntToStr_i_L0+1, 1
;__Lib_Conversions.c,170 :: 		
0x0193	0x0813      	MOVF       IntToStr_i_L0, 0
0x0194	0x0712      	ADDWF      FARG_IntToStr_output, 0
0x0195	0x0084      	MOVWF      FSR
0x0196	0x302D      	MOVLW      45
0x0197	0x0080      	MOVWF      INDF
L_IntToStr26:
;__Lib_Conversions.c,171 :: 		
L_end_IntToStr:
0x0198	0x0008      	RETURN
; end of _IntToStr
_Lcd_Init:
;__Lib_Lcd.c,84 :: 		
;__Lib_Lcd.c,86 :: 		
0x0199	0x1683      	BSF        STATUS, 5
0x019A	0x1303      	BCF        STATUS, 6
0x019B	0x1286      	BCF        LCD_EN_Direction, BitPos(LCD_EN_Direction+0)
;__Lib_Lcd.c,87 :: 		
0x019C	0x1206      	BCF        LCD_RS_Direction, BitPos(LCD_RS_Direction+0)
;__Lib_Lcd.c,88 :: 		
0x019D	0x1006      	BCF        LCD_D4_Direction, BitPos(LCD_D4_Direction+0)
;__Lib_Lcd.c,89 :: 		
0x019E	0x1086      	BCF        LCD_D5_Direction, BitPos(LCD_D5_Direction+0)
;__Lib_Lcd.c,90 :: 		
0x019F	0x1106      	BCF        LCD_D6_Direction, BitPos(LCD_D6_Direction+0)
;__Lib_Lcd.c,91 :: 		
0x01A0	0x1186      	BCF        LCD_D7_Direction, BitPos(LCD_D7_Direction+0)
;__Lib_Lcd.c,93 :: 		
0x01A1	0x1283      	BCF        STATUS, 5
0x01A2	0x1286      	BCF        LCD_EN, BitPos(LCD_EN+0)
;__Lib_Lcd.c,94 :: 		
0x01A3	0x1206      	BCF        LCD_RS, BitPos(LCD_RS+0)
;__Lib_Lcd.c,95 :: 		
0x01A4	0x1186      	BCF        LCD_D7, BitPos(LCD_D7+0)
;__Lib_Lcd.c,96 :: 		
0x01A5	0x1106      	BCF        LCD_D6, BitPos(LCD_D6+0)
;__Lib_Lcd.c,97 :: 		
0x01A6	0x1086      	BCF        LCD_D5, BitPos(LCD_D5+0)
;__Lib_Lcd.c,98 :: 		
0x01A7	0x1006      	BCF        LCD_D4, BitPos(LCD_D4+0)
;__Lib_Lcd.c,100 :: 		
0x01A8	0x200A      	CALL       _Delay_5500us
;__Lib_Lcd.c,101 :: 		
0x01A9	0x200A      	CALL       _Delay_5500us
;__Lib_Lcd.c,102 :: 		
0x01AA	0x200A      	CALL       _Delay_5500us
;__Lib_Lcd.c,105 :: 		
0x01AB	0x1486      	BSF        LCD_D5, BitPos(LCD_D5+0)
;__Lib_Lcd.c,106 :: 		
0x01AC	0x1406      	BSF        LCD_D4, BitPos(LCD_D4+0)
;__Lib_Lcd.c,107 :: 		
0x01AD	0x1686      	BSF        LCD_EN, BitPos(LCD_EN+0)
;__Lib_Lcd.c,108 :: 		
0x01AE	0x2017      	CALL       _Delay_1us
;__Lib_Lcd.c,109 :: 		
0x01AF	0x1286      	BCF        LCD_EN, BitPos(LCD_EN+0)
;__Lib_Lcd.c,110 :: 		
0x01B0	0x200A      	CALL       _Delay_5500us
;__Lib_Lcd.c,112 :: 		
0x01B1	0x1686      	BSF        LCD_EN, BitPos(LCD_EN+0)
;__Lib_Lcd.c,113 :: 		
0x01B2	0x2017      	CALL       _Delay_1us
;__Lib_Lcd.c,114 :: 		
0x01B3	0x1286      	BCF        LCD_EN, BitPos(LCD_EN+0)
;__Lib_Lcd.c,115 :: 		
0x01B4	0x200A      	CALL       _Delay_5500us
;__Lib_Lcd.c,117 :: 		
0x01B5	0x1686      	BSF        LCD_EN, BitPos(LCD_EN+0)
;__Lib_Lcd.c,118 :: 		
0x01B6	0x2017      	CALL       _Delay_1us
;__Lib_Lcd.c,119 :: 		
0x01B7	0x1286      	BCF        LCD_EN, BitPos(LCD_EN+0)
;__Lib_Lcd.c,120 :: 		
0x01B8	0x200A      	CALL       _Delay_5500us
;__Lib_Lcd.c,123 :: 		
0x01B9	0x1006      	BCF        LCD_D4, BitPos(LCD_D4+0)
;__Lib_Lcd.c,124 :: 		
0x01BA	0x1686      	BSF        LCD_EN, BitPos(LCD_EN+0)
;__Lib_Lcd.c,125 :: 		
0x01BB	0x2017      	CALL       _Delay_1us
;__Lib_Lcd.c,126 :: 		
0x01BC	0x1286      	BCF        LCD_EN, BitPos(LCD_EN+0)
;__Lib_Lcd.c,127 :: 		
0x01BD	0x200A      	CALL       _Delay_5500us
;__Lib_Lcd.c,130 :: 		
0x01BE	0x1686      	BSF        LCD_EN, BitPos(LCD_EN+0)
;__Lib_Lcd.c,131 :: 		
0x01BF	0x2017      	CALL       _Delay_1us
;__Lib_Lcd.c,132 :: 		
0x01C0	0x1286      	BCF        LCD_EN, BitPos(LCD_EN+0)
;__Lib_Lcd.c,134 :: 		
0x01C1	0x1086      	BCF        LCD_D5, BitPos(LCD_D5+0)
;__Lib_Lcd.c,135 :: 		
0x01C2	0x1586      	BSF        LCD_D7, BitPos(LCD_D7+0)
;__Lib_Lcd.c,136 :: 		
0x01C3	0x1686      	BSF        LCD_EN, BitPos(LCD_EN+0)
;__Lib_Lcd.c,137 :: 		
0x01C4	0x2017      	CALL       _Delay_1us
;__Lib_Lcd.c,138 :: 		
0x01C5	0x1286      	BCF        LCD_EN, BitPos(LCD_EN+0)
;__Lib_Lcd.c,139 :: 		
0x01C6	0x200A      	CALL       _Delay_5500us
;__Lib_Lcd.c,142 :: 		
0x01C7	0x1186      	BCF        LCD_D7, BitPos(LCD_D7+0)
;__Lib_Lcd.c,143 :: 		
0x01C8	0x1406      	BSF        LCD_D4, BitPos(LCD_D4+0)
;__Lib_Lcd.c,144 :: 		
0x01C9	0x1686      	BSF        LCD_EN, BitPos(LCD_EN+0)
;__Lib_Lcd.c,145 :: 		
0x01CA	0x2017      	CALL       _Delay_1us
;__Lib_Lcd.c,146 :: 		
0x01CB	0x1286      	BCF        LCD_EN, BitPos(LCD_EN+0)
;__Lib_Lcd.c,148 :: 		
0x01CC	0x1006      	BCF        LCD_D4, BitPos(LCD_D4+0)
;__Lib_Lcd.c,149 :: 		
0x01CD	0x1686      	BSF        LCD_EN, BitPos(LCD_EN+0)
;__Lib_Lcd.c,150 :: 		
0x01CE	0x2017      	CALL       _Delay_1us
;__Lib_Lcd.c,151 :: 		
0x01CF	0x1286      	BCF        LCD_EN, BitPos(LCD_EN+0)
;__Lib_Lcd.c,152 :: 		
0x01D0	0x200A      	CALL       _Delay_5500us
;__Lib_Lcd.c,155 :: 		
0x01D1	0x1686      	BSF        LCD_EN, BitPos(LCD_EN+0)
;__Lib_Lcd.c,156 :: 		
0x01D2	0x2017      	CALL       _Delay_1us
;__Lib_Lcd.c,157 :: 		
0x01D3	0x1286      	BCF        LCD_EN, BitPos(LCD_EN+0)
;__Lib_Lcd.c,159 :: 		
0x01D4	0x1406      	BSF        LCD_D4, BitPos(LCD_D4+0)
;__Lib_Lcd.c,160 :: 		
0x01D5	0x1686      	BSF        LCD_EN, BitPos(LCD_EN+0)
;__Lib_Lcd.c,161 :: 		
0x01D6	0x2017      	CALL       _Delay_1us
;__Lib_Lcd.c,162 :: 		
0x01D7	0x1286      	BCF        LCD_EN, BitPos(LCD_EN+0)
;__Lib_Lcd.c,163 :: 		
0x01D8	0x200A      	CALL       _Delay_5500us
;__Lib_Lcd.c,166 :: 		
0x01D9	0x1006      	BCF        LCD_D4, BitPos(LCD_D4+0)
;__Lib_Lcd.c,167 :: 		
0x01DA	0x1686      	BSF        LCD_EN, BitPos(LCD_EN+0)
;__Lib_Lcd.c,168 :: 		
0x01DB	0x2017      	CALL       _Delay_1us
;__Lib_Lcd.c,169 :: 		
0x01DC	0x1286      	BCF        LCD_EN, BitPos(LCD_EN+0)
;__Lib_Lcd.c,171 :: 		
0x01DD	0x1586      	BSF        LCD_D7, BitPos(LCD_D7+0)
;__Lib_Lcd.c,172 :: 		
0x01DE	0x1506      	BSF        LCD_D6, BitPos(LCD_D6+0)
;__Lib_Lcd.c,173 :: 		
0x01DF	0x1486      	BSF        LCD_D5, BitPos(LCD_D5+0)
;__Lib_Lcd.c,174 :: 		
0x01E0	0x1406      	BSF        LCD_D4, BitPos(LCD_D4+0)
;__Lib_Lcd.c,175 :: 		
0x01E1	0x1686      	BSF        LCD_EN, BitPos(LCD_EN+0)
;__Lib_Lcd.c,176 :: 		
0x01E2	0x2017      	CALL       _Delay_1us
;__Lib_Lcd.c,177 :: 		
0x01E3	0x1286      	BCF        LCD_EN, BitPos(LCD_EN+0)
;__Lib_Lcd.c,179 :: 		
0x01E4	0x200A      	CALL       _Delay_5500us
;__Lib_Lcd.c,181 :: 		
0x01E5	0x1456      	BSF        __Lib_Lcd_cmd_status, BitPos(__Lib_Lcd_cmd_status+0)
;__Lib_Lcd.c,182 :: 		
L_end_Lcd_Init:
0x01E6	0x0008      	RETURN
; end of _Lcd_Init
_UART1_Read:
;__Lib_UART_c67.c,21 :: 		
;__Lib_UART_c67.c,24 :: 		
0x01E7	0x1283      	BCF        STATUS, 5
0x01E8	0x1303      	BCF        STATUS, 6
0x01E9	0x081A      	MOVF       RCREG, 0
0x01EA	0x00F1      	MOVWF      R1
;__Lib_UART_c67.c,25 :: 		
0x01EB	0x1C98      	BTFSS      RCSTA, 1
0x01EC	0x29EF      	GOTO       L_UART1_Read2
;__Lib_UART_c67.c,26 :: 		
0x01ED	0x1218      	BCF        RCSTA, 4
;__Lib_UART_c67.c,27 :: 		
0x01EE	0x1618      	BSF        RCSTA, 4
;__Lib_UART_c67.c,28 :: 		
L_UART1_Read2:
;__Lib_UART_c67.c,29 :: 		
0x01EF	0x0871      	MOVF       R1, 0
0x01F0	0x00F0      	MOVWF      R0
;__Lib_UART_c67.c,30 :: 		
L_end_UART1_Read:
0x01F1	0x0008      	RETURN
; end of _UART1_Read
_Ltrim:
;__Lib_Conversions.c,372 :: 		
;__Lib_Conversions.c,376 :: 		
0x01F2	0x1283      	BCF        STATUS, 5
0x01F3	0x1703      	BSF        STATUS, 6
0x01F4	0x0191      	CLRF       Ltrim_trimmed_L0
0x01F5	0x0192      	CLRF       Ltrim_trimmed_L0+1
;__Lib_Conversions.c,377 :: 		
0x01F6	0x0810      	MOVF       FARG_Ltrim_string, 0
0x01F7	0x00F2      	MOVWF      R2
;__Lib_Conversions.c,378 :: 		
0x01F8	0x0810      	MOVF       FARG_Ltrim_string, 0
0x01F9	0x00F3      	MOVWF      R3
;__Lib_Conversions.c,379 :: 		
L_Ltrim70:
;__Lib_Conversions.c,380 :: 		
0x01FA	0x0872      	MOVF       R2, 0
0x01FB	0x0084      	MOVWF      FSR
0x01FC	0x0800      	MOVF       INDF, 0
0x01FD	0x3A20      	XORLW      32
0x01FE	0x1D03      	BTFSS      STATUS, 2
0x01FF	0x2A05      	GOTO       L__Ltrim99
0x0200	0x0811      	MOVF       Ltrim_trimmed_L0, 0
0x0201	0x0412      	IORWF      Ltrim_trimmed_L0+1, 0
0x0202	0x1D03      	BTFSS      STATUS, 2
0x0203	0x2A05      	GOTO       L__Ltrim99
0x0204	0x2A12      	GOTO       L_Ltrim75
L__Ltrim99:
;__Lib_Conversions.c,381 :: 		
0x0205	0x3001      	MOVLW      1
0x0206	0x0091      	MOVWF      Ltrim_trimmed_L0
0x0207	0x3000      	MOVLW      0
0x0208	0x0092      	MOVWF      Ltrim_trimmed_L0+1
;__Lib_Conversions.c,382 :: 		
0x0209	0x0872      	MOVF       R2, 0
0x020A	0x0084      	MOVWF      FSR
0x020B	0x0800      	MOVF       INDF, 0
0x020C	0x00F0      	MOVWF      R0
0x020D	0x0873      	MOVF       R3, 0
0x020E	0x0084      	MOVWF      FSR
0x020F	0x0870      	MOVF       R0, 0
0x0210	0x0080      	MOVWF      INDF
0x0211	0x0AF3      	INCF       R3, 1
;__Lib_Conversions.c,383 :: 		
L_Ltrim75:
;__Lib_Conversions.c,385 :: 		
0x0212	0x0872      	MOVF       R2, 0
0x0213	0x00F1      	MOVWF      R1
0x0214	0x0AF2      	INCF       R2, 1
0x0215	0x0871      	MOVF       R1, 0
0x0216	0x0084      	MOVWF      FSR
0x0217	0x0800      	MOVF       INDF, 0
0x0218	0x3A00      	XORLW      0
0x0219	0x1D03      	BTFSS      STATUS, 2
0x021A	0x29FA      	GOTO       L_Ltrim70
;__Lib_Conversions.c,386 :: 		
0x021B	0x0810      	MOVF       FARG_Ltrim_string, 0
0x021C	0x00F0      	MOVWF      R0
;__Lib_Conversions.c,387 :: 		
L_end_Ltrim:
0x021D	0x0008      	RETURN
; end of _Ltrim
_Lcd_Out:
;__Lib_Lcd.c,184 :: 		
;__Lib_Lcd.c,187 :: 		
0x021E	0x2A30      	GOTO       L_Lcd_Out11
;__Lib_Lcd.c,188 :: 		
L_Lcd_Out13:
0x021F	0x3080      	MOVLW      128
0x0220	0x1283      	BCF        STATUS, 5
0x0221	0x1703      	BSF        STATUS, 6
0x0222	0x0090      	MOVWF      FARG_Lcd_Out_row
0x0223	0x2A43      	GOTO       L_Lcd_Out12
;__Lib_Lcd.c,189 :: 		
L_Lcd_Out14:
0x0224	0x30C0      	MOVLW      192
0x0225	0x0090      	MOVWF      FARG_Lcd_Out_row
0x0226	0x2A43      	GOTO       L_Lcd_Out12
;__Lib_Lcd.c,190 :: 		
L_Lcd_Out15:
0x0227	0x3094      	MOVLW      148
0x0228	0x0090      	MOVWF      FARG_Lcd_Out_row
0x0229	0x2A43      	GOTO       L_Lcd_Out12
;__Lib_Lcd.c,191 :: 		
L_Lcd_Out16:
0x022A	0x30D4      	MOVLW      212
0x022B	0x0090      	MOVWF      FARG_Lcd_Out_row
0x022C	0x2A43      	GOTO       L_Lcd_Out12
;__Lib_Lcd.c,192 :: 		
L_Lcd_Out17:
0x022D	0x3080      	MOVLW      128
0x022E	0x0090      	MOVWF      FARG_Lcd_Out_row
;__Lib_Lcd.c,193 :: 		
0x022F	0x2A43      	GOTO       L_Lcd_Out12
L_Lcd_Out11:
0x0230	0x1283      	BCF        STATUS, 5
0x0231	0x1703      	BSF        STATUS, 6
0x0232	0x0810      	MOVF       FARG_Lcd_Out_row, 0
0x0233	0x3A01      	XORLW      1
0x0234	0x1903      	BTFSC      STATUS, 2
0x0235	0x2A1F      	GOTO       L_Lcd_Out13
0x0236	0x0810      	MOVF       FARG_Lcd_Out_row, 0
0x0237	0x3A02      	XORLW      2
0x0238	0x1903      	BTFSC      STATUS, 2
0x0239	0x2A24      	GOTO       L_Lcd_Out14
0x023A	0x0810      	MOVF       FARG_Lcd_Out_row, 0
0x023B	0x3A03      	XORLW      3
0x023C	0x1903      	BTFSC      STATUS, 2
0x023D	0x2A27      	GOTO       L_Lcd_Out15
0x023E	0x0810      	MOVF       FARG_Lcd_Out_row, 0
0x023F	0x3A04      	XORLW      4
0x0240	0x1903      	BTFSC      STATUS, 2
0x0241	0x2A2A      	GOTO       L_Lcd_Out16
0x0242	0x2A2D      	GOTO       L_Lcd_Out17
L_Lcd_Out12:
;__Lib_Lcd.c,194 :: 		
0x0243	0x0311      	DECF       FARG_Lcd_Out_column, 0
0x0244	0x00F0      	MOVWF      R0
0x0245	0x0810      	MOVF       FARG_Lcd_Out_row, 0
0x0246	0x07F0      	ADDWF      R0, 1
0x0247	0x0870      	MOVF       R0, 0
0x0248	0x0090      	MOVWF      FARG_Lcd_Out_row
;__Lib_Lcd.c,196 :: 		
0x0249	0x0870      	MOVF       R0, 0
0x024A	0x009E      	MOVWF      FARG_Lcd_Cmd_out_char
0x024B	0x201A      	CALL       _Lcd_Cmd
;__Lib_Lcd.c,197 :: 		
0x024C	0x1056      	BCF        __Lib_Lcd_cmd_status, BitPos(__Lib_Lcd_cmd_status+0)
;__Lib_Lcd.c,198 :: 		
0x024D	0x1703      	BSF        STATUS, 6
0x024E	0x0193      	CLRF       Lcd_Out_i_L0
;__Lib_Lcd.c,199 :: 		
L_Lcd_Out18:
0x024F	0x0813      	MOVF       Lcd_Out_i_L0, 0
0x0250	0x0712      	ADDWF      FARG_Lcd_Out_text, 0
0x0251	0x0084      	MOVWF      FSR
0x0252	0x0800      	MOVF       INDF, 0
0x0253	0x1903      	BTFSC      STATUS, 2
0x0254	0x2A5E      	GOTO       L_Lcd_Out19
;__Lib_Lcd.c,200 :: 		
0x0255	0x0813      	MOVF       Lcd_Out_i_L0, 0
0x0256	0x0712      	ADDWF      FARG_Lcd_Out_text, 0
0x0257	0x0084      	MOVWF      FSR
0x0258	0x0800      	MOVF       INDF, 0
0x0259	0x0099      	MOVWF      FARG_Lcd_Chr_CP_out_char
0x025A	0x207A      	CALL       _Lcd_Chr_CP
0x025B	0x1703      	BSF        STATUS, 6
0x025C	0x0A93      	INCF       Lcd_Out_i_L0, 1
0x025D	0x2A4F      	GOTO       L_Lcd_Out18
L_Lcd_Out19:
;__Lib_Lcd.c,201 :: 		
0x025E	0x1303      	BCF        STATUS, 6
0x025F	0x1456      	BSF        __Lib_Lcd_cmd_status, BitPos(__Lib_Lcd_cmd_status+0)
;__Lib_Lcd.c,202 :: 		
L_end_Lcd_Out:
0x0260	0x0008      	RETURN
; end of _Lcd_Out
___CC2DW:
;__Lib_System.c,134 :: 		
;__Lib_System.c,137 :: 		
_CC2D_Loop1:
;__Lib_System.c,139 :: 		
0x0261	0x2083      	CALL       _____DoICP
0x0262	0x118A      	BCF        PCLATH, 3
0x0263	0x120A      	BCF        PCLATH, 4
;__Lib_System.c,141 :: 		
0x0264	0x0080      	MOVWF      INDF
;__Lib_System.c,142 :: 		
0x0265	0x0A84      	INCF       FSR, 1
;__Lib_System.c,143 :: 		
0x0266	0x0AB8      	INCF       ___DoICPAddr, 1
;__Lib_System.c,145 :: 		
0x0267	0x1903      	BTFSC      STATUS, 2
;__Lib_System.c,146 :: 		
0x0268	0x0AB9      	INCF       ___DoICPAddr+1, 1
;__Lib_System.c,147 :: 		
0x0269	0x03F0      	DECF       R0, 1
;__Lib_System.c,149 :: 		
0x026A	0x1D03      	BTFSS      STATUS, 2
;__Lib_System.c,150 :: 		
0x026B	0x2A61      	GOTO       _CC2D_Loop1
;__Lib_System.c,152 :: 		
L_end___CC2DW:
0x026C	0x0008      	RETURN
; end of ___CC2DW
_UART1_Init:
;__Lib_UART_c67.c,2 :: 		
;__Lib_UART_c67.c,5 :: 		
0x026D	0x1683      	BSF        STATUS, 5
0x026E	0x1303      	BCF        STATUS, 6
0x026F	0x1698      	BSF        TXSTA, 5
;__Lib_UART_c67.c,6 :: 		
0x0270	0x3090      	MOVLW      144
0x0271	0x1283      	BCF        STATUS, 5
0x0272	0x0098      	MOVWF      RCSTA
;__Lib_UART_c67.c,7 :: 		
0x0273	0x1683      	BSF        STATUS, 5
0x0274	0x1787      	BSF        TRISC7_bit, BitPos(TRISC7_bit+0)
;__Lib_UART_c67.c,8 :: 		
0x0275	0x1307      	BCF        TRISC6_bit, BitPos(TRISC6_bit+0)
;__Lib_UART_c67.c,10 :: 		
L_UART1_Init0:
0x0276	0x1283      	BCF        STATUS, 5
0x0277	0x1E8C      	BTFSS      PIR1, 5
0x0278	0x2A7C      	GOTO       L_UART1_Init1
;__Lib_UART_c67.c,11 :: 		
0x0279	0x081A      	MOVF       RCREG, 0
0x027A	0x00F0      	MOVWF      R0
0x027B	0x2A76      	GOTO       L_UART1_Init0
L_UART1_Init1:
;__Lib_UART_c67.c,12 :: 		
L_end_UART1_Init:
0x027C	0x0008      	RETURN
; end of _UART1_Init
_UART1_Data_Ready:
;__Lib_UART_c67.c,16 :: 		
;__Lib_UART_c67.c,17 :: 		
0x027D	0x3000      	MOVLW      0
0x027E	0x1283      	BCF        STATUS, 5
0x027F	0x1303      	BCF        STATUS, 6
0x0280	0x1A8C      	BTFSC      PIR1, 5
0x0281	0x3001      	MOVLW      1
0x0282	0x00F0      	MOVWF      R0
;__Lib_UART_c67.c,18 :: 		
L_end_UART1_Data_Ready:
0x0283	0x0008      	RETURN
; end of _UART1_Data_Ready
_main:
0x0284	0x1283      	BCF        STATUS, 5
0x0285	0x1303      	BCF        STATUS, 6
0x0286	0x01A0      	CLRF       _dolzina
0x0287	0x01A1      	CLRF       33
0x0288	0x01A2      	CLRF       34
0x0289	0x01A3      	CLRF       35
0x028A	0x01A4      	CLRF       36
0x028B	0x01A5      	CLRF       37
0x028C	0x01A6      	CLRF       38
0x028D	0x01A7      	CLRF       39
0x028E	0x01A8      	CLRF       40
0x028F	0x01A9      	CLRF       41
0x0290	0x01AA      	CLRF       42
0x0291	0x01AB      	CLRF       43
0x0292	0x01AC      	CLRF       44
0x0293	0x01AD      	CLRF       45
0x0294	0x01AE      	CLRF       46
0x0295	0x01AF      	CLRF       47
;LABMPS_ZADACA.c,30 :: 		void main(){
;LABMPS_ZADACA.c,31 :: 		ANSEL=0;
0x0296	0x1683      	BSF        STATUS, 5
0x0297	0x1703      	BSF        STATUS, 6
0x0298	0x0188      	CLRF       ANSEL
;LABMPS_ZADACA.c,32 :: 		ANSELH=0;
0x0299	0x0189      	CLRF       ANSELH
;LABMPS_ZADACA.c,33 :: 		UART1_Init(9600);
0x029A	0x3033      	MOVLW      51
0x029B	0x1303      	BCF        STATUS, 6
0x029C	0x0099      	MOVWF      SPBRG
0x029D	0x1518      	BSF        TXSTA, 2
0x029E	0x226D      	CALL       _UART1_Init
;LABMPS_ZADACA.c,34 :: 		Delay_ms(100);
0x029F	0x3002      	MOVLW      2
0x02A0	0x00FB      	MOVWF      R11
0x02A1	0x3004      	MOVLW      4
0x02A2	0x00FC      	MOVWF      R12
0x02A3	0x30BA      	MOVLW      186
0x02A4	0x00FD      	MOVWF      R13
L_main0:
0x02A5	0x0BFD      	DECFSZ     R13, 1
0x02A6	0x2AA5      	GOTO       L_main0
0x02A7	0x0BFC      	DECFSZ     R12, 1
0x02A8	0x2AA5      	GOTO       L_main0
0x02A9	0x0BFB      	DECFSZ     R11, 1
0x02AA	0x2AA5      	GOTO       L_main0
0x02AB	0x0000      	NOP
;LABMPS_ZADACA.c,35 :: 		i=0;
0x02AC	0x01B0      	CLRF       _i
0x02AD	0x01B1      	CLRF       _i+1
;LABMPS_ZADACA.c,36 :: 		j=0;
0x02AE	0x01B6      	CLRF       _j
0x02AF	0x01B7      	CLRF       _j+1
;LABMPS_ZADACA.c,37 :: 		k=0;
0x02B0	0x01B4      	CLRF       _k
0x02B1	0x01B5      	CLRF       _k+1
;LABMPS_ZADACA.c,38 :: 		l=0;
0x02B2	0x01B2      	CLRF       _l
0x02B3	0x01B3      	CLRF       _l+1
;LABMPS_ZADACA.c,39 :: 		q=0;
0x02B4	0x01EC      	CLRF       _q
0x02B5	0x01ED      	CLRF       _q+1
;LABMPS_ZADACA.c,40 :: 		poj=0;
0x02B6	0x01EA      	CLRF       _poj
0x02B7	0x01EB      	CLRF       _poj+1
;LABMPS_ZADACA.c,41 :: 		flag=1;
0x02B8	0x3001      	MOVLW      1
0x02B9	0x00E8      	MOVWF      _flag
0x02BA	0x3000      	MOVLW      0
0x02BB	0x00E9      	MOVWF      _flag+1
;LABMPS_ZADACA.c,42 :: 		while(1){
L_main1:
;LABMPS_ZADACA.c,43 :: 		if(UART1_Data_Ready()){
0x02BC	0x227D      	CALL       _UART1_Data_Ready
0x02BD	0x0870      	MOVF       R0, 0
0x02BE	0x1903      	BTFSC      STATUS, 2
0x02BF	0x2B03      	GOTO       L_main3
;LABMPS_ZADACA.c,44 :: 		uart_rd=UART1_Read();
0x02C0	0x21E7      	CALL       _UART1_Read
0x02C1	0x0870      	MOVF       R0, 0
0x02C2	0x00EE      	MOVWF      _uart_rd
;LABMPS_ZADACA.c,46 :: 		if(uart_rd==' '){
0x02C3	0x0870      	MOVF       R0, 0
0x02C4	0x3A20      	XORLW      32
0x02C5	0x1D03      	BTFSS      STATUS, 2
0x02C6	0x2ACD      	GOTO       L_main4
;LABMPS_ZADACA.c,47 :: 		j=0;
0x02C7	0x01B6      	CLRF       _j
0x02C8	0x01B7      	CLRF       _j+1
;LABMPS_ZADACA.c,48 :: 		i++;
0x02C9	0x0AB0      	INCF       _i, 1
0x02CA	0x1903      	BTFSC      STATUS, 2
0x02CB	0x0AB1      	INCF       _i+1, 1
;LABMPS_ZADACA.c,49 :: 		}
0x02CC	0x2B03      	GOTO       L_main5
L_main4:
;LABMPS_ZADACA.c,50 :: 		else if(uart_rd=='.'){
0x02CD	0x086E      	MOVF       _uart_rd, 0
0x02CE	0x3A2E      	XORLW      46
0x02CF	0x1D03      	BTFSS      STATUS, 2
0x02D0	0x2AD5      	GOTO       L_main6
;LABMPS_ZADACA.c,51 :: 		i++;
0x02D1	0x0AB0      	INCF       _i, 1
0x02D2	0x1903      	BTFSC      STATUS, 2
0x02D3	0x0AB1      	INCF       _i+1, 1
;LABMPS_ZADACA.c,52 :: 		break;
0x02D4	0x2B04      	GOTO       L_main2
;LABMPS_ZADACA.c,53 :: 		}
L_main6:
;LABMPS_ZADACA.c,55 :: 		matrica[i][j]=uart_rd;
0x02D5	0x300A      	MOVLW      10
0x02D6	0x00F0      	MOVWF      R0
0x02D7	0x3000      	MOVLW      0
0x02D8	0x00F1      	MOVWF      R0+1
0x02D9	0x0830      	MOVF       _i, 0
0x02DA	0x00F4      	MOVWF      R4
0x02DB	0x0831      	MOVF       _i+1, 0
0x02DC	0x00F5      	MOVWF      R4+1
0x02DD	0x2104      	CALL       _Mul_16X16_U
0x02DE	0x30A0      	MOVLW      _matrica
0x02DF	0x07F0      	ADDWF      R0, 1
0x02E0	0x0836      	MOVF       _j, 0
0x02E1	0x0770      	ADDWF      R0, 0
0x02E2	0x0084      	MOVWF      FSR
0x02E3	0x086E      	MOVF       _uart_rd, 0
0x02E4	0x0080      	MOVWF      INDF
;LABMPS_ZADACA.c,56 :: 		dolzina[i]++;
0x02E5	0x0830      	MOVF       _i, 0
0x02E6	0x00F0      	MOVWF      R0
0x02E7	0x0831      	MOVF       _i+1, 0
0x02E8	0x00F1      	MOVWF      R0+1
0x02E9	0x0DF0      	RLF        R0, 1
0x02EA	0x0DF1      	RLF        R0+1, 1
0x02EB	0x1070      	BCF        R0, 0
0x02EC	0x0870      	MOVF       R0, 0
0x02ED	0x3E20      	ADDLW      _dolzina
0x02EE	0x00F2      	MOVWF      R2
0x02EF	0x0872      	MOVF       R2, 0
0x02F0	0x0084      	MOVWF      FSR
0x02F1	0x0800      	MOVF       INDF, 0
0x02F2	0x00F0      	MOVWF      R0
0x02F3	0x0A84      	INCF       FSR, 1
0x02F4	0x0800      	MOVF       INDF, 0
0x02F5	0x00F1      	MOVWF      R0+1
0x02F6	0x0AF0      	INCF       R0, 1
0x02F7	0x1903      	BTFSC      STATUS, 2
0x02F8	0x0AF1      	INCF       R0+1, 1
0x02F9	0x0872      	MOVF       R2, 0
0x02FA	0x0084      	MOVWF      FSR
0x02FB	0x0870      	MOVF       R0, 0
0x02FC	0x0080      	MOVWF      INDF
0x02FD	0x0871      	MOVF       R0+1, 0
0x02FE	0x0A84      	INCF       FSR, 1
0x02FF	0x0080      	MOVWF      INDF
;LABMPS_ZADACA.c,57 :: 		j++;
0x0300	0x0AB6      	INCF       _j, 1
0x0301	0x1903      	BTFSC      STATUS, 2
0x0302	0x0AB7      	INCF       _j+1, 1
;LABMPS_ZADACA.c,58 :: 		}
L_main5:
;LABMPS_ZADACA.c,59 :: 		}
L_main3:
;LABMPS_ZADACA.c,61 :: 		}
0x0303	0x2ABC      	GOTO       L_main1
L_main2:
;LABMPS_ZADACA.c,63 :: 		Lcd_Init();
0x0304	0x2199      	CALL       _Lcd_Init
;LABMPS_ZADACA.c,64 :: 		Lcd_Cmd(_LCD_CURSOR_OFF);
0x0305	0x300C      	MOVLW      12
0x0306	0x1703      	BSF        STATUS, 6
0x0307	0x009E      	MOVWF      FARG_Lcd_Cmd_out_char
0x0308	0x201A      	CALL       _Lcd_Cmd
;LABMPS_ZADACA.c,65 :: 		Lcd_Cmd(_LCD_CLEAR);
0x0309	0x3001      	MOVLW      1
0x030A	0x1703      	BSF        STATUS, 6
0x030B	0x009E      	MOVWF      FARG_Lcd_Cmd_out_char
0x030C	0x201A      	CALL       _Lcd_Cmd
;LABMPS_ZADACA.c,66 :: 		brZborovi=i;
0x030D	0x0830      	MOVF       _i, 0
0x030E	0x00D4      	MOVWF      _brZborovi
0x030F	0x0831      	MOVF       _i+1, 0
0x0310	0x00D5      	MOVWF      _brZborovi+1
;LABMPS_ZADACA.c,67 :: 		for(i=0;i<5;i++){
0x0311	0x01B0      	CLRF       _i
0x0312	0x01B1      	CLRF       _i+1
L_main8:
0x0313	0x3080      	MOVLW      128
0x0314	0x0631      	XORWF      _i+1, 0
0x0315	0x00F0      	MOVWF      R0
0x0316	0x3080      	MOVLW      128
0x0317	0x0270      	SUBWF      R0, 0
0x0318	0x1D03      	BTFSS      STATUS, 2
0x0319	0x2B1C      	GOTO       L__main38
0x031A	0x3005      	MOVLW      5
0x031B	0x0230      	SUBWF      _i, 0
L__main38:
0x031C	0x1803      	BTFSC      STATUS, 0
0x031D	0x2B2F      	GOTO       L_main9
;LABMPS_ZADACA.c,68 :: 		broi[i]=0;
0x031E	0x0830      	MOVF       _i, 0
0x031F	0x00F0      	MOVWF      R0
0x0320	0x0831      	MOVF       _i+1, 0
0x0321	0x00F1      	MOVWF      R0+1
0x0322	0x0DF0      	RLF        R0, 1
0x0323	0x0DF1      	RLF        R0+1, 1
0x0324	0x1070      	BCF        R0, 0
0x0325	0x0870      	MOVF       R0, 0
0x0326	0x3E44      	ADDLW      _broi
0x0327	0x0084      	MOVWF      FSR
0x0328	0x0180      	CLRF       INDF
0x0329	0x0A84      	INCF       FSR, 1
0x032A	0x0180      	CLRF       INDF
;LABMPS_ZADACA.c,67 :: 		for(i=0;i<5;i++){
0x032B	0x0AB0      	INCF       _i, 1
0x032C	0x1903      	BTFSC      STATUS, 2
0x032D	0x0AB1      	INCF       _i+1, 1
;LABMPS_ZADACA.c,70 :: 		}
0x032E	0x2B13      	GOTO       L_main8
L_main9:
;LABMPS_ZADACA.c,71 :: 		for(i=0;i<brZborovi;i++){
0x032F	0x01B0      	CLRF       _i
0x0330	0x01B1      	CLRF       _i+1
L_main11:
0x0331	0x3080      	MOVLW      128
0x0332	0x0631      	XORWF      _i+1, 0
0x0333	0x00F0      	MOVWF      R0
0x0334	0x3080      	MOVLW      128
0x0335	0x0655      	XORWF      _brZborovi+1, 0
0x0336	0x0270      	SUBWF      R0, 0
0x0337	0x1D03      	BTFSS      STATUS, 2
0x0338	0x2B3B      	GOTO       L__main39
0x0339	0x0854      	MOVF       _brZborovi, 0
0x033A	0x0230      	SUBWF      _i, 0
L__main39:
0x033B	0x1803      	BTFSC      STATUS, 0
0x033C	0x2C34      	GOTO       L_main12
;LABMPS_ZADACA.c,72 :: 		for(q = 0; q < 10;  ++q )
0x033D	0x01EC      	CLRF       _q
0x033E	0x01ED      	CLRF       _q+1
L_main14:
0x033F	0x3080      	MOVLW      128
0x0340	0x066D      	XORWF      _q+1, 0
0x0341	0x00F0      	MOVWF      R0
0x0342	0x3080      	MOVLW      128
0x0343	0x0270      	SUBWF      R0, 0
0x0344	0x1D03      	BTFSS      STATUS, 2
0x0345	0x2B48      	GOTO       L__main40
0x0346	0x300A      	MOVLW      10
0x0347	0x026C      	SUBWF      _q, 0
L__main40:
0x0348	0x1803      	BTFSC      STATUS, 0
0x0349	0x2B52      	GOTO       L_main15
;LABMPS_ZADACA.c,73 :: 		tekoven[q] = (char)0;
0x034A	0x086C      	MOVF       _q, 0
0x034B	0x3E3A      	ADDLW      _tekoven
0x034C	0x0084      	MOVWF      FSR
0x034D	0x0180      	CLRF       INDF
;LABMPS_ZADACA.c,72 :: 		for(q = 0; q < 10;  ++q )
0x034E	0x0AEC      	INCF       _q, 1
0x034F	0x1903      	BTFSC      STATUS, 2
0x0350	0x0AED      	INCF       _q+1, 1
;LABMPS_ZADACA.c,73 :: 		tekoven[q] = (char)0;
0x0351	0x2B3F      	GOTO       L_main14
L_main15:
;LABMPS_ZADACA.c,74 :: 		for(j=0;j<dolzina[i];j++){
0x0352	0x01B6      	CLRF       _j
0x0353	0x01B7      	CLRF       _j+1
L_main17:
0x0354	0x0830      	MOVF       _i, 0
0x0355	0x00F0      	MOVWF      R0
0x0356	0x0831      	MOVF       _i+1, 0
0x0357	0x00F1      	MOVWF      R0+1
0x0358	0x0DF0      	RLF        R0, 1
0x0359	0x0DF1      	RLF        R0+1, 1
0x035A	0x1070      	BCF        R0, 0
0x035B	0x0870      	MOVF       R0, 0
0x035C	0x3E20      	ADDLW      _dolzina
0x035D	0x0084      	MOVWF      FSR
0x035E	0x0800      	MOVF       INDF, 0
0x035F	0x00F1      	MOVWF      R1
0x0360	0x0A84      	INCF       FSR, 1
0x0361	0x0800      	MOVF       INDF, 0
0x0362	0x00F2      	MOVWF      R1+1
0x0363	0x3080      	MOVLW      128
0x0364	0x0637      	XORWF      _j+1, 0
0x0365	0x00F0      	MOVWF      R0
0x0366	0x3080      	MOVLW      128
0x0367	0x0672      	XORWF      R1+1, 0
0x0368	0x0270      	SUBWF      R0, 0
0x0369	0x1D03      	BTFSS      STATUS, 2
0x036A	0x2B6D      	GOTO       L__main41
0x036B	0x0871      	MOVF       R1, 0
0x036C	0x0236      	SUBWF      _j, 0
L__main41:
0x036D	0x1803      	BTFSC      STATUS, 0
0x036E	0x2BA4      	GOTO       L_main18
;LABMPS_ZADACA.c,75 :: 		Lcd_Chr(1,j+1,matrica[i][j]);
0x036F	0x3001      	MOVLW      1
0x0370	0x1703      	BSF        STATUS, 6
0x0371	0x0090      	MOVWF      FARG_Lcd_Chr_row
0x0372	0x1303      	BCF        STATUS, 6
0x0373	0x0A36      	INCF       _j, 0
0x0374	0x1703      	BSF        STATUS, 6
0x0375	0x0091      	MOVWF      FARG_Lcd_Chr_column
0x0376	0x300A      	MOVLW      10
0x0377	0x00F0      	MOVWF      R0
0x0378	0x3000      	MOVLW      0
0x0379	0x00F1      	MOVWF      R0+1
0x037A	0x1303      	BCF        STATUS, 6
0x037B	0x0830      	MOVF       _i, 0
0x037C	0x00F4      	MOVWF      R4
0x037D	0x0831      	MOVF       _i+1, 0
0x037E	0x00F5      	MOVWF      R4+1
0x037F	0x2104      	CALL       _Mul_16X16_U
0x0380	0x30A0      	MOVLW      _matrica
0x0381	0x07F0      	ADDWF      R0, 1
0x0382	0x0836      	MOVF       _j, 0
0x0383	0x0770      	ADDWF      R0, 0
0x0384	0x0084      	MOVWF      FSR
0x0385	0x0800      	MOVF       INDF, 0
0x0386	0x1703      	BSF        STATUS, 6
0x0387	0x0092      	MOVWF      FARG_Lcd_Chr_out_char
0x0388	0x20CC      	CALL       _Lcd_Chr
;LABMPS_ZADACA.c,76 :: 		tekoven[j]=matrica[i][j];
0x0389	0x0836      	MOVF       _j, 0
0x038A	0x3E3A      	ADDLW      _tekoven
0x038B	0x00EF      	MOVWF      FLOC__main
0x038C	0x300A      	MOVLW      10
0x038D	0x00F0      	MOVWF      R0
0x038E	0x3000      	MOVLW      0
0x038F	0x00F1      	MOVWF      R0+1
0x0390	0x0830      	MOVF       _i, 0
0x0391	0x00F4      	MOVWF      R4
0x0392	0x0831      	MOVF       _i+1, 0
0x0393	0x00F5      	MOVWF      R4+1
0x0394	0x2104      	CALL       _Mul_16X16_U
0x0395	0x30A0      	MOVLW      _matrica
0x0396	0x07F0      	ADDWF      R0, 1
0x0397	0x0836      	MOVF       _j, 0
0x0398	0x0770      	ADDWF      R0, 0
0x0399	0x0084      	MOVWF      FSR
0x039A	0x0800      	MOVF       INDF, 0
0x039B	0x00F0      	MOVWF      R0
0x039C	0x086F      	MOVF       FLOC__main, 0
0x039D	0x0084      	MOVWF      FSR
0x039E	0x0870      	MOVF       R0, 0
0x039F	0x0080      	MOVWF      INDF
;LABMPS_ZADACA.c,74 :: 		for(j=0;j<dolzina[i];j++){
0x03A0	0x0AB6      	INCF       _j, 1
0x03A1	0x1903      	BTFSC      STATUS, 2
0x03A2	0x0AB7      	INCF       _j+1, 1
;LABMPS_ZADACA.c,77 :: 		}
0x03A3	0x2B54      	GOTO       L_main17
L_main18:
;LABMPS_ZADACA.c,78 :: 		Delay_ms(20);
0x03A4	0x3034      	MOVLW      52
0x03A5	0x00FC      	MOVWF      R12
0x03A6	0x30F1      	MOVLW      241
0x03A7	0x00FD      	MOVWF      R13
L_main20:
0x03A8	0x0BFD      	DECFSZ     R13, 1
0x03A9	0x2BA8      	GOTO       L_main20
0x03AA	0x0BFC      	DECFSZ     R12, 1
0x03AB	0x2BA8      	GOTO       L_main20
0x03AC	0x0000      	NOP
0x03AD	0x0000      	NOP
;LABMPS_ZADACA.c,79 :: 		Lcd_Cmd(_LCD_CURSOR_OFF);
0x03AE	0x300C      	MOVLW      12
0x03AF	0x1703      	BSF        STATUS, 6
0x03B0	0x009E      	MOVWF      FARG_Lcd_Cmd_out_char
0x03B1	0x201A      	CALL       _Lcd_Cmd
;LABMPS_ZADACA.c,80 :: 		Lcd_Cmd(_LCD_CLEAR);
0x03B2	0x3001      	MOVLW      1
0x03B3	0x1703      	BSF        STATUS, 6
0x03B4	0x009E      	MOVWF      FARG_Lcd_Cmd_out_char
0x03B5	0x201A      	CALL       _Lcd_Cmd
;LABMPS_ZADACA.c,81 :: 		for(k=0;k<brZborovi;k++){
0x03B6	0x01B4      	CLRF       _k
0x03B7	0x01B5      	CLRF       _k+1
L_main21:
0x03B8	0x3080      	MOVLW      128
0x03B9	0x0635      	XORWF      _k+1, 0
0x03BA	0x00F0      	MOVWF      R0
0x03BB	0x3080      	MOVLW      128
0x03BC	0x0655      	XORWF      _brZborovi+1, 0
0x03BD	0x0270      	SUBWF      R0, 0
0x03BE	0x1D03      	BTFSS      STATUS, 2
0x03BF	0x2BC2      	GOTO       L__main42
0x03C0	0x0854      	MOVF       _brZborovi, 0
0x03C1	0x0234      	SUBWF      _k, 0
L__main42:
0x03C2	0x1803      	BTFSC      STATUS, 0
0x03C3	0x2C30      	GOTO       L_main22
;LABMPS_ZADACA.c,82 :: 		flag=1;
0x03C4	0x3001      	MOVLW      1
0x03C5	0x00E8      	MOVWF      _flag
0x03C6	0x3000      	MOVLW      0
0x03C7	0x00E9      	MOVWF      _flag+1
;LABMPS_ZADACA.c,83 :: 		for(l=0;l<dolzina[k];l++){
0x03C8	0x01B2      	CLRF       _l
0x03C9	0x01B3      	CLRF       _l+1
L_main24:
0x03CA	0x0834      	MOVF       _k, 0
0x03CB	0x00F0      	MOVWF      R0
0x03CC	0x0835      	MOVF       _k+1, 0
0x03CD	0x00F1      	MOVWF      R0+1
0x03CE	0x0DF0      	RLF        R0, 1
0x03CF	0x0DF1      	RLF        R0+1, 1
0x03D0	0x1070      	BCF        R0, 0
0x03D1	0x0870      	MOVF       R0, 0
0x03D2	0x3E20      	ADDLW      _dolzina
0x03D3	0x0084      	MOVWF      FSR
0x03D4	0x0800      	MOVF       INDF, 0
0x03D5	0x00F1      	MOVWF      R1
0x03D6	0x0A84      	INCF       FSR, 1
0x03D7	0x0800      	MOVF       INDF, 0
0x03D8	0x00F2      	MOVWF      R1+1
0x03D9	0x3080      	MOVLW      128
0x03DA	0x0633      	XORWF      _l+1, 0
0x03DB	0x00F0      	MOVWF      R0
0x03DC	0x3080      	MOVLW      128
0x03DD	0x0672      	XORWF      R1+1, 0
0x03DE	0x0270      	SUBWF      R0, 0
0x03DF	0x1D03      	BTFSS      STATUS, 2
0x03E0	0x2BE3      	GOTO       L__main43
0x03E1	0x0871      	MOVF       R1, 0
0x03E2	0x0232      	SUBWF      _l, 0
L__main43:
0x03E3	0x1803      	BTFSC      STATUS, 0
0x03E4	0x2C08      	GOTO       L_main25
;LABMPS_ZADACA.c,84 :: 		if(tekoven[l]==matrica[k][l]){
0x03E5	0x0832      	MOVF       _l, 0
0x03E6	0x3E3A      	ADDLW      _tekoven
0x03E7	0x0084      	MOVWF      FSR
0x03E8	0x0800      	MOVF       INDF, 0
0x03E9	0x00EF      	MOVWF      FLOC__main
0x03EA	0x300A      	MOVLW      10
0x03EB	0x00F0      	MOVWF      R0
0x03EC	0x3000      	MOVLW      0
0x03ED	0x00F1      	MOVWF      R0+1
0x03EE	0x0834      	MOVF       _k, 0
0x03EF	0x00F4      	MOVWF      R4
0x03F0	0x0835      	MOVF       _k+1, 0
0x03F1	0x00F5      	MOVWF      R4+1
0x03F2	0x2104      	CALL       _Mul_16X16_U
0x03F3	0x30A0      	MOVLW      _matrica
0x03F4	0x07F0      	ADDWF      R0, 1
0x03F5	0x0832      	MOVF       _l, 0
0x03F6	0x0770      	ADDWF      R0, 0
0x03F7	0x0084      	MOVWF      FSR
0x03F8	0x086F      	MOVF       FLOC__main, 0
0x03F9	0x0600      	XORWF      INDF, 0
0x03FA	0x1D03      	BTFSS      STATUS, 2
0x03FB	0x2C01      	GOTO       L_main27
;LABMPS_ZADACA.c,85 :: 		flag=1;
0x03FC	0x3001      	MOVLW      1
0x03FD	0x00E8      	MOVWF      _flag
0x03FE	0x3000      	MOVLW      0
0x03FF	0x00E9      	MOVWF      _flag+1
;LABMPS_ZADACA.c,86 :: 		}
0x0400	0x2C04      	GOTO       L_main28
L_main27:
;LABMPS_ZADACA.c,88 :: 		flag=0;
0x0401	0x01E8      	CLRF       _flag
0x0402	0x01E9      	CLRF       _flag+1
;LABMPS_ZADACA.c,89 :: 		break;
0x0403	0x2C08      	GOTO       L_main25
;LABMPS_ZADACA.c,90 :: 		}
L_main28:
;LABMPS_ZADACA.c,83 :: 		for(l=0;l<dolzina[k];l++){
0x0404	0x0AB2      	INCF       _l, 1
0x0405	0x1903      	BTFSC      STATUS, 2
0x0406	0x0AB3      	INCF       _l+1, 1
;LABMPS_ZADACA.c,91 :: 		}
0x0407	0x2BCA      	GOTO       L_main24
L_main25:
;LABMPS_ZADACA.c,92 :: 		if(flag==1) {broi[k]=broi[k]+1;}
0x0408	0x3000      	MOVLW      0
0x0409	0x0669      	XORWF      _flag+1, 0
0x040A	0x1D03      	BTFSS      STATUS, 2
0x040B	0x2C0E      	GOTO       L__main44
0x040C	0x3001      	MOVLW      1
0x040D	0x0668      	XORWF      _flag, 0
L__main44:
0x040E	0x1D03      	BTFSS      STATUS, 2
0x040F	0x2C2C      	GOTO       L_main29
0x0410	0x0834      	MOVF       _k, 0
0x0411	0x00F0      	MOVWF      R0
0x0412	0x0835      	MOVF       _k+1, 0
0x0413	0x00F1      	MOVWF      R0+1
0x0414	0x0DF0      	RLF        R0, 1
0x0415	0x0DF1      	RLF        R0+1, 1
0x0416	0x1070      	BCF        R0, 0
0x0417	0x0870      	MOVF       R0, 0
0x0418	0x3E44      	ADDLW      _broi
0x0419	0x00F2      	MOVWF      R2
0x041A	0x0872      	MOVF       R2, 0
0x041B	0x0084      	MOVWF      FSR
0x041C	0x0800      	MOVF       INDF, 0
0x041D	0x3E01      	ADDLW      1
0x041E	0x00F0      	MOVWF      R0
0x041F	0x3000      	MOVLW      0
0x0420	0x1803      	BTFSC      STATUS, 0
0x0421	0x3E01      	ADDLW      1
0x0422	0x0A84      	INCF       FSR, 1
0x0423	0x0700      	ADDWF      INDF, 0
0x0424	0x00F1      	MOVWF      R0+1
0x0425	0x0872      	MOVF       R2, 0
0x0426	0x0084      	MOVWF      FSR
0x0427	0x0870      	MOVF       R0, 0
0x0428	0x0080      	MOVWF      INDF
0x0429	0x0871      	MOVF       R0+1, 0
0x042A	0x0A84      	INCF       FSR, 1
0x042B	0x0080      	MOVWF      INDF
L_main29:
;LABMPS_ZADACA.c,81 :: 		for(k=0;k<brZborovi;k++){
0x042C	0x0AB4      	INCF       _k, 1
0x042D	0x1903      	BTFSC      STATUS, 2
0x042E	0x0AB5      	INCF       _k+1, 1
;LABMPS_ZADACA.c,93 :: 		}
0x042F	0x2BB8      	GOTO       L_main21
L_main22:
;LABMPS_ZADACA.c,71 :: 		for(i=0;i<brZborovi;i++){
0x0430	0x0AB0      	INCF       _i, 1
0x0431	0x1903      	BTFSC      STATUS, 2
0x0432	0x0AB1      	INCF       _i+1, 1
;LABMPS_ZADACA.c,97 :: 		}
0x0433	0x2B31      	GOTO       L_main11
L_main12:
;LABMPS_ZADACA.c,99 :: 		for(i=0;i<brZborovi;i++){
0x0434	0x01B0      	CLRF       _i
0x0435	0x01B1      	CLRF       _i+1
L_main30:
0x0436	0x3080      	MOVLW      128
0x0437	0x0631      	XORWF      _i+1, 0
0x0438	0x00F0      	MOVWF      R0
0x0439	0x3080      	MOVLW      128
0x043A	0x0655      	XORWF      _brZborovi+1, 0
0x043B	0x0270      	SUBWF      R0, 0
0x043C	0x1D03      	BTFSS      STATUS, 2
0x043D	0x2C40      	GOTO       L__main45
0x043E	0x0854      	MOVF       _brZborovi, 0
0x043F	0x0230      	SUBWF      _i, 0
L__main45:
0x0440	0x1803      	BTFSC      STATUS, 0
0x0441	0x2CC9      	GOTO       L_main31
;LABMPS_ZADACA.c,100 :: 		Lcd_Cmd(_LCD_CURSOR_OFF);
0x0442	0x300C      	MOVLW      12
0x0443	0x1703      	BSF        STATUS, 6
0x0444	0x009E      	MOVWF      FARG_Lcd_Cmd_out_char
0x0445	0x201A      	CALL       _Lcd_Cmd
;LABMPS_ZADACA.c,101 :: 		Lcd_Cmd(_LCD_CLEAR);
0x0446	0x3001      	MOVLW      1
0x0447	0x1703      	BSF        STATUS, 6
0x0448	0x009E      	MOVWF      FARG_Lcd_Cmd_out_char
0x0449	0x201A      	CALL       _Lcd_Cmd
;LABMPS_ZADACA.c,102 :: 		for(j=0;j<dolzina[i];j++){
0x044A	0x01B6      	CLRF       _j
0x044B	0x01B7      	CLRF       _j+1
L_main33:
0x044C	0x0830      	MOVF       _i, 0
0x044D	0x00F0      	MOVWF      R0
0x044E	0x0831      	MOVF       _i+1, 0
0x044F	0x00F1      	MOVWF      R0+1
0x0450	0x0DF0      	RLF        R0, 1
0x0451	0x0DF1      	RLF        R0+1, 1
0x0452	0x1070      	BCF        R0, 0
0x0453	0x0870      	MOVF       R0, 0
0x0454	0x3E20      	ADDLW      _dolzina
0x0455	0x0084      	MOVWF      FSR
0x0456	0x0800      	MOVF       INDF, 0
0x0457	0x00F1      	MOVWF      R1
0x0458	0x0A84      	INCF       FSR, 1
0x0459	0x0800      	MOVF       INDF, 0
0x045A	0x00F2      	MOVWF      R1+1
0x045B	0x3080      	MOVLW      128
0x045C	0x0637      	XORWF      _j+1, 0
0x045D	0x00F0      	MOVWF      R0
0x045E	0x3080      	MOVLW      128
0x045F	0x0672      	XORWF      R1+1, 0
0x0460	0x0270      	SUBWF      R0, 0
0x0461	0x1D03      	BTFSS      STATUS, 2
0x0462	0x2C65      	GOTO       L__main46
0x0463	0x0871      	MOVF       R1, 0
0x0464	0x0236      	SUBWF      _j, 0
L__main46:
0x0465	0x1803      	BTFSC      STATUS, 0
0x0466	0x2C9C      	GOTO       L_main34
;LABMPS_ZADACA.c,103 :: 		Lcd_Chr(1,j+1,matrica[i][j]);
0x0467	0x3001      	MOVLW      1
0x0468	0x1703      	BSF        STATUS, 6
0x0469	0x0090      	MOVWF      FARG_Lcd_Chr_row
0x046A	0x1303      	BCF        STATUS, 6
0x046B	0x0A36      	INCF       _j, 0
0x046C	0x1703      	BSF        STATUS, 6
0x046D	0x0091      	MOVWF      FARG_Lcd_Chr_column
0x046E	0x300A      	MOVLW      10
0x046F	0x00F0      	MOVWF      R0
0x0470	0x3000      	MOVLW      0
0x0471	0x00F1      	MOVWF      R0+1
0x0472	0x1303      	BCF        STATUS, 6
0x0473	0x0830      	MOVF       _i, 0
0x0474	0x00F4      	MOVWF      R4
0x0475	0x0831      	MOVF       _i+1, 0
0x0476	0x00F5      	MOVWF      R4+1
0x0477	0x2104      	CALL       _Mul_16X16_U
0x0478	0x30A0      	MOVLW      _matrica
0x0479	0x07F0      	ADDWF      R0, 1
0x047A	0x0836      	MOVF       _j, 0
0x047B	0x0770      	ADDWF      R0, 0
0x047C	0x0084      	MOVWF      FSR
0x047D	0x0800      	MOVF       INDF, 0
0x047E	0x1703      	BSF        STATUS, 6
0x047F	0x0092      	MOVWF      FARG_Lcd_Chr_out_char
0x0480	0x20CC      	CALL       _Lcd_Chr
;LABMPS_ZADACA.c,104 :: 		tekoven[j]=matrica[i][j];
0x0481	0x0836      	MOVF       _j, 0
0x0482	0x3E3A      	ADDLW      _tekoven
0x0483	0x00EF      	MOVWF      FLOC__main
0x0484	0x300A      	MOVLW      10
0x0485	0x00F0      	MOVWF      R0
0x0486	0x3000      	MOVLW      0
0x0487	0x00F1      	MOVWF      R0+1
0x0488	0x0830      	MOVF       _i, 0
0x0489	0x00F4      	MOVWF      R4
0x048A	0x0831      	MOVF       _i+1, 0
0x048B	0x00F5      	MOVWF      R4+1
0x048C	0x2104      	CALL       _Mul_16X16_U
0x048D	0x30A0      	MOVLW      _matrica
0x048E	0x07F0      	ADDWF      R0, 1
0x048F	0x0836      	MOVF       _j, 0
0x0490	0x0770      	ADDWF      R0, 0
0x0491	0x0084      	MOVWF      FSR
0x0492	0x0800      	MOVF       INDF, 0
0x0493	0x00F0      	MOVWF      R0
0x0494	0x086F      	MOVF       FLOC__main, 0
0x0495	0x0084      	MOVWF      FSR
0x0496	0x0870      	MOVF       R0, 0
0x0497	0x0080      	MOVWF      INDF
;LABMPS_ZADACA.c,102 :: 		for(j=0;j<dolzina[i];j++){
0x0498	0x0AB6      	INCF       _j, 1
0x0499	0x1903      	BTFSC      STATUS, 2
0x049A	0x0AB7      	INCF       _j+1, 1
;LABMPS_ZADACA.c,105 :: 		}
0x049B	0x2C4C      	GOTO       L_main33
L_main34:
;LABMPS_ZADACA.c,106 :: 		IntToStr(broi[i],sifra);
0x049C	0x0830      	MOVF       _i, 0
0x049D	0x00F0      	MOVWF      R0
0x049E	0x0831      	MOVF       _i+1, 0
0x049F	0x00F1      	MOVWF      R0+1
0x04A0	0x0DF0      	RLF        R0, 1
0x04A1	0x0DF1      	RLF        R0+1, 1
0x04A2	0x1070      	BCF        R0, 0
0x04A3	0x0870      	MOVF       R0, 0
0x04A4	0x3E44      	ADDLW      _broi
0x04A5	0x0084      	MOVWF      FSR
0x04A6	0x0800      	MOVF       INDF, 0
0x04A7	0x1703      	BSF        STATUS, 6
0x04A8	0x0090      	MOVWF      FARG_IntToStr_input
0x04A9	0x0A84      	INCF       FSR, 1
0x04AA	0x0800      	MOVF       INDF, 0
0x04AB	0x0091      	MOVWF      FARG_IntToStr_input+1
0x04AC	0x3058      	MOVLW      _sifra
0x04AD	0x0092      	MOVWF      FARG_IntToStr_output
0x04AE	0x212F      	CALL       _IntToStr
;LABMPS_ZADACA.c,107 :: 		text=Ltrim(sifra);
0x04AF	0x3058      	MOVLW      _sifra
0x04B0	0x0090      	MOVWF      FARG_Ltrim_string
0x04B1	0x21F2      	CALL       _Ltrim
0x04B2	0x0870      	MOVF       R0, 0
0x04B3	0x1303      	BCF        STATUS, 6
0x04B4	0x00D7      	MOVWF      _text
;LABMPS_ZADACA.c,108 :: 		Lcd_Out(2,1,text);
0x04B5	0x3002      	MOVLW      2
0x04B6	0x1703      	BSF        STATUS, 6
0x04B7	0x0090      	MOVWF      FARG_Lcd_Out_row
0x04B8	0x3001      	MOVLW      1
0x04B9	0x0091      	MOVWF      FARG_Lcd_Out_column
0x04BA	0x0870      	MOVF       R0, 0
0x04BB	0x0092      	MOVWF      FARG_Lcd_Out_text
0x04BC	0x221E      	CALL       _Lcd_Out
;LABMPS_ZADACA.c,109 :: 		Delay_ms(30);
0x04BD	0x304E      	MOVLW      78
0x04BE	0x00FC      	MOVWF      R12
0x04BF	0x30EB      	MOVLW      235
0x04C0	0x00FD      	MOVWF      R13
L_main36:
0x04C1	0x0BFD      	DECFSZ     R13, 1
0x04C2	0x2CC1      	GOTO       L_main36
0x04C3	0x0BFC      	DECFSZ     R12, 1
0x04C4	0x2CC1      	GOTO       L_main36
;LABMPS_ZADACA.c,99 :: 		for(i=0;i<brZborovi;i++){
0x04C5	0x0AB0      	INCF       _i, 1
0x04C6	0x1903      	BTFSC      STATUS, 2
0x04C7	0x0AB1      	INCF       _i+1, 1
;LABMPS_ZADACA.c,110 :: 		}
0x04C8	0x2C36      	GOTO       L_main30
L_main31:
;LABMPS_ZADACA.c,118 :: 		}
L_end_main:
0x04C9	0x2CC9      	GOTO       $+0
; end of _main
Symbol List:
//** Routines locations **
//ADDRESS    SIZE    PROCEDURE
//----------------------------------------------
0x0003       [7]    _Delay_50us
0x000A      [13]    _Delay_5500us
0x0017       [3]    _Delay_1us
0x001A      [67]    _Lcd_Cmd
0x005D      [29]    _Div_16X16_U
0x007A       [9]    _Lcd_Chr_CP
0x0083       [7]    _____DoICP
0x008A      [66]    _WordToStr
0x00CC      [56]    _Lcd_Chr
0x0104      [43]    _Mul_16X16_U
0x012F     [106]    _IntToStr
0x0199      [78]    _Lcd_Init
0x01E7      [11]    _UART1_Read
0x01F2      [44]    _Ltrim
0x021E      [67]    _Lcd_Out
0x0261      [12]    ___CC2DW
0x026D      [16]    _UART1_Init
0x027D       [7]    _UART1_Data_Ready
0x0284     [582]    _main
//** Variables locations ** 
//ADDRESS    SIZE    VARIABLE
//----------------------------------------------
0x0000       [1]    INDF
0x0002       [1]    PCL
0x0003       [1]    STATUS
0x0004       [1]    FSR
0x0006       [0]    RB4_bit
0x0006       [0]    LCD_EN
0x0006       [0]    RB2_bit
0x0006       [0]    RB5_bit
0x0006       [0]    RB3_bit
0x0006       [0]    LCD_RS
0x0006       [0]    LCD_D4
0x0006       [0]    LCD_D6
0x0006       [0]    RB0_bit
0x0006       [0]    LCD_D7
0x0006       [0]    LCD_D5
0x0006       [0]    RB1_bit
0x000A       [1]    PCLATH
0x000C       [1]    PIR1
0x0018       [1]    RCSTA
0x001A       [1]    RCREG
0x0020      [16]    _dolzina
0x0030       [2]    _i
0x0032       [2]    _l
0x0034       [2]    _k
0x0036       [2]    _j
0x0038       [2]    ___DoICPAddr
0x003A      [10]    _tekoven
0x0044      [16]    _broi
0x0054       [2]    _brZborovi
0x0056       [0]    __Lib_Lcd_cmd_status
0x0057       [1]    _text
0x0058      [16]    _sifra
0x0068       [2]    _flag
0x006A       [2]    _poj
0x006C       [2]    _q
0x006E       [1]    _uart_rd
0x006F       [1]    FLOC__main
0x0070       [1]    R0
0x0071       [1]    R1
0x0072       [1]    R2
0x0073       [1]    R3
0x0074       [1]    R4
0x0075       [1]    R5
0x0076       [1]    R6
0x0077       [1]    R7
0x0078       [1]    R8
0x0079       [1]    R9
0x007A       [1]    R10
0x007B       [1]    R11
0x007C       [1]    R12
0x007D       [1]    R13
0x007E       [1]    R14
0x007F       [1]    R15
0x0086       [0]    LCD_EN_Direction
0x0086       [0]    LCD_D6_Direction
0x0086       [0]    LCD_D5_Direction
0x0086       [0]    LCD_D4_Direction
0x0086       [0]    TRISB3_bit
0x0086       [0]    TRISB2_bit
0x0086       [0]    TRISB4_bit
0x0086       [0]    LCD_RS_Direction
0x0086       [0]    LCD_D7_Direction
0x0086       [0]    TRISB0_bit
0x0086       [0]    TRISB1_bit
0x0086       [0]    TRISB5_bit
0x0087       [0]    TRISC7_bit
0x0087       [0]    TRISC6_bit
0x0098       [1]    TXSTA
0x0099       [1]    SPBRG
0x009A       [1]    SPBRGH
0x00A0      [80]    _matrica
0x0110       [1]    FARG_Ltrim_string
0x0110       [1]    FARG_Lcd_Out_row
0x0110       [1]    FARG_Lcd_Chr_row
0x0110       [2]    FARG_IntToStr_input
0x0111       [2]    Ltrim_trimmed_L0
0x0111       [1]    FARG_Lcd_Chr_column
0x0111       [1]    FARG_Lcd_Out_column
0x0112       [1]    FARG_IntToStr_output
0x0112       [1]    FARG_Lcd_Chr_out_char
0x0112       [1]    FARG_Lcd_Out_text
0x0113       [2]    IntToStr_i_L0
0x0113       [1]    Lcd_Out_i_L0
0x0115       [2]    IntToStr_negative_L0
0x0117       [2]    IntToStr_inword_L0
0x0119       [2]    FARG_WordToStr_input
0x0119       [1]    FARG_Lcd_Chr_CP_out_char
0x011B       [1]    FARG_WordToStr_output
0x011C       [1]    WordToStr_len_L0
0x011D       [1]    FLOC__WordToStr
0x011E       [1]    FARG_Lcd_Cmd_out_char
0x0188       [1]    ANSEL
0x0189       [1]    ANSELH
