;  LST file generated by mikroListExporter - v.2.0 
; Date/Time: 30.11.2016 17:53:52
;----------------------------------------------

;Address Opcode 	ASM
0x0000	0x2961      	GOTO       353
_interrupt:
0x0004	0x00FF      	MOVWF      R15
0x0005	0x0E03      	SWAPF      STATUS, 0
0x0006	0x0183      	CLRF       STATUS
0x0007	0x00C6      	MOVWF      ___saveSTATUS
0x0008	0x080A      	MOVF       PCLATH, 0
0x0009	0x00C7      	MOVWF      ___savePCLATH
0x000A	0x018A      	CLRF       PCLATH
;zad1.c,30 :: 		void interrupt()
;zad1.c,32 :: 		if(TMR0IF_bit)
0x000B	0x1D0B      	BTFSS      TMR0IF_bit, BitPos(TMR0IF_bit+0)
0x000C	0x2812      	GOTO       L_interrupt0
;zad1.c,34 :: 		TMR0IF_bit=0;
0x000D	0x110B      	BCF        TMR0IF_bit, BitPos(TMR0IF_bit+0)
;zad1.c,35 :: 		counter++;
0x000E	0x0ABF      	INCF       _counter, 1
0x000F	0x1903      	BTFSC      STATUS, 2
0x0010	0x0AC0      	INCF       _counter+1, 1
;zad1.c,36 :: 		TMR0=0;
0x0011	0x0181      	CLRF       TMR0
;zad1.c,37 :: 		}
L_interrupt0:
;zad1.c,38 :: 		}
L_end_interrupt:
L__interrupt26:
0x0012	0x0847      	MOVF       ___savePCLATH, 0
0x0013	0x008A      	MOVWF      PCLATH
0x0014	0x0E46      	SWAPF      ___saveSTATUS, 0
0x0015	0x0083      	MOVWF      STATUS
0x0016	0x0EFF      	SWAPF      R15, 1
0x0017	0x0E7F      	SWAPF      R15, 0
0x0018	0x0009      	RETFIE
; end of _interrupt
_Delay_50us:
;__Lib_Delays.c,19 :: 		void Delay_50us() {
;__Lib_Delays.c,20 :: 		Delay_us(50);
0x0019	0x3021      	MOVLW      33
0x001A	0x1283      	BCF        STATUS, 5
0x001B	0x1303      	BCF        STATUS, 6
0x001C	0x00FD      	MOVWF      R13
L_Delay_50us2:
0x001D	0x0BFD      	DECFSZ     R13, 1
0x001E	0x281D      	GOTO       L_Delay_50us2
;__Lib_Delays.c,21 :: 		}
L_end_Delay_50us:
0x001F	0x0008      	RETURN
; end of _Delay_50us
_Delay_5500us:
;__Lib_Delays.c,31 :: 		void Delay_5500us() {
;__Lib_Delays.c,32 :: 		Delay_us(5500);
0x0020	0x300F      	MOVLW      15
0x0021	0x1283      	BCF        STATUS, 5
0x0022	0x1303      	BCF        STATUS, 6
0x0023	0x00FC      	MOVWF      R12
0x0024	0x3047      	MOVLW      71
0x0025	0x00FD      	MOVWF      R13
L_Delay_5500us5:
0x0026	0x0BFD      	DECFSZ     R13, 1
0x0027	0x2826      	GOTO       L_Delay_5500us5
0x0028	0x0BFC      	DECFSZ     R12, 1
0x0029	0x2826      	GOTO       L_Delay_5500us5
0x002A	0x0000      	NOP
0x002B	0x0000      	NOP
;__Lib_Delays.c,33 :: 		}
L_end_Delay_5500us:
0x002C	0x0008      	RETURN
; end of _Delay_5500us
_Delay_1us:
;__Lib_Delays.c,7 :: 		void Delay_1us() {
;__Lib_Delays.c,8 :: 		Delay_us(1);
0x002D	0x0000      	NOP
0x002E	0x0000      	NOP
;__Lib_Delays.c,9 :: 		}
L_end_Delay_1us:
0x002F	0x0008      	RETURN
; end of _Delay_1us
_Lcd_Cmd:
;__Lib_Lcd.c,18 :: 		
;__Lib_Lcd.c,20 :: 		
0x0030	0x1283      	BCF        STATUS, 5
0x0031	0x1303      	BCF        STATUS, 6
0x0032	0x1BCD      	BTFSC      FARG_Lcd_Cmd_out_char, 7
0x0033	0x2836      	GOTO       L__Lcd_Cmd21
0x0034	0x1185      	BCF        LCD_D7, BitPos(LCD_D7+0)
0x0035	0x2837      	GOTO       L__Lcd_Cmd22
L__Lcd_Cmd21:
0x0036	0x1585      	BSF        LCD_D7, BitPos(LCD_D7+0)
L__Lcd_Cmd22:
;__Lib_Lcd.c,21 :: 		
0x0037	0x1B4D      	BTFSC      FARG_Lcd_Cmd_out_char, 6
0x0038	0x283B      	GOTO       L__Lcd_Cmd23
0x0039	0x1105      	BCF        LCD_D6, BitPos(LCD_D6+0)
0x003A	0x283C      	GOTO       L__Lcd_Cmd24
L__Lcd_Cmd23:
0x003B	0x1505      	BSF        LCD_D6, BitPos(LCD_D6+0)
L__Lcd_Cmd24:
;__Lib_Lcd.c,22 :: 		
0x003C	0x1ACD      	BTFSC      FARG_Lcd_Cmd_out_char, 5
0x003D	0x2840      	GOTO       L__Lcd_Cmd25
0x003E	0x1085      	BCF        LCD_D5, BitPos(LCD_D5+0)
0x003F	0x2841      	GOTO       L__Lcd_Cmd26
L__Lcd_Cmd25:
0x0040	0x1485      	BSF        LCD_D5, BitPos(LCD_D5+0)
L__Lcd_Cmd26:
;__Lib_Lcd.c,23 :: 		
0x0041	0x1A4D      	BTFSC      FARG_Lcd_Cmd_out_char, 4
0x0042	0x2845      	GOTO       L__Lcd_Cmd27
0x0043	0x1005      	BCF        LCD_D4, BitPos(LCD_D4+0)
0x0044	0x2846      	GOTO       L__Lcd_Cmd28
L__Lcd_Cmd27:
0x0045	0x1405      	BSF        LCD_D4, BitPos(LCD_D4+0)
L__Lcd_Cmd28:
;__Lib_Lcd.c,25 :: 		
0x0046	0x18BE      	BTFSC      __Lib_Lcd_cmd_status, BitPos(__Lib_Lcd_cmd_status+0)
0x0047	0x284A      	GOTO       L__Lcd_Cmd29
0x0048	0x1605      	BSF        LCD_RS, BitPos(LCD_RS+0)
0x0049	0x284B      	GOTO       L__Lcd_Cmd30
L__Lcd_Cmd29:
0x004A	0x1205      	BCF        LCD_RS, BitPos(LCD_RS+0)
L__Lcd_Cmd30:
;__Lib_Lcd.c,28 :: 		
0x004B	0x1685      	BSF        LCD_EN, BitPos(LCD_EN+0)
;__Lib_Lcd.c,29 :: 		
0x004C	0x202D      	CALL       _Delay_1us
;__Lib_Lcd.c,30 :: 		
0x004D	0x1285      	BCF        LCD_EN, BitPos(LCD_EN+0)
;__Lib_Lcd.c,33 :: 		
0x004E	0x19CD      	BTFSC      FARG_Lcd_Cmd_out_char, 3
0x004F	0x2852      	GOTO       L__Lcd_Cmd31
0x0050	0x1185      	BCF        LCD_D7, BitPos(LCD_D7+0)
0x0051	0x2853      	GOTO       L__Lcd_Cmd32
L__Lcd_Cmd31:
0x0052	0x1585      	BSF        LCD_D7, BitPos(LCD_D7+0)
L__Lcd_Cmd32:
;__Lib_Lcd.c,34 :: 		
0x0053	0x194D      	BTFSC      FARG_Lcd_Cmd_out_char, 2
0x0054	0x2857      	GOTO       L__Lcd_Cmd33
0x0055	0x1105      	BCF        LCD_D6, BitPos(LCD_D6+0)
0x0056	0x2858      	GOTO       L__Lcd_Cmd34
L__Lcd_Cmd33:
0x0057	0x1505      	BSF        LCD_D6, BitPos(LCD_D6+0)
L__Lcd_Cmd34:
;__Lib_Lcd.c,35 :: 		
0x0058	0x18CD      	BTFSC      FARG_Lcd_Cmd_out_char, 1
0x0059	0x285C      	GOTO       L__Lcd_Cmd35
0x005A	0x1085      	BCF        LCD_D5, BitPos(LCD_D5+0)
0x005B	0x285D      	GOTO       L__Lcd_Cmd36
L__Lcd_Cmd35:
0x005C	0x1485      	BSF        LCD_D5, BitPos(LCD_D5+0)
L__Lcd_Cmd36:
;__Lib_Lcd.c,36 :: 		
0x005D	0x184D      	BTFSC      FARG_Lcd_Cmd_out_char, 0
0x005E	0x2861      	GOTO       L__Lcd_Cmd37
0x005F	0x1005      	BCF        LCD_D4, BitPos(LCD_D4+0)
0x0060	0x2862      	GOTO       L__Lcd_Cmd38
L__Lcd_Cmd37:
0x0061	0x1405      	BSF        LCD_D4, BitPos(LCD_D4+0)
L__Lcd_Cmd38:
;__Lib_Lcd.c,38 :: 		
0x0062	0x18BE      	BTFSC      __Lib_Lcd_cmd_status, BitPos(__Lib_Lcd_cmd_status+0)
0x0063	0x2866      	GOTO       L__Lcd_Cmd39
0x0064	0x1605      	BSF        LCD_RS, BitPos(LCD_RS+0)
0x0065	0x2867      	GOTO       L__Lcd_Cmd40
L__Lcd_Cmd39:
0x0066	0x1205      	BCF        LCD_RS, BitPos(LCD_RS+0)
L__Lcd_Cmd40:
;__Lib_Lcd.c,40 :: 		
0x0067	0x1685      	BSF        LCD_EN, BitPos(LCD_EN+0)
;__Lib_Lcd.c,41 :: 		
0x0068	0x202D      	CALL       _Delay_1us
;__Lib_Lcd.c,42 :: 		
0x0069	0x1285      	BCF        LCD_EN, BitPos(LCD_EN+0)
;__Lib_Lcd.c,44 :: 		
0x006A	0x1CBE      	BTFSS      __Lib_Lcd_cmd_status, BitPos(__Lib_Lcd_cmd_status+0)
0x006B	0x286E      	GOTO       L_Lcd_Cmd0
;__Lib_Lcd.c,45 :: 		
0x006C	0x2020      	CALL       _Delay_5500us
0x006D	0x286F      	GOTO       L_Lcd_Cmd1
L_Lcd_Cmd0:
;__Lib_Lcd.c,47 :: 		
0x006E	0x2019      	CALL       _Delay_50us
L_Lcd_Cmd1:
;__Lib_Lcd.c,48 :: 		
L_end_Lcd_Cmd:
0x006F	0x0008      	RETURN
; end of _Lcd_Cmd
_Lcd_Chr_CP:
;__Lib_Lcd.c,50 :: 		
;__Lib_Lcd.c,52 :: 		
0x0070	0x1283      	BCF        STATUS, 5
0x0071	0x1303      	BCF        STATUS, 6
0x0072	0x10BE      	BCF        __Lib_Lcd_cmd_status, BitPos(__Lib_Lcd_cmd_status+0)
;__Lib_Lcd.c,53 :: 		
0x0073	0x084C      	MOVF       FARG_Lcd_Chr_CP_out_char, 0
0x0074	0x00CD      	MOVWF      FARG_Lcd_Cmd_out_char
0x0075	0x2030      	CALL       _Lcd_Cmd
;__Lib_Lcd.c,54 :: 		
0x0076	0x14BE      	BSF        __Lib_Lcd_cmd_status, BitPos(__Lib_Lcd_cmd_status+0)
;__Lib_Lcd.c,55 :: 		
L_end_Lcd_Chr_CP:
0x0077	0x0008      	RETURN
; end of _Lcd_Chr_CP
_____DoICP:
;__Lib_System.c,6 :: 		
;__Lib_System.c,9 :: 		
0x0078	0x1283      	BCF        STATUS, 5
0x0079	0x1303      	BCF        STATUS, 6
0x007A	0x083B      	MOVF       ___DoICPAddr+1, 0
0x007B	0x008A      	MOVWF      PCLATH
;__Lib_System.c,10 :: 		
0x007C	0x083A      	MOVF       ___DoICPAddr, 0
0x007D	0x0082      	MOVWF      PCL
;__Lib_System.c,12 :: 		
L_end_____DoICP:
0x007E	0x0008      	RETURN
; end of _____DoICP
_strcpy:
;__Lib_CString.c,126 :: 		
;__Lib_CString.c,129 :: 		
0x007F	0x1283      	BCF        STATUS, 5
0x0080	0x1303      	BCF        STATUS, 6
0x0081	0x0848      	MOVF       FARG_strcpy_to, 0
0x0082	0x00F2      	MOVWF      R2
;__Lib_CString.c,130 :: 		
L_strcpy34:
0x0083	0x0872      	MOVF       R2, 0
0x0084	0x00F1      	MOVWF      R1
0x0085	0x0AF2      	INCF       R2, 1
0x0086	0x0849      	MOVF       FARG_strcpy_from, 0
0x0087	0x00F0      	MOVWF      R0
0x0088	0x0AC9      	INCF       FARG_strcpy_from, 1
0x0089	0x0870      	MOVF       R0, 0
0x008A	0x0084      	MOVWF      FSR
0x008B	0x0800      	MOVF       INDF, 0
0x008C	0x00F0      	MOVWF      R0
0x008D	0x0871      	MOVF       R1, 0
0x008E	0x0084      	MOVWF      FSR
0x008F	0x0870      	MOVF       R0, 0
0x0090	0x0080      	MOVWF      INDF
0x0091	0x0871      	MOVF       R1, 0
0x0092	0x0084      	MOVWF      FSR
0x0093	0x0800      	MOVF       INDF, 0
0x0094	0x1903      	BTFSC      STATUS, 2
0x0095	0x2897      	GOTO       L_strcpy35
;__Lib_CString.c,131 :: 		
0x0096	0x2883      	GOTO       L_strcpy34
L_strcpy35:
;__Lib_CString.c,132 :: 		
0x0097	0x0848      	MOVF       FARG_strcpy_to, 0
0x0098	0x00F0      	MOVWF      R0
;__Lib_CString.c,133 :: 		
L_end_strcpy:
0x0099	0x0008      	RETURN
; end of _strcpy
_Lcd_Init:
;__Lib_Lcd.c,84 :: 		
;__Lib_Lcd.c,86 :: 		
0x009A	0x1683      	BSF        STATUS, 5
0x009B	0x1303      	BCF        STATUS, 6
0x009C	0x1285      	BCF        LCD_EN_Direction, BitPos(LCD_EN_Direction+0)
;__Lib_Lcd.c,87 :: 		
0x009D	0x1205      	BCF        LCD_RS_Direction, BitPos(LCD_RS_Direction+0)
;__Lib_Lcd.c,88 :: 		
0x009E	0x1005      	BCF        LCD_D4_Direction, BitPos(LCD_D4_Direction+0)
;__Lib_Lcd.c,89 :: 		
0x009F	0x1085      	BCF        LCD_D5_Direction, BitPos(LCD_D5_Direction+0)
;__Lib_Lcd.c,90 :: 		
0x00A0	0x1105      	BCF        LCD_D6_Direction, BitPos(LCD_D6_Direction+0)
;__Lib_Lcd.c,91 :: 		
0x00A1	0x1185      	BCF        LCD_D7_Direction, BitPos(LCD_D7_Direction+0)
;__Lib_Lcd.c,93 :: 		
0x00A2	0x1283      	BCF        STATUS, 5
0x00A3	0x1285      	BCF        LCD_EN, BitPos(LCD_EN+0)
;__Lib_Lcd.c,94 :: 		
0x00A4	0x1205      	BCF        LCD_RS, BitPos(LCD_RS+0)
;__Lib_Lcd.c,95 :: 		
0x00A5	0x1185      	BCF        LCD_D7, BitPos(LCD_D7+0)
;__Lib_Lcd.c,96 :: 		
0x00A6	0x1105      	BCF        LCD_D6, BitPos(LCD_D6+0)
;__Lib_Lcd.c,97 :: 		
0x00A7	0x1085      	BCF        LCD_D5, BitPos(LCD_D5+0)
;__Lib_Lcd.c,98 :: 		
0x00A8	0x1005      	BCF        LCD_D4, BitPos(LCD_D4+0)
;__Lib_Lcd.c,100 :: 		
0x00A9	0x2020      	CALL       _Delay_5500us
;__Lib_Lcd.c,101 :: 		
0x00AA	0x2020      	CALL       _Delay_5500us
;__Lib_Lcd.c,102 :: 		
0x00AB	0x2020      	CALL       _Delay_5500us
;__Lib_Lcd.c,105 :: 		
0x00AC	0x1485      	BSF        LCD_D5, BitPos(LCD_D5+0)
;__Lib_Lcd.c,106 :: 		
0x00AD	0x1405      	BSF        LCD_D4, BitPos(LCD_D4+0)
;__Lib_Lcd.c,107 :: 		
0x00AE	0x1685      	BSF        LCD_EN, BitPos(LCD_EN+0)
;__Lib_Lcd.c,108 :: 		
0x00AF	0x202D      	CALL       _Delay_1us
;__Lib_Lcd.c,109 :: 		
0x00B0	0x1285      	BCF        LCD_EN, BitPos(LCD_EN+0)
;__Lib_Lcd.c,110 :: 		
0x00B1	0x2020      	CALL       _Delay_5500us
;__Lib_Lcd.c,112 :: 		
0x00B2	0x1685      	BSF        LCD_EN, BitPos(LCD_EN+0)
;__Lib_Lcd.c,113 :: 		
0x00B3	0x202D      	CALL       _Delay_1us
;__Lib_Lcd.c,114 :: 		
0x00B4	0x1285      	BCF        LCD_EN, BitPos(LCD_EN+0)
;__Lib_Lcd.c,115 :: 		
0x00B5	0x2020      	CALL       _Delay_5500us
;__Lib_Lcd.c,117 :: 		
0x00B6	0x1685      	BSF        LCD_EN, BitPos(LCD_EN+0)
;__Lib_Lcd.c,118 :: 		
0x00B7	0x202D      	CALL       _Delay_1us
;__Lib_Lcd.c,119 :: 		
0x00B8	0x1285      	BCF        LCD_EN, BitPos(LCD_EN+0)
;__Lib_Lcd.c,120 :: 		
0x00B9	0x2020      	CALL       _Delay_5500us
;__Lib_Lcd.c,123 :: 		
0x00BA	0x1005      	BCF        LCD_D4, BitPos(LCD_D4+0)
;__Lib_Lcd.c,124 :: 		
0x00BB	0x1685      	BSF        LCD_EN, BitPos(LCD_EN+0)
;__Lib_Lcd.c,125 :: 		
0x00BC	0x202D      	CALL       _Delay_1us
;__Lib_Lcd.c,126 :: 		
0x00BD	0x1285      	BCF        LCD_EN, BitPos(LCD_EN+0)
;__Lib_Lcd.c,127 :: 		
0x00BE	0x2020      	CALL       _Delay_5500us
;__Lib_Lcd.c,130 :: 		
0x00BF	0x1685      	BSF        LCD_EN, BitPos(LCD_EN+0)
;__Lib_Lcd.c,131 :: 		
0x00C0	0x202D      	CALL       _Delay_1us
;__Lib_Lcd.c,132 :: 		
0x00C1	0x1285      	BCF        LCD_EN, BitPos(LCD_EN+0)
;__Lib_Lcd.c,134 :: 		
0x00C2	0x1085      	BCF        LCD_D5, BitPos(LCD_D5+0)
;__Lib_Lcd.c,135 :: 		
0x00C3	0x1585      	BSF        LCD_D7, BitPos(LCD_D7+0)
;__Lib_Lcd.c,136 :: 		
0x00C4	0x1685      	BSF        LCD_EN, BitPos(LCD_EN+0)
;__Lib_Lcd.c,137 :: 		
0x00C5	0x202D      	CALL       _Delay_1us
;__Lib_Lcd.c,138 :: 		
0x00C6	0x1285      	BCF        LCD_EN, BitPos(LCD_EN+0)
;__Lib_Lcd.c,139 :: 		
0x00C7	0x2020      	CALL       _Delay_5500us
;__Lib_Lcd.c,142 :: 		
0x00C8	0x1185      	BCF        LCD_D7, BitPos(LCD_D7+0)
;__Lib_Lcd.c,143 :: 		
0x00C9	0x1405      	BSF        LCD_D4, BitPos(LCD_D4+0)
;__Lib_Lcd.c,144 :: 		
0x00CA	0x1685      	BSF        LCD_EN, BitPos(LCD_EN+0)
;__Lib_Lcd.c,145 :: 		
0x00CB	0x202D      	CALL       _Delay_1us
;__Lib_Lcd.c,146 :: 		
0x00CC	0x1285      	BCF        LCD_EN, BitPos(LCD_EN+0)
;__Lib_Lcd.c,148 :: 		
0x00CD	0x1005      	BCF        LCD_D4, BitPos(LCD_D4+0)
;__Lib_Lcd.c,149 :: 		
0x00CE	0x1685      	BSF        LCD_EN, BitPos(LCD_EN+0)
;__Lib_Lcd.c,150 :: 		
0x00CF	0x202D      	CALL       _Delay_1us
;__Lib_Lcd.c,151 :: 		
0x00D0	0x1285      	BCF        LCD_EN, BitPos(LCD_EN+0)
;__Lib_Lcd.c,152 :: 		
0x00D1	0x2020      	CALL       _Delay_5500us
;__Lib_Lcd.c,155 :: 		
0x00D2	0x1685      	BSF        LCD_EN, BitPos(LCD_EN+0)
;__Lib_Lcd.c,156 :: 		
0x00D3	0x202D      	CALL       _Delay_1us
;__Lib_Lcd.c,157 :: 		
0x00D4	0x1285      	BCF        LCD_EN, BitPos(LCD_EN+0)
;__Lib_Lcd.c,159 :: 		
0x00D5	0x1405      	BSF        LCD_D4, BitPos(LCD_D4+0)
;__Lib_Lcd.c,160 :: 		
0x00D6	0x1685      	BSF        LCD_EN, BitPos(LCD_EN+0)
;__Lib_Lcd.c,161 :: 		
0x00D7	0x202D      	CALL       _Delay_1us
;__Lib_Lcd.c,162 :: 		
0x00D8	0x1285      	BCF        LCD_EN, BitPos(LCD_EN+0)
;__Lib_Lcd.c,163 :: 		
0x00D9	0x2020      	CALL       _Delay_5500us
;__Lib_Lcd.c,166 :: 		
0x00DA	0x1005      	BCF        LCD_D4, BitPos(LCD_D4+0)
;__Lib_Lcd.c,167 :: 		
0x00DB	0x1685      	BSF        LCD_EN, BitPos(LCD_EN+0)
;__Lib_Lcd.c,168 :: 		
0x00DC	0x202D      	CALL       _Delay_1us
;__Lib_Lcd.c,169 :: 		
0x00DD	0x1285      	BCF        LCD_EN, BitPos(LCD_EN+0)
;__Lib_Lcd.c,171 :: 		
0x00DE	0x1585      	BSF        LCD_D7, BitPos(LCD_D7+0)
;__Lib_Lcd.c,172 :: 		
0x00DF	0x1505      	BSF        LCD_D6, BitPos(LCD_D6+0)
;__Lib_Lcd.c,173 :: 		
0x00E0	0x1485      	BSF        LCD_D5, BitPos(LCD_D5+0)
;__Lib_Lcd.c,174 :: 		
0x00E1	0x1405      	BSF        LCD_D4, BitPos(LCD_D4+0)
;__Lib_Lcd.c,175 :: 		
0x00E2	0x1685      	BSF        LCD_EN, BitPos(LCD_EN+0)
;__Lib_Lcd.c,176 :: 		
0x00E3	0x202D      	CALL       _Delay_1us
;__Lib_Lcd.c,177 :: 		
0x00E4	0x1285      	BCF        LCD_EN, BitPos(LCD_EN+0)
;__Lib_Lcd.c,179 :: 		
0x00E5	0x2020      	CALL       _Delay_5500us
;__Lib_Lcd.c,181 :: 		
0x00E6	0x14BE      	BSF        __Lib_Lcd_cmd_status, BitPos(__Lib_Lcd_cmd_status+0)
;__Lib_Lcd.c,182 :: 		
L_end_Lcd_Init:
0x00E7	0x0008      	RETURN
; end of _Lcd_Init
_EEPROM_Read:
;__Lib_EEPROM.c,4 :: 		
;__Lib_EEPROM.c,5 :: 		
0x00E8	0x1283      	BCF        STATUS, 5
0x00E9	0x1303      	BCF        STATUS, 6
0x00EA	0x0848      	MOVF       FARG_EEPROM_Read_Address, 0
0x00EB	0x1703      	BSF        STATUS, 6
0x00EC	0x008D      	MOVWF      EEADR
;__Lib_EEPROM.c,6 :: 		
0x00ED	0x1683      	BSF        STATUS, 5
0x00EE	0x138C      	BCF        EECON1, 7
;__Lib_EEPROM.c,12 :: 		
0x00EF	0x140C      	BSF        EECON1, 0
;__Lib_EEPROM.c,13 :: 		
0x00F0	0x1283      	BCF        STATUS, 5
0x00F1	0x080C      	MOVF       EEDATA, 0
0x00F2	0x00F0      	MOVWF      R0
;__Lib_EEPROM.c,14 :: 		
L_end_EEPROM_Read:
0x00F3	0x0008      	RETURN
; end of _EEPROM_Read
_Lcd_Out:
;__Lib_Lcd.c,184 :: 		
;__Lib_Lcd.c,187 :: 		
0x00F4	0x2906      	GOTO       L_Lcd_Out11
;__Lib_Lcd.c,188 :: 		
L_Lcd_Out13:
0x00F5	0x3080      	MOVLW      128
0x00F6	0x1283      	BCF        STATUS, 5
0x00F7	0x1303      	BCF        STATUS, 6
0x00F8	0x00C8      	MOVWF      FARG_Lcd_Out_row
0x00F9	0x2919      	GOTO       L_Lcd_Out12
;__Lib_Lcd.c,189 :: 		
L_Lcd_Out14:
0x00FA	0x30C0      	MOVLW      192
0x00FB	0x00C8      	MOVWF      FARG_Lcd_Out_row
0x00FC	0x2919      	GOTO       L_Lcd_Out12
;__Lib_Lcd.c,190 :: 		
L_Lcd_Out15:
0x00FD	0x3094      	MOVLW      148
0x00FE	0x00C8      	MOVWF      FARG_Lcd_Out_row
0x00FF	0x2919      	GOTO       L_Lcd_Out12
;__Lib_Lcd.c,191 :: 		
L_Lcd_Out16:
0x0100	0x30D4      	MOVLW      212
0x0101	0x00C8      	MOVWF      FARG_Lcd_Out_row
0x0102	0x2919      	GOTO       L_Lcd_Out12
;__Lib_Lcd.c,192 :: 		
L_Lcd_Out17:
0x0103	0x3080      	MOVLW      128
0x0104	0x00C8      	MOVWF      FARG_Lcd_Out_row
;__Lib_Lcd.c,193 :: 		
0x0105	0x2919      	GOTO       L_Lcd_Out12
L_Lcd_Out11:
0x0106	0x1283      	BCF        STATUS, 5
0x0107	0x1303      	BCF        STATUS, 6
0x0108	0x0848      	MOVF       FARG_Lcd_Out_row, 0
0x0109	0x3A01      	XORLW      1
0x010A	0x1903      	BTFSC      STATUS, 2
0x010B	0x28F5      	GOTO       L_Lcd_Out13
0x010C	0x0848      	MOVF       FARG_Lcd_Out_row, 0
0x010D	0x3A02      	XORLW      2
0x010E	0x1903      	BTFSC      STATUS, 2
0x010F	0x28FA      	GOTO       L_Lcd_Out14
0x0110	0x0848      	MOVF       FARG_Lcd_Out_row, 0
0x0111	0x3A03      	XORLW      3
0x0112	0x1903      	BTFSC      STATUS, 2
0x0113	0x28FD      	GOTO       L_Lcd_Out15
0x0114	0x0848      	MOVF       FARG_Lcd_Out_row, 0
0x0115	0x3A04      	XORLW      4
0x0116	0x1903      	BTFSC      STATUS, 2
0x0117	0x2900      	GOTO       L_Lcd_Out16
0x0118	0x2903      	GOTO       L_Lcd_Out17
L_Lcd_Out12:
;__Lib_Lcd.c,194 :: 		
0x0119	0x0349      	DECF       FARG_Lcd_Out_column, 0
0x011A	0x00F0      	MOVWF      R0
0x011B	0x0848      	MOVF       FARG_Lcd_Out_row, 0
0x011C	0x07F0      	ADDWF      R0, 1
0x011D	0x0870      	MOVF       R0, 0
0x011E	0x00C8      	MOVWF      FARG_Lcd_Out_row
;__Lib_Lcd.c,196 :: 		
0x011F	0x0870      	MOVF       R0, 0
0x0120	0x00CD      	MOVWF      FARG_Lcd_Cmd_out_char
0x0121	0x2030      	CALL       _Lcd_Cmd
;__Lib_Lcd.c,197 :: 		
0x0122	0x10BE      	BCF        __Lib_Lcd_cmd_status, BitPos(__Lib_Lcd_cmd_status+0)
;__Lib_Lcd.c,198 :: 		
0x0123	0x01CB      	CLRF       Lcd_Out_i_L0
;__Lib_Lcd.c,199 :: 		
L_Lcd_Out18:
0x0124	0x084B      	MOVF       Lcd_Out_i_L0, 0
0x0125	0x074A      	ADDWF      FARG_Lcd_Out_text, 0
0x0126	0x0084      	MOVWF      FSR
0x0127	0x0800      	MOVF       INDF, 0
0x0128	0x1903      	BTFSC      STATUS, 2
0x0129	0x2932      	GOTO       L_Lcd_Out19
;__Lib_Lcd.c,200 :: 		
0x012A	0x084B      	MOVF       Lcd_Out_i_L0, 0
0x012B	0x074A      	ADDWF      FARG_Lcd_Out_text, 0
0x012C	0x0084      	MOVWF      FSR
0x012D	0x0800      	MOVF       INDF, 0
0x012E	0x00CC      	MOVWF      FARG_Lcd_Chr_CP_out_char
0x012F	0x2070      	CALL       _Lcd_Chr_CP
0x0130	0x0ACB      	INCF       Lcd_Out_i_L0, 1
0x0131	0x2924      	GOTO       L_Lcd_Out18
L_Lcd_Out19:
;__Lib_Lcd.c,201 :: 		
0x0132	0x14BE      	BSF        __Lib_Lcd_cmd_status, BitPos(__Lib_Lcd_cmd_status+0)
;__Lib_Lcd.c,202 :: 		
L_end_Lcd_Out:
0x0133	0x0008      	RETURN
; end of _Lcd_Out
___CC2DW:
;__Lib_System.c,134 :: 		
;__Lib_System.c,137 :: 		
_CC2D_Loop1:
;__Lib_System.c,139 :: 		
0x0134	0x2078      	CALL       _____DoICP
0x0135	0x118A      	BCF        PCLATH, 3
0x0136	0x120A      	BCF        PCLATH, 4
;__Lib_System.c,141 :: 		
0x0137	0x0080      	MOVWF      INDF
;__Lib_System.c,142 :: 		
0x0138	0x0A84      	INCF       FSR, 1
;__Lib_System.c,143 :: 		
0x0139	0x0ABA      	INCF       ___DoICPAddr, 1
;__Lib_System.c,145 :: 		
0x013A	0x1903      	BTFSC      STATUS, 2
;__Lib_System.c,146 :: 		
0x013B	0x0ABB      	INCF       ___DoICPAddr+1, 1
;__Lib_System.c,147 :: 		
0x013C	0x03F0      	DECF       R0, 1
;__Lib_System.c,149 :: 		
0x013D	0x1D03      	BTFSS      STATUS, 2
;__Lib_System.c,150 :: 		
0x013E	0x2934      	GOTO       _CC2D_Loop1
;__Lib_System.c,152 :: 		
L_end___CC2DW:
0x013F	0x0008      	RETURN
; end of ___CC2DW
_EEPROM_Write:
;__Lib_EEPROM.c,16 :: 		
;__Lib_EEPROM.c,20 :: 		
L_EEPROM_Write0:
0x0140	0x1683      	BSF        STATUS, 5
0x0141	0x1703      	BSF        STATUS, 6
0x0142	0x1C8C      	BTFSS      EECON1, 1
0x0143	0x2946      	GOTO       L_EEPROM_Write1
0x0144	0x0000      	NOP
0x0145	0x2940      	GOTO       L_EEPROM_Write0
L_EEPROM_Write1:
;__Lib_EEPROM.c,21 :: 		
0x0146	0x1283      	BCF        STATUS, 5
0x0147	0x1303      	BCF        STATUS, 6
0x0148	0x0848      	MOVF       FARG_EEPROM_Write_Address, 0
0x0149	0x1703      	BSF        STATUS, 6
0x014A	0x008D      	MOVWF      EEADR
;__Lib_EEPROM.c,22 :: 		
0x014B	0x1303      	BCF        STATUS, 6
0x014C	0x0849      	MOVF       FARG_EEPROM_Write_data_, 0
0x014D	0x1703      	BSF        STATUS, 6
0x014E	0x008C      	MOVWF      EEDATA
;__Lib_EEPROM.c,23 :: 		
0x014F	0x1683      	BSF        STATUS, 5
0x0150	0x138C      	BCF        EECON1, 7
;__Lib_EEPROM.c,24 :: 		
0x0151	0x150C      	BSF        EECON1, 2
;__Lib_EEPROM.c,26 :: 		
0x0152	0x080B      	MOVF       INTCON, 0
0x0153	0x00F0      	MOVWF      R0
;__Lib_EEPROM.c,29 :: 		
0x0154	0x138B      	BCF        INTCON, 7
;__Lib_EEPROM.c,30 :: 		
0x0155	0x3055      	MOVLW      85
0x0156	0x008D      	MOVWF      EECON2
;__Lib_EEPROM.c,31 :: 		
0x0157	0x30AA      	MOVLW      170
0x0158	0x008D      	MOVWF      EECON2
;__Lib_EEPROM.c,32 :: 		
0x0159	0x148C      	BSF        EECON1, 1
;__Lib_EEPROM.c,36 :: 		
0x015A	0x1BF0      	BTFSC      R0, 7
0x015B	0x295E      	GOTO       L__EEPROM_Write4
0x015C	0x138B      	BCF        INTCON, 7
0x015D	0x295F      	GOTO       L__EEPROM_Write5
L__EEPROM_Write4:
0x015E	0x178B      	BSF        INTCON, 7
L__EEPROM_Write5:
;__Lib_EEPROM.c,37 :: 		
0x015F	0x110C      	BCF        EECON1, 2
;__Lib_EEPROM.c,38 :: 		
L_end_EEPROM_Write:
0x0160	0x0008      	RETURN
; end of _EEPROM_Write
_main:
0x0161	0x3047      	MOVLW      71
0x0162	0x1283      	BCF        STATUS, 5
0x0163	0x1303      	BCF        STATUS, 6
0x0164	0x00A0      	MOVWF      ?lstr3_zad1
0x0165	0x3072      	MOVLW      114
0x0166	0x00A1      	MOVWF      33
0x0167	0x3065      	MOVLW      101
0x0168	0x00A2      	MOVWF      34
0x0169	0x3073      	MOVLW      115
0x016A	0x00A3      	MOVWF      35
0x016B	0x3068      	MOVLW      104
0x016C	0x00A4      	MOVWF      36
0x016D	0x306B      	MOVLW      107
0x016E	0x00A5      	MOVWF      37
0x016F	0x3061      	MOVLW      97
0x0170	0x00A6      	MOVWF      38
0x0171	0x01A7      	CLRF       39
0x0172	0x3050      	MOVLW      80
0x0173	0x00A8      	MOVWF      ?lstr1_zad1
0x0174	0x306F      	MOVLW      111
0x0175	0x00A9      	MOVWF      41
0x0176	0x3070      	MOVLW      112
0x0177	0x00AA      	MOVWF      42
0x0178	0x3075      	MOVLW      117
0x0179	0x00AB      	MOVWF      43
0x017A	0x3073      	MOVLW      115
0x017B	0x00AC      	MOVWF      44
0x017C	0x3074      	MOVLW      116
0x017D	0x00AD      	MOVWF      45
0x017E	0x3031      	MOVLW      49
0x017F	0x00AE      	MOVWF      46
0x0180	0x3024      	MOVLW      36
0x0181	0x00AF      	MOVWF      47
0x0182	0x01B0      	CLRF       48
0x0183	0x3050      	MOVLW      80
0x0184	0x00B1      	MOVWF      ?lstr2_zad1
0x0185	0x306F      	MOVLW      111
0x0186	0x00B2      	MOVWF      50
0x0187	0x3070      	MOVLW      112
0x0188	0x00B3      	MOVWF      51
0x0189	0x3075      	MOVLW      117
0x018A	0x00B4      	MOVWF      52
0x018B	0x3073      	MOVLW      115
0x018C	0x00B5      	MOVWF      53
0x018D	0x3074      	MOVLW      116
0x018E	0x00B6      	MOVWF      54
0x018F	0x3032      	MOVLW      50
0x0190	0x00B7      	MOVWF      55
0x0191	0x3024      	MOVLW      36
0x0192	0x00B8      	MOVWF      56
0x0193	0x01B9      	CLRF       57
;zad1.c,39 :: 		void main() {
;zad1.c,40 :: 		OPTION_REG=0x86;
0x0194	0x3086      	MOVLW      134
0x0195	0x1683      	BSF        STATUS, 5
0x0196	0x0081      	MOVWF      OPTION_REG
;zad1.c,41 :: 		ANSEL=0;
0x0197	0x1703      	BSF        STATUS, 6
0x0198	0x0188      	CLRF       ANSEL
;zad1.c,42 :: 		ANSELH=0;
0x0199	0x0189      	CLRF       ANSELH
;zad1.c,43 :: 		number=0;
0x019A	0x1283      	BCF        STATUS, 5
0x019B	0x1303      	BCF        STATUS, 6
0x019C	0x01BC      	CLRF       _number
;zad1.c,44 :: 		INTCON=0xA0;
0x019D	0x30A0      	MOVLW      160
0x019E	0x008B      	MOVWF      INTCON
;zad1.c,45 :: 		strcpy(text1,"Popust1$");
0x019F	0x0842      	MOVF       _text1, 0
0x01A0	0x00C8      	MOVWF      FARG_strcpy_to
0x01A1	0x3028      	MOVLW      ?lstr1_zad1
0x01A2	0x00C9      	MOVWF      FARG_strcpy_from
0x01A3	0x207F      	CALL       _strcpy
;zad1.c,46 :: 		strcpy(text2,"Popust2$");
0x01A4	0x0843      	MOVF       _text2, 0
0x01A5	0x00C8      	MOVWF      FARG_strcpy_to
0x01A6	0x3031      	MOVLW      ?lstr2_zad1
0x01A7	0x00C9      	MOVWF      FARG_strcpy_from
0x01A8	0x207F      	CALL       _strcpy
;zad1.c,47 :: 		for(i=0; i<8; i++)
0x01A9	0x01C4      	CLRF       _i
0x01AA	0x01C5      	CLRF       _i+1
L_main1:
0x01AB	0x3080      	MOVLW      128
0x01AC	0x0645      	XORWF      _i+1, 0
0x01AD	0x00F0      	MOVWF      R0
0x01AE	0x3080      	MOVLW      128
0x01AF	0x0270      	SUBWF      R0, 0
0x01B0	0x1D03      	BTFSS      STATUS, 2
0x01B1	0x29B4      	GOTO       L__main28
0x01B2	0x3008      	MOVLW      8
0x01B3	0x0244      	SUBWF      _i, 0
L__main28:
0x01B4	0x1803      	BTFSC      STATUS, 0
0x01B5	0x29C4      	GOTO       L_main2
;zad1.c,49 :: 		EEPROM_Write(0x00 + i, text1[i]);
0x01B6	0x0844      	MOVF       _i, 0
0x01B7	0x00C8      	MOVWF      FARG_EEPROM_Write_Address
0x01B8	0x0844      	MOVF       _i, 0
0x01B9	0x0742      	ADDWF      _text1, 0
0x01BA	0x0084      	MOVWF      FSR
0x01BB	0x0800      	MOVF       INDF, 0
0x01BC	0x00C9      	MOVWF      FARG_EEPROM_Write_data_
0x01BD	0x2140      	CALL       _EEPROM_Write
;zad1.c,47 :: 		for(i=0; i<8; i++)
0x01BE	0x1283      	BCF        STATUS, 5
0x01BF	0x1303      	BCF        STATUS, 6
0x01C0	0x0AC4      	INCF       _i, 1
0x01C1	0x1903      	BTFSC      STATUS, 2
0x01C2	0x0AC5      	INCF       _i+1, 1
;zad1.c,50 :: 		}
0x01C3	0x29AB      	GOTO       L_main1
L_main2:
;zad1.c,51 :: 		for(i=0; i<8; i++)
0x01C4	0x01C4      	CLRF       _i
0x01C5	0x01C5      	CLRF       _i+1
L_main4:
0x01C6	0x3080      	MOVLW      128
0x01C7	0x0645      	XORWF      _i+1, 0
0x01C8	0x00F0      	MOVWF      R0
0x01C9	0x3080      	MOVLW      128
0x01CA	0x0270      	SUBWF      R0, 0
0x01CB	0x1D03      	BTFSS      STATUS, 2
0x01CC	0x29CF      	GOTO       L__main29
0x01CD	0x3008      	MOVLW      8
0x01CE	0x0244      	SUBWF      _i, 0
L__main29:
0x01CF	0x1803      	BTFSC      STATUS, 0
0x01D0	0x29E0      	GOTO       L_main5
;zad1.c,53 :: 		EEPROM_Write(0x20 + i, text2[i]);
0x01D1	0x0844      	MOVF       _i, 0
0x01D2	0x3E20      	ADDLW      32
0x01D3	0x00C8      	MOVWF      FARG_EEPROM_Write_Address
0x01D4	0x0844      	MOVF       _i, 0
0x01D5	0x0743      	ADDWF      _text2, 0
0x01D6	0x0084      	MOVWF      FSR
0x01D7	0x0800      	MOVF       INDF, 0
0x01D8	0x00C9      	MOVWF      FARG_EEPROM_Write_data_
0x01D9	0x2140      	CALL       _EEPROM_Write
;zad1.c,51 :: 		for(i=0; i<8; i++)
0x01DA	0x1283      	BCF        STATUS, 5
0x01DB	0x1303      	BCF        STATUS, 6
0x01DC	0x0AC4      	INCF       _i, 1
0x01DD	0x1903      	BTFSC      STATUS, 2
0x01DE	0x0AC5      	INCF       _i+1, 1
;zad1.c,54 :: 		}
0x01DF	0x29C6      	GOTO       L_main4
L_main5:
;zad1.c,55 :: 		for (i=0;i<8;i++)
0x01E0	0x01C4      	CLRF       _i
0x01E1	0x01C5      	CLRF       _i+1
L_main7:
0x01E2	0x3080      	MOVLW      128
0x01E3	0x0645      	XORWF      _i+1, 0
0x01E4	0x00F0      	MOVWF      R0
0x01E5	0x3080      	MOVLW      128
0x01E6	0x0270      	SUBWF      R0, 0
0x01E7	0x1D03      	BTFSS      STATUS, 2
0x01E8	0x29EB      	GOTO       L__main30
0x01E9	0x3008      	MOVLW      8
0x01EA	0x0244      	SUBWF      _i, 0
L__main30:
0x01EB	0x1803      	BTFSC      STATUS, 0
0x01EC	0x2A01      	GOTO       L_main8
;zad1.c,57 :: 		ch=EEPROM_Read(0x00+i);
0x01ED	0x0844      	MOVF       _i, 0
0x01EE	0x00C8      	MOVWF      FARG_EEPROM_Read_Address
0x01EF	0x20E8      	CALL       _EEPROM_Read
0x01F0	0x0870      	MOVF       R0, 0
0x01F1	0x1303      	BCF        STATUS, 6
0x01F2	0x00C1      	MOVWF      _ch
;zad1.c,58 :: 		if(ch!='$')
0x01F3	0x0870      	MOVF       R0, 0
0x01F4	0x3A24      	XORLW      36
0x01F5	0x1903      	BTFSC      STATUS, 2
0x01F6	0x29FD      	GOTO       L_main10
;zad1.c,60 :: 		number++;
0x01F7	0x0ABC      	INCF       _number, 1
;zad1.c,61 :: 		text1[i]=ch;
0x01F8	0x0844      	MOVF       _i, 0
0x01F9	0x0742      	ADDWF      _text1, 0
0x01FA	0x0084      	MOVWF      FSR
0x01FB	0x0841      	MOVF       _ch, 0
0x01FC	0x0080      	MOVWF      INDF
;zad1.c,62 :: 		}
L_main10:
;zad1.c,55 :: 		for (i=0;i<8;i++)
0x01FD	0x0AC4      	INCF       _i, 1
0x01FE	0x1903      	BTFSC      STATUS, 2
0x01FF	0x0AC5      	INCF       _i+1, 1
;zad1.c,63 :: 		}
0x0200	0x29E2      	GOTO       L_main7
L_main8:
;zad1.c,64 :: 		for (i=0;i<8;i++)
0x0201	0x01C4      	CLRF       _i
0x0202	0x01C5      	CLRF       _i+1
L_main11:
0x0203	0x3080      	MOVLW      128
0x0204	0x0645      	XORWF      _i+1, 0
0x0205	0x00F0      	MOVWF      R0
0x0206	0x3080      	MOVLW      128
0x0207	0x0270      	SUBWF      R0, 0
0x0208	0x1D03      	BTFSS      STATUS, 2
0x0209	0x2A0C      	GOTO       L__main31
0x020A	0x3008      	MOVLW      8
0x020B	0x0244      	SUBWF      _i, 0
L__main31:
0x020C	0x1803      	BTFSC      STATUS, 0
0x020D	0x2A23      	GOTO       L_main12
;zad1.c,66 :: 		ch=EEPROM_Read(0x20+i);
0x020E	0x0844      	MOVF       _i, 0
0x020F	0x3E20      	ADDLW      32
0x0210	0x00C8      	MOVWF      FARG_EEPROM_Read_Address
0x0211	0x20E8      	CALL       _EEPROM_Read
0x0212	0x0870      	MOVF       R0, 0
0x0213	0x1303      	BCF        STATUS, 6
0x0214	0x00C1      	MOVWF      _ch
;zad1.c,67 :: 		if(ch!='$')
0x0215	0x0870      	MOVF       R0, 0
0x0216	0x3A24      	XORLW      36
0x0217	0x1903      	BTFSC      STATUS, 2
0x0218	0x2A1F      	GOTO       L_main14
;zad1.c,69 :: 		number++;
0x0219	0x0ABC      	INCF       _number, 1
;zad1.c,70 :: 		text2[i]=ch;
0x021A	0x0844      	MOVF       _i, 0
0x021B	0x0743      	ADDWF      _text2, 0
0x021C	0x0084      	MOVWF      FSR
0x021D	0x0841      	MOVF       _ch, 0
0x021E	0x0080      	MOVWF      INDF
;zad1.c,71 :: 		}
L_main14:
;zad1.c,64 :: 		for (i=0;i<8;i++)
0x021F	0x0AC4      	INCF       _i, 1
0x0220	0x1903      	BTFSC      STATUS, 2
0x0221	0x0AC5      	INCF       _i+1, 1
;zad1.c,72 :: 		}
0x0222	0x2A03      	GOTO       L_main11
L_main12:
;zad1.c,73 :: 		Lcd_Init();
0x0223	0x209A      	CALL       _Lcd_Init
;zad1.c,74 :: 		if(number>16)
0x0224	0x3080      	MOVLW      128
0x0225	0x3A10      	XORLW      16
0x0226	0x00F0      	MOVWF      R0
0x0227	0x3080      	MOVLW      128
0x0228	0x063C      	XORWF      _number, 0
0x0229	0x0270      	SUBWF      R0, 0
0x022A	0x1803      	BTFSC      STATUS, 0
0x022B	0x2A3F      	GOTO       L_main15
;zad1.c,76 :: 		Lcd_Cmd(_LCD_CURSOR_OFF);
0x022C	0x300C      	MOVLW      12
0x022D	0x00CD      	MOVWF      FARG_Lcd_Cmd_out_char
0x022E	0x2030      	CALL       _Lcd_Cmd
;zad1.c,77 :: 		Lcd_Cmd(_LCD_CLEAR);
0x022F	0x3001      	MOVLW      1
0x0230	0x00CD      	MOVWF      FARG_Lcd_Cmd_out_char
0x0231	0x2030      	CALL       _Lcd_Cmd
;zad1.c,78 :: 		strcpy(text,"Greshka");
0x0232	0x083D      	MOVF       _text, 0
0x0233	0x00C8      	MOVWF      FARG_strcpy_to
0x0234	0x3020      	MOVLW      ?lstr3_zad1
0x0235	0x00C9      	MOVWF      FARG_strcpy_from
0x0236	0x207F      	CALL       _strcpy
;zad1.c,79 :: 		Lcd_Out(1,1,text);
0x0237	0x3001      	MOVLW      1
0x0238	0x00C8      	MOVWF      FARG_Lcd_Out_row
0x0239	0x3001      	MOVLW      1
0x023A	0x00C9      	MOVWF      FARG_Lcd_Out_column
0x023B	0x083D      	MOVF       _text, 0
0x023C	0x00CA      	MOVWF      FARG_Lcd_Out_text
0x023D	0x20F4      	CALL       _Lcd_Out
;zad1.c,80 :: 		}
0x023E	0x2A71      	GOTO       L_main16
L_main15:
;zad1.c,83 :: 		while(1)
L_main17:
;zad1.c,85 :: 		if(prv)
0x023F	0x1C3E      	BTFSS      _prv, BitPos(_prv+0)
0x0240	0x2A59      	GOTO       L_main19
;zad1.c,87 :: 		if(counter<235) //se prikazuva prviot text
0x0241	0x3000      	MOVLW      0
0x0242	0x0240      	SUBWF      _counter+1, 0
0x0243	0x1D03      	BTFSS      STATUS, 2
0x0244	0x2A47      	GOTO       L__main32
0x0245	0x30EB      	MOVLW      235
0x0246	0x023F      	SUBWF      _counter, 0
L__main32:
0x0247	0x1803      	BTFSC      STATUS, 0
0x0248	0x2A57      	GOTO       L_main20
;zad1.c,89 :: 		Lcd_Cmd(_LCD_CURSOR_OFF);
0x0249	0x300C      	MOVLW      12
0x024A	0x00CD      	MOVWF      FARG_Lcd_Cmd_out_char
0x024B	0x2030      	CALL       _Lcd_Cmd
;zad1.c,90 :: 		Lcd_Cmd(_LCD_CLEAR);
0x024C	0x3001      	MOVLW      1
0x024D	0x00CD      	MOVWF      FARG_Lcd_Cmd_out_char
0x024E	0x2030      	CALL       _Lcd_Cmd
;zad1.c,91 :: 		Lcd_Out(1,1,text1);
0x024F	0x3001      	MOVLW      1
0x0250	0x00C8      	MOVWF      FARG_Lcd_Out_row
0x0251	0x3001      	MOVLW      1
0x0252	0x00C9      	MOVWF      FARG_Lcd_Out_column
0x0253	0x0842      	MOVF       _text1, 0
0x0254	0x00CA      	MOVWF      FARG_Lcd_Out_text
0x0255	0x20F4      	CALL       _Lcd_Out
;zad1.c,92 :: 		}
0x0256	0x2A58      	GOTO       L_main21
L_main20:
;zad1.c,95 :: 		prv=0;
0x0257	0x103E      	BCF        _prv, BitPos(_prv+0)
;zad1.c,96 :: 		}
L_main21:
;zad1.c,97 :: 		}
0x0258	0x2A70      	GOTO       L_main22
L_main19:
;zad1.c,100 :: 		if(counter<313) //se prikazuva vtoriot text
0x0259	0x3001      	MOVLW      1
0x025A	0x0240      	SUBWF      _counter+1, 0
0x025B	0x1D03      	BTFSS      STATUS, 2
0x025C	0x2A5F      	GOTO       L__main33
0x025D	0x3039      	MOVLW      57
0x025E	0x023F      	SUBWF      _counter, 0
L__main33:
0x025F	0x1803      	BTFSC      STATUS, 0
0x0260	0x2A6F      	GOTO       L_main23
;zad1.c,102 :: 		Lcd_Cmd(_LCD_CURSOR_OFF);
0x0261	0x300C      	MOVLW      12
0x0262	0x00CD      	MOVWF      FARG_Lcd_Cmd_out_char
0x0263	0x2030      	CALL       _Lcd_Cmd
;zad1.c,103 :: 		Lcd_Cmd(_LCD_CLEAR);
0x0264	0x3001      	MOVLW      1
0x0265	0x00CD      	MOVWF      FARG_Lcd_Cmd_out_char
0x0266	0x2030      	CALL       _Lcd_Cmd
;zad1.c,104 :: 		Lcd_Out(2,1,text2);
0x0267	0x3002      	MOVLW      2
0x0268	0x00C8      	MOVWF      FARG_Lcd_Out_row
0x0269	0x3001      	MOVLW      1
0x026A	0x00C9      	MOVWF      FARG_Lcd_Out_column
0x026B	0x0843      	MOVF       _text2, 0
0x026C	0x00CA      	MOVWF      FARG_Lcd_Out_text
0x026D	0x20F4      	CALL       _Lcd_Out
;zad1.c,105 :: 		}
0x026E	0x2A70      	GOTO       L_main24
L_main23:
;zad1.c,108 :: 		prv=1;
0x026F	0x143E      	BSF        _prv, BitPos(_prv+0)
;zad1.c,109 :: 		}
L_main24:
;zad1.c,110 :: 		}
L_main22:
;zad1.c,111 :: 		}
0x0270	0x2A3F      	GOTO       L_main17
;zad1.c,112 :: 		}
L_main16:
;zad1.c,113 :: 		}
L_end_main:
0x0271	0x2A71      	GOTO       $+0
; end of _main
Symbol List:
//** Routines locations **
//ADDRESS    SIZE    PROCEDURE
//----------------------------------------------
0x0004      [21]    _interrupt
0x0019       [7]    _Delay_50us
0x0020      [13]    _Delay_5500us
0x002D       [3]    _Delay_1us
0x0030      [64]    _Lcd_Cmd
0x0070       [8]    _Lcd_Chr_CP
0x0078       [7]    _____DoICP
0x007F      [27]    _strcpy
0x009A      [78]    _Lcd_Init
0x00E8      [12]    _EEPROM_Read
0x00F4      [64]    _Lcd_Out
0x0134      [12]    ___CC2DW
0x0140      [33]    _EEPROM_Write
0x0161     [273]    _main
//** Variables locations ** 
//ADDRESS    SIZE    VARIABLE
//----------------------------------------------
0x0000       [1]    INDF
0x0001       [1]    TMR0
0x0002       [1]    PCL
0x0003       [1]    STATUS
0x0004       [1]    FSR
0x0005       [0]    RA4_bit
0x0005       [0]    LCD_D7
0x0005       [0]    LCD_D6
0x0005       [0]    RA5_bit
0x0005       [0]    LCD_D5
0x0005       [0]    RA0_bit
0x0005       [0]    LCD_RS
0x0005       [0]    RA1_bit
0x0005       [0]    LCD_D4
0x0005       [0]    RA3_bit
0x0005       [0]    RA2_bit
0x0005       [0]    LCD_EN
0x000A       [1]    PCLATH
0x000B       [1]    INTCON
0x000B       [0]    TMR0IF_bit
0x0020       [8]    ?lstr3_zad1
0x0028       [9]    ?lstr1_zad1
0x0031       [9]    ?lstr2_zad1
0x003A       [2]    ___DoICPAddr
0x003C       [1]    _number
0x003D       [1]    _text
0x003E       [0]    _prv
0x003E       [0]    __Lib_Lcd_cmd_status
0x003F       [2]    _counter
0x0041       [1]    _ch
0x0042       [1]    _text1
0x0043       [1]    _text2
0x0044       [2]    _i
0x0046       [1]    ___saveSTATUS
0x0047       [1]    ___savePCLATH
0x0048       [1]    FARG_strcpy_to
0x0048       [1]    FARG_EEPROM_Write_Address
0x0048       [1]    FARG_EEPROM_Read_Address
0x0048       [1]    FARG_Lcd_Out_row
0x0049       [1]    FARG_Lcd_Out_column
0x0049       [1]    FARG_EEPROM_Write_data_
0x0049       [1]    FARG_strcpy_from
0x004A       [1]    FARG_Lcd_Out_text
0x004B       [1]    Lcd_Out_i_L0
0x004C       [1]    FARG_Lcd_Chr_CP_out_char
0x004D       [1]    FARG_Lcd_Cmd_out_char
0x0070       [1]    R0
0x0071       [1]    R1
0x0072       [1]    R2
0x0073       [1]    R3
0x0074       [1]    R4
0x0075       [1]    R5
0x0076       [1]    R6
0x0077       [1]    R7
0x0078       [1]    R8
0x0079       [1]    R9
0x007A       [1]    R10
0x007B       [1]    R11
0x007C       [1]    R12
0x007D       [1]    R13
0x007E       [1]    R14
0x007F       [1]    R15
0x0081       [1]    OPTION_REG
0x0085       [0]    TRISA5_bit
0x0085       [0]    LCD_EN_Direction
0x0085       [0]    LCD_RS_Direction
0x0085       [0]    LCD_D4_Direction
0x0085       [0]    LCD_D6_Direction
0x0085       [0]    LCD_D5_Direction
0x0085       [0]    LCD_D7_Direction
0x0085       [0]    TRISA3_bit
0x0085       [0]    TRISA4_bit
0x0085       [0]    TRISA2_bit
0x0085       [0]    TRISA0_bit
0x0085       [0]    TRISA1_bit
0x010C       [1]    EEDATA
0x010D       [1]    EEADR
0x0188       [1]    ANSEL
0x0189       [1]    ANSELH
0x018C       [1]    EECON1
0x018D       [1]    EECON2
