;  LST file generated by mikroListExporter - v.2.0 
; Date/Time: 24.11.2016 22:56:17
;----------------------------------------------

;Address Opcode 	ASM
0x0000	0x2816      	GOTO       22
_____DoICP:
;__Lib_System.c,6 :: 		
;__Lib_System.c,9 :: 		
0x0003	0x1283      	BCF        STATUS, 5
0x0004	0x1303      	BCF        STATUS, 6
0x0005	0x0821      	MOVF       ___DoICPAddr+1, 0
0x0006	0x008A      	MOVWF      PCLATH
;__Lib_System.c,10 :: 		
0x0007	0x0820      	MOVF       ___DoICPAddr, 0
0x0008	0x0082      	MOVWF      PCL
;__Lib_System.c,12 :: 		
L_end_____DoICP:
0x0009	0x0008      	RETURN
; end of _____DoICP
___CC2DW:
;__Lib_System.c,134 :: 		
;__Lib_System.c,137 :: 		
_CC2D_Loop1:
;__Lib_System.c,139 :: 		
0x000A	0x2003      	CALL       _____DoICP
0x000B	0x118A      	BCF        PCLATH, 3
0x000C	0x120A      	BCF        PCLATH, 4
;__Lib_System.c,141 :: 		
0x000D	0x0080      	MOVWF      INDF
;__Lib_System.c,142 :: 		
0x000E	0x0A84      	INCF       FSR, 1
;__Lib_System.c,143 :: 		
0x000F	0x0AA0      	INCF       ___DoICPAddr, 1
;__Lib_System.c,145 :: 		
0x0010	0x1903      	BTFSC      STATUS, 2
;__Lib_System.c,146 :: 		
0x0011	0x0AA1      	INCF       ___DoICPAddr+1, 1
;__Lib_System.c,147 :: 		
0x0012	0x03F0      	DECF       R0, 1
;__Lib_System.c,149 :: 		
0x0013	0x1D03      	BTFSS      STATUS, 2
;__Lib_System.c,150 :: 		
0x0014	0x280A      	GOTO       _CC2D_Loop1
;__Lib_System.c,152 :: 		
L_end___CC2DW:
0x0015	0x0008      	RETURN
; end of ___CC2DW
_main:
;ZADACA1_F.c,2 :: 		void main() {
;ZADACA1_F.c,3 :: 		int count = 5;
0x0016	0x3005      	MOVLW      5
0x0017	0x1283      	BCF        STATUS, 5
0x0018	0x1303      	BCF        STATUS, 6
0x0019	0x00A2      	MOVWF      main_count_L0
0x001A	0x3000      	MOVLW      0
0x001B	0x00A3      	MOVWF      main_count_L0+1
;ZADACA1_F.c,4 :: 		ANSEL = 0;
0x001C	0x1683      	BSF        STATUS, 5
0x001D	0x1703      	BSF        STATUS, 6
0x001E	0x0188      	CLRF       ANSEL
;ZADACA1_F.c,5 :: 		ANSELH = 0;
0x001F	0x0189      	CLRF       ANSELH
;ZADACA1_F.c,6 :: 		TRISB=0x00; // ??????????? ?? ??????? B ???? ??????? ?????
0x0020	0x0186      	CLRF       TRISB
;ZADACA1_F.c,7 :: 		PORTB=0x00; // ??????????? ?? ???? ?????? ?? ??????? B ?? ??????? 0
0x0021	0x1283      	BCF        STATUS, 5
0x0022	0x1303      	BCF        STATUS, 6
0x0023	0x0186      	CLRF       PORTB
;ZADACA1_F.c,14 :: 		while(count>0){ // ?????????? ?????????
L_main0:
0x0024	0x3080      	MOVLW      128
0x0025	0x00F0      	MOVWF      R0
0x0026	0x3080      	MOVLW      128
0x0027	0x0623      	XORWF      main_count_L0+1, 0
0x0028	0x0270      	SUBWF      R0, 0
0x0029	0x1D03      	BTFSS      STATUS, 2
0x002A	0x282D      	GOTO       L__main7
0x002B	0x0822      	MOVF       main_count_L0, 0
0x002C	0x3C00      	SUBLW      0
L__main7:
0x002D	0x1803      	BTFSC      STATUS, 0
0x002E	0x2852      	GOTO       L_main1
;ZADACA1_F.c,15 :: 		PORTB=0b10000000;
0x002F	0x3080      	MOVLW      128
0x0030	0x0086      	MOVWF      PORTB
;ZADACA1_F.c,16 :: 		while(PORTB > 0){
L_main2:
0x0031	0x0806      	MOVF       PORTB, 0
0x0032	0x3C00      	SUBLW      0
0x0033	0x1803      	BTFSC      STATUS, 0
0x0034	0x283E      	GOTO       L_main3
;ZADACA1_F.c,18 :: 		PORTB = PORTB / 4;
0x0035	0x0806      	MOVF       PORTB, 0
0x0036	0x00F0      	MOVWF      R0
0x0037	0x0CF0      	RRF        R0, 1
0x0038	0x13F0      	BCF        R0, 7
0x0039	0x0CF0      	RRF        R0, 1
0x003A	0x13F0      	BCF        R0, 7
0x003B	0x0870      	MOVF       R0, 0
0x003C	0x0086      	MOVWF      PORTB
;ZADACA1_F.c,19 :: 		}
0x003D	0x2831      	GOTO       L_main2
L_main3:
;ZADACA1_F.c,20 :: 		PORTB=0b00000001;
0x003E	0x3001      	MOVLW      1
0x003F	0x0086      	MOVWF      PORTB
;ZADACA1_F.c,21 :: 		while(PORTB <=32){
L_main4:
0x0040	0x0806      	MOVF       PORTB, 0
0x0041	0x3C20      	SUBLW      32
0x0042	0x1C03      	BTFSS      STATUS, 0
0x0043	0x284D      	GOTO       L_main5
;ZADACA1_F.c,23 :: 		PORTB =  PORTB * 4;
0x0044	0x0806      	MOVF       PORTB, 0
0x0045	0x00F0      	MOVWF      R0
0x0046	0x0DF0      	RLF        R0, 1
0x0047	0x1070      	BCF        R0, 0
0x0048	0x0DF0      	RLF        R0, 1
0x0049	0x1070      	BCF        R0, 0
0x004A	0x0870      	MOVF       R0, 0
0x004B	0x0086      	MOVWF      PORTB
;ZADACA1_F.c,24 :: 		}
0x004C	0x2840      	GOTO       L_main4
L_main5:
;ZADACA1_F.c,25 :: 		count--;
0x004D	0x3001      	MOVLW      1
0x004E	0x02A2      	SUBWF      main_count_L0, 1
0x004F	0x1C03      	BTFSS      STATUS, 0
0x0050	0x03A3      	DECF       main_count_L0+1, 1
;ZADACA1_F.c,26 :: 		}
0x0051	0x2824      	GOTO       L_main0
L_main1:
;ZADACA1_F.c,27 :: 		}
L_end_main:
0x0052	0x2852      	GOTO       $+0
; end of _main
Symbol List:
//** Routines locations **
//ADDRESS    SIZE    PROCEDURE
//----------------------------------------------
0x0003       [7]    _____DoICP
0x000A      [12]    ___CC2DW
0x0016      [61]    _main
//** Variables locations ** 
//ADDRESS    SIZE    VARIABLE
//----------------------------------------------
0x0000       [1]    INDF
0x0002       [1]    PCL
0x0003       [1]    STATUS
0x0004       [1]    FSR
0x0006       [1]    PORTB
0x000A       [1]    PCLATH
0x0020       [2]    ___DoICPAddr
0x0022       [2]    main_count_L0
0x0070       [1]    R0
0x0071       [1]    R1
0x0072       [1]    R2
0x0073       [1]    R3
0x0074       [1]    R4
0x0075       [1]    R5
0x0076       [1]    R6
0x0077       [1]    R7
0x0078       [1]    R8
0x0079       [1]    R9
0x007A       [1]    R10
0x007B       [1]    R11
0x007C       [1]    R12
0x007D       [1]    R13
0x007E       [1]    R14
0x007F       [1]    R15
0x0086       [1]    TRISB
0x0188       [1]    ANSEL
0x0189       [1]    ANSELH
