;  LST file generated by mikroListExporter - v.2.0 
; Date/Time: 08.12.2016 22:59:35
;----------------------------------------------

;Address Opcode 	ASM
0x0000	0x2A43      	GOTO       579
_interrupt:
0x0004	0x00FF      	MOVWF      R15
0x0005	0x0E03      	SWAPF      STATUS, 0
0x0006	0x0183      	CLRF       STATUS
0x0007	0x00E1      	MOVWF      ___saveSTATUS
0x0008	0x080A      	MOVF       PCLATH, 0
0x0009	0x00DF      	MOVWF      ___savePCLATH
0x000A	0x018A      	CLRF       PCLATH
;AUD_TAJMER.c,17 :: 		void interrupt(){
;AUD_TAJMER.c,18 :: 		if(TMR0IF_bit){
0x000B	0x1D0B      	BTFSS      TMR0IF_bit, BitPos(TMR0IF_bit+0)
0x000C	0x2813      	GOTO       L_interrupt0
;AUD_TAJMER.c,19 :: 		cnt++;
0x000D	0x0ADD      	INCF       _cnt, 1
0x000E	0x1903      	BTFSC      STATUS, 2
0x000F	0x0ADE      	INCF       _cnt+1, 1
;AUD_TAJMER.c,20 :: 		TMR0IF_bit=0;
0x0010	0x110B      	BCF        TMR0IF_bit, BitPos(TMR0IF_bit+0)
;AUD_TAJMER.c,21 :: 		TMR0=96;
0x0011	0x3060      	MOVLW      96
0x0012	0x0081      	MOVWF      TMR0
;AUD_TAJMER.c,22 :: 		}
L_interrupt0:
;AUD_TAJMER.c,23 :: 		}
L_end_interrupt:
L__interrupt28:
0x0013	0x085F      	MOVF       ___savePCLATH, 0
0x0014	0x008A      	MOVWF      PCLATH
0x0015	0x0E61      	SWAPF      ___saveSTATUS, 0
0x0016	0x0083      	MOVWF      STATUS
0x0017	0x0EFF      	SWAPF      R15, 1
0x0018	0x0E7F      	SWAPF      R15, 0
0x0019	0x0009      	RETFIE
; end of _interrupt
_Delay_1us:
;__Lib_Delays.c,7 :: 		void Delay_1us() {
;__Lib_Delays.c,8 :: 		Delay_us(1);
0x001A	0x0000      	NOP
0x001B	0x0000      	NOP
;__Lib_Delays.c,9 :: 		}
L_end_Delay_1us:
0x001C	0x0008      	RETURN
; end of _Delay_1us
_Delay_5500us:
;__Lib_Delays.c,31 :: 		void Delay_5500us() {
;__Lib_Delays.c,32 :: 		Delay_us(5500);
0x001D	0x300F      	MOVLW      15
0x001E	0x1283      	BCF        STATUS, 5
0x001F	0x1303      	BCF        STATUS, 6
0x0020	0x00FC      	MOVWF      R12
0x0021	0x3047      	MOVLW      71
0x0022	0x00FD      	MOVWF      R13
L_Delay_5500us5:
0x0023	0x0BFD      	DECFSZ     R13, 1
0x0024	0x2823      	GOTO       L_Delay_5500us5
0x0025	0x0BFC      	DECFSZ     R12, 1
0x0026	0x2823      	GOTO       L_Delay_5500us5
0x0027	0x0000      	NOP
0x0028	0x0000      	NOP
;__Lib_Delays.c,33 :: 		}
L_end_Delay_5500us:
0x0029	0x0008      	RETURN
; end of _Delay_5500us
_Delay_50us:
;__Lib_Delays.c,19 :: 		void Delay_50us() {
;__Lib_Delays.c,20 :: 		Delay_us(50);
0x002A	0x3021      	MOVLW      33
0x002B	0x1283      	BCF        STATUS, 5
0x002C	0x1303      	BCF        STATUS, 6
0x002D	0x00FD      	MOVWF      R13
L_Delay_50us2:
0x002E	0x0BFD      	DECFSZ     R13, 1
0x002F	0x282E      	GOTO       L_Delay_50us2
;__Lib_Delays.c,21 :: 		}
L_end_Delay_50us:
0x0030	0x0008      	RETURN
; end of _Delay_50us
_Lcd_Cmd:
;__Lib_Lcd.c,18 :: 		
;__Lib_Lcd.c,20 :: 		
0x0031	0x1683      	BSF        STATUS, 5
0x0032	0x1303      	BCF        STATUS, 6
0x0033	0x1BA0      	BTFSC      FARG_Lcd_Cmd_out_char, 7
0x0034	0x2838      	GOTO       L__Lcd_Cmd21
0x0035	0x1283      	BCF        STATUS, 5
0x0036	0x1186      	BCF        LCD_D7, BitPos(LCD_D7+0)
0x0037	0x283A      	GOTO       L__Lcd_Cmd22
L__Lcd_Cmd21:
0x0038	0x1283      	BCF        STATUS, 5
0x0039	0x1586      	BSF        LCD_D7, BitPos(LCD_D7+0)
L__Lcd_Cmd22:
;__Lib_Lcd.c,21 :: 		
0x003A	0x1683      	BSF        STATUS, 5
0x003B	0x1B20      	BTFSC      FARG_Lcd_Cmd_out_char, 6
0x003C	0x2840      	GOTO       L__Lcd_Cmd23
0x003D	0x1283      	BCF        STATUS, 5
0x003E	0x1106      	BCF        LCD_D6, BitPos(LCD_D6+0)
0x003F	0x2842      	GOTO       L__Lcd_Cmd24
L__Lcd_Cmd23:
0x0040	0x1283      	BCF        STATUS, 5
0x0041	0x1506      	BSF        LCD_D6, BitPos(LCD_D6+0)
L__Lcd_Cmd24:
;__Lib_Lcd.c,22 :: 		
0x0042	0x1683      	BSF        STATUS, 5
0x0043	0x1AA0      	BTFSC      FARG_Lcd_Cmd_out_char, 5
0x0044	0x2848      	GOTO       L__Lcd_Cmd25
0x0045	0x1283      	BCF        STATUS, 5
0x0046	0x1086      	BCF        LCD_D5, BitPos(LCD_D5+0)
0x0047	0x284A      	GOTO       L__Lcd_Cmd26
L__Lcd_Cmd25:
0x0048	0x1283      	BCF        STATUS, 5
0x0049	0x1486      	BSF        LCD_D5, BitPos(LCD_D5+0)
L__Lcd_Cmd26:
;__Lib_Lcd.c,23 :: 		
0x004A	0x1683      	BSF        STATUS, 5
0x004B	0x1A20      	BTFSC      FARG_Lcd_Cmd_out_char, 4
0x004C	0x2850      	GOTO       L__Lcd_Cmd27
0x004D	0x1283      	BCF        STATUS, 5
0x004E	0x1006      	BCF        LCD_D4, BitPos(LCD_D4+0)
0x004F	0x2852      	GOTO       L__Lcd_Cmd28
L__Lcd_Cmd27:
0x0050	0x1283      	BCF        STATUS, 5
0x0051	0x1406      	BSF        LCD_D4, BitPos(LCD_D4+0)
L__Lcd_Cmd28:
;__Lib_Lcd.c,25 :: 		
0x0052	0x1860      	BTFSC      __Lib_Lcd_cmd_status, BitPos(__Lib_Lcd_cmd_status+0)
0x0053	0x2856      	GOTO       L__Lcd_Cmd29
0x0054	0x1606      	BSF        LCD_RS, BitPos(LCD_RS+0)
0x0055	0x2857      	GOTO       L__Lcd_Cmd30
L__Lcd_Cmd29:
0x0056	0x1206      	BCF        LCD_RS, BitPos(LCD_RS+0)
L__Lcd_Cmd30:
;__Lib_Lcd.c,28 :: 		
0x0057	0x1686      	BSF        LCD_EN, BitPos(LCD_EN+0)
;__Lib_Lcd.c,29 :: 		
0x0058	0x201A      	CALL       _Delay_1us
;__Lib_Lcd.c,30 :: 		
0x0059	0x1286      	BCF        LCD_EN, BitPos(LCD_EN+0)
;__Lib_Lcd.c,33 :: 		
0x005A	0x1683      	BSF        STATUS, 5
0x005B	0x19A0      	BTFSC      FARG_Lcd_Cmd_out_char, 3
0x005C	0x2860      	GOTO       L__Lcd_Cmd31
0x005D	0x1283      	BCF        STATUS, 5
0x005E	0x1186      	BCF        LCD_D7, BitPos(LCD_D7+0)
0x005F	0x2862      	GOTO       L__Lcd_Cmd32
L__Lcd_Cmd31:
0x0060	0x1283      	BCF        STATUS, 5
0x0061	0x1586      	BSF        LCD_D7, BitPos(LCD_D7+0)
L__Lcd_Cmd32:
;__Lib_Lcd.c,34 :: 		
0x0062	0x1683      	BSF        STATUS, 5
0x0063	0x1920      	BTFSC      FARG_Lcd_Cmd_out_char, 2
0x0064	0x2868      	GOTO       L__Lcd_Cmd33
0x0065	0x1283      	BCF        STATUS, 5
0x0066	0x1106      	BCF        LCD_D6, BitPos(LCD_D6+0)
0x0067	0x286A      	GOTO       L__Lcd_Cmd34
L__Lcd_Cmd33:
0x0068	0x1283      	BCF        STATUS, 5
0x0069	0x1506      	BSF        LCD_D6, BitPos(LCD_D6+0)
L__Lcd_Cmd34:
;__Lib_Lcd.c,35 :: 		
0x006A	0x1683      	BSF        STATUS, 5
0x006B	0x18A0      	BTFSC      FARG_Lcd_Cmd_out_char, 1
0x006C	0x2870      	GOTO       L__Lcd_Cmd35
0x006D	0x1283      	BCF        STATUS, 5
0x006E	0x1086      	BCF        LCD_D5, BitPos(LCD_D5+0)
0x006F	0x2872      	GOTO       L__Lcd_Cmd36
L__Lcd_Cmd35:
0x0070	0x1283      	BCF        STATUS, 5
0x0071	0x1486      	BSF        LCD_D5, BitPos(LCD_D5+0)
L__Lcd_Cmd36:
;__Lib_Lcd.c,36 :: 		
0x0072	0x1683      	BSF        STATUS, 5
0x0073	0x1820      	BTFSC      FARG_Lcd_Cmd_out_char, 0
0x0074	0x2878      	GOTO       L__Lcd_Cmd37
0x0075	0x1283      	BCF        STATUS, 5
0x0076	0x1006      	BCF        LCD_D4, BitPos(LCD_D4+0)
0x0077	0x287A      	GOTO       L__Lcd_Cmd38
L__Lcd_Cmd37:
0x0078	0x1283      	BCF        STATUS, 5
0x0079	0x1406      	BSF        LCD_D4, BitPos(LCD_D4+0)
L__Lcd_Cmd38:
;__Lib_Lcd.c,38 :: 		
0x007A	0x1860      	BTFSC      __Lib_Lcd_cmd_status, BitPos(__Lib_Lcd_cmd_status+0)
0x007B	0x287E      	GOTO       L__Lcd_Cmd39
0x007C	0x1606      	BSF        LCD_RS, BitPos(LCD_RS+0)
0x007D	0x287F      	GOTO       L__Lcd_Cmd40
L__Lcd_Cmd39:
0x007E	0x1206      	BCF        LCD_RS, BitPos(LCD_RS+0)
L__Lcd_Cmd40:
;__Lib_Lcd.c,40 :: 		
0x007F	0x1686      	BSF        LCD_EN, BitPos(LCD_EN+0)
;__Lib_Lcd.c,41 :: 		
0x0080	0x201A      	CALL       _Delay_1us
;__Lib_Lcd.c,42 :: 		
0x0081	0x1286      	BCF        LCD_EN, BitPos(LCD_EN+0)
;__Lib_Lcd.c,44 :: 		
0x0082	0x1C60      	BTFSS      __Lib_Lcd_cmd_status, BitPos(__Lib_Lcd_cmd_status+0)
0x0083	0x2886      	GOTO       L_Lcd_Cmd0
;__Lib_Lcd.c,45 :: 		
0x0084	0x201D      	CALL       _Delay_5500us
0x0085	0x2887      	GOTO       L_Lcd_Cmd1
L_Lcd_Cmd0:
;__Lib_Lcd.c,47 :: 		
0x0086	0x202A      	CALL       _Delay_50us
L_Lcd_Cmd1:
;__Lib_Lcd.c,48 :: 		
L_end_Lcd_Cmd:
0x0087	0x0008      	RETURN
; end of _Lcd_Cmd
_Div_16X16_U:
;__Lib_Math.c,215 :: 		
;__Lib_Math.c,222 :: 		
0x0088	0x1283      	BCF        STATUS, 5
;__Lib_Math.c,223 :: 		
0x0089	0x1303      	BCF        STATUS, 6
;__Lib_Math.c,224 :: 		
0x008A	0x01F8      	CLRF       R8
;__Lib_Math.c,225 :: 		
0x008B	0x01F9      	CLRF       R9
;__Lib_Math.c,226 :: 		
0x008C	0x3010      	MOVLW      16
;__Lib_Math.c,227 :: 		
0x008D	0x00FC      	MOVWF      R12
;__Lib_Math.c,228 :: 		
0x008E	0x0D71      	RLF        R1, 0
;__Lib_Math.c,229 :: 		
0x008F	0x0DF8      	RLF        R8, 1
;__Lib_Math.c,230 :: 		
0x0090	0x0DF9      	RLF        R9, 1
;__Lib_Math.c,231 :: 		
0x0091	0x0874      	MOVF       R4, 0
;__Lib_Math.c,232 :: 		
0x0092	0x02F8      	SUBWF      R8, 1
;__Lib_Math.c,233 :: 		
0x0093	0x0875      	MOVF       R5, 0
;__Lib_Math.c,234 :: 		
0x0094	0x1C03      	BTFSS      STATUS, 0
;__Lib_Math.c,235 :: 		
0x0095	0x0F75      	INCFSZ     R5, 0
;__Lib_Math.c,236 :: 		
0x0096	0x02F9      	SUBWF      R9, 1
;__Lib_Math.c,237 :: 		
0x0097	0x1803      	BTFSC      STATUS, 0
;__Lib_Math.c,238 :: 		
0x0098	0x28A0      	GOTO       $+8
;__Lib_Math.c,239 :: 		
0x0099	0x0874      	MOVF       R4, 0
;__Lib_Math.c,240 :: 		
0x009A	0x07F8      	ADDWF      R8, 1
;__Lib_Math.c,241 :: 		
0x009B	0x0875      	MOVF       R5, 0
;__Lib_Math.c,242 :: 		
0x009C	0x1803      	BTFSC      STATUS, 0
;__Lib_Math.c,243 :: 		
0x009D	0x0F75      	INCFSZ     R5, 0
;__Lib_Math.c,244 :: 		
0x009E	0x07F9      	ADDWF      R9, 1
;__Lib_Math.c,245 :: 		
0x009F	0x1003      	BCF        STATUS, 0
;__Lib_Math.c,246 :: 		
0x00A0	0x0DF0      	RLF        R0, 1
;__Lib_Math.c,247 :: 		
0x00A1	0x0DF1      	RLF        R1, 1
;__Lib_Math.c,248 :: 		
0x00A2	0x0BFC      	DECFSZ     R12, 1
;__Lib_Math.c,249 :: 		
0x00A3	0x288E      	GOTO       $-21
;__Lib_Math.c,251 :: 		
L_end_Div_16X16_U:
0x00A4	0x0008      	RETURN
; end of _Div_16X16_U
_____DoICP:
;__Lib_System.c,6 :: 		
;__Lib_System.c,9 :: 		
0x00A5	0x1283      	BCF        STATUS, 5
0x00A6	0x1303      	BCF        STATUS, 6
0x00A7	0x0849      	MOVF       ___DoICPAddr+1, 0
0x00A8	0x008A      	MOVWF      PCLATH
;__Lib_System.c,10 :: 		
0x00A9	0x0848      	MOVF       ___DoICPAddr, 0
0x00AA	0x0082      	MOVWF      PCL
;__Lib_System.c,12 :: 		
L_end_____DoICP:
0x00AB	0x0008      	RETURN
; end of _____DoICP
_Delay_10us:
;__Lib_Delays.c,11 :: 		void Delay_10us() {
;__Lib_Delays.c,12 :: 		Delay_us(10);
0x00AC	0x3006      	MOVLW      6
0x00AD	0x1283      	BCF        STATUS, 5
0x00AE	0x1303      	BCF        STATUS, 6
0x00AF	0x00FD      	MOVWF      R13
L_Delay_10us0:
0x00B0	0x0BFD      	DECFSZ     R13, 1
0x00B1	0x28B0      	GOTO       L_Delay_10us0
0x00B2	0x0000      	NOP
;__Lib_Delays.c,13 :: 		}
L_end_Delay_10us:
0x00B3	0x0008      	RETURN
; end of _Delay_10us
_Keypad_Key_Press:
;__Lib_Keypad4x4.c,38 :: 		
;__Lib_Keypad4x4.c,42 :: 		
0x00B4	0x1283      	BCF        STATUS, 5
0x00B5	0x1303      	BCF        STATUS, 6
0x00B6	0x01EB      	CLRF       Keypad_Key_Press_rslt_L0
;__Lib_Keypad4x4.c,43 :: 		
0x00B7	0x01ED      	CLRF       Keypad_Key_Press_loc_L0
;__Lib_Keypad4x4.c,44 :: 		
0x00B8	0x01EE      	CLRF       Keypad_Key_Press_rowcnt_L0
;__Lib_Keypad4x4.c,45 :: 		
0x00B9	0x3010      	MOVLW      16
0x00BA	0x00EF      	MOVWF      Keypad_Key_Press_shifter_L0
;__Lib_Keypad4x4.c,47 :: 		
L_Keypad_Key_Press0:
0x00BB	0x3004      	MOVLW      4
0x00BC	0x026E      	SUBWF      Keypad_Key_Press_rowcnt_L0, 0
0x00BD	0x1803      	BTFSC      STATUS, 0
0x00BE	0x28E0      	GOTO       L_Keypad_Key_Press1
;__Lib_Keypad4x4.c,49 :: 		
0x00BF	0x30F0      	MOVLW      240
0x00C0	0x0088      	MOVWF      keypadPort
;__Lib_Keypad4x4.c,50 :: 		
0x00C1	0x096F      	COMF       Keypad_Key_Press_shifter_L0, 0
0x00C2	0x1683      	BSF        STATUS, 5
0x00C3	0x0088      	MOVWF      keypadPort+128
;__Lib_Keypad4x4.c,54 :: 		
0x00C4	0x201A      	CALL       _Delay_1us
;__Lib_Keypad4x4.c,55 :: 		
0x00C5	0x201A      	CALL       _Delay_1us
;__Lib_Keypad4x4.c,56 :: 		
0x00C6	0x300F      	MOVLW      15
0x00C7	0x1283      	BCF        STATUS, 5
0x00C8	0x0508      	ANDWF      keypadPort, 0
0x00C9	0x00F0      	MOVWF      R0
0x00CA	0x0870      	MOVF       R0, 0
0x00CB	0x00EC      	MOVWF      Keypad_Key_Press_kdata_L0
;__Lib_Keypad4x4.c,57 :: 		
0x00CC	0x0870      	MOVF       R0, 0
0x00CD	0x1903      	BTFSC      STATUS, 2
0x00CE	0x28DA      	GOTO       L_Keypad_Key_Press2
;__Lib_Keypad4x4.c,59 :: 		
0x00CF	0x086D      	MOVF       Keypad_Key_Press_loc_L0, 0
0x00D0	0x00EB      	MOVWF      Keypad_Key_Press_rslt_L0
;__Lib_Keypad4x4.c,60 :: 		
L_Keypad_Key_Press3:
0x00D1	0x086C      	MOVF       Keypad_Key_Press_kdata_L0, 0
0x00D2	0x1903      	BTFSC      STATUS, 2
0x00D3	0x28D8      	GOTO       L_Keypad_Key_Press4
;__Lib_Keypad4x4.c,61 :: 		
0x00D4	0x0CEC      	RRF        Keypad_Key_Press_kdata_L0, 1
0x00D5	0x13EC      	BCF        Keypad_Key_Press_kdata_L0, 7
;__Lib_Keypad4x4.c,62 :: 		
0x00D6	0x0AEB      	INCF       Keypad_Key_Press_rslt_L0, 1
;__Lib_Keypad4x4.c,63 :: 		
0x00D7	0x28D1      	GOTO       L_Keypad_Key_Press3
L_Keypad_Key_Press4:
;__Lib_Keypad4x4.c,65 :: 		
0x00D8	0x3004      	MOVLW      4
0x00D9	0x00EE      	MOVWF      Keypad_Key_Press_rowcnt_L0
;__Lib_Keypad4x4.c,66 :: 		
L_Keypad_Key_Press2:
;__Lib_Keypad4x4.c,67 :: 		
0x00DA	0x0DEF      	RLF        Keypad_Key_Press_shifter_L0, 1
0x00DB	0x106F      	BCF        Keypad_Key_Press_shifter_L0, 0
;__Lib_Keypad4x4.c,68 :: 		
0x00DC	0x3004      	MOVLW      4
0x00DD	0x07ED      	ADDWF      Keypad_Key_Press_loc_L0, 1
;__Lib_Keypad4x4.c,69 :: 		
0x00DE	0x0AEE      	INCF       Keypad_Key_Press_rowcnt_L0, 1
;__Lib_Keypad4x4.c,70 :: 		
0x00DF	0x28BB      	GOTO       L_Keypad_Key_Press0
L_Keypad_Key_Press1:
;__Lib_Keypad4x4.c,72 :: 		
0x00E0	0x086B      	MOVF       Keypad_Key_Press_rslt_L0, 0
0x00E1	0x00F0      	MOVWF      R0
;__Lib_Keypad4x4.c,73 :: 		
L_end_Keypad_Key_Press:
0x00E2	0x0008      	RETURN
; end of _Keypad_Key_Press
_WordToStr:
;__Lib_Conversions.c,84 :: 		
;__Lib_Conversions.c,89 :: 		
0x00E3	0x1283      	BCF        STATUS, 5
0x00E4	0x1303      	BCF        STATUS, 6
0x00E5	0x01EE      	CLRF       WordToStr_len_L0
L_WordToStr6:
0x00E6	0x3005      	MOVLW      5
0x00E7	0x026E      	SUBWF      WordToStr_len_L0, 0
0x00E8	0x1803      	BTFSC      STATUS, 0
0x00E9	0x28F1      	GOTO       L_WordToStr7
;__Lib_Conversions.c,90 :: 		
0x00EA	0x086E      	MOVF       WordToStr_len_L0, 0
0x00EB	0x076D      	ADDWF      FARG_WordToStr_output, 0
0x00EC	0x0084      	MOVWF      FSR
0x00ED	0x3020      	MOVLW      32
0x00EE	0x0080      	MOVWF      INDF
;__Lib_Conversions.c,89 :: 		
0x00EF	0x0AEE      	INCF       WordToStr_len_L0, 1
;__Lib_Conversions.c,90 :: 		
0x00F0	0x28E6      	GOTO       L_WordToStr6
L_WordToStr7:
;__Lib_Conversions.c,91 :: 		
0x00F1	0x086E      	MOVF       WordToStr_len_L0, 0
0x00F2	0x076D      	ADDWF      FARG_WordToStr_output, 0
0x00F3	0x0084      	MOVWF      FSR
0x00F4	0x0180      	CLRF       INDF
0x00F5	0x03EE      	DECF       WordToStr_len_L0, 1
;__Lib_Conversions.c,93 :: 		
L_WordToStr9:
;__Lib_Conversions.c,94 :: 		
0x00F6	0x086E      	MOVF       WordToStr_len_L0, 0
0x00F7	0x076D      	ADDWF      FARG_WordToStr_output, 0
0x00F8	0x00EF      	MOVWF      FLOC__WordToStr
0x00F9	0x300A      	MOVLW      10
0x00FA	0x00F4      	MOVWF      R4
0x00FB	0x01F5      	CLRF       R4+1
0x00FC	0x086B      	MOVF       FARG_WordToStr_input, 0
0x00FD	0x00F0      	MOVWF      R0
0x00FE	0x086C      	MOVF       FARG_WordToStr_input+1, 0
0x00FF	0x00F1      	MOVWF      R0+1
0x0100	0x2088      	CALL       _Div_16X16_U
0x0101	0x0878      	MOVF       R8, 0
0x0102	0x00F0      	MOVWF      R0
0x0103	0x0879      	MOVF       R8+1, 0
0x0104	0x00F1      	MOVWF      R0+1
0x0105	0x3030      	MOVLW      48
0x0106	0x07F0      	ADDWF      R0, 1
0x0107	0x086F      	MOVF       FLOC__WordToStr, 0
0x0108	0x0084      	MOVWF      FSR
0x0109	0x0870      	MOVF       R0, 0
0x010A	0x0080      	MOVWF      INDF
;__Lib_Conversions.c,95 :: 		
0x010B	0x300A      	MOVLW      10
0x010C	0x00F4      	MOVWF      R4
0x010D	0x01F5      	CLRF       R4+1
0x010E	0x086B      	MOVF       FARG_WordToStr_input, 0
0x010F	0x00F0      	MOVWF      R0
0x0110	0x086C      	MOVF       FARG_WordToStr_input+1, 0
0x0111	0x00F1      	MOVWF      R0+1
0x0112	0x2088      	CALL       _Div_16X16_U
0x0113	0x0870      	MOVF       R0, 0
0x0114	0x00EB      	MOVWF      FARG_WordToStr_input
0x0115	0x0871      	MOVF       R0+1, 0
0x0116	0x00EC      	MOVWF      FARG_WordToStr_input+1
;__Lib_Conversions.c,96 :: 		
0x0117	0x3000      	MOVLW      0
0x0118	0x0671      	XORWF      R0+1, 0
0x0119	0x1D03      	BTFSS      STATUS, 2
0x011A	0x291D      	GOTO       L__WordToStr109
0x011B	0x3000      	MOVLW      0
0x011C	0x0670      	XORWF      R0, 0
L__WordToStr109:
0x011D	0x1D03      	BTFSS      STATUS, 2
0x011E	0x2920      	GOTO       L_WordToStr11
;__Lib_Conversions.c,97 :: 		
0x011F	0x2922      	GOTO       L_WordToStr10
L_WordToStr11:
;__Lib_Conversions.c,98 :: 		
0x0120	0x03EE      	DECF       WordToStr_len_L0, 1
;__Lib_Conversions.c,99 :: 		
0x0121	0x28F6      	GOTO       L_WordToStr9
L_WordToStr10:
;__Lib_Conversions.c,100 :: 		
L_end_WordToStr:
0x0122	0x0008      	RETURN
; end of _WordToStr
_Lcd_Chr_CP:
;__Lib_Lcd.c,50 :: 		
;__Lib_Lcd.c,52 :: 		
0x0123	0x1283      	BCF        STATUS, 5
0x0124	0x1303      	BCF        STATUS, 6
0x0125	0x1060      	BCF        __Lib_Lcd_cmd_status, BitPos(__Lib_Lcd_cmd_status+0)
;__Lib_Lcd.c,53 :: 		
0x0126	0x086B      	MOVF       FARG_Lcd_Chr_CP_out_char, 0
0x0127	0x1683      	BSF        STATUS, 5
0x0128	0x00A0      	MOVWF      FARG_Lcd_Cmd_out_char
0x0129	0x2031      	CALL       _Lcd_Cmd
;__Lib_Lcd.c,54 :: 		
0x012A	0x1460      	BSF        __Lib_Lcd_cmd_status, BitPos(__Lib_Lcd_cmd_status+0)
;__Lib_Lcd.c,55 :: 		
L_end_Lcd_Chr_CP:
0x012B	0x0008      	RETURN
; end of _Lcd_Chr_CP
_Keypad_Key_Click:
;__Lib_Keypad4x4.c,76 :: 		
;__Lib_Keypad4x4.c,80 :: 		
0x012C	0x20B4      	CALL       _Keypad_Key_Press
0x012D	0x0870      	MOVF       R0, 0
0x012E	0x00E2      	MOVWF      Keypad_Key_Click_rslt_L0
;__Lib_Keypad4x4.c,82 :: 		
L_Keypad_Key_Click5:
0x012F	0x300F      	MOVLW      15
0x0130	0x0508      	ANDWF      keypadPort, 0
0x0131	0x00F0      	MOVWF      R0
0x0132	0x1903      	BTFSC      STATUS, 2
0x0133	0x2936      	GOTO       L_Keypad_Key_Click6
;__Lib_Keypad4x4.c,83 :: 		
0x0134	0x20AC      	CALL       _Delay_10us
0x0135	0x292F      	GOTO       L_Keypad_Key_Click5
L_Keypad_Key_Click6:
;__Lib_Keypad4x4.c,85 :: 		
0x0136	0x0862      	MOVF       Keypad_Key_Click_rslt_L0, 0
0x0137	0x00F0      	MOVWF      R0
;__Lib_Keypad4x4.c,86 :: 		
L_end_Keypad_Key_Click:
0x0138	0x0008      	RETURN
; end of _Keypad_Key_Click
_Lcd_Out:
;__Lib_Lcd.c,184 :: 		
;__Lib_Lcd.c,187 :: 		
0x0139	0x294B      	GOTO       L_Lcd_Out11
;__Lib_Lcd.c,188 :: 		
L_Lcd_Out13:
0x013A	0x3080      	MOVLW      128
0x013B	0x1283      	BCF        STATUS, 5
0x013C	0x1303      	BCF        STATUS, 6
0x013D	0x00E2      	MOVWF      FARG_Lcd_Out_row
0x013E	0x295E      	GOTO       L_Lcd_Out12
;__Lib_Lcd.c,189 :: 		
L_Lcd_Out14:
0x013F	0x30C0      	MOVLW      192
0x0140	0x00E2      	MOVWF      FARG_Lcd_Out_row
0x0141	0x295E      	GOTO       L_Lcd_Out12
;__Lib_Lcd.c,190 :: 		
L_Lcd_Out15:
0x0142	0x3094      	MOVLW      148
0x0143	0x00E2      	MOVWF      FARG_Lcd_Out_row
0x0144	0x295E      	GOTO       L_Lcd_Out12
;__Lib_Lcd.c,191 :: 		
L_Lcd_Out16:
0x0145	0x30D4      	MOVLW      212
0x0146	0x00E2      	MOVWF      FARG_Lcd_Out_row
0x0147	0x295E      	GOTO       L_Lcd_Out12
;__Lib_Lcd.c,192 :: 		
L_Lcd_Out17:
0x0148	0x3080      	MOVLW      128
0x0149	0x00E2      	MOVWF      FARG_Lcd_Out_row
;__Lib_Lcd.c,193 :: 		
0x014A	0x295E      	GOTO       L_Lcd_Out12
L_Lcd_Out11:
0x014B	0x1283      	BCF        STATUS, 5
0x014C	0x1303      	BCF        STATUS, 6
0x014D	0x0862      	MOVF       FARG_Lcd_Out_row, 0
0x014E	0x3A01      	XORLW      1
0x014F	0x1903      	BTFSC      STATUS, 2
0x0150	0x293A      	GOTO       L_Lcd_Out13
0x0151	0x0862      	MOVF       FARG_Lcd_Out_row, 0
0x0152	0x3A02      	XORLW      2
0x0153	0x1903      	BTFSC      STATUS, 2
0x0154	0x293F      	GOTO       L_Lcd_Out14
0x0155	0x0862      	MOVF       FARG_Lcd_Out_row, 0
0x0156	0x3A03      	XORLW      3
0x0157	0x1903      	BTFSC      STATUS, 2
0x0158	0x2942      	GOTO       L_Lcd_Out15
0x0159	0x0862      	MOVF       FARG_Lcd_Out_row, 0
0x015A	0x3A04      	XORLW      4
0x015B	0x1903      	BTFSC      STATUS, 2
0x015C	0x2945      	GOTO       L_Lcd_Out16
0x015D	0x2948      	GOTO       L_Lcd_Out17
L_Lcd_Out12:
;__Lib_Lcd.c,194 :: 		
0x015E	0x0363      	DECF       FARG_Lcd_Out_column, 0
0x015F	0x00F0      	MOVWF      R0
0x0160	0x0862      	MOVF       FARG_Lcd_Out_row, 0
0x0161	0x07F0      	ADDWF      R0, 1
0x0162	0x0870      	MOVF       R0, 0
0x0163	0x00E2      	MOVWF      FARG_Lcd_Out_row
;__Lib_Lcd.c,196 :: 		
0x0164	0x0870      	MOVF       R0, 0
0x0165	0x1683      	BSF        STATUS, 5
0x0166	0x00A0      	MOVWF      FARG_Lcd_Cmd_out_char
0x0167	0x2031      	CALL       _Lcd_Cmd
;__Lib_Lcd.c,197 :: 		
0x0168	0x1060      	BCF        __Lib_Lcd_cmd_status, BitPos(__Lib_Lcd_cmd_status+0)
;__Lib_Lcd.c,198 :: 		
0x0169	0x01E5      	CLRF       Lcd_Out_i_L0
;__Lib_Lcd.c,199 :: 		
L_Lcd_Out18:
0x016A	0x0865      	MOVF       Lcd_Out_i_L0, 0
0x016B	0x0764      	ADDWF      FARG_Lcd_Out_text, 0
0x016C	0x0084      	MOVWF      FSR
0x016D	0x0800      	MOVF       INDF, 0
0x016E	0x1903      	BTFSC      STATUS, 2
0x016F	0x2978      	GOTO       L_Lcd_Out19
;__Lib_Lcd.c,200 :: 		
0x0170	0x0865      	MOVF       Lcd_Out_i_L0, 0
0x0171	0x0764      	ADDWF      FARG_Lcd_Out_text, 0
0x0172	0x0084      	MOVWF      FSR
0x0173	0x0800      	MOVF       INDF, 0
0x0174	0x00EB      	MOVWF      FARG_Lcd_Chr_CP_out_char
0x0175	0x2123      	CALL       _Lcd_Chr_CP
0x0176	0x0AE5      	INCF       Lcd_Out_i_L0, 1
0x0177	0x296A      	GOTO       L_Lcd_Out18
L_Lcd_Out19:
;__Lib_Lcd.c,201 :: 		
0x0178	0x1460      	BSF        __Lib_Lcd_cmd_status, BitPos(__Lib_Lcd_cmd_status+0)
;__Lib_Lcd.c,202 :: 		
L_end_Lcd_Out:
0x0179	0x0008      	RETURN
; end of _Lcd_Out
_IntToStr:
;__Lib_Conversions.c,146 :: 		
;__Lib_Conversions.c,152 :: 		
0x017A	0x1283      	BCF        STATUS, 5
0x017B	0x1303      	BCF        STATUS, 6
0x017C	0x01E7      	CLRF       IntToStr_negative_L0
0x017D	0x01E8      	CLRF       IntToStr_negative_L0+1
;__Lib_Conversions.c,153 :: 		
0x017E	0x0862      	MOVF       FARG_IntToStr_input, 0
0x017F	0x00E9      	MOVWF      IntToStr_inword_L0
0x0180	0x0863      	MOVF       FARG_IntToStr_input+1, 0
0x0181	0x00EA      	MOVWF      IntToStr_inword_L0+1
;__Lib_Conversions.c,154 :: 		
0x0182	0x3080      	MOVLW      128
0x0183	0x0663      	XORWF      FARG_IntToStr_input+1, 0
0x0184	0x00F0      	MOVWF      R0
0x0185	0x3080      	MOVLW      128
0x0186	0x0270      	SUBWF      R0, 0
0x0187	0x1D03      	BTFSS      STATUS, 2
0x0188	0x298B      	GOTO       L__IntToStr115
0x0189	0x3000      	MOVLW      0
0x018A	0x0262      	SUBWF      FARG_IntToStr_input, 0
L__IntToStr115:
0x018B	0x1803      	BTFSC      STATUS, 0
0x018C	0x2999      	GOTO       L_IntToStr23
;__Lib_Conversions.c,155 :: 		
0x018D	0x3001      	MOVLW      1
0x018E	0x00E7      	MOVWF      IntToStr_negative_L0
0x018F	0x3000      	MOVLW      0
0x0190	0x00E8      	MOVWF      IntToStr_negative_L0+1
;__Lib_Conversions.c,156 :: 		
0x0191	0x0862      	MOVF       FARG_IntToStr_input, 0
0x0192	0x3C00      	SUBLW      0
0x0193	0x00E9      	MOVWF      IntToStr_inword_L0
0x0194	0x0863      	MOVF       FARG_IntToStr_input+1, 0
0x0195	0x1C03      	BTFSS      STATUS, 0
0x0196	0x3E01      	ADDLW      1
0x0197	0x01EA      	CLRF       IntToStr_inword_L0+1
0x0198	0x02EA      	SUBWF      IntToStr_inword_L0+1, 1
;__Lib_Conversions.c,157 :: 		
L_IntToStr23:
;__Lib_Conversions.c,158 :: 		
0x0199	0x0869      	MOVF       IntToStr_inword_L0, 0
0x019A	0x00EB      	MOVWF      FARG_WordToStr_input
0x019B	0x086A      	MOVF       IntToStr_inword_L0+1, 0
0x019C	0x00EC      	MOVWF      FARG_WordToStr_input+1
0x019D	0x0864      	MOVF       FARG_IntToStr_output, 0
0x019E	0x00ED      	MOVWF      FARG_WordToStr_output
0x019F	0x20E3      	CALL       _WordToStr
;__Lib_Conversions.c,160 :: 		
0x01A0	0x3006      	MOVLW      6
0x01A1	0x00E5      	MOVWF      IntToStr_i_L0
0x01A2	0x3000      	MOVLW      0
0x01A3	0x00E6      	MOVWF      IntToStr_i_L0+1
;__Lib_Conversions.c,161 :: 		
L_IntToStr24:
0x01A4	0x0866      	MOVF       IntToStr_i_L0+1, 0
0x01A5	0x3C00      	SUBLW      0
0x01A6	0x1D03      	BTFSS      STATUS, 2
0x01A7	0x29AA      	GOTO       L__IntToStr116
0x01A8	0x0865      	MOVF       IntToStr_i_L0, 0
0x01A9	0x3C00      	SUBLW      0
L__IntToStr116:
0x01AA	0x1803      	BTFSC      STATUS, 0
0x01AB	0x29C5      	GOTO       L_IntToStr25
;__Lib_Conversions.c,162 :: 		
0x01AC	0x0865      	MOVF       IntToStr_i_L0, 0
0x01AD	0x0764      	ADDWF      FARG_IntToStr_output, 0
0x01AE	0x00F2      	MOVWF      R2
0x01AF	0x3001      	MOVLW      1
0x01B0	0x0265      	SUBWF      IntToStr_i_L0, 0
0x01B1	0x00F0      	MOVWF      R0
0x01B2	0x3000      	MOVLW      0
0x01B3	0x1C03      	BTFSS      STATUS, 0
0x01B4	0x3E01      	ADDLW      1
0x01B5	0x0266      	SUBWF      IntToStr_i_L0+1, 0
0x01B6	0x00F1      	MOVWF      R0+1
0x01B7	0x0870      	MOVF       R0, 0
0x01B8	0x0764      	ADDWF      FARG_IntToStr_output, 0
0x01B9	0x0084      	MOVWF      FSR
0x01BA	0x0800      	MOVF       INDF, 0
0x01BB	0x00F0      	MOVWF      R0
0x01BC	0x0872      	MOVF       R2, 0
0x01BD	0x0084      	MOVWF      FSR
0x01BE	0x0870      	MOVF       R0, 0
0x01BF	0x0080      	MOVWF      INDF
;__Lib_Conversions.c,163 :: 		
0x01C0	0x3001      	MOVLW      1
0x01C1	0x02E5      	SUBWF      IntToStr_i_L0, 1
0x01C2	0x1C03      	BTFSS      STATUS, 0
0x01C3	0x03E6      	DECF       IntToStr_i_L0+1, 1
;__Lib_Conversions.c,164 :: 		
0x01C4	0x29A4      	GOTO       L_IntToStr24
L_IntToStr25:
;__Lib_Conversions.c,165 :: 		
0x01C5	0x0864      	MOVF       FARG_IntToStr_output, 0
0x01C6	0x0084      	MOVWF      FSR
0x01C7	0x3020      	MOVLW      32
0x01C8	0x0080      	MOVWF      INDF
;__Lib_Conversions.c,166 :: 		
0x01C9	0x0867      	MOVF       IntToStr_negative_L0, 0
0x01CA	0x0468      	IORWF      IntToStr_negative_L0+1, 0
0x01CB	0x1903      	BTFSC      STATUS, 2
0x01CC	0x29E3      	GOTO       L_IntToStr26
;__Lib_Conversions.c,167 :: 		
0x01CD	0x01E5      	CLRF       IntToStr_i_L0
0x01CE	0x01E6      	CLRF       IntToStr_i_L0+1
;__Lib_Conversions.c,168 :: 		
L_IntToStr27:
0x01CF	0x0865      	MOVF       IntToStr_i_L0, 0
0x01D0	0x0764      	ADDWF      FARG_IntToStr_output, 0
0x01D1	0x0084      	MOVWF      FSR
0x01D2	0x0800      	MOVF       INDF, 0
0x01D3	0x3A20      	XORLW      32
0x01D4	0x1D03      	BTFSS      STATUS, 2
0x01D5	0x29DA      	GOTO       L_IntToStr28
0x01D6	0x0AE5      	INCF       IntToStr_i_L0, 1
0x01D7	0x1903      	BTFSC      STATUS, 2
0x01D8	0x0AE6      	INCF       IntToStr_i_L0+1, 1
0x01D9	0x29CF      	GOTO       L_IntToStr27
L_IntToStr28:
;__Lib_Conversions.c,169 :: 		
0x01DA	0x3001      	MOVLW      1
0x01DB	0x02E5      	SUBWF      IntToStr_i_L0, 1
0x01DC	0x1C03      	BTFSS      STATUS, 0
0x01DD	0x03E6      	DECF       IntToStr_i_L0+1, 1
;__Lib_Conversions.c,170 :: 		
0x01DE	0x0865      	MOVF       IntToStr_i_L0, 0
0x01DF	0x0764      	ADDWF      FARG_IntToStr_output, 0
0x01E0	0x0084      	MOVWF      FSR
0x01E1	0x302D      	MOVLW      45
0x01E2	0x0080      	MOVWF      INDF
L_IntToStr26:
;__Lib_Conversions.c,171 :: 		
L_end_IntToStr:
0x01E3	0x0008      	RETURN
; end of _IntToStr
_Keypad_Init:
;__Lib_Keypad4x4.c,33 :: 		
;__Lib_Keypad4x4.c,34 :: 		
0x01E4	0x30FF      	MOVLW      255
0x01E5	0x1683      	BSF        STATUS, 5
0x01E6	0x1303      	BCF        STATUS, 6
0x01E7	0x0088      	MOVWF      keypadPort+128
;__Lib_Keypad4x4.c,35 :: 		
L_end_Keypad_Init:
0x01E8	0x0008      	RETURN
; end of _Keypad_Init
___CC2DW:
;__Lib_System.c,134 :: 		
;__Lib_System.c,137 :: 		
_CC2D_Loop1:
;__Lib_System.c,139 :: 		
0x01E9	0x20A5      	CALL       _____DoICP
0x01EA	0x118A      	BCF        PCLATH, 3
0x01EB	0x120A      	BCF        PCLATH, 4
;__Lib_System.c,141 :: 		
0x01EC	0x0080      	MOVWF      INDF
;__Lib_System.c,142 :: 		
0x01ED	0x0A84      	INCF       FSR, 1
;__Lib_System.c,143 :: 		
0x01EE	0x0AC8      	INCF       ___DoICPAddr, 1
;__Lib_System.c,145 :: 		
0x01EF	0x1903      	BTFSC      STATUS, 2
;__Lib_System.c,146 :: 		
0x01F0	0x0AC9      	INCF       ___DoICPAddr+1, 1
;__Lib_System.c,147 :: 		
0x01F1	0x03F0      	DECF       R0, 1
;__Lib_System.c,149 :: 		
0x01F2	0x1D03      	BTFSS      STATUS, 2
;__Lib_System.c,150 :: 		
0x01F3	0x29E9      	GOTO       _CC2D_Loop1
;__Lib_System.c,152 :: 		
L_end___CC2DW:
0x01F4	0x0008      	RETURN
; end of ___CC2DW
_Lcd_Init:
;__Lib_Lcd.c,84 :: 		
;__Lib_Lcd.c,86 :: 		
0x01F5	0x1683      	BSF        STATUS, 5
0x01F6	0x1303      	BCF        STATUS, 6
0x01F7	0x1286      	BCF        LCD_EN_Direction, BitPos(LCD_EN_Direction+0)
;__Lib_Lcd.c,87 :: 		
0x01F8	0x1206      	BCF        LCD_RS_Direction, BitPos(LCD_RS_Direction+0)
;__Lib_Lcd.c,88 :: 		
0x01F9	0x1006      	BCF        LCD_D4_Direction, BitPos(LCD_D4_Direction+0)
;__Lib_Lcd.c,89 :: 		
0x01FA	0x1086      	BCF        LCD_D5_Direction, BitPos(LCD_D5_Direction+0)
;__Lib_Lcd.c,90 :: 		
0x01FB	0x1106      	BCF        LCD_D6_Direction, BitPos(LCD_D6_Direction+0)
;__Lib_Lcd.c,91 :: 		
0x01FC	0x1186      	BCF        LCD_D7_Direction, BitPos(LCD_D7_Direction+0)
;__Lib_Lcd.c,93 :: 		
0x01FD	0x1283      	BCF        STATUS, 5
0x01FE	0x1286      	BCF        LCD_EN, BitPos(LCD_EN+0)
;__Lib_Lcd.c,94 :: 		
0x01FF	0x1206      	BCF        LCD_RS, BitPos(LCD_RS+0)
;__Lib_Lcd.c,95 :: 		
0x0200	0x1186      	BCF        LCD_D7, BitPos(LCD_D7+0)
;__Lib_Lcd.c,96 :: 		
0x0201	0x1106      	BCF        LCD_D6, BitPos(LCD_D6+0)
;__Lib_Lcd.c,97 :: 		
0x0202	0x1086      	BCF        LCD_D5, BitPos(LCD_D5+0)
;__Lib_Lcd.c,98 :: 		
0x0203	0x1006      	BCF        LCD_D4, BitPos(LCD_D4+0)
;__Lib_Lcd.c,100 :: 		
0x0204	0x201D      	CALL       _Delay_5500us
;__Lib_Lcd.c,101 :: 		
0x0205	0x201D      	CALL       _Delay_5500us
;__Lib_Lcd.c,102 :: 		
0x0206	0x201D      	CALL       _Delay_5500us
;__Lib_Lcd.c,105 :: 		
0x0207	0x1486      	BSF        LCD_D5, BitPos(LCD_D5+0)
;__Lib_Lcd.c,106 :: 		
0x0208	0x1406      	BSF        LCD_D4, BitPos(LCD_D4+0)
;__Lib_Lcd.c,107 :: 		
0x0209	0x1686      	BSF        LCD_EN, BitPos(LCD_EN+0)
;__Lib_Lcd.c,108 :: 		
0x020A	0x201A      	CALL       _Delay_1us
;__Lib_Lcd.c,109 :: 		
0x020B	0x1286      	BCF        LCD_EN, BitPos(LCD_EN+0)
;__Lib_Lcd.c,110 :: 		
0x020C	0x201D      	CALL       _Delay_5500us
;__Lib_Lcd.c,112 :: 		
0x020D	0x1686      	BSF        LCD_EN, BitPos(LCD_EN+0)
;__Lib_Lcd.c,113 :: 		
0x020E	0x201A      	CALL       _Delay_1us
;__Lib_Lcd.c,114 :: 		
0x020F	0x1286      	BCF        LCD_EN, BitPos(LCD_EN+0)
;__Lib_Lcd.c,115 :: 		
0x0210	0x201D      	CALL       _Delay_5500us
;__Lib_Lcd.c,117 :: 		
0x0211	0x1686      	BSF        LCD_EN, BitPos(LCD_EN+0)
;__Lib_Lcd.c,118 :: 		
0x0212	0x201A      	CALL       _Delay_1us
;__Lib_Lcd.c,119 :: 		
0x0213	0x1286      	BCF        LCD_EN, BitPos(LCD_EN+0)
;__Lib_Lcd.c,120 :: 		
0x0214	0x201D      	CALL       _Delay_5500us
;__Lib_Lcd.c,123 :: 		
0x0215	0x1006      	BCF        LCD_D4, BitPos(LCD_D4+0)
;__Lib_Lcd.c,124 :: 		
0x0216	0x1686      	BSF        LCD_EN, BitPos(LCD_EN+0)
;__Lib_Lcd.c,125 :: 		
0x0217	0x201A      	CALL       _Delay_1us
;__Lib_Lcd.c,126 :: 		
0x0218	0x1286      	BCF        LCD_EN, BitPos(LCD_EN+0)
;__Lib_Lcd.c,127 :: 		
0x0219	0x201D      	CALL       _Delay_5500us
;__Lib_Lcd.c,130 :: 		
0x021A	0x1686      	BSF        LCD_EN, BitPos(LCD_EN+0)
;__Lib_Lcd.c,131 :: 		
0x021B	0x201A      	CALL       _Delay_1us
;__Lib_Lcd.c,132 :: 		
0x021C	0x1286      	BCF        LCD_EN, BitPos(LCD_EN+0)
;__Lib_Lcd.c,134 :: 		
0x021D	0x1086      	BCF        LCD_D5, BitPos(LCD_D5+0)
;__Lib_Lcd.c,135 :: 		
0x021E	0x1586      	BSF        LCD_D7, BitPos(LCD_D7+0)
;__Lib_Lcd.c,136 :: 		
0x021F	0x1686      	BSF        LCD_EN, BitPos(LCD_EN+0)
;__Lib_Lcd.c,137 :: 		
0x0220	0x201A      	CALL       _Delay_1us
;__Lib_Lcd.c,138 :: 		
0x0221	0x1286      	BCF        LCD_EN, BitPos(LCD_EN+0)
;__Lib_Lcd.c,139 :: 		
0x0222	0x201D      	CALL       _Delay_5500us
;__Lib_Lcd.c,142 :: 		
0x0223	0x1186      	BCF        LCD_D7, BitPos(LCD_D7+0)
;__Lib_Lcd.c,143 :: 		
0x0224	0x1406      	BSF        LCD_D4, BitPos(LCD_D4+0)
;__Lib_Lcd.c,144 :: 		
0x0225	0x1686      	BSF        LCD_EN, BitPos(LCD_EN+0)
;__Lib_Lcd.c,145 :: 		
0x0226	0x201A      	CALL       _Delay_1us
;__Lib_Lcd.c,146 :: 		
0x0227	0x1286      	BCF        LCD_EN, BitPos(LCD_EN+0)
;__Lib_Lcd.c,148 :: 		
0x0228	0x1006      	BCF        LCD_D4, BitPos(LCD_D4+0)
;__Lib_Lcd.c,149 :: 		
0x0229	0x1686      	BSF        LCD_EN, BitPos(LCD_EN+0)
;__Lib_Lcd.c,150 :: 		
0x022A	0x201A      	CALL       _Delay_1us
;__Lib_Lcd.c,151 :: 		
0x022B	0x1286      	BCF        LCD_EN, BitPos(LCD_EN+0)
;__Lib_Lcd.c,152 :: 		
0x022C	0x201D      	CALL       _Delay_5500us
;__Lib_Lcd.c,155 :: 		
0x022D	0x1686      	BSF        LCD_EN, BitPos(LCD_EN+0)
;__Lib_Lcd.c,156 :: 		
0x022E	0x201A      	CALL       _Delay_1us
;__Lib_Lcd.c,157 :: 		
0x022F	0x1286      	BCF        LCD_EN, BitPos(LCD_EN+0)
;__Lib_Lcd.c,159 :: 		
0x0230	0x1406      	BSF        LCD_D4, BitPos(LCD_D4+0)
;__Lib_Lcd.c,160 :: 		
0x0231	0x1686      	BSF        LCD_EN, BitPos(LCD_EN+0)
;__Lib_Lcd.c,161 :: 		
0x0232	0x201A      	CALL       _Delay_1us
;__Lib_Lcd.c,162 :: 		
0x0233	0x1286      	BCF        LCD_EN, BitPos(LCD_EN+0)
;__Lib_Lcd.c,163 :: 		
0x0234	0x201D      	CALL       _Delay_5500us
;__Lib_Lcd.c,166 :: 		
0x0235	0x1006      	BCF        LCD_D4, BitPos(LCD_D4+0)
;__Lib_Lcd.c,167 :: 		
0x0236	0x1686      	BSF        LCD_EN, BitPos(LCD_EN+0)
;__Lib_Lcd.c,168 :: 		
0x0237	0x201A      	CALL       _Delay_1us
;__Lib_Lcd.c,169 :: 		
0x0238	0x1286      	BCF        LCD_EN, BitPos(LCD_EN+0)
;__Lib_Lcd.c,171 :: 		
0x0239	0x1586      	BSF        LCD_D7, BitPos(LCD_D7+0)
;__Lib_Lcd.c,172 :: 		
0x023A	0x1506      	BSF        LCD_D6, BitPos(LCD_D6+0)
;__Lib_Lcd.c,173 :: 		
0x023B	0x1486      	BSF        LCD_D5, BitPos(LCD_D5+0)
;__Lib_Lcd.c,174 :: 		
0x023C	0x1406      	BSF        LCD_D4, BitPos(LCD_D4+0)
;__Lib_Lcd.c,175 :: 		
0x023D	0x1686      	BSF        LCD_EN, BitPos(LCD_EN+0)
;__Lib_Lcd.c,176 :: 		
0x023E	0x201A      	CALL       _Delay_1us
;__Lib_Lcd.c,177 :: 		
0x023F	0x1286      	BCF        LCD_EN, BitPos(LCD_EN+0)
;__Lib_Lcd.c,179 :: 		
0x0240	0x201D      	CALL       _Delay_5500us
;__Lib_Lcd.c,181 :: 		
0x0241	0x1460      	BSF        __Lib_Lcd_cmd_status, BitPos(__Lib_Lcd_cmd_status+0)
;__Lib_Lcd.c,182 :: 		
L_end_Lcd_Init:
0x0242	0x0008      	RETURN
; end of _Lcd_Init
_main:
0x0243	0x2396      	CALL       918
;AUD_TAJMER.c,31 :: 		void main() {
;AUD_TAJMER.c,32 :: 		OPTION_REG=0x84; //prescaler 1:32
0x0244	0x3084      	MOVLW      132
0x0245	0x1683      	BSF        STATUS, 5
0x0246	0x1303      	BCF        STATUS, 6
0x0247	0x0081      	MOVWF      OPTION_REG
;AUD_TAJMER.c,33 :: 		ANSEL=0;
0x0248	0x1703      	BSF        STATUS, 6
0x0249	0x0188      	CLRF       ANSEL
;AUD_TAJMER.c,34 :: 		ANSELH=0;
0x024A	0x0189      	CLRF       ANSELH
;AUD_TAJMER.c,35 :: 		C1ON_bit=0;
0x024B	0x1283      	BCF        STATUS, 5
0x024C	0x1387      	BCF        C1ON_bit, BitPos(C1ON_bit+0)
;AUD_TAJMER.c,36 :: 		C2ON_bit=0;
0x024D	0x1388      	BCF        C2ON_bit, BitPos(C2ON_bit+0)
;AUD_TAJMER.c,37 :: 		Keypad_Init();
0x024E	0x21E4      	CALL       _Keypad_Init
;AUD_TAJMER.c,38 :: 		Lcd_Init();
0x024F	0x21F5      	CALL       _Lcd_Init
;AUD_TAJMER.c,39 :: 		Delay_ms(100);
0x0250	0x3002      	MOVLW      2
0x0251	0x00FB      	MOVWF      R11
0x0252	0x3004      	MOVLW      4
0x0253	0x00FC      	MOVWF      R12
0x0254	0x30BA      	MOVLW      186
0x0255	0x00FD      	MOVWF      R13
L_main1:
0x0256	0x0BFD      	DECFSZ     R13, 1
0x0257	0x2A56      	GOTO       L_main1
0x0258	0x0BFC      	DECFSZ     R12, 1
0x0259	0x2A56      	GOTO       L_main1
0x025A	0x0BFB      	DECFSZ     R11, 1
0x025B	0x2A56      	GOTO       L_main1
0x025C	0x0000      	NOP
;AUD_TAJMER.c,40 :: 		Lcd_Cmd(_LCD_CURSOR_OFF);
0x025D	0x300C      	MOVLW      12
0x025E	0x1683      	BSF        STATUS, 5
0x025F	0x00A0      	MOVWF      FARG_Lcd_Cmd_out_char
0x0260	0x2031      	CALL       _Lcd_Cmd
;AUD_TAJMER.c,41 :: 		Lcd_Cmd(_LCD_CLEAR);
0x0261	0x3001      	MOVLW      1
0x0262	0x1683      	BSF        STATUS, 5
0x0263	0x00A0      	MOVWF      FARG_Lcd_Cmd_out_char
0x0264	0x2031      	CALL       _Lcd_Cmd
;AUD_TAJMER.c,42 :: 		TMR0=96;
0x0265	0x3060      	MOVLW      96
0x0266	0x0081      	MOVWF      TMR0
;AUD_TAJMER.c,43 :: 		INTCON=0xA0;
0x0267	0x30A0      	MOVLW      160
0x0268	0x008B      	MOVWF      INTCON
;AUD_TAJMER.c,44 :: 		cnt=0;
0x0269	0x01DD      	CLRF       _cnt
0x026A	0x01DE      	CLRF       _cnt+1
;AUD_TAJMER.c,45 :: 		for(i=0;i<=9;i++){
0x026B	0x01DB      	CLRF       _i
0x026C	0x01DC      	CLRF       _i+1
L_main2:
0x026D	0x3080      	MOVLW      128
0x026E	0x00F0      	MOVWF      R0
0x026F	0x3080      	MOVLW      128
0x0270	0x065C      	XORWF      _i+1, 0
0x0271	0x0270      	SUBWF      R0, 0
0x0272	0x1D03      	BTFSS      STATUS, 2
0x0273	0x2A76      	GOTO       L__main30
0x0274	0x085B      	MOVF       _i, 0
0x0275	0x3C09      	SUBLW      9
L__main30:
0x0276	0x1C03      	BTFSS      STATUS, 0
0x0277	0x2B58      	GOTO       L_main3
;AUD_TAJMER.c,46 :: 		IntToStr(i,print);
0x0278	0x085B      	MOVF       _i, 0
0x0279	0x00E2      	MOVWF      FARG_IntToStr_input
0x027A	0x085C      	MOVF       _i+1, 0
0x027B	0x00E3      	MOVWF      FARG_IntToStr_input+1
0x027C	0x3054      	MOVLW      _print
0x027D	0x00E4      	MOVWF      FARG_IntToStr_output
0x027E	0x217A      	CALL       _IntToStr
;AUD_TAJMER.c,47 :: 		Lcd_Out(1,1,"vnesi sifra za");
0x027F	0x3001      	MOVLW      1
0x0280	0x00E2      	MOVWF      FARG_Lcd_Out_row
0x0281	0x3001      	MOVLW      1
0x0282	0x00E3      	MOVWF      FARG_Lcd_Out_column
0x0283	0x3020      	MOVLW      ?lstr1_AUD_TAJMER
0x0284	0x00E4      	MOVWF      FARG_Lcd_Out_text
0x0285	0x2139      	CALL       _Lcd_Out
;AUD_TAJMER.c,48 :: 		Lcd_Out(2,1,print);
0x0286	0x3002      	MOVLW      2
0x0287	0x00E2      	MOVWF      FARG_Lcd_Out_row
0x0288	0x3001      	MOVLW      1
0x0289	0x00E3      	MOVWF      FARG_Lcd_Out_column
0x028A	0x3054      	MOVLW      _print
0x028B	0x00E4      	MOVWF      FARG_Lcd_Out_text
0x028C	0x2139      	CALL       _Lcd_Out
;AUD_TAJMER.c,49 :: 		cnt=0;
0x028D	0x01DD      	CLRF       _cnt
0x028E	0x01DE      	CLRF       _cnt+1
;AUD_TAJMER.c,51 :: 		do{
L_main5:
;AUD_TAJMER.c,52 :: 		kp=Keypad_Key_Click();
0x028F	0x212C      	CALL       _Keypad_Key_Click
0x0290	0x0870      	MOVF       R0, 0
0x0291	0x00DA      	MOVWF      _kp
;AUD_TAJMER.c,55 :: 		if(cnt>=10){
0x0292	0x3000      	MOVLW      0
0x0293	0x025E      	SUBWF      _cnt+1, 0
0x0294	0x1D03      	BTFSS      STATUS, 2
0x0295	0x2A98      	GOTO       L__main31
0x0296	0x300A      	MOVLW      10
0x0297	0x025D      	SUBWF      _cnt, 0
L__main31:
0x0298	0x1C03      	BTFSS      STATUS, 0
0x0299	0x2AB0      	GOTO       L_main8
;AUD_TAJMER.c,56 :: 		Lcd_Cmd(_LCD_CURSOR_OFF);
0x029A	0x300C      	MOVLW      12
0x029B	0x1683      	BSF        STATUS, 5
0x029C	0x00A0      	MOVWF      FARG_Lcd_Cmd_out_char
0x029D	0x2031      	CALL       _Lcd_Cmd
;AUD_TAJMER.c,57 :: 		Lcd_Cmd(_LCD_CLEAR);
0x029E	0x3001      	MOVLW      1
0x029F	0x1683      	BSF        STATUS, 5
0x02A0	0x00A0      	MOVWF      FARG_Lcd_Cmd_out_char
0x02A1	0x2031      	CALL       _Lcd_Cmd
;AUD_TAJMER.c,58 :: 		Lcd_Out(1,1,"Vremeto istece");
0x02A2	0x3001      	MOVLW      1
0x02A3	0x00E2      	MOVWF      FARG_Lcd_Out_row
0x02A4	0x3001      	MOVLW      1
0x02A5	0x00E3      	MOVWF      FARG_Lcd_Out_column
0x02A6	0x3039      	MOVLW      ?lstr2_AUD_TAJMER
0x02A7	0x00E4      	MOVWF      FARG_Lcd_Out_text
0x02A8	0x2139      	CALL       _Lcd_Out
;AUD_TAJMER.c,59 :: 		Lcd_Out(2,1,"Pobrzajte");
0x02A9	0x3002      	MOVLW      2
0x02AA	0x00E2      	MOVWF      FARG_Lcd_Out_row
0x02AB	0x3001      	MOVLW      1
0x02AC	0x00E3      	MOVWF      FARG_Lcd_Out_column
0x02AD	0x302F      	MOVLW      ?lstr3_AUD_TAJMER
0x02AE	0x00E4      	MOVWF      FARG_Lcd_Out_text
0x02AF	0x2139      	CALL       _Lcd_Out
;AUD_TAJMER.c,60 :: 		}
L_main8:
;AUD_TAJMER.c,62 :: 		}while(!kp);
0x02B0	0x085A      	MOVF       _kp, 0
0x02B1	0x1903      	BTFSC      STATUS, 2
0x02B2	0x2A8F      	GOTO       L_main5
;AUD_TAJMER.c,64 :: 		switch (kp)
0x02B3	0x2B14      	GOTO       L_main9
;AUD_TAJMER.c,66 :: 		case 1: bukvi[i]='a'; break;
L_main11:
0x02B4	0x085B      	MOVF       _i, 0
0x02B5	0x3E4A      	ADDLW      _bukvi
0x02B6	0x0084      	MOVWF      FSR
0x02B7	0x3061      	MOVLW      97
0x02B8	0x0080      	MOVWF      INDF
0x02B9	0x2B54      	GOTO       L_main10
;AUD_TAJMER.c,67 :: 		case 2: bukvi[i]='e'; break;
L_main12:
0x02BA	0x085B      	MOVF       _i, 0
0x02BB	0x3E4A      	ADDLW      _bukvi
0x02BC	0x0084      	MOVWF      FSR
0x02BD	0x3065      	MOVLW      101
0x02BE	0x0080      	MOVWF      INDF
0x02BF	0x2B54      	GOTO       L_main10
;AUD_TAJMER.c,68 :: 		case 3: bukvi[i]='i'; break;
L_main13:
0x02C0	0x085B      	MOVF       _i, 0
0x02C1	0x3E4A      	ADDLW      _bukvi
0x02C2	0x0084      	MOVWF      FSR
0x02C3	0x3069      	MOVLW      105
0x02C4	0x0080      	MOVWF      INDF
0x02C5	0x2B54      	GOTO       L_main10
;AUD_TAJMER.c,69 :: 		case 4: bukvi[i]='m'; break;
L_main14:
0x02C6	0x085B      	MOVF       _i, 0
0x02C7	0x3E4A      	ADDLW      _bukvi
0x02C8	0x0084      	MOVWF      FSR
0x02C9	0x306D      	MOVLW      109
0x02CA	0x0080      	MOVWF      INDF
0x02CB	0x2B54      	GOTO       L_main10
;AUD_TAJMER.c,70 :: 		case 5: bukvi[i]='B'; break;
L_main15:
0x02CC	0x085B      	MOVF       _i, 0
0x02CD	0x3E4A      	ADDLW      _bukvi
0x02CE	0x0084      	MOVWF      FSR
0x02CF	0x3042      	MOVLW      66
0x02D0	0x0080      	MOVWF      INDF
0x02D1	0x2B54      	GOTO       L_main10
;AUD_TAJMER.c,71 :: 		case 6: bukvi[i]='F'; break;
L_main16:
0x02D2	0x085B      	MOVF       _i, 0
0x02D3	0x3E4A      	ADDLW      _bukvi
0x02D4	0x0084      	MOVWF      FSR
0x02D5	0x3046      	MOVLW      70
0x02D6	0x0080      	MOVWF      INDF
0x02D7	0x2B54      	GOTO       L_main10
;AUD_TAJMER.c,72 :: 		case 7: bukvi[i]='J'; break;
L_main17:
0x02D8	0x085B      	MOVF       _i, 0
0x02D9	0x3E4A      	ADDLW      _bukvi
0x02DA	0x0084      	MOVWF      FSR
0x02DB	0x304A      	MOVLW      74
0x02DC	0x0080      	MOVWF      INDF
0x02DD	0x2B54      	GOTO       L_main10
;AUD_TAJMER.c,73 :: 		case 8: bukvi[i]='N'; break;
L_main18:
0x02DE	0x085B      	MOVF       _i, 0
0x02DF	0x3E4A      	ADDLW      _bukvi
0x02E0	0x0084      	MOVWF      FSR
0x02E1	0x304E      	MOVLW      78
0x02E2	0x0080      	MOVWF      INDF
0x02E3	0x2B54      	GOTO       L_main10
;AUD_TAJMER.c,74 :: 		case 9: bukvi[i]='c'; break;
L_main19:
0x02E4	0x085B      	MOVF       _i, 0
0x02E5	0x3E4A      	ADDLW      _bukvi
0x02E6	0x0084      	MOVWF      FSR
0x02E7	0x3063      	MOVLW      99
0x02E8	0x0080      	MOVWF      INDF
0x02E9	0x2B54      	GOTO       L_main10
;AUD_TAJMER.c,75 :: 		case 10: bukvi[i]='g'; break;
L_main20:
0x02EA	0x085B      	MOVF       _i, 0
0x02EB	0x3E4A      	ADDLW      _bukvi
0x02EC	0x0084      	MOVWF      FSR
0x02ED	0x3067      	MOVLW      103
0x02EE	0x0080      	MOVWF      INDF
0x02EF	0x2B54      	GOTO       L_main10
;AUD_TAJMER.c,76 :: 		case 11: bukvi[i]='k'; break;
L_main21:
0x02F0	0x085B      	MOVF       _i, 0
0x02F1	0x3E4A      	ADDLW      _bukvi
0x02F2	0x0084      	MOVWF      FSR
0x02F3	0x306B      	MOVLW      107
0x02F4	0x0080      	MOVWF      INDF
0x02F5	0x2B54      	GOTO       L_main10
;AUD_TAJMER.c,77 :: 		case 12: bukvi[i]='o'; break;
L_main22:
0x02F6	0x085B      	MOVF       _i, 0
0x02F7	0x3E4A      	ADDLW      _bukvi
0x02F8	0x0084      	MOVWF      FSR
0x02F9	0x306F      	MOVLW      111
0x02FA	0x0080      	MOVWF      INDF
0x02FB	0x2B54      	GOTO       L_main10
;AUD_TAJMER.c,78 :: 		case 13: bukvi[i]='d'; break;
L_main23:
0x02FC	0x085B      	MOVF       _i, 0
0x02FD	0x3E4A      	ADDLW      _bukvi
0x02FE	0x0084      	MOVWF      FSR
0x02FF	0x3064      	MOVLW      100
0x0300	0x0080      	MOVWF      INDF
0x0301	0x2B54      	GOTO       L_main10
;AUD_TAJMER.c,79 :: 		case 14: bukvi[i]='h'; break;
L_main24:
0x0302	0x085B      	MOVF       _i, 0
0x0303	0x3E4A      	ADDLW      _bukvi
0x0304	0x0084      	MOVWF      FSR
0x0305	0x3068      	MOVLW      104
0x0306	0x0080      	MOVWF      INDF
0x0307	0x2B54      	GOTO       L_main10
;AUD_TAJMER.c,80 :: 		case 15: bukvi[i]='l'; break;
L_main25:
0x0308	0x085B      	MOVF       _i, 0
0x0309	0x3E4A      	ADDLW      _bukvi
0x030A	0x0084      	MOVWF      FSR
0x030B	0x306C      	MOVLW      108
0x030C	0x0080      	MOVWF      INDF
0x030D	0x2B54      	GOTO       L_main10
;AUD_TAJMER.c,81 :: 		case 16: bukvi[i]='p'; break;
L_main26:
0x030E	0x085B      	MOVF       _i, 0
0x030F	0x3E4A      	ADDLW      _bukvi
0x0310	0x0084      	MOVWF      FSR
0x0311	0x3070      	MOVLW      112
0x0312	0x0080      	MOVWF      INDF
0x0313	0x2B54      	GOTO       L_main10
;AUD_TAJMER.c,82 :: 		}
L_main9:
0x0314	0x085A      	MOVF       _kp, 0
0x0315	0x3A01      	XORLW      1
0x0316	0x1903      	BTFSC      STATUS, 2
0x0317	0x2AB4      	GOTO       L_main11
0x0318	0x085A      	MOVF       _kp, 0
0x0319	0x3A02      	XORLW      2
0x031A	0x1903      	BTFSC      STATUS, 2
0x031B	0x2ABA      	GOTO       L_main12
0x031C	0x085A      	MOVF       _kp, 0
0x031D	0x3A03      	XORLW      3
0x031E	0x1903      	BTFSC      STATUS, 2
0x031F	0x2AC0      	GOTO       L_main13
0x0320	0x085A      	MOVF       _kp, 0
0x0321	0x3A04      	XORLW      4
0x0322	0x1903      	BTFSC      STATUS, 2
0x0323	0x2AC6      	GOTO       L_main14
0x0324	0x085A      	MOVF       _kp, 0
0x0325	0x3A05      	XORLW      5
0x0326	0x1903      	BTFSC      STATUS, 2
0x0327	0x2ACC      	GOTO       L_main15
0x0328	0x085A      	MOVF       _kp, 0
0x0329	0x3A06      	XORLW      6
0x032A	0x1903      	BTFSC      STATUS, 2
0x032B	0x2AD2      	GOTO       L_main16
0x032C	0x085A      	MOVF       _kp, 0
0x032D	0x3A07      	XORLW      7
0x032E	0x1903      	BTFSC      STATUS, 2
0x032F	0x2AD8      	GOTO       L_main17
0x0330	0x085A      	MOVF       _kp, 0
0x0331	0x3A08      	XORLW      8
0x0332	0x1903      	BTFSC      STATUS, 2
0x0333	0x2ADE      	GOTO       L_main18
0x0334	0x085A      	MOVF       _kp, 0
0x0335	0x3A09      	XORLW      9
0x0336	0x1903      	BTFSC      STATUS, 2
0x0337	0x2AE4      	GOTO       L_main19
0x0338	0x085A      	MOVF       _kp, 0
0x0339	0x3A0A      	XORLW      10
0x033A	0x1903      	BTFSC      STATUS, 2
0x033B	0x2AEA      	GOTO       L_main20
0x033C	0x085A      	MOVF       _kp, 0
0x033D	0x3A0B      	XORLW      11
0x033E	0x1903      	BTFSC      STATUS, 2
0x033F	0x2AF0      	GOTO       L_main21
0x0340	0x085A      	MOVF       _kp, 0
0x0341	0x3A0C      	XORLW      12
0x0342	0x1903      	BTFSC      STATUS, 2
0x0343	0x2AF6      	GOTO       L_main22
0x0344	0x085A      	MOVF       _kp, 0
0x0345	0x3A0D      	XORLW      13
0x0346	0x1903      	BTFSC      STATUS, 2
0x0347	0x2AFC      	GOTO       L_main23
0x0348	0x085A      	MOVF       _kp, 0
0x0349	0x3A0E      	XORLW      14
0x034A	0x1903      	BTFSC      STATUS, 2
0x034B	0x2B02      	GOTO       L_main24
0x034C	0x085A      	MOVF       _kp, 0
0x034D	0x3A0F      	XORLW      15
0x034E	0x1903      	BTFSC      STATUS, 2
0x034F	0x2B08      	GOTO       L_main25
0x0350	0x085A      	MOVF       _kp, 0
0x0351	0x3A10      	XORLW      16
0x0352	0x1903      	BTFSC      STATUS, 2
0x0353	0x2B0E      	GOTO       L_main26
L_main10:
;AUD_TAJMER.c,45 :: 		for(i=0;i<=9;i++){
0x0354	0x0ADB      	INCF       _i, 1
0x0355	0x1903      	BTFSC      STATUS, 2
0x0356	0x0ADC      	INCF       _i+1, 1
;AUD_TAJMER.c,83 :: 		} // kraj na for
0x0357	0x2A6D      	GOTO       L_main2
L_main3:
;AUD_TAJMER.c,84 :: 		Lcd_Cmd(_LCD_CURSOR_OFF);
0x0358	0x300C      	MOVLW      12
0x0359	0x1683      	BSF        STATUS, 5
0x035A	0x00A0      	MOVWF      FARG_Lcd_Cmd_out_char
0x035B	0x2031      	CALL       _Lcd_Cmd
;AUD_TAJMER.c,85 :: 		Lcd_Cmd(_LCD_CLEAR);
0x035C	0x3001      	MOVLW      1
0x035D	0x1683      	BSF        STATUS, 5
0x035E	0x00A0      	MOVWF      FARG_Lcd_Cmd_out_char
0x035F	0x2031      	CALL       _Lcd_Cmd
;AUD_TAJMER.c,86 :: 		Lcd_Out(1,1,bukvi);
0x0360	0x3001      	MOVLW      1
0x0361	0x00E2      	MOVWF      FARG_Lcd_Out_row
0x0362	0x3001      	MOVLW      1
0x0363	0x00E3      	MOVWF      FARG_Lcd_Out_column
0x0364	0x304A      	MOVLW      _bukvi
0x0365	0x00E4      	MOVWF      FARG_Lcd_Out_text
0x0366	0x2139      	CALL       _Lcd_Out
;AUD_TAJMER.c,87 :: 		}
L_end_main:
0x0367	0x2B67      	GOTO       $+0
; end of _main
0x0396	0x3020      	MOVLW      32
0x0397	0x0084      	MOVWF      FSR
0x0398	0x3028      	MOVLW      40
0x0399	0x1283      	BCF        STATUS, 5
0x039A	0x1303      	BCF        STATUS, 6
0x039B	0x00F0      	MOVWF      R0
0x039C	0x306D      	MOVLW      109
0x039D	0x00C8      	MOVWF      ___DoICPAddr
0x039E	0x3003      	MOVLW      3
0x039F	0x00C9      	MOVWF      73
0x03A0	0x21E9      	CALL       489
0x03A1	0x0008      	RETURN
;AUD_TAJMER.c,0 :: ?ICS?lstr1_AUD_TAJMER
0x036D	0x3476 ;?ICS?lstr1_AUD_TAJMER+0
0x036E	0x346E ;?ICS?lstr1_AUD_TAJMER+1
0x036F	0x3465 ;?ICS?lstr1_AUD_TAJMER+2
0x0370	0x3473 ;?ICS?lstr1_AUD_TAJMER+3
0x0371	0x3469 ;?ICS?lstr1_AUD_TAJMER+4
0x0372	0x3420 ;?ICS?lstr1_AUD_TAJMER+5
0x0373	0x3473 ;?ICS?lstr1_AUD_TAJMER+6
0x0374	0x3469 ;?ICS?lstr1_AUD_TAJMER+7
0x0375	0x3466 ;?ICS?lstr1_AUD_TAJMER+8
0x0376	0x3472 ;?ICS?lstr1_AUD_TAJMER+9
0x0377	0x3461 ;?ICS?lstr1_AUD_TAJMER+10
0x0378	0x3420 ;?ICS?lstr1_AUD_TAJMER+11
0x0379	0x347A ;?ICS?lstr1_AUD_TAJMER+12
0x037A	0x3461 ;?ICS?lstr1_AUD_TAJMER+13
0x037B	0x3400 ;?ICS?lstr1_AUD_TAJMER+14
; end of ?ICS?lstr1_AUD_TAJMER
;AUD_TAJMER.c,0 :: ?ICS?lstr3_AUD_TAJMER
0x037C	0x3450 ;?ICS?lstr3_AUD_TAJMER+0
0x037D	0x346F ;?ICS?lstr3_AUD_TAJMER+1
0x037E	0x3462 ;?ICS?lstr3_AUD_TAJMER+2
0x037F	0x3472 ;?ICS?lstr3_AUD_TAJMER+3
0x0380	0x347A ;?ICS?lstr3_AUD_TAJMER+4
0x0381	0x3461 ;?ICS?lstr3_AUD_TAJMER+5
0x0382	0x346A ;?ICS?lstr3_AUD_TAJMER+6
0x0383	0x3474 ;?ICS?lstr3_AUD_TAJMER+7
0x0384	0x3465 ;?ICS?lstr3_AUD_TAJMER+8
0x0385	0x3400 ;?ICS?lstr3_AUD_TAJMER+9
; end of ?ICS?lstr3_AUD_TAJMER
;AUD_TAJMER.c,0 :: ?ICS?lstr2_AUD_TAJMER
0x0386	0x3456 ;?ICS?lstr2_AUD_TAJMER+0
0x0387	0x3472 ;?ICS?lstr2_AUD_TAJMER+1
0x0388	0x3465 ;?ICS?lstr2_AUD_TAJMER+2
0x0389	0x346D ;?ICS?lstr2_AUD_TAJMER+3
0x038A	0x3465 ;?ICS?lstr2_AUD_TAJMER+4
0x038B	0x3474 ;?ICS?lstr2_AUD_TAJMER+5
0x038C	0x346F ;?ICS?lstr2_AUD_TAJMER+6
0x038D	0x3420 ;?ICS?lstr2_AUD_TAJMER+7
0x038E	0x3469 ;?ICS?lstr2_AUD_TAJMER+8
0x038F	0x3473 ;?ICS?lstr2_AUD_TAJMER+9
0x0390	0x3474 ;?ICS?lstr2_AUD_TAJMER+10
0x0391	0x3465 ;?ICS?lstr2_AUD_TAJMER+11
0x0392	0x3463 ;?ICS?lstr2_AUD_TAJMER+12
0x0393	0x3465 ;?ICS?lstr2_AUD_TAJMER+13
0x0394	0x3400 ;?ICS?lstr2_AUD_TAJMER+14
; end of ?ICS?lstr2_AUD_TAJMER
Symbol List:
//** Routines locations **
//ADDRESS    SIZE    PROCEDURE
//----------------------------------------------
0x0004      [22]    _interrupt
0x001A       [3]    _Delay_1us
0x001D      [13]    _Delay_5500us
0x002A       [7]    _Delay_50us
0x0031      [87]    _Lcd_Cmd
0x0088      [29]    _Div_16X16_U
0x00A5       [7]    _____DoICP
0x00AC       [8]    _Delay_10us
0x00B4      [47]    _Keypad_Key_Press
0x00E3      [64]    _WordToStr
0x0123       [9]    _Lcd_Chr_CP
0x012C      [13]    _Keypad_Key_Click
0x0139      [65]    _Lcd_Out
0x017A     [106]    _IntToStr
0x01E4       [5]    _Keypad_Init
0x01E9      [12]    ___CC2DW
0x01F5      [78]    _Lcd_Init
0x0243     [292]    _main
//** Variables locations ** 
//ADDRESS    SIZE    VARIABLE
//----------------------------------------------
0x0000       [1]    INDF
0x0001       [1]    TMR0
0x0002       [1]    PCL
0x0003       [1]    STATUS
0x0004       [1]    FSR
0x0006       [0]    RB5_bit
0x0006       [0]    LCD_D6
0x0006       [0]    RB1_bit
0x0006       [0]    RB4_bit
0x0006       [0]    RB3_bit
0x0006       [0]    LCD_D7
0x0006       [0]    RB2_bit
0x0006       [0]    LCD_D5
0x0006       [0]    LCD_RS
0x0006       [0]    RB0_bit
0x0006       [0]    LCD_EN
0x0006       [0]    LCD_D4
0x0008       [1]    PORTD
0x0008       [1]    keypadPort
0x000A       [1]    PCLATH
0x000B       [0]    TMR0IF_bit
0x000B       [1]    INTCON
0x0020      [15]    ?lstr1_AUD_TAJMER
0x002F      [10]    ?lstr3_AUD_TAJMER
0x0039      [15]    ?lstr2_AUD_TAJMER
0x0048       [2]    ___DoICPAddr
0x004A      [10]    _bukvi
0x0054       [6]    _print
0x005A       [1]    _kp
0x005B       [2]    _i
0x005D       [2]    _cnt
0x005F       [1]    ___savePCLATH
0x0060       [0]    __Lib_Lcd_cmd_status
0x0061       [1]    ___saveSTATUS
0x0062       [2]    FARG_IntToStr_input
0x0062       [1]    FARG_Lcd_Out_row
0x0062       [1]    Keypad_Key_Click_rslt_L0
0x0063       [1]    FARG_Lcd_Out_column
0x0064       [1]    FARG_IntToStr_output
0x0064       [1]    FARG_Lcd_Out_text
0x0065       [1]    Lcd_Out_i_L0
0x0065       [2]    IntToStr_i_L0
0x0067       [2]    IntToStr_negative_L0
0x0069       [2]    IntToStr_inword_L0
0x006B       [1]    FARG_Lcd_Chr_CP_out_char
0x006B       [2]    FARG_WordToStr_input
0x006B       [1]    Keypad_Key_Press_rslt_L0
0x006C       [1]    Keypad_Key_Press_kdata_L0
0x006D       [1]    FARG_WordToStr_output
0x006D       [1]    Keypad_Key_Press_loc_L0
0x006E       [1]    Keypad_Key_Press_rowcnt_L0
0x006E       [1]    WordToStr_len_L0
0x006F       [1]    FLOC__WordToStr
0x006F       [1]    Keypad_Key_Press_shifter_L0
0x0070       [1]    R0
0x0071       [1]    R1
0x0072       [1]    R2
0x0073       [1]    R3
0x0074       [1]    R4
0x0075       [1]    R5
0x0076       [1]    R6
0x0077       [1]    R7
0x0078       [1]    R8
0x0079       [1]    R9
0x007A       [1]    R10
0x007B       [1]    R11
0x007C       [1]    R12
0x007D       [1]    R13
0x007E       [1]    R14
0x007F       [1]    R15
0x0081       [1]    OPTION_REG
0x0086       [0]    LCD_RS_Direction
0x0086       [0]    LCD_EN_Direction
0x0086       [0]    TRISB0_bit
0x0086       [0]    TRISB3_bit
0x0086       [0]    LCD_D5_Direction
0x0086       [0]    LCD_D7_Direction
0x0086       [0]    TRISB4_bit
0x0086       [0]    LCD_D4_Direction
0x0086       [0]    TRISB1_bit
0x0086       [0]    TRISB2_bit
0x0086       [0]    TRISB5_bit
0x0086       [0]    LCD_D6_Direction
0x00A0       [1]    FARG_Lcd_Cmd_out_char
0x0107       [0]    C1ON_bit
0x0108       [0]    C2ON_bit
0x0188       [1]    ANSEL
0x0189       [1]    ANSELH
//** Constants locations ** 
//ADDRESS    SIZE    CONSTANT
//----------------------------------------------
0x036D      [15]    ?ICS?lstr1_AUD_TAJMER
0x037C      [10]    ?ICS?lstr3_AUD_TAJMER
0x0386      [15]    ?ICS?lstr2_AUD_TAJMER
