0	1	mikroCPIC1618.exe -MSF -DBG -pP16F887 -DL -O11111114 -fo8 -N"C:\Users\Nacev\Desktop\MPS_LAB6\MyProject.mcppi" -SP"C:\Users\Public\Documents\Mikroelektronika\mikroC PRO for PIC\Defs\" -SP"C:\Users\Public\Documents\Mikroelektronika\mikroC PRO for PIC\Uses\P16\" -SP"C:\Users\Nacev\Desktop\MPS_LAB6\" -SP"C:\Users\Nacev\Desktop\MPS_LAB6\" "Primer_Aud1.c" "Primer_Pod1.c" "__Lib_Math.mcl" "__Lib_MathDouble.mcl" "__Lib_System.mcl" "__Lib_Delays.mcl" "__Lib_CType.mcl" "__Lib_CString.mcl" "__Lib_CStdlib.mcl" "__Lib_CMath.mcl" "__Lib_MemManager.mcl" "__Lib_Conversions.mcl" "__Lib_Sprinti.mcl" "__Lib_Sprintl.mcl" "__Lib_Time.mcl" "__Lib_Trigonometry.mcl" "__Lib_Button.mcl" "__Lib_Keypad4x4.mcl" "__Lib_Manchester.mcl" "__Lib_OneWire.mcl" "__Lib_PS2.mcl" "__Lib_Sound.mcl" "__Lib_SoftI2C.mcl" "__Lib_SoftSPI.mcl" "__Lib_SoftUART.mcl" "__Lib_ADC_88X.mcl" "__Lib_EEPROM.mcl" "__Lib_FLASH_RW.mcl" "__Lib_I2C_c34.mcl" "__Lib_PWM_c21.mcl" "__Lib_SPI_c345.mcl" "__Lib_UART_c67.mcl" "__Lib_PortExpander.mcl" "__Lib_CANSPI.mcl" "__Lib_CF.mcl" "__Lib_GlcdFonts.mcl" "__Lib_Glcd.mcl" "__Lib_LcdConsts.mcl" "__Lib_Lcd.mcl" "__Lib_RS485.mcl" "__Lib_S1D13700.mcl" "__Lib_T6963C.mcl" "__Lib_SPIGlcd.mcl" "__Lib_SPILcd.mcl" "__Lib_SPILcd8.mcl" "__Lib_SPIT6963C.mcl" "__Lib_EthEnc28j60.mcl" "__Lib_EthEnc24j600.mcl" "__Lib_TouchPanel.mcl"	 
hint: 0	1139	Available RAM: 352 [bytes], Available ROM: 8192 [bytes]	 
diagnostics: 0	122	Compilation Started	Primer_Aud1.c
diagnostics: 35	123	Compiled Successfully	Primer_Aud1.c
diagnostics: 0	122	Compilation Started	Primer_Pod1.c
error: 33	324	Undeclared identifier 'kp' in expression	Primer_Pod1.c
error: 36	324	Undeclared identifier 'kp' in expression	Primer_Pod1.c
error: 37	324	Undeclared identifier 'kp' in expression	Primer_Pod1.c
error: 39	324	Undeclared identifier 'kp' in expression	Primer_Pod1.c
error: 41	324	Undeclared identifier 'kp' in expression	Primer_Pod1.c
error: 42	324	Undeclared identifier 'kp' in expression	Primer_Pod1.c
error: 43	324	Undeclared identifier 'kp' in expression	Primer_Pod1.c
error: 44	324	Undeclared identifier 'kp' in expression	Primer_Pod1.c
error: 45	324	Undeclared identifier 'kp' in expression	Primer_Pod1.c
error: 46	324	Undeclared identifier 'kp' in expression	Primer_Pod1.c
error: 47	324	Undeclared identifier 'kp' in expression	Primer_Pod1.c
error: 48	324	Undeclared identifier 'kp' in expression	Primer_Pod1.c
error: 49	324	Undeclared identifier 'kp' in expression	Primer_Pod1.c
error: 50	324	Undeclared identifier 'kp' in expression	Primer_Pod1.c
error: 51	324	Undeclared identifier 'kp' in expression	Primer_Pod1.c
error: 52	324	Undeclared identifier 'kp' in expression	Primer_Pod1.c
error: 53	324	Undeclared identifier 'kp' in expression	Primer_Pod1.c
error: 54	324	Undeclared identifier 'kp' in expression	Primer_Pod1.c
error: 55	324	Undeclared identifier 'kp' in expression	Primer_Pod1.c
error: 56	324	Undeclared identifier 'kp' in expression	Primer_Pod1.c
error: 58	324	Undeclared identifier 'kp' in expression	Primer_Pod1.c
error: 62	324	Undeclared identifier 'kp' in expression	Primer_Pod1.c
error: 69	324	Undeclared identifier 'kp' in expression	Primer_Pod1.c
error: 0	102	Finished (with errors): 08 Dec 2016, 13:39:35	MyProject.mcppi
