;  LST file generated by mikroListExporter - v.2.0 
; Date/Time: 09.12.2016 22:37:00
;----------------------------------------------

;Address Opcode 	ASM
0x0000	0x2AB5      	GOTO       693
_Delay_1us:
;__Lib_Delays.c,7 :: 		void Delay_1us() {
;__Lib_Delays.c,8 :: 		Delay_us(1);
0x0003	0x0000      	NOP
0x0004	0x0000      	NOP
;__Lib_Delays.c,9 :: 		}
L_end_Delay_1us:
0x0005	0x0008      	RETURN
; end of _Delay_1us
_Delay_5500us:
;__Lib_Delays.c,31 :: 		void Delay_5500us() {
;__Lib_Delays.c,32 :: 		Delay_us(5500);
0x0006	0x300F      	MOVLW      15
0x0007	0x1283      	BCF        STATUS, 5
0x0008	0x1303      	BCF        STATUS, 6
0x0009	0x00FC      	MOVWF      R12
0x000A	0x3047      	MOVLW      71
0x000B	0x00FD      	MOVWF      R13
L_Delay_5500us5:
0x000C	0x0BFD      	DECFSZ     R13, 1
0x000D	0x280C      	GOTO       L_Delay_5500us5
0x000E	0x0BFC      	DECFSZ     R12, 1
0x000F	0x280C      	GOTO       L_Delay_5500us5
0x0010	0x0000      	NOP
0x0011	0x0000      	NOP
;__Lib_Delays.c,33 :: 		}
L_end_Delay_5500us:
0x0012	0x0008      	RETURN
; end of _Delay_5500us
_Delay_50us:
;__Lib_Delays.c,19 :: 		void Delay_50us() {
;__Lib_Delays.c,20 :: 		Delay_us(50);
0x0013	0x3021      	MOVLW      33
0x0014	0x1283      	BCF        STATUS, 5
0x0015	0x1303      	BCF        STATUS, 6
0x0016	0x00FD      	MOVWF      R13
L_Delay_50us2:
0x0017	0x0BFD      	DECFSZ     R13, 1
0x0018	0x2817      	GOTO       L_Delay_50us2
;__Lib_Delays.c,21 :: 		}
L_end_Delay_50us:
0x0019	0x0008      	RETURN
; end of _Delay_50us
_Lcd_Cmd:
;__Lib_Lcd.c,18 :: 		
;__Lib_Lcd.c,20 :: 		
0x001A	0x1283      	BCF        STATUS, 5
0x001B	0x1303      	BCF        STATUS, 6
0x001C	0x1BEC      	BTFSC      FARG_Lcd_Cmd_out_char, 7
0x001D	0x2820      	GOTO       L__Lcd_Cmd21
0x001E	0x1186      	BCF        LCD_D7, BitPos(LCD_D7+0)
0x001F	0x2821      	GOTO       L__Lcd_Cmd22
L__Lcd_Cmd21:
0x0020	0x1586      	BSF        LCD_D7, BitPos(LCD_D7+0)
L__Lcd_Cmd22:
;__Lib_Lcd.c,21 :: 		
0x0021	0x1B6C      	BTFSC      FARG_Lcd_Cmd_out_char, 6
0x0022	0x2825      	GOTO       L__Lcd_Cmd23
0x0023	0x1106      	BCF        LCD_D6, BitPos(LCD_D6+0)
0x0024	0x2826      	GOTO       L__Lcd_Cmd24
L__Lcd_Cmd23:
0x0025	0x1506      	BSF        LCD_D6, BitPos(LCD_D6+0)
L__Lcd_Cmd24:
;__Lib_Lcd.c,22 :: 		
0x0026	0x1AEC      	BTFSC      FARG_Lcd_Cmd_out_char, 5
0x0027	0x282A      	GOTO       L__Lcd_Cmd25
0x0028	0x1086      	BCF        LCD_D5, BitPos(LCD_D5+0)
0x0029	0x282B      	GOTO       L__Lcd_Cmd26
L__Lcd_Cmd25:
0x002A	0x1486      	BSF        LCD_D5, BitPos(LCD_D5+0)
L__Lcd_Cmd26:
;__Lib_Lcd.c,23 :: 		
0x002B	0x1A6C      	BTFSC      FARG_Lcd_Cmd_out_char, 4
0x002C	0x282F      	GOTO       L__Lcd_Cmd27
0x002D	0x1006      	BCF        LCD_D4, BitPos(LCD_D4+0)
0x002E	0x2830      	GOTO       L__Lcd_Cmd28
L__Lcd_Cmd27:
0x002F	0x1406      	BSF        LCD_D4, BitPos(LCD_D4+0)
L__Lcd_Cmd28:
;__Lib_Lcd.c,25 :: 		
0x0030	0x1843      	BTFSC      __Lib_Lcd_cmd_status, BitPos(__Lib_Lcd_cmd_status+0)
0x0031	0x2834      	GOTO       L__Lcd_Cmd29
0x0032	0x1606      	BSF        LCD_RS, BitPos(LCD_RS+0)
0x0033	0x2835      	GOTO       L__Lcd_Cmd30
L__Lcd_Cmd29:
0x0034	0x1206      	BCF        LCD_RS, BitPos(LCD_RS+0)
L__Lcd_Cmd30:
;__Lib_Lcd.c,28 :: 		
0x0035	0x1686      	BSF        LCD_EN, BitPos(LCD_EN+0)
;__Lib_Lcd.c,29 :: 		
0x0036	0x2003      	CALL       _Delay_1us
;__Lib_Lcd.c,30 :: 		
0x0037	0x1286      	BCF        LCD_EN, BitPos(LCD_EN+0)
;__Lib_Lcd.c,33 :: 		
0x0038	0x19EC      	BTFSC      FARG_Lcd_Cmd_out_char, 3
0x0039	0x283C      	GOTO       L__Lcd_Cmd31
0x003A	0x1186      	BCF        LCD_D7, BitPos(LCD_D7+0)
0x003B	0x283D      	GOTO       L__Lcd_Cmd32
L__Lcd_Cmd31:
0x003C	0x1586      	BSF        LCD_D7, BitPos(LCD_D7+0)
L__Lcd_Cmd32:
;__Lib_Lcd.c,34 :: 		
0x003D	0x196C      	BTFSC      FARG_Lcd_Cmd_out_char, 2
0x003E	0x2841      	GOTO       L__Lcd_Cmd33
0x003F	0x1106      	BCF        LCD_D6, BitPos(LCD_D6+0)
0x0040	0x2842      	GOTO       L__Lcd_Cmd34
L__Lcd_Cmd33:
0x0041	0x1506      	BSF        LCD_D6, BitPos(LCD_D6+0)
L__Lcd_Cmd34:
;__Lib_Lcd.c,35 :: 		
0x0042	0x18EC      	BTFSC      FARG_Lcd_Cmd_out_char, 1
0x0043	0x2846      	GOTO       L__Lcd_Cmd35
0x0044	0x1086      	BCF        LCD_D5, BitPos(LCD_D5+0)
0x0045	0x2847      	GOTO       L__Lcd_Cmd36
L__Lcd_Cmd35:
0x0046	0x1486      	BSF        LCD_D5, BitPos(LCD_D5+0)
L__Lcd_Cmd36:
;__Lib_Lcd.c,36 :: 		
0x0047	0x186C      	BTFSC      FARG_Lcd_Cmd_out_char, 0
0x0048	0x284B      	GOTO       L__Lcd_Cmd37
0x0049	0x1006      	BCF        LCD_D4, BitPos(LCD_D4+0)
0x004A	0x284C      	GOTO       L__Lcd_Cmd38
L__Lcd_Cmd37:
0x004B	0x1406      	BSF        LCD_D4, BitPos(LCD_D4+0)
L__Lcd_Cmd38:
;__Lib_Lcd.c,38 :: 		
0x004C	0x1843      	BTFSC      __Lib_Lcd_cmd_status, BitPos(__Lib_Lcd_cmd_status+0)
0x004D	0x2850      	GOTO       L__Lcd_Cmd39
0x004E	0x1606      	BSF        LCD_RS, BitPos(LCD_RS+0)
0x004F	0x2851      	GOTO       L__Lcd_Cmd40
L__Lcd_Cmd39:
0x0050	0x1206      	BCF        LCD_RS, BitPos(LCD_RS+0)
L__Lcd_Cmd40:
;__Lib_Lcd.c,40 :: 		
0x0051	0x1686      	BSF        LCD_EN, BitPos(LCD_EN+0)
;__Lib_Lcd.c,41 :: 		
0x0052	0x2003      	CALL       _Delay_1us
;__Lib_Lcd.c,42 :: 		
0x0053	0x1286      	BCF        LCD_EN, BitPos(LCD_EN+0)
;__Lib_Lcd.c,44 :: 		
0x0054	0x1C43      	BTFSS      __Lib_Lcd_cmd_status, BitPos(__Lib_Lcd_cmd_status+0)
0x0055	0x2858      	GOTO       L_Lcd_Cmd0
;__Lib_Lcd.c,45 :: 		
0x0056	0x2006      	CALL       _Delay_5500us
0x0057	0x2859      	GOTO       L_Lcd_Cmd1
L_Lcd_Cmd0:
;__Lib_Lcd.c,47 :: 		
0x0058	0x2013      	CALL       _Delay_50us
L_Lcd_Cmd1:
;__Lib_Lcd.c,48 :: 		
L_end_Lcd_Cmd:
0x0059	0x0008      	RETURN
; end of _Lcd_Cmd
_Div_16X16_U:
;__Lib_Math.c,215 :: 		
;__Lib_Math.c,222 :: 		
0x005A	0x1283      	BCF        STATUS, 5
;__Lib_Math.c,223 :: 		
0x005B	0x1303      	BCF        STATUS, 6
;__Lib_Math.c,224 :: 		
0x005C	0x01F8      	CLRF       R8
;__Lib_Math.c,225 :: 		
0x005D	0x01F9      	CLRF       R9
;__Lib_Math.c,226 :: 		
0x005E	0x3010      	MOVLW      16
;__Lib_Math.c,227 :: 		
0x005F	0x00FC      	MOVWF      R12
;__Lib_Math.c,228 :: 		
0x0060	0x0D71      	RLF        R1, 0
;__Lib_Math.c,229 :: 		
0x0061	0x0DF8      	RLF        R8, 1
;__Lib_Math.c,230 :: 		
0x0062	0x0DF9      	RLF        R9, 1
;__Lib_Math.c,231 :: 		
0x0063	0x0874      	MOVF       R4, 0
;__Lib_Math.c,232 :: 		
0x0064	0x02F8      	SUBWF      R8, 1
;__Lib_Math.c,233 :: 		
0x0065	0x0875      	MOVF       R5, 0
;__Lib_Math.c,234 :: 		
0x0066	0x1C03      	BTFSS      STATUS, 0
;__Lib_Math.c,235 :: 		
0x0067	0x0F75      	INCFSZ     R5, 0
;__Lib_Math.c,236 :: 		
0x0068	0x02F9      	SUBWF      R9, 1
;__Lib_Math.c,237 :: 		
0x0069	0x1803      	BTFSC      STATUS, 0
;__Lib_Math.c,238 :: 		
0x006A	0x2872      	GOTO       $+8
;__Lib_Math.c,239 :: 		
0x006B	0x0874      	MOVF       R4, 0
;__Lib_Math.c,240 :: 		
0x006C	0x07F8      	ADDWF      R8, 1
;__Lib_Math.c,241 :: 		
0x006D	0x0875      	MOVF       R5, 0
;__Lib_Math.c,242 :: 		
0x006E	0x1803      	BTFSC      STATUS, 0
;__Lib_Math.c,243 :: 		
0x006F	0x0F75      	INCFSZ     R5, 0
;__Lib_Math.c,244 :: 		
0x0070	0x07F9      	ADDWF      R9, 1
;__Lib_Math.c,245 :: 		
0x0071	0x1003      	BCF        STATUS, 0
;__Lib_Math.c,246 :: 		
0x0072	0x0DF0      	RLF        R0, 1
;__Lib_Math.c,247 :: 		
0x0073	0x0DF1      	RLF        R1, 1
;__Lib_Math.c,248 :: 		
0x0074	0x0BFC      	DECFSZ     R12, 1
;__Lib_Math.c,249 :: 		
0x0075	0x2860      	GOTO       $-21
;__Lib_Math.c,251 :: 		
L_end_Div_16X16_U:
0x0076	0x0008      	RETURN
; end of _Div_16X16_U
_Delay_22us:
;__Lib_Delays.c,15 :: 		void Delay_22us() {
;__Lib_Delays.c,16 :: 		Delay_us(22);
0x0077	0x300E      	MOVLW      14
0x0078	0x1283      	BCF        STATUS, 5
0x0079	0x1303      	BCF        STATUS, 6
0x007A	0x00FD      	MOVWF      R13
L_Delay_22us1:
0x007B	0x0BFD      	DECFSZ     R13, 1
0x007C	0x287B      	GOTO       L_Delay_22us1
0x007D	0x0000      	NOP
;__Lib_Delays.c,17 :: 		}
L_end_Delay_22us:
0x007E	0x0008      	RETURN
; end of _Delay_22us
_Lcd_Chr_CP:
;__Lib_Lcd.c,50 :: 		
;__Lib_Lcd.c,52 :: 		
0x007F	0x1283      	BCF        STATUS, 5
0x0080	0x1303      	BCF        STATUS, 6
0x0081	0x1043      	BCF        __Lib_Lcd_cmd_status, BitPos(__Lib_Lcd_cmd_status+0)
;__Lib_Lcd.c,53 :: 		
0x0082	0x0867      	MOVF       FARG_Lcd_Chr_CP_out_char, 0
0x0083	0x00EC      	MOVWF      FARG_Lcd_Cmd_out_char
0x0084	0x201A      	CALL       _Lcd_Cmd
;__Lib_Lcd.c,54 :: 		
0x0085	0x1443      	BSF        __Lib_Lcd_cmd_status, BitPos(__Lib_Lcd_cmd_status+0)
;__Lib_Lcd.c,55 :: 		
L_end_Lcd_Chr_CP:
0x0086	0x0008      	RETURN
; end of _Lcd_Chr_CP
_WordToStr:
;__Lib_Conversions.c,84 :: 		
;__Lib_Conversions.c,89 :: 		
0x0087	0x1283      	BCF        STATUS, 5
0x0088	0x1303      	BCF        STATUS, 6
0x0089	0x01EA      	CLRF       WordToStr_len_L0
L_WordToStr6:
0x008A	0x3005      	MOVLW      5
0x008B	0x026A      	SUBWF      WordToStr_len_L0, 0
0x008C	0x1803      	BTFSC      STATUS, 0
0x008D	0x2895      	GOTO       L_WordToStr7
;__Lib_Conversions.c,90 :: 		
0x008E	0x086A      	MOVF       WordToStr_len_L0, 0
0x008F	0x0769      	ADDWF      FARG_WordToStr_output, 0
0x0090	0x0084      	MOVWF      FSR
0x0091	0x3020      	MOVLW      32
0x0092	0x0080      	MOVWF      INDF
;__Lib_Conversions.c,89 :: 		
0x0093	0x0AEA      	INCF       WordToStr_len_L0, 1
;__Lib_Conversions.c,90 :: 		
0x0094	0x288A      	GOTO       L_WordToStr6
L_WordToStr7:
;__Lib_Conversions.c,91 :: 		
0x0095	0x086A      	MOVF       WordToStr_len_L0, 0
0x0096	0x0769      	ADDWF      FARG_WordToStr_output, 0
0x0097	0x0084      	MOVWF      FSR
0x0098	0x0180      	CLRF       INDF
0x0099	0x03EA      	DECF       WordToStr_len_L0, 1
;__Lib_Conversions.c,93 :: 		
L_WordToStr9:
;__Lib_Conversions.c,94 :: 		
0x009A	0x086A      	MOVF       WordToStr_len_L0, 0
0x009B	0x0769      	ADDWF      FARG_WordToStr_output, 0
0x009C	0x00EB      	MOVWF      FLOC__WordToStr
0x009D	0x300A      	MOVLW      10
0x009E	0x00F4      	MOVWF      R4
0x009F	0x01F5      	CLRF       R4+1
0x00A0	0x0867      	MOVF       FARG_WordToStr_input, 0
0x00A1	0x00F0      	MOVWF      R0
0x00A2	0x0868      	MOVF       FARG_WordToStr_input+1, 0
0x00A3	0x00F1      	MOVWF      R0+1
0x00A4	0x205A      	CALL       _Div_16X16_U
0x00A5	0x0878      	MOVF       R8, 0
0x00A6	0x00F0      	MOVWF      R0
0x00A7	0x0879      	MOVF       R8+1, 0
0x00A8	0x00F1      	MOVWF      R0+1
0x00A9	0x3030      	MOVLW      48
0x00AA	0x07F0      	ADDWF      R0, 1
0x00AB	0x086B      	MOVF       FLOC__WordToStr, 0
0x00AC	0x0084      	MOVWF      FSR
0x00AD	0x0870      	MOVF       R0, 0
0x00AE	0x0080      	MOVWF      INDF
;__Lib_Conversions.c,95 :: 		
0x00AF	0x300A      	MOVLW      10
0x00B0	0x00F4      	MOVWF      R4
0x00B1	0x01F5      	CLRF       R4+1
0x00B2	0x0867      	MOVF       FARG_WordToStr_input, 0
0x00B3	0x00F0      	MOVWF      R0
0x00B4	0x0868      	MOVF       FARG_WordToStr_input+1, 0
0x00B5	0x00F1      	MOVWF      R0+1
0x00B6	0x205A      	CALL       _Div_16X16_U
0x00B7	0x0870      	MOVF       R0, 0
0x00B8	0x00E7      	MOVWF      FARG_WordToStr_input
0x00B9	0x0871      	MOVF       R0+1, 0
0x00BA	0x00E8      	MOVWF      FARG_WordToStr_input+1
;__Lib_Conversions.c,96 :: 		
0x00BB	0x3000      	MOVLW      0
0x00BC	0x0671      	XORWF      R0+1, 0
0x00BD	0x1D03      	BTFSS      STATUS, 2
0x00BE	0x28C1      	GOTO       L__WordToStr109
0x00BF	0x3000      	MOVLW      0
0x00C0	0x0670      	XORWF      R0, 0
L__WordToStr109:
0x00C1	0x1D03      	BTFSS      STATUS, 2
0x00C2	0x28C4      	GOTO       L_WordToStr11
;__Lib_Conversions.c,97 :: 		
0x00C3	0x28C6      	GOTO       L_WordToStr10
L_WordToStr11:
;__Lib_Conversions.c,98 :: 		
0x00C4	0x03EA      	DECF       WordToStr_len_L0, 1
;__Lib_Conversions.c,99 :: 		
0x00C5	0x289A      	GOTO       L_WordToStr9
L_WordToStr10:
;__Lib_Conversions.c,100 :: 		
L_end_WordToStr:
0x00C6	0x0008      	RETURN
; end of _WordToStr
_Delay_10us:
;__Lib_Delays.c,11 :: 		void Delay_10us() {
;__Lib_Delays.c,12 :: 		Delay_us(10);
0x00C7	0x3006      	MOVLW      6
0x00C8	0x1283      	BCF        STATUS, 5
0x00C9	0x1303      	BCF        STATUS, 6
0x00CA	0x00FD      	MOVWF      R13
L_Delay_10us0:
0x00CB	0x0BFD      	DECFSZ     R13, 1
0x00CC	0x28CB      	GOTO       L_Delay_10us0
0x00CD	0x0000      	NOP
;__Lib_Delays.c,13 :: 		}
L_end_Delay_10us:
0x00CE	0x0008      	RETURN
; end of _Delay_10us
_____DoICP:
;__Lib_System.c,6 :: 		
;__Lib_System.c,9 :: 		
0x00CF	0x1283      	BCF        STATUS, 5
0x00D0	0x1303      	BCF        STATUS, 6
0x00D1	0x0842      	MOVF       ___DoICPAddr+1, 0
0x00D2	0x008A      	MOVWF      PCLATH
;__Lib_System.c,10 :: 		
0x00D3	0x0841      	MOVF       ___DoICPAddr, 0
0x00D4	0x0082      	MOVWF      PCL
;__Lib_System.c,12 :: 		
L_end_____DoICP:
0x00D5	0x0008      	RETURN
; end of _____DoICP
_Keypad_Key_Press:
;__Lib_Keypad4x4.c,38 :: 		
;__Lib_Keypad4x4.c,42 :: 		
0x00D6	0x1283      	BCF        STATUS, 5
0x00D7	0x1303      	BCF        STATUS, 6
0x00D8	0x01E7      	CLRF       Keypad_Key_Press_rslt_L0
;__Lib_Keypad4x4.c,43 :: 		
0x00D9	0x01E9      	CLRF       Keypad_Key_Press_loc_L0
;__Lib_Keypad4x4.c,44 :: 		
0x00DA	0x01EA      	CLRF       Keypad_Key_Press_rowcnt_L0
;__Lib_Keypad4x4.c,45 :: 		
0x00DB	0x3010      	MOVLW      16
0x00DC	0x00EB      	MOVWF      Keypad_Key_Press_shifter_L0
;__Lib_Keypad4x4.c,47 :: 		
L_Keypad_Key_Press0:
0x00DD	0x3004      	MOVLW      4
0x00DE	0x026A      	SUBWF      Keypad_Key_Press_rowcnt_L0, 0
0x00DF	0x1803      	BTFSC      STATUS, 0
0x00E0	0x2902      	GOTO       L_Keypad_Key_Press1
;__Lib_Keypad4x4.c,49 :: 		
0x00E1	0x30F0      	MOVLW      240
0x00E2	0x0088      	MOVWF      keypadPort
;__Lib_Keypad4x4.c,50 :: 		
0x00E3	0x096B      	COMF       Keypad_Key_Press_shifter_L0, 0
0x00E4	0x1683      	BSF        STATUS, 5
0x00E5	0x0088      	MOVWF      keypadPort+128
;__Lib_Keypad4x4.c,54 :: 		
0x00E6	0x2003      	CALL       _Delay_1us
;__Lib_Keypad4x4.c,55 :: 		
0x00E7	0x2003      	CALL       _Delay_1us
;__Lib_Keypad4x4.c,56 :: 		
0x00E8	0x300F      	MOVLW      15
0x00E9	0x1283      	BCF        STATUS, 5
0x00EA	0x0508      	ANDWF      keypadPort, 0
0x00EB	0x00F0      	MOVWF      R0
0x00EC	0x0870      	MOVF       R0, 0
0x00ED	0x00E8      	MOVWF      Keypad_Key_Press_kdata_L0
;__Lib_Keypad4x4.c,57 :: 		
0x00EE	0x0870      	MOVF       R0, 0
0x00EF	0x1903      	BTFSC      STATUS, 2
0x00F0	0x28FC      	GOTO       L_Keypad_Key_Press2
;__Lib_Keypad4x4.c,59 :: 		
0x00F1	0x0869      	MOVF       Keypad_Key_Press_loc_L0, 0
0x00F2	0x00E7      	MOVWF      Keypad_Key_Press_rslt_L0
;__Lib_Keypad4x4.c,60 :: 		
L_Keypad_Key_Press3:
0x00F3	0x0868      	MOVF       Keypad_Key_Press_kdata_L0, 0
0x00F4	0x1903      	BTFSC      STATUS, 2
0x00F5	0x28FA      	GOTO       L_Keypad_Key_Press4
;__Lib_Keypad4x4.c,61 :: 		
0x00F6	0x0CE8      	RRF        Keypad_Key_Press_kdata_L0, 1
0x00F7	0x13E8      	BCF        Keypad_Key_Press_kdata_L0, 7
;__Lib_Keypad4x4.c,62 :: 		
0x00F8	0x0AE7      	INCF       Keypad_Key_Press_rslt_L0, 1
;__Lib_Keypad4x4.c,63 :: 		
0x00F9	0x28F3      	GOTO       L_Keypad_Key_Press3
L_Keypad_Key_Press4:
;__Lib_Keypad4x4.c,65 :: 		
0x00FA	0x3004      	MOVLW      4
0x00FB	0x00EA      	MOVWF      Keypad_Key_Press_rowcnt_L0
;__Lib_Keypad4x4.c,66 :: 		
L_Keypad_Key_Press2:
;__Lib_Keypad4x4.c,67 :: 		
0x00FC	0x0DEB      	RLF        Keypad_Key_Press_shifter_L0, 1
0x00FD	0x106B      	BCF        Keypad_Key_Press_shifter_L0, 0
;__Lib_Keypad4x4.c,68 :: 		
0x00FE	0x3004      	MOVLW      4
0x00FF	0x07E9      	ADDWF      Keypad_Key_Press_loc_L0, 1
;__Lib_Keypad4x4.c,69 :: 		
0x0100	0x0AEA      	INCF       Keypad_Key_Press_rowcnt_L0, 1
;__Lib_Keypad4x4.c,70 :: 		
0x0101	0x28DD      	GOTO       L_Keypad_Key_Press0
L_Keypad_Key_Press1:
;__Lib_Keypad4x4.c,72 :: 		
0x0102	0x0867      	MOVF       Keypad_Key_Press_rslt_L0, 0
0x0103	0x00F0      	MOVWF      R0
;__Lib_Keypad4x4.c,73 :: 		
L_end_Keypad_Key_Press:
0x0104	0x0008      	RETURN
; end of _Keypad_Key_Press
_Lcd_Out:
;__Lib_Lcd.c,184 :: 		
;__Lib_Lcd.c,187 :: 		
0x0105	0x2917      	GOTO       L_Lcd_Out11
;__Lib_Lcd.c,188 :: 		
L_Lcd_Out13:
0x0106	0x3080      	MOVLW      128
0x0107	0x1283      	BCF        STATUS, 5
0x0108	0x1303      	BCF        STATUS, 6
0x0109	0x00DE      	MOVWF      FARG_Lcd_Out_row
0x010A	0x292A      	GOTO       L_Lcd_Out12
;__Lib_Lcd.c,189 :: 		
L_Lcd_Out14:
0x010B	0x30C0      	MOVLW      192
0x010C	0x00DE      	MOVWF      FARG_Lcd_Out_row
0x010D	0x292A      	GOTO       L_Lcd_Out12
;__Lib_Lcd.c,190 :: 		
L_Lcd_Out15:
0x010E	0x3094      	MOVLW      148
0x010F	0x00DE      	MOVWF      FARG_Lcd_Out_row
0x0110	0x292A      	GOTO       L_Lcd_Out12
;__Lib_Lcd.c,191 :: 		
L_Lcd_Out16:
0x0111	0x30D4      	MOVLW      212
0x0112	0x00DE      	MOVWF      FARG_Lcd_Out_row
0x0113	0x292A      	GOTO       L_Lcd_Out12
;__Lib_Lcd.c,192 :: 		
L_Lcd_Out17:
0x0114	0x3080      	MOVLW      128
0x0115	0x00DE      	MOVWF      FARG_Lcd_Out_row
;__Lib_Lcd.c,193 :: 		
0x0116	0x292A      	GOTO       L_Lcd_Out12
L_Lcd_Out11:
0x0117	0x1283      	BCF        STATUS, 5
0x0118	0x1303      	BCF        STATUS, 6
0x0119	0x085E      	MOVF       FARG_Lcd_Out_row, 0
0x011A	0x3A01      	XORLW      1
0x011B	0x1903      	BTFSC      STATUS, 2
0x011C	0x2906      	GOTO       L_Lcd_Out13
0x011D	0x085E      	MOVF       FARG_Lcd_Out_row, 0
0x011E	0x3A02      	XORLW      2
0x011F	0x1903      	BTFSC      STATUS, 2
0x0120	0x290B      	GOTO       L_Lcd_Out14
0x0121	0x085E      	MOVF       FARG_Lcd_Out_row, 0
0x0122	0x3A03      	XORLW      3
0x0123	0x1903      	BTFSC      STATUS, 2
0x0124	0x290E      	GOTO       L_Lcd_Out15
0x0125	0x085E      	MOVF       FARG_Lcd_Out_row, 0
0x0126	0x3A04      	XORLW      4
0x0127	0x1903      	BTFSC      STATUS, 2
0x0128	0x2911      	GOTO       L_Lcd_Out16
0x0129	0x2914      	GOTO       L_Lcd_Out17
L_Lcd_Out12:
;__Lib_Lcd.c,194 :: 		
0x012A	0x035F      	DECF       FARG_Lcd_Out_column, 0
0x012B	0x00F0      	MOVWF      R0
0x012C	0x085E      	MOVF       FARG_Lcd_Out_row, 0
0x012D	0x07F0      	ADDWF      R0, 1
0x012E	0x0870      	MOVF       R0, 0
0x012F	0x00DE      	MOVWF      FARG_Lcd_Out_row
;__Lib_Lcd.c,196 :: 		
0x0130	0x0870      	MOVF       R0, 0
0x0131	0x00EC      	MOVWF      FARG_Lcd_Cmd_out_char
0x0132	0x201A      	CALL       _Lcd_Cmd
;__Lib_Lcd.c,197 :: 		
0x0133	0x1043      	BCF        __Lib_Lcd_cmd_status, BitPos(__Lib_Lcd_cmd_status+0)
;__Lib_Lcd.c,198 :: 		
0x0134	0x01E1      	CLRF       Lcd_Out_i_L0
;__Lib_Lcd.c,199 :: 		
L_Lcd_Out18:
0x0135	0x0861      	MOVF       Lcd_Out_i_L0, 0
0x0136	0x0760      	ADDWF      FARG_Lcd_Out_text, 0
0x0137	0x0084      	MOVWF      FSR
0x0138	0x0800      	MOVF       INDF, 0
0x0139	0x1903      	BTFSC      STATUS, 2
0x013A	0x2943      	GOTO       L_Lcd_Out19
;__Lib_Lcd.c,200 :: 		
0x013B	0x0861      	MOVF       Lcd_Out_i_L0, 0
0x013C	0x0760      	ADDWF      FARG_Lcd_Out_text, 0
0x013D	0x0084      	MOVWF      FSR
0x013E	0x0800      	MOVF       INDF, 0
0x013F	0x00E7      	MOVWF      FARG_Lcd_Chr_CP_out_char
0x0140	0x207F      	CALL       _Lcd_Chr_CP
0x0141	0x0AE1      	INCF       Lcd_Out_i_L0, 1
0x0142	0x2935      	GOTO       L_Lcd_Out18
L_Lcd_Out19:
;__Lib_Lcd.c,201 :: 		
0x0143	0x1443      	BSF        __Lib_Lcd_cmd_status, BitPos(__Lib_Lcd_cmd_status+0)
;__Lib_Lcd.c,202 :: 		
L_end_Lcd_Out:
0x0144	0x0008      	RETURN
; end of _Lcd_Out
_Mul_16X16_U:
;__Lib_Math.c,136 :: 		
;__Lib_Math.c,143 :: 		
0x0145	0x1283      	BCF        STATUS, 5
;__Lib_Math.c,144 :: 		
0x0146	0x1303      	BCF        STATUS, 6
;__Lib_Math.c,145 :: 		
0x0147	0x01FB      	CLRF       R11
;__Lib_Math.c,146 :: 		
0x0148	0x01FA      	CLRF       R10
;__Lib_Math.c,147 :: 		
0x0149	0x01F9      	CLRF       R9
;__Lib_Math.c,148 :: 		
0x014A	0x3080      	MOVLW      128
;__Lib_Math.c,149 :: 		
0x014B	0x00F8      	MOVWF      R8
;__Lib_Math.c,150 :: 		
0x014C	0x0CF1      	RRF        R1, 1
;__Lib_Math.c,151 :: 		
0x014D	0x0CF0      	RRF        R0, 1
;__Lib_Math.c,152 :: 		
0x014E	0x1C03      	BTFSS      STATUS, 0
;__Lib_Math.c,153 :: 		
0x014F	0x2959      	GOTO       $+10
;__Lib_Math.c,154 :: 		
0x0150	0x0874      	MOVF       R4, 0
;__Lib_Math.c,155 :: 		
0x0151	0x07F9      	ADDWF      R9, 1
;__Lib_Math.c,156 :: 		
0x0152	0x0875      	MOVF       R5, 0
;__Lib_Math.c,157 :: 		
0x0153	0x1803      	BTFSC      STATUS, 0
;__Lib_Math.c,158 :: 		
0x0154	0x0F75      	INCFSZ     R5, 0
;__Lib_Math.c,159 :: 		
0x0155	0x07FA      	ADDWF      R10, 1
;__Lib_Math.c,160 :: 		
0x0156	0x1803      	BTFSC      STATUS, 0
;__Lib_Math.c,161 :: 		
0x0157	0x0AFB      	INCF       R11, 1
;__Lib_Math.c,162 :: 		
0x0158	0x1003      	BCF        STATUS, 0
;__Lib_Math.c,163 :: 		
0x0159	0x1FF0      	BTFSS      R0, 7
;__Lib_Math.c,164 :: 		
0x015A	0x2961      	GOTO       $+7
;__Lib_Math.c,165 :: 		
0x015B	0x0874      	MOVF       R4, 0
;__Lib_Math.c,166 :: 		
0x015C	0x07FA      	ADDWF      R10, 1
;__Lib_Math.c,167 :: 		
0x015D	0x0875      	MOVF       R5, 0
;__Lib_Math.c,168 :: 		
0x015E	0x1803      	BTFSC      STATUS, 0
;__Lib_Math.c,169 :: 		
0x015F	0x0F75      	INCFSZ     R5, 0
;__Lib_Math.c,170 :: 		
0x0160	0x07FB      	ADDWF      R11, 1
;__Lib_Math.c,171 :: 		
0x0161	0x0CFB      	RRF        R11, 1
;__Lib_Math.c,172 :: 		
0x0162	0x0CFA      	RRF        R10, 1
;__Lib_Math.c,173 :: 		
0x0163	0x0CF9      	RRF        R9, 1
;__Lib_Math.c,174 :: 		
0x0164	0x0CF8      	RRF        R8, 1
;__Lib_Math.c,175 :: 		
0x0165	0x1C03      	BTFSS      STATUS, 0
;__Lib_Math.c,176 :: 		
0x0166	0x294C      	GOTO       $-26
;__Lib_Math.c,177 :: 		
0x0167	0x087B      	MOVF       R11, 0
;__Lib_Math.c,178 :: 		
0x0168	0x00F3      	MOVWF      R3
;__Lib_Math.c,179 :: 		
0x0169	0x087A      	MOVF       R10, 0
;__Lib_Math.c,180 :: 		
0x016A	0x00F2      	MOVWF      R2
;__Lib_Math.c,181 :: 		
0x016B	0x0879      	MOVF       R9, 0
;__Lib_Math.c,182 :: 		
0x016C	0x00F1      	MOVWF      R1
;__Lib_Math.c,183 :: 		
0x016D	0x0878      	MOVF       R8, 0
;__Lib_Math.c,184 :: 		
0x016E	0x00F0      	MOVWF      R0
;__Lib_Math.c,187 :: 		
L_end_Mul_16X16_U:
0x016F	0x0008      	RETURN
; end of _Mul_16X16_U
_IntToStr:
;__Lib_Conversions.c,146 :: 		
;__Lib_Conversions.c,152 :: 		
0x0170	0x1283      	BCF        STATUS, 5
0x0171	0x1303      	BCF        STATUS, 6
0x0172	0x01E3      	CLRF       IntToStr_negative_L0
0x0173	0x01E4      	CLRF       IntToStr_negative_L0+1
;__Lib_Conversions.c,153 :: 		
0x0174	0x085E      	MOVF       FARG_IntToStr_input, 0
0x0175	0x00E5      	MOVWF      IntToStr_inword_L0
0x0176	0x085F      	MOVF       FARG_IntToStr_input+1, 0
0x0177	0x00E6      	MOVWF      IntToStr_inword_L0+1
;__Lib_Conversions.c,154 :: 		
0x0178	0x3080      	MOVLW      128
0x0179	0x065F      	XORWF      FARG_IntToStr_input+1, 0
0x017A	0x00F0      	MOVWF      R0
0x017B	0x3080      	MOVLW      128
0x017C	0x0270      	SUBWF      R0, 0
0x017D	0x1D03      	BTFSS      STATUS, 2
0x017E	0x2981      	GOTO       L__IntToStr115
0x017F	0x3000      	MOVLW      0
0x0180	0x025E      	SUBWF      FARG_IntToStr_input, 0
L__IntToStr115:
0x0181	0x1803      	BTFSC      STATUS, 0
0x0182	0x298F      	GOTO       L_IntToStr23
;__Lib_Conversions.c,155 :: 		
0x0183	0x3001      	MOVLW      1
0x0184	0x00E3      	MOVWF      IntToStr_negative_L0
0x0185	0x3000      	MOVLW      0
0x0186	0x00E4      	MOVWF      IntToStr_negative_L0+1
;__Lib_Conversions.c,156 :: 		
0x0187	0x085E      	MOVF       FARG_IntToStr_input, 0
0x0188	0x3C00      	SUBLW      0
0x0189	0x00E5      	MOVWF      IntToStr_inword_L0
0x018A	0x085F      	MOVF       FARG_IntToStr_input+1, 0
0x018B	0x1C03      	BTFSS      STATUS, 0
0x018C	0x3E01      	ADDLW      1
0x018D	0x01E6      	CLRF       IntToStr_inword_L0+1
0x018E	0x02E6      	SUBWF      IntToStr_inword_L0+1, 1
;__Lib_Conversions.c,157 :: 		
L_IntToStr23:
;__Lib_Conversions.c,158 :: 		
0x018F	0x0865      	MOVF       IntToStr_inword_L0, 0
0x0190	0x00E7      	MOVWF      FARG_WordToStr_input
0x0191	0x0866      	MOVF       IntToStr_inword_L0+1, 0
0x0192	0x00E8      	MOVWF      FARG_WordToStr_input+1
0x0193	0x0860      	MOVF       FARG_IntToStr_output, 0
0x0194	0x00E9      	MOVWF      FARG_WordToStr_output
0x0195	0x2087      	CALL       _WordToStr
;__Lib_Conversions.c,160 :: 		
0x0196	0x3006      	MOVLW      6
0x0197	0x00E1      	MOVWF      IntToStr_i_L0
0x0198	0x3000      	MOVLW      0
0x0199	0x00E2      	MOVWF      IntToStr_i_L0+1
;__Lib_Conversions.c,161 :: 		
L_IntToStr24:
0x019A	0x0862      	MOVF       IntToStr_i_L0+1, 0
0x019B	0x3C00      	SUBLW      0
0x019C	0x1D03      	BTFSS      STATUS, 2
0x019D	0x29A0      	GOTO       L__IntToStr116
0x019E	0x0861      	MOVF       IntToStr_i_L0, 0
0x019F	0x3C00      	SUBLW      0
L__IntToStr116:
0x01A0	0x1803      	BTFSC      STATUS, 0
0x01A1	0x29BB      	GOTO       L_IntToStr25
;__Lib_Conversions.c,162 :: 		
0x01A2	0x0861      	MOVF       IntToStr_i_L0, 0
0x01A3	0x0760      	ADDWF      FARG_IntToStr_output, 0
0x01A4	0x00F2      	MOVWF      R2
0x01A5	0x3001      	MOVLW      1
0x01A6	0x0261      	SUBWF      IntToStr_i_L0, 0
0x01A7	0x00F0      	MOVWF      R0
0x01A8	0x3000      	MOVLW      0
0x01A9	0x1C03      	BTFSS      STATUS, 0
0x01AA	0x3E01      	ADDLW      1
0x01AB	0x0262      	SUBWF      IntToStr_i_L0+1, 0
0x01AC	0x00F1      	MOVWF      R0+1
0x01AD	0x0870      	MOVF       R0, 0
0x01AE	0x0760      	ADDWF      FARG_IntToStr_output, 0
0x01AF	0x0084      	MOVWF      FSR
0x01B0	0x0800      	MOVF       INDF, 0
0x01B1	0x00F0      	MOVWF      R0
0x01B2	0x0872      	MOVF       R2, 0
0x01B3	0x0084      	MOVWF      FSR
0x01B4	0x0870      	MOVF       R0, 0
0x01B5	0x0080      	MOVWF      INDF
;__Lib_Conversions.c,163 :: 		
0x01B6	0x3001      	MOVLW      1
0x01B7	0x02E1      	SUBWF      IntToStr_i_L0, 1
0x01B8	0x1C03      	BTFSS      STATUS, 0
0x01B9	0x03E2      	DECF       IntToStr_i_L0+1, 1
;__Lib_Conversions.c,164 :: 		
0x01BA	0x299A      	GOTO       L_IntToStr24
L_IntToStr25:
;__Lib_Conversions.c,165 :: 		
0x01BB	0x0860      	MOVF       FARG_IntToStr_output, 0
0x01BC	0x0084      	MOVWF      FSR
0x01BD	0x3020      	MOVLW      32
0x01BE	0x0080      	MOVWF      INDF
;__Lib_Conversions.c,166 :: 		
0x01BF	0x0863      	MOVF       IntToStr_negative_L0, 0
0x01C0	0x0464      	IORWF      IntToStr_negative_L0+1, 0
0x01C1	0x1903      	BTFSC      STATUS, 2
0x01C2	0x29D9      	GOTO       L_IntToStr26
;__Lib_Conversions.c,167 :: 		
0x01C3	0x01E1      	CLRF       IntToStr_i_L0
0x01C4	0x01E2      	CLRF       IntToStr_i_L0+1
;__Lib_Conversions.c,168 :: 		
L_IntToStr27:
0x01C5	0x0861      	MOVF       IntToStr_i_L0, 0
0x01C6	0x0760      	ADDWF      FARG_IntToStr_output, 0
0x01C7	0x0084      	MOVWF      FSR
0x01C8	0x0800      	MOVF       INDF, 0
0x01C9	0x3A20      	XORLW      32
0x01CA	0x1D03      	BTFSS      STATUS, 2
0x01CB	0x29D0      	GOTO       L_IntToStr28
0x01CC	0x0AE1      	INCF       IntToStr_i_L0, 1
0x01CD	0x1903      	BTFSC      STATUS, 2
0x01CE	0x0AE2      	INCF       IntToStr_i_L0+1, 1
0x01CF	0x29C5      	GOTO       L_IntToStr27
L_IntToStr28:
;__Lib_Conversions.c,169 :: 		
0x01D0	0x3001      	MOVLW      1
0x01D1	0x02E1      	SUBWF      IntToStr_i_L0, 1
0x01D2	0x1C03      	BTFSS      STATUS, 0
0x01D3	0x03E2      	DECF       IntToStr_i_L0+1, 1
;__Lib_Conversions.c,170 :: 		
0x01D4	0x0861      	MOVF       IntToStr_i_L0, 0
0x01D5	0x0760      	ADDWF      FARG_IntToStr_output, 0
0x01D6	0x0084      	MOVWF      FSR
0x01D7	0x302D      	MOVLW      45
0x01D8	0x0080      	MOVWF      INDF
L_IntToStr26:
;__Lib_Conversions.c,171 :: 		
L_end_IntToStr:
0x01D9	0x0008      	RETURN
; end of _IntToStr
_Keypad_Key_Click:
;__Lib_Keypad4x4.c,76 :: 		
;__Lib_Keypad4x4.c,80 :: 		
0x01DA	0x20D6      	CALL       _Keypad_Key_Press
0x01DB	0x0870      	MOVF       R0, 0
0x01DC	0x00DE      	MOVWF      Keypad_Key_Click_rslt_L0
;__Lib_Keypad4x4.c,82 :: 		
L_Keypad_Key_Click5:
0x01DD	0x300F      	MOVLW      15
0x01DE	0x0508      	ANDWF      keypadPort, 0
0x01DF	0x00F0      	MOVWF      R0
0x01E0	0x1903      	BTFSC      STATUS, 2
0x01E1	0x29E4      	GOTO       L_Keypad_Key_Click6
;__Lib_Keypad4x4.c,83 :: 		
0x01E2	0x20C7      	CALL       _Delay_10us
0x01E3	0x29DD      	GOTO       L_Keypad_Key_Click5
L_Keypad_Key_Click6:
;__Lib_Keypad4x4.c,85 :: 		
0x01E4	0x085E      	MOVF       Keypad_Key_Click_rslt_L0, 0
0x01E5	0x00F0      	MOVWF      R0
;__Lib_Keypad4x4.c,86 :: 		
L_end_Keypad_Key_Click:
0x01E6	0x0008      	RETURN
; end of _Keypad_Key_Click
_Lcd_Init:
;__Lib_Lcd.c,84 :: 		
;__Lib_Lcd.c,86 :: 		
0x01E7	0x1683      	BSF        STATUS, 5
0x01E8	0x1303      	BCF        STATUS, 6
0x01E9	0x1286      	BCF        LCD_EN_Direction, BitPos(LCD_EN_Direction+0)
;__Lib_Lcd.c,87 :: 		
0x01EA	0x1206      	BCF        LCD_RS_Direction, BitPos(LCD_RS_Direction+0)
;__Lib_Lcd.c,88 :: 		
0x01EB	0x1006      	BCF        LCD_D4_Direction, BitPos(LCD_D4_Direction+0)
;__Lib_Lcd.c,89 :: 		
0x01EC	0x1086      	BCF        LCD_D5_Direction, BitPos(LCD_D5_Direction+0)
;__Lib_Lcd.c,90 :: 		
0x01ED	0x1106      	BCF        LCD_D6_Direction, BitPos(LCD_D6_Direction+0)
;__Lib_Lcd.c,91 :: 		
0x01EE	0x1186      	BCF        LCD_D7_Direction, BitPos(LCD_D7_Direction+0)
;__Lib_Lcd.c,93 :: 		
0x01EF	0x1283      	BCF        STATUS, 5
0x01F0	0x1286      	BCF        LCD_EN, BitPos(LCD_EN+0)
;__Lib_Lcd.c,94 :: 		
0x01F1	0x1206      	BCF        LCD_RS, BitPos(LCD_RS+0)
;__Lib_Lcd.c,95 :: 		
0x01F2	0x1186      	BCF        LCD_D7, BitPos(LCD_D7+0)
;__Lib_Lcd.c,96 :: 		
0x01F3	0x1106      	BCF        LCD_D6, BitPos(LCD_D6+0)
;__Lib_Lcd.c,97 :: 		
0x01F4	0x1086      	BCF        LCD_D5, BitPos(LCD_D5+0)
;__Lib_Lcd.c,98 :: 		
0x01F5	0x1006      	BCF        LCD_D4, BitPos(LCD_D4+0)
;__Lib_Lcd.c,100 :: 		
0x01F6	0x2006      	CALL       _Delay_5500us
;__Lib_Lcd.c,101 :: 		
0x01F7	0x2006      	CALL       _Delay_5500us
;__Lib_Lcd.c,102 :: 		
0x01F8	0x2006      	CALL       _Delay_5500us
;__Lib_Lcd.c,105 :: 		
0x01F9	0x1486      	BSF        LCD_D5, BitPos(LCD_D5+0)
;__Lib_Lcd.c,106 :: 		
0x01FA	0x1406      	BSF        LCD_D4, BitPos(LCD_D4+0)
;__Lib_Lcd.c,107 :: 		
0x01FB	0x1686      	BSF        LCD_EN, BitPos(LCD_EN+0)
;__Lib_Lcd.c,108 :: 		
0x01FC	0x2003      	CALL       _Delay_1us
;__Lib_Lcd.c,109 :: 		
0x01FD	0x1286      	BCF        LCD_EN, BitPos(LCD_EN+0)
;__Lib_Lcd.c,110 :: 		
0x01FE	0x2006      	CALL       _Delay_5500us
;__Lib_Lcd.c,112 :: 		
0x01FF	0x1686      	BSF        LCD_EN, BitPos(LCD_EN+0)
;__Lib_Lcd.c,113 :: 		
0x0200	0x2003      	CALL       _Delay_1us
;__Lib_Lcd.c,114 :: 		
0x0201	0x1286      	BCF        LCD_EN, BitPos(LCD_EN+0)
;__Lib_Lcd.c,115 :: 		
0x0202	0x2006      	CALL       _Delay_5500us
;__Lib_Lcd.c,117 :: 		
0x0203	0x1686      	BSF        LCD_EN, BitPos(LCD_EN+0)
;__Lib_Lcd.c,118 :: 		
0x0204	0x2003      	CALL       _Delay_1us
;__Lib_Lcd.c,119 :: 		
0x0205	0x1286      	BCF        LCD_EN, BitPos(LCD_EN+0)
;__Lib_Lcd.c,120 :: 		
0x0206	0x2006      	CALL       _Delay_5500us
;__Lib_Lcd.c,123 :: 		
0x0207	0x1006      	BCF        LCD_D4, BitPos(LCD_D4+0)
;__Lib_Lcd.c,124 :: 		
0x0208	0x1686      	BSF        LCD_EN, BitPos(LCD_EN+0)
;__Lib_Lcd.c,125 :: 		
0x0209	0x2003      	CALL       _Delay_1us
;__Lib_Lcd.c,126 :: 		
0x020A	0x1286      	BCF        LCD_EN, BitPos(LCD_EN+0)
;__Lib_Lcd.c,127 :: 		
0x020B	0x2006      	CALL       _Delay_5500us
;__Lib_Lcd.c,130 :: 		
0x020C	0x1686      	BSF        LCD_EN, BitPos(LCD_EN+0)
;__Lib_Lcd.c,131 :: 		
0x020D	0x2003      	CALL       _Delay_1us
;__Lib_Lcd.c,132 :: 		
0x020E	0x1286      	BCF        LCD_EN, BitPos(LCD_EN+0)
;__Lib_Lcd.c,134 :: 		
0x020F	0x1086      	BCF        LCD_D5, BitPos(LCD_D5+0)
;__Lib_Lcd.c,135 :: 		
0x0210	0x1586      	BSF        LCD_D7, BitPos(LCD_D7+0)
;__Lib_Lcd.c,136 :: 		
0x0211	0x1686      	BSF        LCD_EN, BitPos(LCD_EN+0)
;__Lib_Lcd.c,137 :: 		
0x0212	0x2003      	CALL       _Delay_1us
;__Lib_Lcd.c,138 :: 		
0x0213	0x1286      	BCF        LCD_EN, BitPos(LCD_EN+0)
;__Lib_Lcd.c,139 :: 		
0x0214	0x2006      	CALL       _Delay_5500us
;__Lib_Lcd.c,142 :: 		
0x0215	0x1186      	BCF        LCD_D7, BitPos(LCD_D7+0)
;__Lib_Lcd.c,143 :: 		
0x0216	0x1406      	BSF        LCD_D4, BitPos(LCD_D4+0)
;__Lib_Lcd.c,144 :: 		
0x0217	0x1686      	BSF        LCD_EN, BitPos(LCD_EN+0)
;__Lib_Lcd.c,145 :: 		
0x0218	0x2003      	CALL       _Delay_1us
;__Lib_Lcd.c,146 :: 		
0x0219	0x1286      	BCF        LCD_EN, BitPos(LCD_EN+0)
;__Lib_Lcd.c,148 :: 		
0x021A	0x1006      	BCF        LCD_D4, BitPos(LCD_D4+0)
;__Lib_Lcd.c,149 :: 		
0x021B	0x1686      	BSF        LCD_EN, BitPos(LCD_EN+0)
;__Lib_Lcd.c,150 :: 		
0x021C	0x2003      	CALL       _Delay_1us
;__Lib_Lcd.c,151 :: 		
0x021D	0x1286      	BCF        LCD_EN, BitPos(LCD_EN+0)
;__Lib_Lcd.c,152 :: 		
0x021E	0x2006      	CALL       _Delay_5500us
;__Lib_Lcd.c,155 :: 		
0x021F	0x1686      	BSF        LCD_EN, BitPos(LCD_EN+0)
;__Lib_Lcd.c,156 :: 		
0x0220	0x2003      	CALL       _Delay_1us
;__Lib_Lcd.c,157 :: 		
0x0221	0x1286      	BCF        LCD_EN, BitPos(LCD_EN+0)
;__Lib_Lcd.c,159 :: 		
0x0222	0x1406      	BSF        LCD_D4, BitPos(LCD_D4+0)
;__Lib_Lcd.c,160 :: 		
0x0223	0x1686      	BSF        LCD_EN, BitPos(LCD_EN+0)
;__Lib_Lcd.c,161 :: 		
0x0224	0x2003      	CALL       _Delay_1us
;__Lib_Lcd.c,162 :: 		
0x0225	0x1286      	BCF        LCD_EN, BitPos(LCD_EN+0)
;__Lib_Lcd.c,163 :: 		
0x0226	0x2006      	CALL       _Delay_5500us
;__Lib_Lcd.c,166 :: 		
0x0227	0x1006      	BCF        LCD_D4, BitPos(LCD_D4+0)
;__Lib_Lcd.c,167 :: 		
0x0228	0x1686      	BSF        LCD_EN, BitPos(LCD_EN+0)
;__Lib_Lcd.c,168 :: 		
0x0229	0x2003      	CALL       _Delay_1us
;__Lib_Lcd.c,169 :: 		
0x022A	0x1286      	BCF        LCD_EN, BitPos(LCD_EN+0)
;__Lib_Lcd.c,171 :: 		
0x022B	0x1586      	BSF        LCD_D7, BitPos(LCD_D7+0)
;__Lib_Lcd.c,172 :: 		
0x022C	0x1506      	BSF        LCD_D6, BitPos(LCD_D6+0)
;__Lib_Lcd.c,173 :: 		
0x022D	0x1486      	BSF        LCD_D5, BitPos(LCD_D5+0)
;__Lib_Lcd.c,174 :: 		
0x022E	0x1406      	BSF        LCD_D4, BitPos(LCD_D4+0)
;__Lib_Lcd.c,175 :: 		
0x022F	0x1686      	BSF        LCD_EN, BitPos(LCD_EN+0)
;__Lib_Lcd.c,176 :: 		
0x0230	0x2003      	CALL       _Delay_1us
;__Lib_Lcd.c,177 :: 		
0x0231	0x1286      	BCF        LCD_EN, BitPos(LCD_EN+0)
;__Lib_Lcd.c,179 :: 		
0x0232	0x2006      	CALL       _Delay_5500us
;__Lib_Lcd.c,181 :: 		
0x0233	0x1443      	BSF        __Lib_Lcd_cmd_status, BitPos(__Lib_Lcd_cmd_status+0)
;__Lib_Lcd.c,182 :: 		
L_end_Lcd_Init:
0x0234	0x0008      	RETURN
; end of _Lcd_Init
_ADC_Read:
;__Lib_ADC_88X.c,55 :: 		
;__Lib_ADC_88X.c,57 :: 		
0x0235	0x30C3      	MOVLW      195
0x0236	0x1283      	BCF        STATUS, 5
0x0237	0x1303      	BCF        STATUS, 6
0x0238	0x059F      	ANDWF      ADCON0, 1
;__Lib_ADC_88X.c,61 :: 		
0x0239	0x30C0      	MOVLW      192
0x023A	0x009F      	MOVWF      ADCON0
;__Lib_ADC_88X.c,62 :: 		
0x023B	0x085E      	MOVF       FARG_ADC_Read_channel, 0
0x023C	0x00F0      	MOVWF      R0
0x023D	0x0DF0      	RLF        R0, 1
0x023E	0x1070      	BCF        R0, 0
0x023F	0x0DF0      	RLF        R0, 1
0x0240	0x1070      	BCF        R0, 0
0x0241	0x0870      	MOVF       R0, 0
0x0242	0x049F      	IORWF      ADCON0, 1
;__Lib_ADC_88X.c,63 :: 		
0x0243	0x1683      	BSF        STATUS, 5
0x0244	0x179F      	BSF        ADCON1, 7
;__Lib_ADC_88X.c,66 :: 		
0x0245	0x1283      	BCF        STATUS, 5
0x0246	0x141F      	BSF        ADCON0, 0
;__Lib_ADC_88X.c,69 :: 		
0x0247	0x2077      	CALL       _Delay_22us
;__Lib_ADC_88X.c,72 :: 		
0x0248	0x149F      	BSF        ADCON0, 1
;__Lib_ADC_88X.c,75 :: 		
L_ADC_Read2:
0x0249	0x1C9F      	BTFSS      ADCON0, 1
0x024A	0x2A4D      	GOTO       L_ADC_Read3
;__Lib_ADC_88X.c,76 :: 		
0x024B	0x0000      	NOP
0x024C	0x2A49      	GOTO       L_ADC_Read2
L_ADC_Read3:
;__Lib_ADC_88X.c,79 :: 		
0x024D	0x101F      	BCF        ADCON0, 0
;__Lib_ADC_88X.c,82 :: 		
0x024E	0x081E      	MOVF       ADRESH, 0
0x024F	0x00F1      	MOVWF      R0+1
0x0250	0x01F0      	CLRF       R0
0x0251	0x1683      	BSF        STATUS, 5
0x0252	0x081E      	MOVF       ADRESL, 0
0x0253	0x04F0      	IORWF      R0, 1
0x0254	0x3000      	MOVLW      0
0x0255	0x04F1      	IORWF      R0+1, 1
;__Lib_ADC_88X.c,83 :: 		
L_end_ADC_Read:
0x0256	0x0008      	RETURN
; end of _ADC_Read
_EEPROM_Write:
;__Lib_EEPROM.c,16 :: 		
;__Lib_EEPROM.c,20 :: 		
L_EEPROM_Write0:
0x0257	0x1683      	BSF        STATUS, 5
0x0258	0x1703      	BSF        STATUS, 6
0x0259	0x1C8C      	BTFSS      EECON1, 1
0x025A	0x2A5D      	GOTO       L_EEPROM_Write1
0x025B	0x0000      	NOP
0x025C	0x2A57      	GOTO       L_EEPROM_Write0
L_EEPROM_Write1:
;__Lib_EEPROM.c,21 :: 		
0x025D	0x1283      	BCF        STATUS, 5
0x025E	0x1303      	BCF        STATUS, 6
0x025F	0x085E      	MOVF       FARG_EEPROM_Write_Address, 0
0x0260	0x1703      	BSF        STATUS, 6
0x0261	0x008D      	MOVWF      EEADR
;__Lib_EEPROM.c,22 :: 		
0x0262	0x1303      	BCF        STATUS, 6
0x0263	0x085F      	MOVF       FARG_EEPROM_Write_data_, 0
0x0264	0x1703      	BSF        STATUS, 6
0x0265	0x008C      	MOVWF      EEDATA
;__Lib_EEPROM.c,23 :: 		
0x0266	0x1683      	BSF        STATUS, 5
0x0267	0x138C      	BCF        EECON1, 7
;__Lib_EEPROM.c,24 :: 		
0x0268	0x150C      	BSF        EECON1, 2
;__Lib_EEPROM.c,26 :: 		
0x0269	0x080B      	MOVF       INTCON, 0
0x026A	0x00F0      	MOVWF      R0
;__Lib_EEPROM.c,29 :: 		
0x026B	0x138B      	BCF        INTCON, 7
;__Lib_EEPROM.c,30 :: 		
0x026C	0x3055      	MOVLW      85
0x026D	0x008D      	MOVWF      EECON2
;__Lib_EEPROM.c,31 :: 		
0x026E	0x30AA      	MOVLW      170
0x026F	0x008D      	MOVWF      EECON2
;__Lib_EEPROM.c,32 :: 		
0x0270	0x148C      	BSF        EECON1, 1
;__Lib_EEPROM.c,36 :: 		
0x0271	0x1BF0      	BTFSC      R0, 7
0x0272	0x2A75      	GOTO       L__EEPROM_Write4
0x0273	0x138B      	BCF        INTCON, 7
0x0274	0x2A76      	GOTO       L__EEPROM_Write5
L__EEPROM_Write4:
0x0275	0x178B      	BSF        INTCON, 7
L__EEPROM_Write5:
;__Lib_EEPROM.c,37 :: 		
0x0276	0x110C      	BCF        EECON1, 2
;__Lib_EEPROM.c,38 :: 		
L_end_EEPROM_Write:
0x0277	0x0008      	RETURN
; end of _EEPROM_Write
___CC2DW:
;__Lib_System.c,134 :: 		
;__Lib_System.c,137 :: 		
_CC2D_Loop1:
;__Lib_System.c,139 :: 		
0x0278	0x20CF      	CALL       _____DoICP
0x0279	0x118A      	BCF        PCLATH, 3
0x027A	0x120A      	BCF        PCLATH, 4
;__Lib_System.c,141 :: 		
0x027B	0x0080      	MOVWF      INDF
;__Lib_System.c,142 :: 		
0x027C	0x0A84      	INCF       FSR, 1
;__Lib_System.c,143 :: 		
0x027D	0x0AC1      	INCF       ___DoICPAddr, 1
;__Lib_System.c,145 :: 		
0x027E	0x1903      	BTFSC      STATUS, 2
;__Lib_System.c,146 :: 		
0x027F	0x0AC2      	INCF       ___DoICPAddr+1, 1
;__Lib_System.c,147 :: 		
0x0280	0x03F0      	DECF       R0, 1
;__Lib_System.c,149 :: 		
0x0281	0x1D03      	BTFSS      STATUS, 2
;__Lib_System.c,150 :: 		
0x0282	0x2A78      	GOTO       _CC2D_Loop1
;__Lib_System.c,152 :: 		
L_end___CC2DW:
0x0283	0x0008      	RETURN
; end of ___CC2DW
_Keypad_Init:
;__Lib_Keypad4x4.c,33 :: 		
;__Lib_Keypad4x4.c,34 :: 		
0x0284	0x30FF      	MOVLW      255
0x0285	0x1683      	BSF        STATUS, 5
0x0286	0x1303      	BCF        STATUS, 6
0x0287	0x0088      	MOVWF      keypadPort+128
;__Lib_Keypad4x4.c,35 :: 		
L_end_Keypad_Init:
0x0288	0x0008      	RETURN
; end of _Keypad_Init
_Ltrim:
;__Lib_Conversions.c,372 :: 		
;__Lib_Conversions.c,376 :: 		
0x0289	0x1283      	BCF        STATUS, 5
0x028A	0x1303      	BCF        STATUS, 6
0x028B	0x01DF      	CLRF       Ltrim_trimmed_L0
0x028C	0x01E0      	CLRF       Ltrim_trimmed_L0+1
;__Lib_Conversions.c,377 :: 		
0x028D	0x085E      	MOVF       FARG_Ltrim_string, 0
0x028E	0x00F2      	MOVWF      R2
;__Lib_Conversions.c,378 :: 		
0x028F	0x085E      	MOVF       FARG_Ltrim_string, 0
0x0290	0x00F3      	MOVWF      R3
;__Lib_Conversions.c,379 :: 		
L_Ltrim70:
;__Lib_Conversions.c,380 :: 		
0x0291	0x0872      	MOVF       R2, 0
0x0292	0x0084      	MOVWF      FSR
0x0293	0x0800      	MOVF       INDF, 0
0x0294	0x3A20      	XORLW      32
0x0295	0x1D03      	BTFSS      STATUS, 2
0x0296	0x2A9C      	GOTO       L__Ltrim99
0x0297	0x085F      	MOVF       Ltrim_trimmed_L0, 0
0x0298	0x0460      	IORWF      Ltrim_trimmed_L0+1, 0
0x0299	0x1D03      	BTFSS      STATUS, 2
0x029A	0x2A9C      	GOTO       L__Ltrim99
0x029B	0x2AA9      	GOTO       L_Ltrim75
L__Ltrim99:
;__Lib_Conversions.c,381 :: 		
0x029C	0x3001      	MOVLW      1
0x029D	0x00DF      	MOVWF      Ltrim_trimmed_L0
0x029E	0x3000      	MOVLW      0
0x029F	0x00E0      	MOVWF      Ltrim_trimmed_L0+1
;__Lib_Conversions.c,382 :: 		
0x02A0	0x0872      	MOVF       R2, 0
0x02A1	0x0084      	MOVWF      FSR
0x02A2	0x0800      	MOVF       INDF, 0
0x02A3	0x00F0      	MOVWF      R0
0x02A4	0x0873      	MOVF       R3, 0
0x02A5	0x0084      	MOVWF      FSR
0x02A6	0x0870      	MOVF       R0, 0
0x02A7	0x0080      	MOVWF      INDF
0x02A8	0x0AF3      	INCF       R3, 1
;__Lib_Conversions.c,383 :: 		
L_Ltrim75:
;__Lib_Conversions.c,385 :: 		
0x02A9	0x0872      	MOVF       R2, 0
0x02AA	0x00F1      	MOVWF      R1
0x02AB	0x0AF2      	INCF       R2, 1
0x02AC	0x0871      	MOVF       R1, 0
0x02AD	0x0084      	MOVWF      FSR
0x02AE	0x0800      	MOVF       INDF, 0
0x02AF	0x3A00      	XORLW      0
0x02B0	0x1D03      	BTFSS      STATUS, 2
0x02B1	0x2A91      	GOTO       L_Ltrim70
;__Lib_Conversions.c,386 :: 		
0x02B2	0x085E      	MOVF       FARG_Ltrim_string, 0
0x02B3	0x00F0      	MOVWF      R0
;__Lib_Conversions.c,387 :: 		
L_end_Ltrim:
0x02B4	0x0008      	RETURN
; end of _Ltrim
_main:
0x02B5	0x3056      	MOVLW      86
0x02B6	0x1283      	BCF        STATUS, 5
0x02B7	0x1303      	BCF        STATUS, 6
0x02B8	0x00A0      	MOVWF      ?lstr2_Zadaca_MP
0x02B9	0x306E      	MOVLW      110
0x02BA	0x00A1      	MOVWF      33
0x02BB	0x3065      	MOVLW      101
0x02BC	0x00A2      	MOVWF      34
0x02BD	0x3073      	MOVLW      115
0x02BE	0x00A3      	MOVWF      35
0x02BF	0x306F      	MOVLW      111
0x02C0	0x00A4      	MOVWF      36
0x02C1	0x3076      	MOVLW      118
0x02C2	0x00A5      	MOVWF      37
0x02C3	0x3074      	MOVLW      116
0x02C4	0x00A6      	MOVWF      38
0x02C5	0x3065      	MOVLW      101
0x02C6	0x00A7      	MOVWF      39
0x02C7	0x303A      	MOVLW      58
0x02C8	0x00A8      	MOVWF      40
0x02C9	0x3020      	MOVLW      32
0x02CA	0x00A9      	MOVWF      41
0x02CB	0x01AA      	CLRF       42
0x02CC	0x304B      	MOVLW      75
0x02CD	0x00AB      	MOVWF      ?lstr4_Zadaca_MP
0x02CE	0x3072      	MOVLW      114
0x02CF	0x00AC      	MOVWF      44
0x02D0	0x3061      	MOVLW      97
0x02D1	0x00AD      	MOVWF      45
0x02D2	0x306A      	MOVLW      106
0x02D3	0x00AE      	MOVWF      46
0x02D4	0x01AF      	CLRF       47
0x02D5	0x3049      	MOVLW      73
0x02D6	0x00B0      	MOVWF      ?lstr3_Zadaca_MP
0x02D7	0x306D      	MOVLW      109
0x02D8	0x00B1      	MOVWF      49
0x02D9	0x3061      	MOVLW      97
0x02DA	0x00B2      	MOVWF      50
0x02DB	0x3074      	MOVLW      116
0x02DC	0x00B3      	MOVWF      51
0x02DD	0x3065      	MOVLW      101
0x02DE	0x00B4      	MOVWF      52
0x02DF	0x3020      	MOVLW      32
0x02E0	0x00B5      	MOVWF      53
0x02E1	0x01B6      	CLRF       54
0x02E2	0x3050      	MOVLW      80
0x02E3	0x00B7      	MOVWF      ?lstr1_Zadaca_MP
0x02E4	0x306F      	MOVLW      111
0x02E5	0x00B8      	MOVWF      56
0x02E6	0x3067      	MOVLW      103
0x02E7	0x00B9      	MOVWF      57
0x02E8	0x306F      	MOVLW      111
0x02E9	0x00BA      	MOVWF      58
0x02EA	0x3064      	MOVLW      100
0x02EB	0x00BB      	MOVWF      59
0x02EC	0x306F      	MOVLW      111
0x02ED	0x00BC      	MOVWF      60
0x02EE	0x306B      	MOVLW      107
0x02EF	0x00BD      	MOVWF      61
0x02F0	0x01BE      	CLRF       62
;Zadaca_MP.c,27 :: 		void main() {
;Zadaca_MP.c,28 :: 		brojP=0;
0x02F1	0x01BF      	CLRF       _brojP
0x02F2	0x01C0      	CLRF       _brojP+1
;Zadaca_MP.c,29 :: 		ANSEL = 0x3;
0x02F3	0x3003      	MOVLW      3
0x02F4	0x1683      	BSF        STATUS, 5
0x02F5	0x1703      	BSF        STATUS, 6
0x02F6	0x0088      	MOVWF      ANSEL
;Zadaca_MP.c,30 :: 		ANSELH = 0;
0x02F7	0x0189      	CLRF       ANSELH
;Zadaca_MP.c,31 :: 		while(m == 0)
L_main0:
0x02F8	0x3000      	MOVLW      0
0x02F9	0x1283      	BCF        STATUS, 5
0x02FA	0x1303      	BCF        STATUS, 6
0x02FB	0x0658      	XORWF      _m+1, 0
0x02FC	0x1D03      	BTFSS      STATUS, 2
0x02FD	0x2B00      	GOTO       L__main34
0x02FE	0x3000      	MOVLW      0
0x02FF	0x0657      	XORWF      _m, 0
L__main34:
0x0300	0x1D03      	BTFSS      STATUS, 2
0x0301	0x2B0A      	GOTO       L_main1
;Zadaca_MP.c,33 :: 		m = ADC_Read(0);
0x0302	0x01DE      	CLRF       FARG_ADC_Read_channel
0x0303	0x2235      	CALL       _ADC_Read
0x0304	0x0870      	MOVF       R0, 0
0x0305	0x1283      	BCF        STATUS, 5
0x0306	0x00D7      	MOVWF      _m
0x0307	0x0871      	MOVF       R0+1, 0
0x0308	0x00D8      	MOVWF      _m+1
;Zadaca_MP.c,34 :: 		}
0x0309	0x2AF8      	GOTO       L_main0
L_main1:
;Zadaca_MP.c,35 :: 		while(broj == 0){
L_main2:
0x030A	0x3000      	MOVLW      0
0x030B	0x0656      	XORWF      _broj+1, 0
0x030C	0x1D03      	BTFSS      STATUS, 2
0x030D	0x2B10      	GOTO       L__main35
0x030E	0x3000      	MOVLW      0
0x030F	0x0655      	XORWF      _broj, 0
L__main35:
0x0310	0x1D03      	BTFSS      STATUS, 2
0x0311	0x2B1B      	GOTO       L_main3
;Zadaca_MP.c,36 :: 		broj = ADC_Read(1);
0x0312	0x3001      	MOVLW      1
0x0313	0x00DE      	MOVWF      FARG_ADC_Read_channel
0x0314	0x2235      	CALL       _ADC_Read
0x0315	0x0870      	MOVF       R0, 0
0x0316	0x1283      	BCF        STATUS, 5
0x0317	0x00D5      	MOVWF      _broj
0x0318	0x0871      	MOVF       R0+1, 0
0x0319	0x00D6      	MOVWF      _broj+1
;Zadaca_MP.c,37 :: 		}
0x031A	0x2B0A      	GOTO       L_main2
L_main3:
;Zadaca_MP.c,38 :: 		brojac=m;
0x031B	0x0857      	MOVF       _m, 0
0x031C	0x00D9      	MOVWF      _brojac
0x031D	0x0858      	MOVF       _m+1, 0
0x031E	0x00DA      	MOVWF      _brojac+1
;Zadaca_MP.c,39 :: 		EEPROM_Write(0x20,broj);
0x031F	0x3020      	MOVLW      32
0x0320	0x00DE      	MOVWF      FARG_EEPROM_Write_Address
0x0321	0x0855      	MOVF       _broj, 0
0x0322	0x00DF      	MOVWF      FARG_EEPROM_Write_data_
0x0323	0x2257      	CALL       _EEPROM_Write
;Zadaca_MP.c,40 :: 		Keypad_Init();
0x0324	0x2284      	CALL       _Keypad_Init
;Zadaca_MP.c,41 :: 		ANSEL = 0;
0x0325	0x1703      	BSF        STATUS, 6
0x0326	0x0188      	CLRF       ANSEL
;Zadaca_MP.c,42 :: 		ANSELH = 0;
0x0327	0x0189      	CLRF       ANSELH
;Zadaca_MP.c,43 :: 		Lcd_Init();
0x0328	0x21E7      	CALL       _Lcd_Init
;Zadaca_MP.c,44 :: 		Lcd_Cmd(_LCD_CURSOR_OFF);
0x0329	0x300C      	MOVLW      12
0x032A	0x00EC      	MOVWF      FARG_Lcd_Cmd_out_char
0x032B	0x201A      	CALL       _Lcd_Cmd
;Zadaca_MP.c,45 :: 		Lcd_Cmd(_LCD_CLEAR);
0x032C	0x3001      	MOVLW      1
0x032D	0x00EC      	MOVWF      FARG_Lcd_Cmd_out_char
0x032E	0x201A      	CALL       _Lcd_Cmd
;Zadaca_MP.c,46 :: 		for(i=0;i<m;i++)
0x032F	0x01DC      	CLRF       _i
0x0330	0x01DD      	CLRF       _i+1
L_main4:
0x0331	0x3080      	MOVLW      128
0x0332	0x065D      	XORWF      _i+1, 0
0x0333	0x00F0      	MOVWF      R0
0x0334	0x3080      	MOVLW      128
0x0335	0x0658      	XORWF      _m+1, 0
0x0336	0x0270      	SUBWF      R0, 0
0x0337	0x1D03      	BTFSS      STATUS, 2
0x0338	0x2B3B      	GOTO       L__main36
0x0339	0x0857      	MOVF       _m, 0
0x033A	0x025C      	SUBWF      _i, 0
L__main36:
0x033B	0x1803      	BTFSC      STATUS, 0
0x033C	0x2C85      	GOTO       L_main5
;Zadaca_MP.c,49 :: 		do{
L_main7:
;Zadaca_MP.c,50 :: 		do
L_main10:
;Zadaca_MP.c,51 :: 		kp=Keypad_Key_Click();
0x033D	0x21DA      	CALL       _Keypad_Key_Click
0x033E	0x0870      	MOVF       R0, 0
0x033F	0x00DB      	MOVWF      _kp
;Zadaca_MP.c,52 :: 		while(!kp);
0x0340	0x0870      	MOVF       R0, 0
0x0341	0x1903      	BTFSC      STATUS, 2
0x0342	0x2B3D      	GOTO       L_main10
;Zadaca_MP.c,54 :: 		switch(kp){
0x0343	0x2BE7      	GOTO       L_main13
;Zadaca_MP.c,55 :: 		case 1: brojP=brojP*10+1; break;
L_main15:
0x0344	0x083F      	MOVF       _brojP, 0
0x0345	0x00F0      	MOVWF      R0
0x0346	0x0840      	MOVF       _brojP+1, 0
0x0347	0x00F1      	MOVWF      R0+1
0x0348	0x300A      	MOVLW      10
0x0349	0x00F4      	MOVWF      R4
0x034A	0x3000      	MOVLW      0
0x034B	0x00F5      	MOVWF      R4+1
0x034C	0x2145      	CALL       _Mul_16X16_U
0x034D	0x0870      	MOVF       R0, 0
0x034E	0x3E01      	ADDLW      1
0x034F	0x00BF      	MOVWF      _brojP
0x0350	0x3000      	MOVLW      0
0x0351	0x1803      	BTFSC      STATUS, 0
0x0352	0x3E01      	ADDLW      1
0x0353	0x0771      	ADDWF      R0+1, 0
0x0354	0x00C0      	MOVWF      _brojP+1
0x0355	0x2C27      	GOTO       L_main14
;Zadaca_MP.c,56 :: 		case 2:  brojP=brojP*10+2; break;
L_main16:
0x0356	0x083F      	MOVF       _brojP, 0
0x0357	0x00F0      	MOVWF      R0
0x0358	0x0840      	MOVF       _brojP+1, 0
0x0359	0x00F1      	MOVWF      R0+1
0x035A	0x300A      	MOVLW      10
0x035B	0x00F4      	MOVWF      R4
0x035C	0x3000      	MOVLW      0
0x035D	0x00F5      	MOVWF      R4+1
0x035E	0x2145      	CALL       _Mul_16X16_U
0x035F	0x3002      	MOVLW      2
0x0360	0x0770      	ADDWF      R0, 0
0x0361	0x00BF      	MOVWF      _brojP
0x0362	0x0871      	MOVF       R0+1, 0
0x0363	0x1803      	BTFSC      STATUS, 0
0x0364	0x3E01      	ADDLW      1
0x0365	0x00C0      	MOVWF      _brojP+1
0x0366	0x2C27      	GOTO       L_main14
;Zadaca_MP.c,57 :: 		case 3: brojP=brojP*10+3; break;
L_main17:
0x0367	0x083F      	MOVF       _brojP, 0
0x0368	0x00F0      	MOVWF      R0
0x0369	0x0840      	MOVF       _brojP+1, 0
0x036A	0x00F1      	MOVWF      R0+1
0x036B	0x300A      	MOVLW      10
0x036C	0x00F4      	MOVWF      R4
0x036D	0x3000      	MOVLW      0
0x036E	0x00F5      	MOVWF      R4+1
0x036F	0x2145      	CALL       _Mul_16X16_U
0x0370	0x3003      	MOVLW      3
0x0371	0x0770      	ADDWF      R0, 0
0x0372	0x00BF      	MOVWF      _brojP
0x0373	0x0871      	MOVF       R0+1, 0
0x0374	0x1803      	BTFSC      STATUS, 0
0x0375	0x3E01      	ADDLW      1
0x0376	0x00C0      	MOVWF      _brojP+1
0x0377	0x2C27      	GOTO       L_main14
;Zadaca_MP.c,58 :: 		case 4:     break;
L_main18:
0x0378	0x2C27      	GOTO       L_main14
;Zadaca_MP.c,59 :: 		case 5:    brojP=brojP*10+4; break;
L_main19:
0x0379	0x083F      	MOVF       _brojP, 0
0x037A	0x00F0      	MOVWF      R0
0x037B	0x0840      	MOVF       _brojP+1, 0
0x037C	0x00F1      	MOVWF      R0+1
0x037D	0x300A      	MOVLW      10
0x037E	0x00F4      	MOVWF      R4
0x037F	0x3000      	MOVLW      0
0x0380	0x00F5      	MOVWF      R4+1
0x0381	0x2145      	CALL       _Mul_16X16_U
0x0382	0x3004      	MOVLW      4
0x0383	0x0770      	ADDWF      R0, 0
0x0384	0x00BF      	MOVWF      _brojP
0x0385	0x0871      	MOVF       R0+1, 0
0x0386	0x1803      	BTFSC      STATUS, 0
0x0387	0x3E01      	ADDLW      1
0x0388	0x00C0      	MOVWF      _brojP+1
0x0389	0x2C27      	GOTO       L_main14
;Zadaca_MP.c,60 :: 		case 6:    brojP=brojP*10+5; break;
L_main20:
0x038A	0x083F      	MOVF       _brojP, 0
0x038B	0x00F0      	MOVWF      R0
0x038C	0x0840      	MOVF       _brojP+1, 0
0x038D	0x00F1      	MOVWF      R0+1
0x038E	0x300A      	MOVLW      10
0x038F	0x00F4      	MOVWF      R4
0x0390	0x3000      	MOVLW      0
0x0391	0x00F5      	MOVWF      R4+1
0x0392	0x2145      	CALL       _Mul_16X16_U
0x0393	0x3005      	MOVLW      5
0x0394	0x0770      	ADDWF      R0, 0
0x0395	0x00BF      	MOVWF      _brojP
0x0396	0x0871      	MOVF       R0+1, 0
0x0397	0x1803      	BTFSC      STATUS, 0
0x0398	0x3E01      	ADDLW      1
0x0399	0x00C0      	MOVWF      _brojP+1
0x039A	0x2C27      	GOTO       L_main14
;Zadaca_MP.c,61 :: 		case 7:    brojP=brojP*10+6; break;
L_main21:
0x039B	0x083F      	MOVF       _brojP, 0
0x039C	0x00F0      	MOVWF      R0
0x039D	0x0840      	MOVF       _brojP+1, 0
0x039E	0x00F1      	MOVWF      R0+1
0x039F	0x300A      	MOVLW      10
0x03A0	0x00F4      	MOVWF      R4
0x03A1	0x3000      	MOVLW      0
0x03A2	0x00F5      	MOVWF      R4+1
0x03A3	0x2145      	CALL       _Mul_16X16_U
0x03A4	0x3006      	MOVLW      6
0x03A5	0x0770      	ADDWF      R0, 0
0x03A6	0x00BF      	MOVWF      _brojP
0x03A7	0x0871      	MOVF       R0+1, 0
0x03A8	0x1803      	BTFSC      STATUS, 0
0x03A9	0x3E01      	ADDLW      1
0x03AA	0x00C0      	MOVWF      _brojP+1
0x03AB	0x2C27      	GOTO       L_main14
;Zadaca_MP.c,62 :: 		case 8:    break;
L_main22:
0x03AC	0x2C27      	GOTO       L_main14
;Zadaca_MP.c,63 :: 		case 9:    brojP=brojP*10+7; break;
L_main23:
0x03AD	0x083F      	MOVF       _brojP, 0
0x03AE	0x00F0      	MOVWF      R0
0x03AF	0x0840      	MOVF       _brojP+1, 0
0x03B0	0x00F1      	MOVWF      R0+1
0x03B1	0x300A      	MOVLW      10
0x03B2	0x00F4      	MOVWF      R4
0x03B3	0x3000      	MOVLW      0
0x03B4	0x00F5      	MOVWF      R4+1
0x03B5	0x2145      	CALL       _Mul_16X16_U
0x03B6	0x3007      	MOVLW      7
0x03B7	0x0770      	ADDWF      R0, 0
0x03B8	0x00BF      	MOVWF      _brojP
0x03B9	0x0871      	MOVF       R0+1, 0
0x03BA	0x1803      	BTFSC      STATUS, 0
0x03BB	0x3E01      	ADDLW      1
0x03BC	0x00C0      	MOVWF      _brojP+1
0x03BD	0x2C27      	GOTO       L_main14
;Zadaca_MP.c,64 :: 		case 10:   brojP=brojP*10+8; break;
L_main24:
0x03BE	0x083F      	MOVF       _brojP, 0
0x03BF	0x00F0      	MOVWF      R0
0x03C0	0x0840      	MOVF       _brojP+1, 0
0x03C1	0x00F1      	MOVWF      R0+1
0x03C2	0x300A      	MOVLW      10
0x03C3	0x00F4      	MOVWF      R4
0x03C4	0x3000      	MOVLW      0
0x03C5	0x00F5      	MOVWF      R4+1
0x03C6	0x2145      	CALL       _Mul_16X16_U
0x03C7	0x3008      	MOVLW      8
0x03C8	0x0770      	ADDWF      R0, 0
0x03C9	0x00BF      	MOVWF      _brojP
0x03CA	0x0871      	MOVF       R0+1, 0
0x03CB	0x1803      	BTFSC      STATUS, 0
0x03CC	0x3E01      	ADDLW      1
0x03CD	0x00C0      	MOVWF      _brojP+1
0x03CE	0x2C27      	GOTO       L_main14
;Zadaca_MP.c,65 :: 		case 11:   brojP=brojP*10+9; break;
L_main25:
0x03CF	0x083F      	MOVF       _brojP, 0
0x03D0	0x00F0      	MOVWF      R0
0x03D1	0x0840      	MOVF       _brojP+1, 0
0x03D2	0x00F1      	MOVWF      R0+1
0x03D3	0x300A      	MOVLW      10
0x03D4	0x00F4      	MOVWF      R4
0x03D5	0x3000      	MOVLW      0
0x03D6	0x00F5      	MOVWF      R4+1
0x03D7	0x2145      	CALL       _Mul_16X16_U
0x03D8	0x3009      	MOVLW      9
0x03D9	0x0770      	ADDWF      R0, 0
0x03DA	0x00BF      	MOVWF      _brojP
0x03DB	0x0871      	MOVF       R0+1, 0
0x03DC	0x1803      	BTFSC      STATUS, 0
0x03DD	0x3E01      	ADDLW      1
0x03DE	0x00C0      	MOVWF      _brojP+1
0x03DF	0x2C27      	GOTO       L_main14
;Zadaca_MP.c,66 :: 		case 12:             break;
L_main26:
0x03E0	0x2C27      	GOTO       L_main14
;Zadaca_MP.c,67 :: 		case 13:   kp='*' ;    break;
L_main27:
0x03E1	0x302A      	MOVLW      42
0x03E2	0x00DB      	MOVWF      _kp
0x03E3	0x2C27      	GOTO       L_main14
;Zadaca_MP.c,68 :: 		case 14:             break;
L_main28:
0x03E4	0x2C27      	GOTO       L_main14
;Zadaca_MP.c,69 :: 		case 15:             break;
L_main29:
0x03E5	0x2C27      	GOTO       L_main14
;Zadaca_MP.c,70 :: 		case 16:             break;
L_main30:
0x03E6	0x2C27      	GOTO       L_main14
;Zadaca_MP.c,71 :: 		};
L_main13:
0x03E7	0x085B      	MOVF       _kp, 0
0x03E8	0x3A01      	XORLW      1
0x03E9	0x1903      	BTFSC      STATUS, 2
0x03EA	0x2B44      	GOTO       L_main15
0x03EB	0x085B      	MOVF       _kp, 0
0x03EC	0x3A02      	XORLW      2
0x03ED	0x1903      	BTFSC      STATUS, 2
0x03EE	0x2B56      	GOTO       L_main16
0x03EF	0x085B      	MOVF       _kp, 0
0x03F0	0x3A03      	XORLW      3
0x03F1	0x1903      	BTFSC      STATUS, 2
0x03F2	0x2B67      	GOTO       L_main17
0x03F3	0x085B      	MOVF       _kp, 0
0x03F4	0x3A04      	XORLW      4
0x03F5	0x1903      	BTFSC      STATUS, 2
0x03F6	0x2B78      	GOTO       L_main18
0x03F7	0x085B      	MOVF       _kp, 0
0x03F8	0x3A05      	XORLW      5
0x03F9	0x1903      	BTFSC      STATUS, 2
0x03FA	0x2B79      	GOTO       L_main19
0x03FB	0x085B      	MOVF       _kp, 0
0x03FC	0x3A06      	XORLW      6
0x03FD	0x1903      	BTFSC      STATUS, 2
0x03FE	0x2B8A      	GOTO       L_main20
0x03FF	0x085B      	MOVF       _kp, 0
0x0400	0x3A07      	XORLW      7
0x0401	0x1903      	BTFSC      STATUS, 2
0x0402	0x2B9B      	GOTO       L_main21
0x0403	0x085B      	MOVF       _kp, 0
0x0404	0x3A08      	XORLW      8
0x0405	0x1903      	BTFSC      STATUS, 2
0x0406	0x2BAC      	GOTO       L_main22
0x0407	0x085B      	MOVF       _kp, 0
0x0408	0x3A09      	XORLW      9
0x0409	0x1903      	BTFSC      STATUS, 2
0x040A	0x2BAD      	GOTO       L_main23
0x040B	0x085B      	MOVF       _kp, 0
0x040C	0x3A0A      	XORLW      10
0x040D	0x1903      	BTFSC      STATUS, 2
0x040E	0x2BBE      	GOTO       L_main24
0x040F	0x085B      	MOVF       _kp, 0
0x0410	0x3A0B      	XORLW      11
0x0411	0x1903      	BTFSC      STATUS, 2
0x0412	0x2BCF      	GOTO       L_main25
0x0413	0x085B      	MOVF       _kp, 0
0x0414	0x3A0C      	XORLW      12
0x0415	0x1903      	BTFSC      STATUS, 2
0x0416	0x2BE0      	GOTO       L_main26
0x0417	0x085B      	MOVF       _kp, 0
0x0418	0x3A0D      	XORLW      13
0x0419	0x1903      	BTFSC      STATUS, 2
0x041A	0x2BE1      	GOTO       L_main27
0x041B	0x085B      	MOVF       _kp, 0
0x041C	0x3A0E      	XORLW      14
0x041D	0x1903      	BTFSC      STATUS, 2
0x041E	0x2BE4      	GOTO       L_main28
0x041F	0x085B      	MOVF       _kp, 0
0x0420	0x3A0F      	XORLW      15
0x0421	0x1903      	BTFSC      STATUS, 2
0x0422	0x2BE5      	GOTO       L_main29
0x0423	0x085B      	MOVF       _kp, 0
0x0424	0x3A10      	XORLW      16
0x0425	0x1903      	BTFSC      STATUS, 2
0x0426	0x2BE6      	GOTO       L_main30
L_main14:
;Zadaca_MP.c,72 :: 		} while(kp!='*');
0x0427	0x085B      	MOVF       _kp, 0
0x0428	0x3A2A      	XORLW      42
0x0429	0x1D03      	BTFSS      STATUS, 2
0x042A	0x2B3D      	GOTO       L_main7
;Zadaca_MP.c,73 :: 		if(brojP==broj){
0x042B	0x0840      	MOVF       _brojP+1, 0
0x042C	0x0656      	XORWF      _broj+1, 0
0x042D	0x1D03      	BTFSS      STATUS, 2
0x042E	0x2C31      	GOTO       L__main37
0x042F	0x0855      	MOVF       _broj, 0
0x0430	0x063F      	XORWF      _brojP, 0
L__main37:
0x0431	0x1D03      	BTFSS      STATUS, 2
0x0432	0x2C41      	GOTO       L_main31
;Zadaca_MP.c,74 :: 		Lcd_Cmd(_LCD_CURSOR_OFF);
0x0433	0x300C      	MOVLW      12
0x0434	0x00EC      	MOVWF      FARG_Lcd_Cmd_out_char
0x0435	0x201A      	CALL       _Lcd_Cmd
;Zadaca_MP.c,75 :: 		Lcd_Cmd(_LCD_CLEAR);
0x0436	0x3001      	MOVLW      1
0x0437	0x00EC      	MOVWF      FARG_Lcd_Cmd_out_char
0x0438	0x201A      	CALL       _Lcd_Cmd
;Zadaca_MP.c,76 :: 		Lcd_Out(1,1,"Pogodok");
0x0439	0x3001      	MOVLW      1
0x043A	0x00DE      	MOVWF      FARG_Lcd_Out_row
0x043B	0x3001      	MOVLW      1
0x043C	0x00DF      	MOVWF      FARG_Lcd_Out_column
0x043D	0x3037      	MOVLW      ?lstr1_Zadaca_MP
0x043E	0x00E0      	MOVWF      FARG_Lcd_Out_text
0x043F	0x2105      	CALL       _Lcd_Out
;Zadaca_MP.c,77 :: 		break;
0x0440	0x2C85      	GOTO       L_main5
;Zadaca_MP.c,78 :: 		}
L_main31:
;Zadaca_MP.c,80 :: 		Lcd_Cmd(_LCD_CURSOR_OFF);
0x0441	0x300C      	MOVLW      12
0x0442	0x00EC      	MOVWF      FARG_Lcd_Cmd_out_char
0x0443	0x201A      	CALL       _Lcd_Cmd
;Zadaca_MP.c,81 :: 		Lcd_Cmd(_LCD_CLEAR);
0x0444	0x3001      	MOVLW      1
0x0445	0x00EC      	MOVWF      FARG_Lcd_Cmd_out_char
0x0446	0x201A      	CALL       _Lcd_Cmd
;Zadaca_MP.c,82 :: 		Lcd_Out(1,1,"Vnesovte: ");
0x0447	0x3001      	MOVLW      1
0x0448	0x00DE      	MOVWF      FARG_Lcd_Out_row
0x0449	0x3001      	MOVLW      1
0x044A	0x00DF      	MOVWF      FARG_Lcd_Out_column
0x044B	0x3020      	MOVLW      ?lstr2_Zadaca_MP
0x044C	0x00E0      	MOVWF      FARG_Lcd_Out_text
0x044D	0x2105      	CALL       _Lcd_Out
;Zadaca_MP.c,83 :: 		IntToStr(brojP,sifra);
0x044E	0x083F      	MOVF       _brojP, 0
0x044F	0x00DE      	MOVWF      FARG_IntToStr_input
0x0450	0x0840      	MOVF       _brojP+1, 0
0x0451	0x00DF      	MOVWF      FARG_IntToStr_input+1
0x0452	0x3044      	MOVLW      _sifra
0x0453	0x00E0      	MOVWF      FARG_IntToStr_output
0x0454	0x2170      	CALL       _IntToStr
;Zadaca_MP.c,84 :: 		text=Ltrim(sifra);
0x0455	0x3044      	MOVLW      _sifra
0x0456	0x00DE      	MOVWF      FARG_Ltrim_string
0x0457	0x2289      	CALL       _Ltrim
0x0458	0x0870      	MOVF       R0, 0
0x0459	0x00D4      	MOVWF      _text
;Zadaca_MP.c,85 :: 		Lcd_Out(1,11,text);
0x045A	0x3001      	MOVLW      1
0x045B	0x00DE      	MOVWF      FARG_Lcd_Out_row
0x045C	0x300B      	MOVLW      11
0x045D	0x00DF      	MOVWF      FARG_Lcd_Out_column
0x045E	0x0870      	MOVF       R0, 0
0x045F	0x00E0      	MOVWF      FARG_Lcd_Out_text
0x0460	0x2105      	CALL       _Lcd_Out
;Zadaca_MP.c,86 :: 		Lcd_Out(2,1,"Imate ");
0x0461	0x3002      	MOVLW      2
0x0462	0x00DE      	MOVWF      FARG_Lcd_Out_row
0x0463	0x3001      	MOVLW      1
0x0464	0x00DF      	MOVWF      FARG_Lcd_Out_column
0x0465	0x3030      	MOVLW      ?lstr3_Zadaca_MP
0x0466	0x00E0      	MOVWF      FARG_Lcd_Out_text
0x0467	0x2105      	CALL       _Lcd_Out
;Zadaca_MP.c,87 :: 		brojac--;
0x0468	0x3001      	MOVLW      1
0x0469	0x02D9      	SUBWF      _brojac, 1
0x046A	0x1C03      	BTFSS      STATUS, 0
0x046B	0x03DA      	DECF       _brojac+1, 1
;Zadaca_MP.c,88 :: 		IntToStr(brojac,sifra);
0x046C	0x0859      	MOVF       _brojac, 0
0x046D	0x00DE      	MOVWF      FARG_IntToStr_input
0x046E	0x085A      	MOVF       _brojac+1, 0
0x046F	0x00DF      	MOVWF      FARG_IntToStr_input+1
0x0470	0x3044      	MOVLW      _sifra
0x0471	0x00E0      	MOVWF      FARG_IntToStr_output
0x0472	0x2170      	CALL       _IntToStr
;Zadaca_MP.c,89 :: 		text=Ltrim(sifra);
0x0473	0x3044      	MOVLW      _sifra
0x0474	0x00DE      	MOVWF      FARG_Ltrim_string
0x0475	0x2289      	CALL       _Ltrim
0x0476	0x0870      	MOVF       R0, 0
0x0477	0x00D4      	MOVWF      _text
;Zadaca_MP.c,90 :: 		Lcd_Out(2,7,sifra);
0x0478	0x3002      	MOVLW      2
0x0479	0x00DE      	MOVWF      FARG_Lcd_Out_row
0x047A	0x3007      	MOVLW      7
0x047B	0x00DF      	MOVWF      FARG_Lcd_Out_column
0x047C	0x3044      	MOVLW      _sifra
0x047D	0x00E0      	MOVWF      FARG_Lcd_Out_text
0x047E	0x2105      	CALL       _Lcd_Out
;Zadaca_MP.c,91 :: 		brojP=0;
0x047F	0x01BF      	CLRF       _brojP
0x0480	0x01C0      	CLRF       _brojP+1
;Zadaca_MP.c,46 :: 		for(i=0;i<m;i++)
0x0481	0x0ADC      	INCF       _i, 1
0x0482	0x1903      	BTFSC      STATUS, 2
0x0483	0x0ADD      	INCF       _i+1, 1
;Zadaca_MP.c,93 :: 		}
0x0484	0x2B31      	GOTO       L_main4
L_main5:
;Zadaca_MP.c,99 :: 		Lcd_Cmd(_LCD_CURSOR_OFF);
0x0485	0x300C      	MOVLW      12
0x0486	0x00EC      	MOVWF      FARG_Lcd_Cmd_out_char
0x0487	0x201A      	CALL       _Lcd_Cmd
;Zadaca_MP.c,100 :: 		Lcd_Cmd(_LCD_CLEAR);
0x0488	0x3001      	MOVLW      1
0x0489	0x00EC      	MOVWF      FARG_Lcd_Cmd_out_char
0x048A	0x201A      	CALL       _Lcd_Cmd
;Zadaca_MP.c,101 :: 		Lcd_Out(1,1,"Kraj");
0x048B	0x3001      	MOVLW      1
0x048C	0x00DE      	MOVWF      FARG_Lcd_Out_row
0x048D	0x3001      	MOVLW      1
0x048E	0x00DF      	MOVWF      FARG_Lcd_Out_column
0x048F	0x302B      	MOVLW      ?lstr4_Zadaca_MP
0x0490	0x00E0      	MOVWF      FARG_Lcd_Out_text
0x0491	0x2105      	CALL       _Lcd_Out
;Zadaca_MP.c,112 :: 		}
L_end_main:
0x0492	0x2C92      	GOTO       $+0
; end of _main
Symbol List:
//** Routines locations **
//ADDRESS    SIZE    PROCEDURE
//----------------------------------------------
0x0003       [3]    _Delay_1us
0x0006      [13]    _Delay_5500us
0x0013       [7]    _Delay_50us
0x001A      [64]    _Lcd_Cmd
0x005A      [29]    _Div_16X16_U
0x0077       [8]    _Delay_22us
0x007F       [8]    _Lcd_Chr_CP
0x0087      [64]    _WordToStr
0x00C7       [8]    _Delay_10us
0x00CF       [7]    _____DoICP
0x00D6      [47]    _Keypad_Key_Press
0x0105      [64]    _Lcd_Out
0x0145      [43]    _Mul_16X16_U
0x0170     [106]    _IntToStr
0x01DA      [13]    _Keypad_Key_Click
0x01E7      [78]    _Lcd_Init
0x0235      [34]    _ADC_Read
0x0257      [33]    _EEPROM_Write
0x0278      [12]    ___CC2DW
0x0284       [5]    _Keypad_Init
0x0289      [44]    _Ltrim
0x02B5     [478]    _main
//** Variables locations ** 
//ADDRESS    SIZE    VARIABLE
//----------------------------------------------
0x0000       [1]    INDF
0x0002       [1]    PCL
0x0003       [1]    STATUS
0x0004       [1]    FSR
0x0006       [0]    RB2_bit
0x0006       [0]    LCD_EN
0x0006       [0]    LCD_D4
0x0006       [0]    LCD_D6
0x0006       [0]    RB0_bit
0x0006       [0]    LCD_D7
0x0006       [0]    RB1_bit
0x0006       [0]    LCD_D5
0x0006       [0]    RB3_bit
0x0006       [0]    RB4_bit
0x0006       [0]    RB5_bit
0x0006       [0]    LCD_RS
0x0008       [1]    keypadPort
0x0008       [1]    PORTD
0x000A       [1]    PCLATH
0x000B       [1]    INTCON
0x001E       [1]    ADRESH
0x001F       [1]    ADCON0
0x0020      [11]    ?lstr2_Zadaca_MP
0x002B       [5]    ?lstr4_Zadaca_MP
0x0030       [7]    ?lstr3_Zadaca_MP
0x0037       [8]    ?lstr1_Zadaca_MP
0x003F       [2]    _brojP
0x0041       [2]    ___DoICPAddr
0x0043       [0]    __Lib_Lcd_cmd_status
0x0044      [16]    _sifra
0x0054       [1]    _text
0x0055       [2]    _broj
0x0057       [2]    _m
0x0059       [2]    _brojac
0x005B       [1]    _kp
0x005C       [2]    _i
0x005E       [1]    Keypad_Key_Click_rslt_L0
0x005E       [1]    FARG_Ltrim_string
0x005E       [1]    FARG_ADC_Read_channel
0x005E       [2]    FARG_IntToStr_input
0x005E       [1]    FARG_Lcd_Out_row
0x005E       [1]    FARG_EEPROM_Write_Address
0x005F       [2]    Ltrim_trimmed_L0
0x005F       [1]    FARG_Lcd_Out_column
0x005F       [1]    FARG_EEPROM_Write_data_
0x0060       [1]    FARG_Lcd_Out_text
0x0060       [1]    FARG_IntToStr_output
0x0061       [1]    Lcd_Out_i_L0
0x0061       [2]    IntToStr_i_L0
0x0063       [2]    IntToStr_negative_L0
0x0065       [2]    IntToStr_inword_L0
0x0067       [2]    FARG_WordToStr_input
0x0067       [1]    Keypad_Key_Press_rslt_L0
0x0067       [1]    FARG_Lcd_Chr_CP_out_char
0x0068       [1]    Keypad_Key_Press_kdata_L0
0x0069       [1]    Keypad_Key_Press_loc_L0
0x0069       [1]    FARG_WordToStr_output
0x006A       [1]    Keypad_Key_Press_rowcnt_L0
0x006A       [1]    WordToStr_len_L0
0x006B       [1]    FLOC__WordToStr
0x006B       [1]    Keypad_Key_Press_shifter_L0
0x006C       [1]    FARG_Lcd_Cmd_out_char
0x0070       [1]    R0
0x0071       [1]    R1
0x0072       [1]    R2
0x0073       [1]    R3
0x0074       [1]    R4
0x0075       [1]    R5
0x0076       [1]    R6
0x0077       [1]    R7
0x0078       [1]    R8
0x0079       [1]    R9
0x007A       [1]    R10
0x007B       [1]    R11
0x007C       [1]    R12
0x007D       [1]    R13
0x007E       [1]    R14
0x007F       [1]    R15
0x0086       [0]    TRISB0_bit
0x0086       [0]    TRISB4_bit
0x0086       [0]    TRISB5_bit
0x0086       [0]    LCD_RS_Direction
0x0086       [0]    TRISB2_bit
0x0086       [0]    LCD_D6_Direction
0x0086       [0]    TRISB1_bit
0x0086       [0]    LCD_D7_Direction
0x0086       [0]    LCD_D4_Direction
0x0086       [0]    LCD_EN_Direction
0x0086       [0]    LCD_D5_Direction
0x0086       [0]    TRISB3_bit
0x009E       [1]    ADRESL
0x009F       [1]    ADCON1
0x010C       [1]    EEDATA
0x010D       [1]    EEADR
0x0188       [1]    ANSEL
0x0189       [1]    ANSELH
0x018C       [1]    EECON1
0x018D       [1]    EECON2
